#Software: Microsoft Internet Information Services 8.0
#Version: 1.0
#Date: 2018-11-07 13:36:36
#Fields: date time s-ip cs-method cs-uri-stem cs-uri-query s-port cs-username c-ip cs(User-Agent) cs(Referer) sc-status sc-substatus sc-win32-status time-taken
2018-11-07 13:36:36 ::1 GET / - 7184 - ::1 Mozilla/5.0+(compatible;+MSIE+9.0;+Windows+NT+6.2;+WOW64;+Trident/7.0) - 200 0 0 17081
2018-11-07 13:36:45 ::1 GET / - 7184 - ::1 Mozilla/5.0+(compatible;+MSIE+9.0;+Windows+NT+6.2;+WOW64;+Trident/7.0) - 200 0 0 27
2018-11-07 13:37:21 ::1 GET / - 7184 - ::1 Mozilla/5.0+(Windows+NT+10.0;+Win64;+x64)+AppleWebKit/537.36+(KHTML,+like+Gecko)+Chrome/70.0.3538.77+Safari/537.36 - 200 0 0 437
2018-11-07 13:37:21 ::1 GET /favicon.ico - 7184 - ::1 Mozilla/5.0+(Windows+NT+10.0;+Win64;+x64)+AppleWebKit/537.36+(KHTML,+like+Gecko)+Chrome/70.0.3538.77+Safari/537.36 http://localhost:7184/ 404 0 2 19
2018-11-07 13:38:11 ::1 GET /Default.cshtml - 7184 - ::1 Mozilla/5.0+(Windows+NT+10.0;+Win64;+x64)+AppleWebKit/537.36+(KHTML,+like+Gecko)+Chrome/70.0.3538.77+Safari/537.36 - 200 0 0 2433
2018-11-07 13:39:16 ::1 GET /Default.cshtml - 7184 - ::1 Mozilla/5.0+(Windows+NT+10.0;+Win64;+x64)+AppleWebKit/537.36+(KHTML,+like+Gecko)+Chrome/70.0.3538.77+Safari/537.36 - 200 0 0 4515
2018-11-07 13:39:16 ::1 GET /Content/Site.css - 7184 - ::1 Mozilla/5.0+(Windows+NT+10.0;+Win64;+x64)+AppleWebKit/537.36+(KHTML,+like+Gecko)+Chrome/70.0.3538.77+Safari/537.36 http://localhost:7184/Default.cshtml 304 0 0 18
2018-11-07 13:42:56 ::1 GET /About.cshtml - 7184 - ::1 Mozilla/5.0+(Windows+NT+10.0;+Win64;+x64)+AppleWebKit/537.36+(KHTML,+like+Gecko)+Chrome/70.0.3538.77+Safari/537.36 - 200 0 0 2400
2018-11-07 13:43:09 ::1 GET /Default.cshtml - 7184 - ::1 Mozilla/5.0+(Windows+NT+10.0;+Win64;+x64)+AppleWebKit/537.36+(KHTML,+like+Gecko)+Chrome/70.0.3538.77+Safari/537.36 - 200 0 0 29
2018-11-07 13:46:32 ::1 GET / - 7184 - ::1 Mozilla/5.0+(compatible;+MSIE+9.0;+Windows+NT+6.2;+WOW64;+Trident/7.0) - 200 0 0 7
2018-11-07 13:46:32 ::1 GET / - 7184 - ::1 Mozilla/5.0+(compatible;+MSIE+9.0;+Windows+NT+6.2;+WOW64;+Trident/7.0) - 200 0 0 7
2018-11-07 13:49:50 ::1 GET / - 7184 - ::1 Mozilla/5.0+(compatible;+MSIE+9.0;+Windows+NT+6.2;+WOW64;+Trident/7.0) - 200 0 0 12
2018-11-07 13:49:50 ::1 GET / - 7184 - ::1 Mozilla/5.0+(compatible;+MSIE+9.0;+Windows+NT+6.2;+WOW64;+Trident/7.0) - 200 0 0 8
2018-11-07 13:51:47 ::1 GET /Default.cshtml - 7184 - ::1 Mozilla/5.0+(Windows+NT+10.0;+Win64;+x64)+AppleWebKit/537.36+(KHTML,+like+Gecko)+Chrome/70.0.3538.77+Safari/537.36 - 200 0 0 2814
2018-11-07 13:51:56 ::1 GET /Account/Login - 7184 - ::1 Mozilla/5.0+(Windows+NT+10.0;+Win64;+x64)+AppleWebKit/537.36+(KHTML,+like+Gecko)+Chrome/70.0.3538.77+Safari/537.36 - 200 0 0 237
2018-11-07 13:53:19 ::1 GET /strona+dla+uzytkownika - 7184 - ::1 Mozilla/5.0+(Windows+NT+10.0;+Win64;+x64)+AppleWebKit/537.36+(KHTML,+like+Gecko)+Chrome/70.0.3538.77+Safari/537.36 http://localhost:7184/Account/Login 200 0 0 4024
2018-11-07 13:53:19 ::1 GET /news.js - 7184 - ::1 Mozilla/5.0+(Windows+NT+10.0;+Win64;+x64)+AppleWebKit/537.36+(KHTML,+like+Gecko)+Chrome/70.0.3538.77+Safari/537.36 http://localhost:7184/strona%20dla%20uzytkownika 404 0 2 21
2018-11-07 13:53:19 ::1 GET /'/cse'/brand' form=%27cref_iframe 7184 - ::1 Mozilla/5.0+(Windows+NT+10.0;+Win64;+x64)+AppleWebKit/537.36+(KHTML,+like+Gecko)+Chrome/70.0.3538.77+Safari/537.36 http://localhost:7184/strona%20dla%20uzytkownika 404 0 2 79
2018-11-07 13:53:19 ::1 GET /news.js - 7184 - ::1 Mozilla/5.0+(Windows+NT+10.0;+Win64;+x64)+AppleWebKit/537.36+(KHTML,+like+Gecko)+Chrome/70.0.3538.77+Safari/537.36 http://localhost:7184/strona%20dla%20uzytkownika 404 0 2 10
2018-11-07 13:53:20 ::1 GET /'/cse'/brand' form=%27cref_iframe 7184 - ::1 Mozilla/5.0+(Windows+NT+10.0;+Win64;+x64)+AppleWebKit/537.36+(KHTML,+like+Gecko)+Chrome/70.0.3538.77+Safari/537.36 http://localhost:7184/strona%20dla%20uzytkownika 404 0 2 12
2018-11-07 13:53:20 ::1 GET /strona+dla+uzytkownika - 7184 - ::1 Mozilla/5.0+(Windows+NT+10.0;+Win64;+x64)+AppleWebKit/537.36+(KHTML,+like+Gecko)+Chrome/70.0.3538.77+Safari/537.36 http://localhost:7184/strona%20dla%20uzytkownika 200 0 0 8
#Software: Microsoft Internet Information Services 8.0
#Version: 1.0
#Date: 2018-11-07 14:46:19
#Fields: date time s-ip cs-method cs-uri-stem cs-uri-query s-port cs-username c-ip cs(User-Agent) cs(Referer) sc-status sc-substatus sc-win32-status time-taken
2018-11-07 14:46:19 ::1 GET / - 7184 - ::1 Mozilla/5.0+(Windows+NT+10.0;+Win64;+x64)+AppleWebKit/537.36+(KHTML,+like+Gecko)+Chrome/70.0.3538.77+Safari/537.36 - 500 0 0 4895
2018-11-07 14:46:44 ::1 GET / - 7184 - ::1 Mozilla/5.0+(Windows+NT+10.0;+Win64;+x64)+AppleWebKit/537.36+(KHTML,+like+Gecko)+Chrome/70.0.3538.77+Safari/537.36 - 200 0 0 2342
