#Software: Microsoft Internet Information Services 10.0
#Version: 1.0
#Date: 2018-10-10 12:36:05
#Fields: date time s-ip cs-method cs-uri-stem cs-uri-query s-port cs-username c-ip cs(User-Agent) cs(Referer) sc-status sc-substatus sc-win32-status time-taken
2018-10-10 12:36:05 ::1 GET / - 7184 - ::1 Mozilla/5.0+(compatible;+MSIE+9.0;+Windows+NT+6.2;+WOW64;+Trident/7.0) - 200 0 0 7143
2018-10-10 12:36:05 ::1 GET /Content/themes/base/jquery.ui.all.css - 7184 - ::1 Mozilla/5.0+(compatible;+MSIE+9.0;+Windows+NT+6.2;+WOW64;+Trident/7.0) http://localhost:7184/ 200 0 0 37
2018-10-10 12:36:05 ::1 GET /Content/Site.css - 7184 - ::1 Mozilla/5.0+(compatible;+MSIE+9.0;+Windows+NT+6.2;+WOW64;+Trident/7.0) http://localhost:7184/ 200 0 0 37
2018-10-10 12:36:05 ::1 GET /Scripts/jquery-1.8.2.min.js - 7184 - ::1 Mozilla/5.0+(compatible;+MSIE+9.0;+Windows+NT+6.2;+WOW64;+Trident/7.0) http://localhost:7184/ 200 0 0 64
2018-10-10 12:36:05 ::1 GET /Scripts/jquery-ui-1.8.24.js - 7184 - ::1 Mozilla/5.0+(compatible;+MSIE+9.0;+Windows+NT+6.2;+WOW64;+Trident/7.0) http://localhost:7184/ 200 0 0 38
2018-10-10 12:36:05 ::1 GET /Content/themes/base/jquery.ui.base.css - 7184 - ::1 Mozilla/5.0+(compatible;+MSIE+9.0;+Windows+NT+6.2;+WOW64;+Trident/7.0) http://localhost:7184/ 200 0 0 44
2018-10-10 12:36:05 ::1 GET /Content/themes/base/jquery.ui.theme.css - 7184 - ::1 Mozilla/5.0+(compatible;+MSIE+9.0;+Windows+NT+6.2;+WOW64;+Trident/7.0) http://localhost:7184/ 200 0 0 30
2018-10-10 12:36:05 ::1 GET /Scripts/modernizr-2.6.2.js - 7184 - ::1 Mozilla/5.0+(compatible;+MSIE+9.0;+Windows+NT+6.2;+WOW64;+Trident/7.0) http://localhost:7184/ 200 0 0 23
2018-10-10 12:36:05 ::1 GET /Content/themes/base/jquery.ui.core.css - 7184 - ::1 Mozilla/5.0+(compatible;+MSIE+9.0;+Windows+NT+6.2;+WOW64;+Trident/7.0) http://localhost:7184/ 200 0 0 35
2018-10-10 12:36:05 ::1 GET /Content/themes/base/jquery.ui.accordion.css - 7184 - ::1 Mozilla/5.0+(compatible;+MSIE+9.0;+Windows+NT+6.2;+WOW64;+Trident/7.0) http://localhost:7184/ 200 0 0 43
2018-10-10 12:36:05 ::1 GET /Content/themes/base/jquery.ui.button.css - 7184 - ::1 Mozilla/5.0+(compatible;+MSIE+9.0;+Windows+NT+6.2;+WOW64;+Trident/7.0) http://localhost:7184/ 200 0 0 39
2018-10-10 12:36:05 ::1 GET /Content/themes/base/jquery.ui.autocomplete.css - 7184 - ::1 Mozilla/5.0+(compatible;+MSIE+9.0;+Windows+NT+6.2;+WOW64;+Trident/7.0) http://localhost:7184/ 200 0 0 39
2018-10-10 12:36:05 ::1 GET /Content/themes/base/jquery.ui.datepicker.css - 7184 - ::1 Mozilla/5.0+(compatible;+MSIE+9.0;+Windows+NT+6.2;+WOW64;+Trident/7.0) http://localhost:7184/ 200 0 0 71
2018-10-10 12:36:05 ::1 GET /Content/themes/base/jquery.ui.progressbar.css - 7184 - ::1 Mozilla/5.0+(compatible;+MSIE+9.0;+Windows+NT+6.2;+WOW64;+Trident/7.0) http://localhost:7184/ 200 0 0 25
2018-10-10 12:36:05 ::1 GET /Content/themes/base/jquery.ui.dialog.css - 7184 - ::1 Mozilla/5.0+(compatible;+MSIE+9.0;+Windows+NT+6.2;+WOW64;+Trident/7.0) http://localhost:7184/ 200 0 0 120
2018-10-10 12:36:05 ::1 GET /Content/themes/base/jquery.ui.resizable.css - 7184 - ::1 Mozilla/5.0+(compatible;+MSIE+9.0;+Windows+NT+6.2;+WOW64;+Trident/7.0) http://localhost:7184/ 200 0 0 37
2018-10-10 12:36:05 ::1 GET /Content/themes/base/jquery.ui.selectable.css - 7184 - ::1 Mozilla/5.0+(compatible;+MSIE+9.0;+Windows+NT+6.2;+WOW64;+Trident/7.0) http://localhost:7184/ 200 0 0 38
2018-10-10 12:36:05 ::1 GET /Content/themes/base/jquery.ui.tabs.css - 7184 - ::1 Mozilla/5.0+(compatible;+MSIE+9.0;+Windows+NT+6.2;+WOW64;+Trident/7.0) http://localhost:7184/ 200 0 0 29
2018-10-10 12:36:05 ::1 GET /Content/themes/base/jquery.ui.slider.css - 7184 - ::1 Mozilla/5.0+(compatible;+MSIE+9.0;+Windows+NT+6.2;+WOW64;+Trident/7.0) http://localhost:7184/ 200 0 0 28
#Software: Microsoft Internet Information Services 10.0
#Version: 1.0
#Date: 2018-10-10 12:36:15
#Fields: date time s-ip cs-method cs-uri-stem cs-uri-query s-port cs-username c-ip cs(User-Agent) cs(Referer) sc-status sc-substatus sc-win32-status time-taken
2018-10-10 12:36:15 ::1 GET / - 7184 - ::1 Mozilla/5.0+(compatible;+MSIE+9.0;+Windows+NT+6.2;+WOW64;+Trident/7.0) - 200 0 0 2469
2018-10-10 12:36:15 ::1 GET / - 7184 - ::1 Mozilla/5.0+(compatible;+MSIE+9.0;+Windows+NT+6.2;+WOW64;+Trident/7.0) - 200 0 0 2915
2018-10-10 12:36:17 ::1 GET /Images/heroAccent.png - 7184 - ::1 Mozilla/5.0+(compatible;+MSIE+9.0;+Windows+NT+6.2;+WOW64;+Trident/7.0) http://localhost:7184/ 200 0 64 25
2018-10-10 12:36:17 ::1 GET / - 7184 - ::1 Mozilla/5.0+(compatible;+MSIE+9.0;+Windows+NT+6.2;+WOW64;+Trident/7.0) - 200 0 0 13
2018-10-10 12:37:43 ::1 GET / - 7184 grazyna.selbach@freenet.de ::1 Mozilla/5.0+(Windows+NT+10.0;+Win64;+x64)+AppleWebKit/537.36+(KHTML,+like+Gecko)+Chrome/69.0.3497.100+Safari/537.36 - 200 0 0 52
2018-10-10 12:37:43 ::1 GET /Content/themes/base/jquery.ui.all.css - 7184 - ::1 Mozilla/5.0+(Windows+NT+10.0;+Win64;+x64)+AppleWebKit/537.36+(KHTML,+like+Gecko)+Chrome/69.0.3497.100+Safari/537.36 http://localhost:7184/ 200 0 0 39
2018-10-10 12:37:43 ::1 GET /Scripts/jquery-1.8.2.min.js - 7184 - ::1 Mozilla/5.0+(Windows+NT+10.0;+Win64;+x64)+AppleWebKit/537.36+(KHTML,+like+Gecko)+Chrome/69.0.3497.100+Safari/537.36 http://localhost:7184/ 200 0 0 46
2018-10-10 12:37:43 ::1 GET /Content/Site.css - 7184 - ::1 Mozilla/5.0+(Windows+NT+10.0;+Win64;+x64)+AppleWebKit/537.36+(KHTML,+like+Gecko)+Chrome/69.0.3497.100+Safari/537.36 http://localhost:7184/ 200 0 0 58
2018-10-10 12:37:43 ::1 GET /Scripts/modernizr-2.6.2.js - 7184 - ::1 Mozilla/5.0+(Windows+NT+10.0;+Win64;+x64)+AppleWebKit/537.36+(KHTML,+like+Gecko)+Chrome/69.0.3497.100+Safari/537.36 http://localhost:7184/ 200 0 0 60
2018-10-10 12:37:43 ::1 GET /Scripts/jquery-ui-1.8.24.js - 7184 - ::1 Mozilla/5.0+(Windows+NT+10.0;+Win64;+x64)+AppleWebKit/537.36+(KHTML,+like+Gecko)+Chrome/69.0.3497.100+Safari/537.36 http://localhost:7184/ 200 0 0 74
2018-10-10 12:37:43 ::1 GET /Content/themes/base/jquery.ui.base.css - 7184 - ::1 Mozilla/5.0+(Windows+NT+10.0;+Win64;+x64)+AppleWebKit/537.36+(KHTML,+like+Gecko)+Chrome/69.0.3497.100+Safari/537.36 http://localhost:7184/ 200 0 0 32
2018-10-10 12:37:43 ::1 GET /Content/themes/base/jquery.ui.autocomplete.css - 7184 - ::1 Mozilla/5.0+(Windows+NT+10.0;+Win64;+x64)+AppleWebKit/537.36+(KHTML,+like+Gecko)+Chrome/69.0.3497.100+Safari/537.36 http://localhost:7184/ 200 0 0 21
2018-10-10 12:37:43 ::1 GET /Content/themes/base/jquery.ui.core.css - 7184 - ::1 Mozilla/5.0+(Windows+NT+10.0;+Win64;+x64)+AppleWebKit/537.36+(KHTML,+like+Gecko)+Chrome/69.0.3497.100+Safari/537.36 http://localhost:7184/ 200 0 0 33
2018-10-10 12:37:43 ::1 GET /Content/themes/base/jquery.ui.theme.css - 7184 - ::1 Mozilla/5.0+(Windows+NT+10.0;+Win64;+x64)+AppleWebKit/537.36+(KHTML,+like+Gecko)+Chrome/69.0.3497.100+Safari/537.36 http://localhost:7184/ 200 0 0 83
2018-10-10 12:37:43 ::1 GET /Content/themes/base/jquery.ui.button.css - 7184 - ::1 Mozilla/5.0+(Windows+NT+10.0;+Win64;+x64)+AppleWebKit/537.36+(KHTML,+like+Gecko)+Chrome/69.0.3497.100+Safari/537.36 http://localhost:7184/ 200 0 0 45
2018-10-10 12:37:43 ::1 GET /Content/themes/base/jquery.ui.datepicker.css - 7184 - ::1 Mozilla/5.0+(Windows+NT+10.0;+Win64;+x64)+AppleWebKit/537.36+(KHTML,+like+Gecko)+Chrome/69.0.3497.100+Safari/537.36 http://localhost:7184/ 200 0 0 44
2018-10-10 12:37:43 ::1 GET /Content/themes/base/jquery.ui.accordion.css - 7184 - ::1 Mozilla/5.0+(Windows+NT+10.0;+Win64;+x64)+AppleWebKit/537.36+(KHTML,+like+Gecko)+Chrome/69.0.3497.100+Safari/537.36 http://localhost:7184/ 200 0 0 61
2018-10-10 12:37:43 ::1 GET /Content/themes/base/jquery.ui.progressbar.css - 7184 - ::1 Mozilla/5.0+(Windows+NT+10.0;+Win64;+x64)+AppleWebKit/537.36+(KHTML,+like+Gecko)+Chrome/69.0.3497.100+Safari/537.36 http://localhost:7184/ 200 0 0 39
2018-10-10 12:37:43 ::1 GET /Content/themes/base/jquery.ui.dialog.css - 7184 - ::1 Mozilla/5.0+(Windows+NT+10.0;+Win64;+x64)+AppleWebKit/537.36+(KHTML,+like+Gecko)+Chrome/69.0.3497.100+Safari/537.36 http://localhost:7184/ 200 0 0 59
2018-10-10 12:37:43 ::1 GET /Content/themes/base/jquery.ui.resizable.css - 7184 - ::1 Mozilla/5.0+(Windows+NT+10.0;+Win64;+x64)+AppleWebKit/537.36+(KHTML,+like+Gecko)+Chrome/69.0.3497.100+Safari/537.36 http://localhost:7184/ 200 0 0 49
2018-10-10 12:37:43 ::1 GET /Content/themes/base/jquery.ui.selectable.css - 7184 - ::1 Mozilla/5.0+(Windows+NT+10.0;+Win64;+x64)+AppleWebKit/537.36+(KHTML,+like+Gecko)+Chrome/69.0.3497.100+Safari/537.36 http://localhost:7184/ 200 0 0 50
2018-10-10 12:37:43 ::1 GET /Content/themes/base/jquery.ui.slider.css - 7184 - ::1 Mozilla/5.0+(Windows+NT+10.0;+Win64;+x64)+AppleWebKit/537.36+(KHTML,+like+Gecko)+Chrome/69.0.3497.100+Safari/537.36 http://localhost:7184/ 200 0 0 53
2018-10-10 12:37:43 ::1 GET /Content/themes/base/jquery.ui.tabs.css - 7184 - ::1 Mozilla/5.0+(Windows+NT+10.0;+Win64;+x64)+AppleWebKit/537.36+(KHTML,+like+Gecko)+Chrome/69.0.3497.100+Safari/537.36 http://localhost:7184/ 200 0 0 52
2018-10-10 12:37:44 ::1 GET /Images/orderedList1.png - 7184 - ::1 Mozilla/5.0+(Windows+NT+10.0;+Win64;+x64)+AppleWebKit/537.36+(KHTML,+like+Gecko)+Chrome/69.0.3497.100+Safari/537.36 http://localhost:7184/Content/Site.css 200 0 0 25
2018-10-10 12:37:44 ::1 GET /Images/orderedList3.png - 7184 - ::1 Mozilla/5.0+(Windows+NT+10.0;+Win64;+x64)+AppleWebKit/537.36+(KHTML,+like+Gecko)+Chrome/69.0.3497.100+Safari/537.36 http://localhost:7184/Content/Site.css 200 0 0 59
2018-10-10 12:37:44 ::1 GET /Images/heroAccent.png - 7184 - ::1 Mozilla/5.0+(Windows+NT+10.0;+Win64;+x64)+AppleWebKit/537.36+(KHTML,+like+Gecko)+Chrome/69.0.3497.100+Safari/537.36 http://localhost:7184/Content/Site.css 200 0 0 62
2018-10-10 12:37:44 ::1 GET /Images/orderedList2.png - 7184 - ::1 Mozilla/5.0+(Windows+NT+10.0;+Win64;+x64)+AppleWebKit/537.36+(KHTML,+like+Gecko)+Chrome/69.0.3497.100+Safari/537.36 http://localhost:7184/Content/Site.css 200 0 0 67
2018-10-10 12:37:45 ::1 GET /favicon.ico - 7184 - ::1 Mozilla/5.0+(Windows+NT+10.0;+Win64;+x64)+AppleWebKit/537.36+(KHTML,+like+Gecko)+Chrome/69.0.3497.100+Safari/537.36 http://localhost:7184/ 200 0 0 25
2018-10-10 12:38:04 ::1 GET / - 7184 grazyna.selbach@freenet.de ::1 Mozilla/5.0+(Windows+NT+10.0;+Win64;+x64)+AppleWebKit/537.36+(KHTML,+like+Gecko)+Chrome/69.0.3497.100+Safari/537.36 http://localhost:7184/ 200 0 0 6
2018-10-10 12:38:07 ::1 GET /About - 7184 grazyna.selbach@freenet.de ::1 Mozilla/5.0+(Windows+NT+10.0;+Win64;+x64)+AppleWebKit/537.36+(KHTML,+like+Gecko)+Chrome/69.0.3497.100+Safari/537.36 http://localhost:7184/ 200 0 0 36
2018-10-10 12:38:07 ::1 GET /Images/bullet.png - 7184 - ::1 Mozilla/5.0+(Windows+NT+10.0;+Win64;+x64)+AppleWebKit/537.36+(KHTML,+like+Gecko)+Chrome/69.0.3497.100+Safari/537.36 http://localhost:7184/Content/Site.css 200 0 0 8
2018-10-10 12:38:07 ::1 GET /Images/accent.png - 7184 - ::1 Mozilla/5.0+(Windows+NT+10.0;+Win64;+x64)+AppleWebKit/537.36+(KHTML,+like+Gecko)+Chrome/69.0.3497.100+Safari/537.36 http://localhost:7184/Content/Site.css 200 0 0 19
2018-10-10 12:38:43 ::1 GET /Contact - 7184 grazyna.selbach@freenet.de ::1 Mozilla/5.0+(Windows+NT+10.0;+Win64;+x64)+AppleWebKit/537.36+(KHTML,+like+Gecko)+Chrome/69.0.3497.100+Safari/537.36 http://localhost:7184/About 200 0 0 30
2018-10-10 12:38:59 ::1 GET / - 7184 grazyna.selbach@freenet.de ::1 Mozilla/5.0+(Windows+NT+10.0;+Win64;+x64)+AppleWebKit/537.36+(KHTML,+like+Gecko)+Chrome/69.0.3497.100+Safari/537.36 http://localhost:7184/Contact 200 0 0 6
#Software: Microsoft Internet Information Services 10.0
#Version: 1.0
#Date: 2018-10-10 13:24:26
#Fields: date time s-ip cs-method cs-uri-stem cs-uri-query s-port cs-username c-ip cs(User-Agent) cs(Referer) sc-status sc-substatus sc-win32-status time-taken
2018-10-10 13:24:26 ::1 GET / - 7184 - ::1 Mozilla/5.0+(Windows+NT+10.0;+Win64;+x64)+AppleWebKit/537.36+(KHTML,+like+Gecko)+Chrome/69.0.3497.100+Safari/537.36 - 200 0 0 9972
2018-10-10 13:25:01 ::1 GET /Account/Register - 7184 - ::1 Mozilla/5.0+(Windows+NT+10.0;+Win64;+x64)+AppleWebKit/537.36+(KHTML,+like+Gecko)+Chrome/69.0.3497.100+Safari/537.36 http://localhost:7184/ 200 0 0 3008
2018-10-10 13:25:01 ::1 GET /Scripts/jquery.validate.min.js - 7184 - ::1 Mozilla/5.0+(Windows+NT+10.0;+Win64;+x64)+AppleWebKit/537.36+(KHTML,+like+Gecko)+Chrome/69.0.3497.100+Safari/537.36 http://localhost:7184/Account/Register 200 0 0 67
2018-10-10 13:25:01 ::1 GET /Scripts/jquery.validate.unobtrusive.min.js - 7184 - ::1 Mozilla/5.0+(Windows+NT+10.0;+Win64;+x64)+AppleWebKit/537.36+(KHTML,+like+Gecko)+Chrome/69.0.3497.100+Safari/537.36 http://localhost:7184/Account/Register 200 0 0 94
2018-10-10 13:25:26 ::1 POST /Account/Register - 7184 - ::1 Mozilla/5.0+(Windows+NT+10.0;+Win64;+x64)+AppleWebKit/537.36+(KHTML,+like+Gecko)+Chrome/69.0.3497.100+Safari/537.36 http://localhost:7184/Account/Register 302 0 0 900
2018-10-10 13:25:26 ::1 GET / - 7184 grazyna.selbach@freenet.de ::1 Mozilla/5.0+(Windows+NT+10.0;+Win64;+x64)+AppleWebKit/537.36+(KHTML,+like+Gecko)+Chrome/69.0.3497.100+Safari/537.36 http://localhost:7184/Account/Register 200 0 0 15
#Software: Microsoft Internet Information Services 10.0
#Version: 1.0
#Date: 2018-10-10 16:09:51
#Fields: date time s-ip cs-method cs-uri-stem cs-uri-query s-port cs-username c-ip cs(User-Agent) cs(Referer) sc-status sc-substatus sc-win32-status time-taken
2018-10-10 16:09:51 ::1 GET /Default.cshtml - 7184 - ::1 Mozilla/5.0+(Windows+NT+10.0;+Win64;+x64)+AppleWebKit/537.36+(KHTML,+like+Gecko)+Chrome/69.0.3497.100+Safari/537.36 - 200 0 0 5048
2018-10-10 16:15:02 ::1 GET /Default.cshtml - 7184 - ::1 Mozilla/5.0+(Windows+NT+10.0;+Win64;+x64)+AppleWebKit/537.36+(KHTML,+like+Gecko)+Chrome/69.0.3497.100+Safari/537.36 - 200 0 0 2420
2018-10-10 16:15:03 ::1 GET /widok1.jpg - 7184 - ::1 Mozilla/5.0+(Windows+NT+10.0;+Win64;+x64)+AppleWebKit/537.36+(KHTML,+like+Gecko)+Chrome/69.0.3497.100+Safari/537.36 http://localhost:7184/Default.cshtml 200 0 0 84
2018-10-10 16:15:47 ::1 GET /Default.cshtml - 7184 - ::1 Mozilla/5.0+(Windows+NT+10.0;+Win64;+x64)+AppleWebKit/537.36+(KHTML,+like+Gecko)+Chrome/69.0.3497.100+Safari/537.36 - 200 0 0 1381
2018-10-10 16:17:25 ::1 GET /Default.cshtml - 7184 - ::1 Mozilla/5.0+(Windows+NT+10.0;+Win64;+x64)+AppleWebKit/537.36+(KHTML,+like+Gecko)+Chrome/69.0.3497.100+Safari/537.36 - 200 0 0 1391
2018-10-10 16:25:40 ::1 GET /Default.cshtml - 7184 - ::1 Mozilla/5.0+(Windows+NT+10.0;+Win64;+x64)+AppleWebKit/537.36+(KHTML,+like+Gecko)+Chrome/69.0.3497.100+Safari/537.36 - 200 0 0 4648
2018-10-10 16:28:50 ::1 GET /Default.cshtml - 7184 - ::1 Mozilla/5.0+(Windows+NT+10.0;+Win64;+x64)+AppleWebKit/537.36+(KHTML,+like+Gecko)+Chrome/69.0.3497.100+Safari/537.36 - 200 0 0 1169
2018-10-10 16:30:57 ::1 GET /Default.cshtml - 7184 - ::1 Mozilla/5.0+(Windows+NT+10.0;+Win64;+x64)+AppleWebKit/537.36+(KHTML,+like+Gecko)+Chrome/69.0.3497.100+Safari/537.36 - 200 0 0 1184
2018-10-10 16:30:57 ::1 GET /screenshot-2.png - 7184 - ::1 Mozilla/5.0+(Windows+NT+10.0;+Win64;+x64)+AppleWebKit/537.36+(KHTML,+like+Gecko)+Chrome/69.0.3497.100+Safari/537.36 http://localhost:7184/Default.cshtml 404 0 2 47
2018-10-10 16:30:57 ::1 GET /ome!pos.pgn.png - 7184 - ::1 Mozilla/5.0+(Windows+NT+10.0;+Win64;+x64)+AppleWebKit/537.36+(KHTML,+like+Gecko)+Chrome/69.0.3497.100+Safari/537.36 http://localhost:7184/Default.cshtml 404 0 2 16
2018-10-10 16:32:08 ::1 GET /Default.cshtml - 7184 - ::1 Mozilla/5.0+(Windows+NT+10.0;+Win64;+x64)+AppleWebKit/537.36+(KHTML,+like+Gecko)+Chrome/69.0.3497.100+Safari/537.36 - 200 0 0 1490
2018-10-10 16:32:08 ::1 GET /screenshot-2.png - 7184 - ::1 Mozilla/5.0+(Windows+NT+10.0;+Win64;+x64)+AppleWebKit/537.36+(KHTML,+like+Gecko)+Chrome/69.0.3497.100+Safari/537.36 http://localhost:7184/Default.cshtml 404 0 2 12
2018-10-10 16:32:08 ::1 GET /ome!pos.pgn.png - 7184 - ::1 Mozilla/5.0+(Windows+NT+10.0;+Win64;+x64)+AppleWebKit/537.36+(KHTML,+like+Gecko)+Chrome/69.0.3497.100+Safari/537.36 http://localhost:7184/Default.cshtml 404 0 2 3
2018-10-10 16:32:30 ::1 GET /Default.cshtml - 7184 - ::1 Mozilla/5.0+(Windows+NT+10.0;+Win64;+x64)+AppleWebKit/537.36+(KHTML,+like+Gecko)+Chrome/69.0.3497.100+Safari/537.36 - 200 0 0 59
2018-10-10 16:32:30 ::1 GET /screenshot-2.png - 7184 - ::1 Mozilla/5.0+(Windows+NT+10.0;+Win64;+x64)+AppleWebKit/537.36+(KHTML,+like+Gecko)+Chrome/69.0.3497.100+Safari/537.36 http://localhost:7184/Default.cshtml 404 0 2 31
2018-10-10 16:32:30 ::1 GET /ome!pos.pgn.png - 7184 - ::1 Mozilla/5.0+(Windows+NT+10.0;+Win64;+x64)+AppleWebKit/537.36+(KHTML,+like+Gecko)+Chrome/69.0.3497.100+Safari/537.36 http://localhost:7184/Default.cshtml 404 0 2 9
2018-10-10 16:36:09 ::1 GET /Default.cshtml - 7184 - ::1 Mozilla/5.0+(Windows+NT+10.0;+Win64;+x64)+AppleWebKit/537.36+(KHTML,+like+Gecko)+Chrome/69.0.3497.100+Safari/537.36 - 200 0 0 1154
2018-10-10 16:37:23 ::1 GET /Default.cshtml - 7184 - ::1 Mozilla/5.0+(Windows+NT+10.0;+Win64;+x64)+AppleWebKit/537.36+(KHTML,+like+Gecko)+Chrome/69.0.3497.100+Safari/537.36 - 200 0 0 1139
2018-10-10 16:38:16 ::1 GET /Default.cshtml - 7184 - ::1 Mozilla/5.0+(Windows+NT+10.0;+Win64;+x64)+AppleWebKit/537.36+(KHTML,+like+Gecko)+Chrome/69.0.3497.100+Safari/537.36 - 200 0 0 1209
2018-10-10 16:38:51 ::1 GET /Default.cshtml - 7184 - ::1 Mozilla/5.0+(Windows+NT+10.0;+Win64;+x64)+AppleWebKit/537.36+(KHTML,+like+Gecko)+Chrome/69.0.3497.100+Safari/537.36 - 200 0 0 1122
2018-10-10 16:53:51 ::1 GET /Default.cshtml - 7184 - ::1 Mozilla/5.0+(Windows+NT+10.0;+Win64;+x64)+AppleWebKit/537.36+(KHTML,+like+Gecko)+Chrome/69.0.3497.100+Safari/537.36 - 200 0 0 1225
2018-10-10 16:53:51 ::1 GET /P8060098.jpg - 7184 - ::1 Mozilla/5.0+(Windows+NT+10.0;+Win64;+x64)+AppleWebKit/537.36+(KHTML,+like+Gecko)+Chrome/69.0.3497.100+Safari/537.36 http://localhost:7184/Default.cshtml 200 0 0 82
