#Software: Microsoft Internet Information Services 10.0
#Version: 1.0
#Date: 2018-10-12 07:00:01
#Fields: date time s-ip cs-method cs-uri-stem cs-uri-query s-port cs-username c-ip cs(User-Agent) cs(Referer) sc-status sc-substatus sc-win32-status time-taken
2018-10-12 07:00:01 ::1 GET / - 7184 - ::1 Mozilla/5.0+(compatible;+MSIE+9.0;+Windows+NT+6.2;+WOW64;+Trident/7.0) - 200 0 0 9348
2018-10-12 07:00:01 ::1 GET /ome!pos.pgn.png - 7184 - ::1 Mozilla/5.0+(compatible;+MSIE+9.0;+Windows+NT+6.2;+WOW64;+Trident/7.0) http://localhost:7184/ 200 0 0 106
2018-10-12 07:00:01 ::1 GET /screenshot-2.png - 7184 - ::1 Mozilla/5.0+(compatible;+MSIE+9.0;+Windows+NT+6.2;+WOW64;+Trident/7.0) http://localhost:7184/ 200 0 0 123
2018-10-12 07:00:01 ::1 GET /widok1.jpg - 7184 - ::1 Mozilla/5.0+(compatible;+MSIE+9.0;+Windows+NT+6.2;+WOW64;+Trident/7.0) http://localhost:7184/ 200 0 0 46
2018-10-12 07:00:05 ::1 GET / - 7184 - ::1 Mozilla/5.0+(compatible;+MSIE+9.0;+Windows+NT+6.2;+WOW64;+Trident/7.0) - 200 0 0 15
#Software: Microsoft Internet Information Services 10.0
#Version: 1.0
#Date: 2018-10-12 09:14:25
#Fields: date time s-ip cs-method cs-uri-stem cs-uri-query s-port cs-username c-ip cs(User-Agent) cs(Referer) sc-status sc-substatus sc-win32-status time-taken
2018-10-12 09:14:25 ::1 GET /Endecken.cshtml - 7184 - ::1 Mozilla/5.0+(Windows+NT+10.0;+Win64;+x64)+AppleWebKit/537.36+(KHTML,+like+Gecko)+Chrome/69.0.3497.100+Safari/537.36 - 200 0 0 166
2018-10-12 09:14:25 ::1 GET /news.js - 7184 - ::1 Mozilla/5.0+(Windows+NT+10.0;+Win64;+x64)+AppleWebKit/537.36+(KHTML,+like+Gecko)+Chrome/69.0.3497.100+Safari/537.36 http://localhost:7184/Endecken.cshtml 404 0 2 58
2018-10-12 09:14:25 ::1 GET /news.js - 7184 - ::1 Mozilla/5.0+(Windows+NT+10.0;+Win64;+x64)+AppleWebKit/537.36+(KHTML,+like+Gecko)+Chrome/69.0.3497.100+Safari/537.36 http://localhost:7184/Endecken.cshtml 404 0 2 9
2018-10-12 09:14:25 ::1 GET /'/cse'/brand' form=%27cref_iframe 7184 - ::1 Mozilla/5.0+(Windows+NT+10.0;+Win64;+x64)+AppleWebKit/537.36+(KHTML,+like+Gecko)+Chrome/69.0.3497.100+Safari/537.36 http://localhost:7184/Endecken.cshtml 404 0 2 112
2018-10-12 09:14:27 ::1 GET /'/cse'/brand' form=%27cref_iframe 7184 - ::1 Mozilla/5.0+(Windows+NT+10.0;+Win64;+x64)+AppleWebKit/537.36+(KHTML,+like+Gecko)+Chrome/69.0.3497.100+Safari/537.36 http://localhost:7184/Endecken.cshtml 404 0 2 8
2018-10-12 09:14:27 ::1 GET /Endecken.cshtml - 7184 - ::1 Mozilla/5.0+(Windows+NT+10.0;+Win64;+x64)+AppleWebKit/537.36+(KHTML,+like+Gecko)+Chrome/69.0.3497.100+Safari/537.36 http://localhost:7184/Endecken.cshtml 200 0 0 16
2018-10-12 09:16:19 ::1 GET /strona+dla+uzytkownika.cshtml - 7184 - ::1 Mozilla/5.0+(Windows+NT+10.0;+Win64;+x64)+AppleWebKit/537.36+(KHTML,+like+Gecko)+Chrome/69.0.3497.100+Safari/537.36 - 200 0 0 102
2018-10-12 09:16:19 ::1 GET /news.js - 7184 - ::1 Mozilla/5.0+(Windows+NT+10.0;+Win64;+x64)+AppleWebKit/537.36+(KHTML,+like+Gecko)+Chrome/69.0.3497.100+Safari/537.36 http://localhost:7184/strona%20dla%20uzytkownika.cshtml 404 0 2 24
2018-10-12 09:16:19 ::1 GET /style.css - 7184 - ::1 Mozilla/5.0+(Windows+NT+10.0;+Win64;+x64)+AppleWebKit/537.36+(KHTML,+like+Gecko)+Chrome/69.0.3497.100+Safari/537.36 http://localhost:7184/strona%20dla%20uzytkownika.cshtml 404 0 2 33
2018-10-12 09:16:19 ::1 GET /'/cse'/brand' form=%27cref_iframe 7184 - ::1 Mozilla/5.0+(Windows+NT+10.0;+Win64;+x64)+AppleWebKit/537.36+(KHTML,+like+Gecko)+Chrome/69.0.3497.100+Safari/537.36 http://localhost:7184/strona%20dla%20uzytkownika.cshtml 404 0 2 12
2018-10-12 09:16:20 ::1 GET /news.js - 7184 - ::1 Mozilla/5.0+(Windows+NT+10.0;+Win64;+x64)+AppleWebKit/537.36+(KHTML,+like+Gecko)+Chrome/69.0.3497.100+Safari/537.36 http://localhost:7184/strona%20dla%20uzytkownika.cshtml 404 0 2 3
2018-10-12 09:16:20 ::1 GET /'/cse'/brand' form=%27cref_iframe 7184 - ::1 Mozilla/5.0+(Windows+NT+10.0;+Win64;+x64)+AppleWebKit/537.36+(KHTML,+like+Gecko)+Chrome/69.0.3497.100+Safari/537.36 http://localhost:7184/strona%20dla%20uzytkownika.cshtml 404 0 2 7
2018-10-12 09:16:20 ::1 GET /strona+dla+uzytkownika.cshtml - 7184 - ::1 Mozilla/5.0+(Windows+NT+10.0;+Win64;+x64)+AppleWebKit/537.36+(KHTML,+like+Gecko)+Chrome/69.0.3497.100+Safari/537.36 http://localhost:7184/strona%20dla%20uzytkownika.cshtml 200 0 0 11
2018-10-12 09:16:20 ::1 GET /style.css - 7184 - ::1 Mozilla/5.0+(Windows+NT+10.0;+Win64;+x64)+AppleWebKit/537.36+(KHTML,+like+Gecko)+Chrome/69.0.3497.100+Safari/537.36 http://localhost:7184/strona%20dla%20uzytkownika.cshtml 404 0 2 6
2018-10-12 09:19:03 ::1 GET /strona+dla+uzytkownika.cshtml - 7184 - ::1 Mozilla/5.0+(Windows+NT+10.0;+Win64;+x64)+AppleWebKit/537.36+(KHTML,+like+Gecko)+Chrome/69.0.3497.100+Safari/537.36 - 200 0 0 2941
2018-10-12 09:19:03 ::1 GET /news.js - 7184 - ::1 Mozilla/5.0+(Windows+NT+10.0;+Win64;+x64)+AppleWebKit/537.36+(KHTML,+like+Gecko)+Chrome/69.0.3497.100+Safari/537.36 http://localhost:7184/strona%20dla%20uzytkownika.cshtml 404 0 2 11
2018-10-12 09:19:03 ::1 GET /style.css - 7184 - ::1 Mozilla/5.0+(Windows+NT+10.0;+Win64;+x64)+AppleWebKit/537.36+(KHTML,+like+Gecko)+Chrome/69.0.3497.100+Safari/537.36 http://localhost:7184/strona%20dla%20uzytkownika.cshtml 404 0 2 11
2018-10-12 09:19:03 ::1 GET /'/cse'/brand' form=%27cref_iframe 7184 - ::1 Mozilla/5.0+(Windows+NT+10.0;+Win64;+x64)+AppleWebKit/537.36+(KHTML,+like+Gecko)+Chrome/69.0.3497.100+Safari/537.36 http://localhost:7184/strona%20dla%20uzytkownika.cshtml 404 0 2 11
2018-10-12 09:19:03 ::1 GET /news.js - 7184 - ::1 Mozilla/5.0+(Windows+NT+10.0;+Win64;+x64)+AppleWebKit/537.36+(KHTML,+like+Gecko)+Chrome/69.0.3497.100+Safari/537.36 http://localhost:7184/strona%20dla%20uzytkownika.cshtml 404 0 2 4
2018-10-12 09:19:04 ::1 GET /'/cse'/brand' form=%27cref_iframe 7184 - ::1 Mozilla/5.0+(Windows+NT+10.0;+Win64;+x64)+AppleWebKit/537.36+(KHTML,+like+Gecko)+Chrome/69.0.3497.100+Safari/537.36 http://localhost:7184/strona%20dla%20uzytkownika.cshtml 404 0 2 8
2018-10-12 09:19:04 ::1 GET /style.css - 7184 - ::1 Mozilla/5.0+(Windows+NT+10.0;+Win64;+x64)+AppleWebKit/537.36+(KHTML,+like+Gecko)+Chrome/69.0.3497.100+Safari/537.36 http://localhost:7184/strona%20dla%20uzytkownika.cshtml 404 0 2 3
2018-10-12 09:19:04 ::1 GET /strona+dla+uzytkownika.cshtml - 7184 - ::1 Mozilla/5.0+(Windows+NT+10.0;+Win64;+x64)+AppleWebKit/537.36+(KHTML,+like+Gecko)+Chrome/69.0.3497.100+Safari/537.36 http://localhost:7184/strona%20dla%20uzytkownika.cshtml 200 0 0 9
2018-10-12 09:20:06 ::1 GET /strona+dla+uzytkownika.cshtml - 7184 - ::1 Mozilla/5.0+(Windows+NT+10.0;+Win64;+x64)+AppleWebKit/537.36+(KHTML,+like+Gecko)+Chrome/69.0.3497.100+Safari/537.36 - 200 0 0 2104
2018-10-12 09:20:06 ::1 GET /style.css - 7184 - ::1 Mozilla/5.0+(Windows+NT+10.0;+Win64;+x64)+AppleWebKit/537.36+(KHTML,+like+Gecko)+Chrome/69.0.3497.100+Safari/537.36 http://localhost:7184/strona%20dla%20uzytkownika.cshtml 404 0 2 21
2018-10-12 09:20:06 ::1 GET /news.js - 7184 - ::1 Mozilla/5.0+(Windows+NT+10.0;+Win64;+x64)+AppleWebKit/537.36+(KHTML,+like+Gecko)+Chrome/69.0.3497.100+Safari/537.36 http://localhost:7184/strona%20dla%20uzytkownika.cshtml 404 0 2 19
2018-10-12 09:20:06 ::1 GET /'/cse'/brand' form=%27cref_iframe 7184 - ::1 Mozilla/5.0+(Windows+NT+10.0;+Win64;+x64)+AppleWebKit/537.36+(KHTML,+like+Gecko)+Chrome/69.0.3497.100+Safari/537.36 http://localhost:7184/strona%20dla%20uzytkownika.cshtml 404 0 2 12
2018-10-12 09:20:06 ::1 GET /news.js - 7184 - ::1 Mozilla/5.0+(Windows+NT+10.0;+Win64;+x64)+AppleWebKit/537.36+(KHTML,+like+Gecko)+Chrome/69.0.3497.100+Safari/537.36 http://localhost:7184/strona%20dla%20uzytkownika.cshtml 404 0 2 5
2018-10-12 09:20:06 ::1 GET /'/cse'/brand' form=%27cref_iframe 7184 - ::1 Mozilla/5.0+(Windows+NT+10.0;+Win64;+x64)+AppleWebKit/537.36+(KHTML,+like+Gecko)+Chrome/69.0.3497.100+Safari/537.36 http://localhost:7184/strona%20dla%20uzytkownika.cshtml 404 0 2 8
2018-10-12 09:20:06 ::1 GET /strona+dla+uzytkownika.cshtml - 7184 - ::1 Mozilla/5.0+(Windows+NT+10.0;+Win64;+x64)+AppleWebKit/537.36+(KHTML,+like+Gecko)+Chrome/69.0.3497.100+Safari/537.36 http://localhost:7184/strona%20dla%20uzytkownika.cshtml 200 0 0 7
2018-10-12 09:20:06 ::1 GET /style.css - 7184 - ::1 Mozilla/5.0+(Windows+NT+10.0;+Win64;+x64)+AppleWebKit/537.36+(KHTML,+like+Gecko)+Chrome/69.0.3497.100+Safari/537.36 http://localhost:7184/strona%20dla%20uzytkownika.cshtml 404 0 2 9
2018-10-12 09:21:13 ::1 GET /strona+dla+uzytkownika.cshtml - 7184 - ::1 Mozilla/5.0+(Windows+NT+10.0;+Win64;+x64)+AppleWebKit/537.36+(KHTML,+like+Gecko)+Chrome/69.0.3497.100+Safari/537.36 - 200 0 0 2067
2018-10-12 09:21:13 ::1 GET /news.js - 7184 - ::1 Mozilla/5.0+(Windows+NT+10.0;+Win64;+x64)+AppleWebKit/537.36+(KHTML,+like+Gecko)+Chrome/69.0.3497.100+Safari/537.36 http://localhost:7184/strona%20dla%20uzytkownika.cshtml 404 0 2 15
2018-10-12 09:21:13 ::1 GET /style.css - 7184 - ::1 Mozilla/5.0+(Windows+NT+10.0;+Win64;+x64)+AppleWebKit/537.36+(KHTML,+like+Gecko)+Chrome/69.0.3497.100+Safari/537.36 http://localhost:7184/strona%20dla%20uzytkownika.cshtml 404 0 2 8
2018-10-12 09:21:13 ::1 GET /news.js - 7184 - ::1 Mozilla/5.0+(Windows+NT+10.0;+Win64;+x64)+AppleWebKit/537.36+(KHTML,+like+Gecko)+Chrome/69.0.3497.100+Safari/537.36 http://localhost:7184/strona%20dla%20uzytkownika.cshtml 404 0 2 12
2018-10-12 09:21:13 ::1 GET /'/cse'/brand' form=%27cref_iframe 7184 - ::1 Mozilla/5.0+(Windows+NT+10.0;+Win64;+x64)+AppleWebKit/537.36+(KHTML,+like+Gecko)+Chrome/69.0.3497.100+Safari/537.36 http://localhost:7184/strona%20dla%20uzytkownika.cshtml 404 0 2 21
2018-10-12 09:21:14 ::1 GET /'/cse'/brand' form=%27cref_iframe 7184 - ::1 Mozilla/5.0+(Windows+NT+10.0;+Win64;+x64)+AppleWebKit/537.36+(KHTML,+like+Gecko)+Chrome/69.0.3497.100+Safari/537.36 http://localhost:7184/strona%20dla%20uzytkownika.cshtml 404 0 2 8
2018-10-12 09:21:14 ::1 GET /strona+dla+uzytkownika.cshtml - 7184 - ::1 Mozilla/5.0+(Windows+NT+10.0;+Win64;+x64)+AppleWebKit/537.36+(KHTML,+like+Gecko)+Chrome/69.0.3497.100+Safari/537.36 http://localhost:7184/strona%20dla%20uzytkownika.cshtml 200 0 0 7
2018-10-12 09:21:14 ::1 GET /style.css - 7184 - ::1 Mozilla/5.0+(Windows+NT+10.0;+Win64;+x64)+AppleWebKit/537.36+(KHTML,+like+Gecko)+Chrome/69.0.3497.100+Safari/537.36 http://localhost:7184/strona%20dla%20uzytkownika.cshtml 404 0 2 4
2018-10-12 09:21:54 ::1 GET /strona+dla+uzytkownika.cshtml - 7184 - ::1 Mozilla/5.0+(Windows+NT+10.0;+Win64;+x64)+AppleWebKit/537.36+(KHTML,+like+Gecko)+Chrome/69.0.3497.100+Safari/537.36 - 200 0 0 1968
2018-10-12 09:21:54 ::1 GET /style.css - 7184 - ::1 Mozilla/5.0+(Windows+NT+10.0;+Win64;+x64)+AppleWebKit/537.36+(KHTML,+like+Gecko)+Chrome/69.0.3497.100+Safari/537.36 http://localhost:7184/strona%20dla%20uzytkownika.cshtml 404 0 2 10
2018-10-12 09:21:54 ::1 GET /news.js - 7184 - ::1 Mozilla/5.0+(Windows+NT+10.0;+Win64;+x64)+AppleWebKit/537.36+(KHTML,+like+Gecko)+Chrome/69.0.3497.100+Safari/537.36 http://localhost:7184/strona%20dla%20uzytkownika.cshtml 404 0 2 10
2018-10-12 09:21:54 ::1 GET /'/cse'/brand' form=%27cref_iframe 7184 - ::1 Mozilla/5.0+(Windows+NT+10.0;+Win64;+x64)+AppleWebKit/537.36+(KHTML,+like+Gecko)+Chrome/69.0.3497.100+Safari/537.36 http://localhost:7184/strona%20dla%20uzytkownika.cshtml 404 0 2 9
2018-10-12 09:21:54 ::1 GET /news.js - 7184 - ::1 Mozilla/5.0+(Windows+NT+10.0;+Win64;+x64)+AppleWebKit/537.36+(KHTML,+like+Gecko)+Chrome/69.0.3497.100+Safari/537.36 http://localhost:7184/strona%20dla%20uzytkownika.cshtml 404 0 2 6
2018-10-12 09:21:55 ::1 GET /'/cse'/brand' form=%27cref_iframe 7184 - ::1 Mozilla/5.0+(Windows+NT+10.0;+Win64;+x64)+AppleWebKit/537.36+(KHTML,+like+Gecko)+Chrome/69.0.3497.100+Safari/537.36 http://localhost:7184/strona%20dla%20uzytkownika.cshtml 404 0 2 6
2018-10-12 09:21:55 ::1 GET /strona+dla+uzytkownika.cshtml - 7184 - ::1 Mozilla/5.0+(Windows+NT+10.0;+Win64;+x64)+AppleWebKit/537.36+(KHTML,+like+Gecko)+Chrome/69.0.3497.100+Safari/537.36 http://localhost:7184/strona%20dla%20uzytkownika.cshtml 200 0 0 9
2018-10-12 09:21:55 ::1 GET /style.css - 7184 - ::1 Mozilla/5.0+(Windows+NT+10.0;+Win64;+x64)+AppleWebKit/537.36+(KHTML,+like+Gecko)+Chrome/69.0.3497.100+Safari/537.36 http://localhost:7184/strona%20dla%20uzytkownika.cshtml 404 0 2 6
2018-10-12 09:22:24 ::1 GET /strona+dla+uzytkownika.cshtml - 7184 - ::1 Mozilla/5.0+(Windows+NT+10.0;+Win64;+x64)+AppleWebKit/537.36+(KHTML,+like+Gecko)+Chrome/69.0.3497.100+Safari/537.36 - 200 0 0 2091
2018-10-12 09:22:24 ::1 GET /style.css - 7184 - ::1 Mozilla/5.0+(Windows+NT+10.0;+Win64;+x64)+AppleWebKit/537.36+(KHTML,+like+Gecko)+Chrome/69.0.3497.100+Safari/537.36 http://localhost:7184/strona%20dla%20uzytkownika.cshtml 404 0 2 15
2018-10-12 09:22:24 ::1 GET /news.js - 7184 - ::1 Mozilla/5.0+(Windows+NT+10.0;+Win64;+x64)+AppleWebKit/537.36+(KHTML,+like+Gecko)+Chrome/69.0.3497.100+Safari/537.36 http://localhost:7184/strona%20dla%20uzytkownika.cshtml 404 0 2 13
2018-10-12 09:22:24 ::1 GET /'/cse'/brand' form=%27cref_iframe 7184 - ::1 Mozilla/5.0+(Windows+NT+10.0;+Win64;+x64)+AppleWebKit/537.36+(KHTML,+like+Gecko)+Chrome/69.0.3497.100+Safari/537.36 http://localhost:7184/strona%20dla%20uzytkownika.cshtml 404 0 2 11
2018-10-12 09:22:24 ::1 GET /news.js - 7184 - ::1 Mozilla/5.0+(Windows+NT+10.0;+Win64;+x64)+AppleWebKit/537.36+(KHTML,+like+Gecko)+Chrome/69.0.3497.100+Safari/537.36 http://localhost:7184/strona%20dla%20uzytkownika.cshtml 404 0 2 4
2018-10-12 09:22:25 ::1 GET /'/cse'/brand' form=%27cref_iframe 7184 - ::1 Mozilla/5.0+(Windows+NT+10.0;+Win64;+x64)+AppleWebKit/537.36+(KHTML,+like+Gecko)+Chrome/69.0.3497.100+Safari/537.36 http://localhost:7184/strona%20dla%20uzytkownika.cshtml 404 0 2 6
2018-10-12 09:22:25 ::1 GET /strona+dla+uzytkownika.cshtml - 7184 - ::1 Mozilla/5.0+(Windows+NT+10.0;+Win64;+x64)+AppleWebKit/537.36+(KHTML,+like+Gecko)+Chrome/69.0.3497.100+Safari/537.36 http://localhost:7184/strona%20dla%20uzytkownika.cshtml 200 0 0 7
2018-10-12 09:22:25 ::1 GET /style.css - 7184 - ::1 Mozilla/5.0+(Windows+NT+10.0;+Win64;+x64)+AppleWebKit/537.36+(KHTML,+like+Gecko)+Chrome/69.0.3497.100+Safari/537.36 http://localhost:7184/strona%20dla%20uzytkownika.cshtml 404 0 2 7
#Software: Microsoft Internet Information Services 10.0
#Version: 1.0
#Date: 2018-10-12 09:53:14
#Fields: date time s-ip cs-method cs-uri-stem cs-uri-query s-port cs-username c-ip cs(User-Agent) cs(Referer) sc-status sc-substatus sc-win32-status time-taken
2018-10-12 09:53:14 ::1 GET /strona+dla+uzytkownika.cshtml - 7184 - ::1 Mozilla/5.0+(Windows+NT+10.0;+Win64;+x64)+AppleWebKit/537.36+(KHTML,+like+Gecko)+Chrome/69.0.3497.100+Safari/537.36 - 200 0 0 2943
2018-10-12 09:53:14 ::1 GET /news.js - 7184 - ::1 Mozilla/5.0+(Windows+NT+10.0;+Win64;+x64)+AppleWebKit/537.36+(KHTML,+like+Gecko)+Chrome/69.0.3497.100+Safari/537.36 http://localhost:7184/strona%20dla%20uzytkownika.cshtml 404 0 2 17
2018-10-12 09:53:14 ::1 GET /style.css - 7184 - ::1 Mozilla/5.0+(Windows+NT+10.0;+Win64;+x64)+AppleWebKit/537.36+(KHTML,+like+Gecko)+Chrome/69.0.3497.100+Safari/537.36 http://localhost:7184/strona%20dla%20uzytkownika.cshtml 404 0 2 19
2018-10-12 09:53:14 ::1 GET /'/cse'/brand' form=%27cref_iframe 7184 - ::1 Mozilla/5.0+(Windows+NT+10.0;+Win64;+x64)+AppleWebKit/537.36+(KHTML,+like+Gecko)+Chrome/69.0.3497.100+Safari/537.36 http://localhost:7184/strona%20dla%20uzytkownika.cshtml 404 0 2 31
2018-10-12 09:53:14 ::1 GET /news.js - 7184 - ::1 Mozilla/5.0+(Windows+NT+10.0;+Win64;+x64)+AppleWebKit/537.36+(KHTML,+like+Gecko)+Chrome/69.0.3497.100+Safari/537.36 http://localhost:7184/strona%20dla%20uzytkownika.cshtml 404 0 2 16
2018-10-12 09:53:16 ::1 GET /'/cse'/brand' form=%27cref_iframe 7184 - ::1 Mozilla/5.0+(Windows+NT+10.0;+Win64;+x64)+AppleWebKit/537.36+(KHTML,+like+Gecko)+Chrome/69.0.3497.100+Safari/537.36 http://localhost:7184/strona%20dla%20uzytkownika.cshtml 404 0 2 8
2018-10-12 09:53:16 ::1 GET /strona+dla+uzytkownika.cshtml - 7184 - ::1 Mozilla/5.0+(Windows+NT+10.0;+Win64;+x64)+AppleWebKit/537.36+(KHTML,+like+Gecko)+Chrome/69.0.3497.100+Safari/537.36 http://localhost:7184/strona%20dla%20uzytkownika.cshtml 200 0 0 11
2018-10-12 09:53:16 ::1 GET /style.css - 7184 - ::1 Mozilla/5.0+(Windows+NT+10.0;+Win64;+x64)+AppleWebKit/537.36+(KHTML,+like+Gecko)+Chrome/69.0.3497.100+Safari/537.36 http://localhost:7184/strona%20dla%20uzytkownika.cshtml 404 0 2 8
#Software: Microsoft Internet Information Services 10.0
#Version: 1.0
#Date: 2018-10-12 11:17:35
#Fields: date time s-ip cs-method cs-uri-stem cs-uri-query s-port cs-username c-ip cs(User-Agent) cs(Referer) sc-status sc-substatus sc-win32-status time-taken
2018-10-12 11:17:35 ::1 GET /strona+dla+uzytkownika.cshtml - 7184 - ::1 Mozilla/5.0+(Windows+NT+10.0;+Win64;+x64)+AppleWebKit/537.36+(KHTML,+like+Gecko)+Chrome/69.0.3497.100+Safari/537.36 - 200 0 0 3349
2018-10-12 11:17:35 ::1 GET /style.css - 7184 - ::1 Mozilla/5.0+(Windows+NT+10.0;+Win64;+x64)+AppleWebKit/537.36+(KHTML,+like+Gecko)+Chrome/69.0.3497.100+Safari/537.36 http://localhost:7184/strona%20dla%20uzytkownika.cshtml 404 0 2 6
2018-10-12 11:17:35 ::1 GET /news.js - 7184 - ::1 Mozilla/5.0+(Windows+NT+10.0;+Win64;+x64)+AppleWebKit/537.36+(KHTML,+like+Gecko)+Chrome/69.0.3497.100+Safari/537.36 http://localhost:7184/strona%20dla%20uzytkownika.cshtml 404 0 2 7
2018-10-12 11:17:35 ::1 GET /'/cse'/brand' form=%27cref_iframe 7184 - ::1 Mozilla/5.0+(Windows+NT+10.0;+Win64;+x64)+AppleWebKit/537.36+(KHTML,+like+Gecko)+Chrome/69.0.3497.100+Safari/537.36 http://localhost:7184/strona%20dla%20uzytkownika.cshtml 404 0 2 20
2018-10-12 11:17:35 ::1 GET /news.js - 7184 - ::1 Mozilla/5.0+(Windows+NT+10.0;+Win64;+x64)+AppleWebKit/537.36+(KHTML,+like+Gecko)+Chrome/69.0.3497.100+Safari/537.36 http://localhost:7184/strona%20dla%20uzytkownika.cshtml 404 0 2 5
2018-10-12 11:17:36 ::1 GET /'/cse'/brand' form=%27cref_iframe 7184 - ::1 Mozilla/5.0+(Windows+NT+10.0;+Win64;+x64)+AppleWebKit/537.36+(KHTML,+like+Gecko)+Chrome/69.0.3497.100+Safari/537.36 http://localhost:7184/strona%20dla%20uzytkownika.cshtml 404 0 2 10
2018-10-12 11:17:36 ::1 GET /strona+dla+uzytkownika.cshtml - 7184 - ::1 Mozilla/5.0+(Windows+NT+10.0;+Win64;+x64)+AppleWebKit/537.36+(KHTML,+like+Gecko)+Chrome/69.0.3497.100+Safari/537.36 http://localhost:7184/strona%20dla%20uzytkownika.cshtml 200 0 0 6
2018-10-12 11:17:36 ::1 GET /style.css - 7184 - ::1 Mozilla/5.0+(Windows+NT+10.0;+Win64;+x64)+AppleWebKit/537.36+(KHTML,+like+Gecko)+Chrome/69.0.3497.100+Safari/537.36 http://localhost:7184/strona%20dla%20uzytkownika.cshtml 404 0 2 14
2018-10-12 11:20:12 ::1 GET /strona+dla+uzytkownika.cshtml - 7184 - ::1 Mozilla/5.0+(Windows+NT+10.0;+Win64;+x64)+AppleWebKit/537.36+(KHTML,+like+Gecko)+Chrome/69.0.3497.100+Safari/537.36 - 200 0 0 2175
2018-10-12 11:20:12 ::1 GET /news.js - 7184 - ::1 Mozilla/5.0+(Windows+NT+10.0;+Win64;+x64)+AppleWebKit/537.36+(KHTML,+like+Gecko)+Chrome/69.0.3497.100+Safari/537.36 http://localhost:7184/strona%20dla%20uzytkownika.cshtml 404 0 2 23
2018-10-12 11:20:12 ::1 GET /style.css - 7184 - ::1 Mozilla/5.0+(Windows+NT+10.0;+Win64;+x64)+AppleWebKit/537.36+(KHTML,+like+Gecko)+Chrome/69.0.3497.100+Safari/537.36 http://localhost:7184/strona%20dla%20uzytkownika.cshtml 404 0 2 26
2018-10-12 11:20:12 ::1 GET /'/cse'/brand' form=%27cref_iframe 7184 - ::1 Mozilla/5.0+(Windows+NT+10.0;+Win64;+x64)+AppleWebKit/537.36+(KHTML,+like+Gecko)+Chrome/69.0.3497.100+Safari/537.36 http://localhost:7184/strona%20dla%20uzytkownika.cshtml 404 0 2 12
2018-10-12 11:20:12 ::1 GET /news.js - 7184 - ::1 Mozilla/5.0+(Windows+NT+10.0;+Win64;+x64)+AppleWebKit/537.36+(KHTML,+like+Gecko)+Chrome/69.0.3497.100+Safari/537.36 http://localhost:7184/strona%20dla%20uzytkownika.cshtml 404 0 2 6
2018-10-12 11:20:12 ::1 GET /'/cse'/brand' form=%27cref_iframe 7184 - ::1 Mozilla/5.0+(Windows+NT+10.0;+Win64;+x64)+AppleWebKit/537.36+(KHTML,+like+Gecko)+Chrome/69.0.3497.100+Safari/537.36 http://localhost:7184/strona%20dla%20uzytkownika.cshtml 404 0 2 7
2018-10-12 11:20:13 ::1 GET /strona+dla+uzytkownika.cshtml - 7184 - ::1 Mozilla/5.0+(Windows+NT+10.0;+Win64;+x64)+AppleWebKit/537.36+(KHTML,+like+Gecko)+Chrome/69.0.3497.100+Safari/537.36 http://localhost:7184/strona%20dla%20uzytkownika.cshtml 200 0 0 8
2018-10-12 11:20:13 ::1 GET /style.css - 7184 - ::1 Mozilla/5.0+(Windows+NT+10.0;+Win64;+x64)+AppleWebKit/537.36+(KHTML,+like+Gecko)+Chrome/69.0.3497.100+Safari/537.36 http://localhost:7184/strona%20dla%20uzytkownika.cshtml 404 0 2 5
2018-10-12 11:22:11 ::1 GET /strona+dla+uzytkownika.cshtml - 7184 - ::1 Mozilla/5.0+(Windows+NT+10.0;+Win64;+x64)+AppleWebKit/537.36+(KHTML,+like+Gecko)+Chrome/69.0.3497.100+Safari/537.36 - 200 0 0 1967
2018-10-12 11:22:11 ::1 GET /news.js - 7184 - ::1 Mozilla/5.0+(Windows+NT+10.0;+Win64;+x64)+AppleWebKit/537.36+(KHTML,+like+Gecko)+Chrome/69.0.3497.100+Safari/537.36 http://localhost:7184/strona%20dla%20uzytkownika.cshtml 404 0 2 10
2018-10-12 11:22:11 ::1 GET /style.css - 7184 - ::1 Mozilla/5.0+(Windows+NT+10.0;+Win64;+x64)+AppleWebKit/537.36+(KHTML,+like+Gecko)+Chrome/69.0.3497.100+Safari/537.36 http://localhost:7184/strona%20dla%20uzytkownika.cshtml 404 0 2 13
2018-10-12 11:22:11 ::1 GET /'/cse'/brand' form=%27cref_iframe 7184 - ::1 Mozilla/5.0+(Windows+NT+10.0;+Win64;+x64)+AppleWebKit/537.36+(KHTML,+like+Gecko)+Chrome/69.0.3497.100+Safari/537.36 http://localhost:7184/strona%20dla%20uzytkownika.cshtml 404 0 2 13
2018-10-12 11:22:11 ::1 GET /news.js - 7184 - ::1 Mozilla/5.0+(Windows+NT+10.0;+Win64;+x64)+AppleWebKit/537.36+(KHTML,+like+Gecko)+Chrome/69.0.3497.100+Safari/537.36 http://localhost:7184/strona%20dla%20uzytkownika.cshtml 404 0 2 7
2018-10-12 11:22:11 ::1 GET /'/cse'/brand' form=%27cref_iframe 7184 - ::1 Mozilla/5.0+(Windows+NT+10.0;+Win64;+x64)+AppleWebKit/537.36+(KHTML,+like+Gecko)+Chrome/69.0.3497.100+Safari/537.36 http://localhost:7184/strona%20dla%20uzytkownika.cshtml 404 0 2 10
2018-10-12 11:22:11 ::1 GET /strona+dla+uzytkownika.cshtml - 7184 - ::1 Mozilla/5.0+(Windows+NT+10.0;+Win64;+x64)+AppleWebKit/537.36+(KHTML,+like+Gecko)+Chrome/69.0.3497.100+Safari/537.36 http://localhost:7184/strona%20dla%20uzytkownika.cshtml 200 0 0 9
2018-10-12 11:22:11 ::1 GET /style.css - 7184 - ::1 Mozilla/5.0+(Windows+NT+10.0;+Win64;+x64)+AppleWebKit/537.36+(KHTML,+like+Gecko)+Chrome/69.0.3497.100+Safari/537.36 http://localhost:7184/strona%20dla%20uzytkownika.cshtml 404 0 2 5
2018-10-12 11:32:21 ::1 GET /strona+dla+uzytkownika.cshtml - 7184 - ::1 Mozilla/5.0+(Windows+NT+10.0;+Win64;+x64)+AppleWebKit/537.36+(KHTML,+like+Gecko)+Chrome/69.0.3497.100+Safari/537.36 - 200 0 0 2065
2018-10-12 11:32:21 ::1 GET /news.js - 7184 - ::1 Mozilla/5.0+(Windows+NT+10.0;+Win64;+x64)+AppleWebKit/537.36+(KHTML,+like+Gecko)+Chrome/69.0.3497.100+Safari/537.36 http://localhost:7184/strona%20dla%20uzytkownika.cshtml 404 0 2 13
2018-10-12 11:32:21 ::1 GET /style.css - 7184 - ::1 Mozilla/5.0+(Windows+NT+10.0;+Win64;+x64)+AppleWebKit/537.36+(KHTML,+like+Gecko)+Chrome/69.0.3497.100+Safari/537.36 http://localhost:7184/strona%20dla%20uzytkownika.cshtml 404 0 2 32
2018-10-12 11:32:21 ::1 GET /'/cse'/brand' form=%27cref_iframe 7184 - ::1 Mozilla/5.0+(Windows+NT+10.0;+Win64;+x64)+AppleWebKit/537.36+(KHTML,+like+Gecko)+Chrome/69.0.3497.100+Safari/537.36 http://localhost:7184/strona%20dla%20uzytkownika.cshtml 404 0 2 14
2018-10-12 11:32:21 ::1 GET /news.js - 7184 - ::1 Mozilla/5.0+(Windows+NT+10.0;+Win64;+x64)+AppleWebKit/537.36+(KHTML,+like+Gecko)+Chrome/69.0.3497.100+Safari/537.36 http://localhost:7184/strona%20dla%20uzytkownika.cshtml 404 0 2 6
2018-10-12 11:32:21 ::1 GET /'/cse'/brand' form=%27cref_iframe 7184 - ::1 Mozilla/5.0+(Windows+NT+10.0;+Win64;+x64)+AppleWebKit/537.36+(KHTML,+like+Gecko)+Chrome/69.0.3497.100+Safari/537.36 http://localhost:7184/strona%20dla%20uzytkownika.cshtml 404 0 2 8
2018-10-12 11:32:21 ::1 GET /strona+dla+uzytkownika.cshtml - 7184 - ::1 Mozilla/5.0+(Windows+NT+10.0;+Win64;+x64)+AppleWebKit/537.36+(KHTML,+like+Gecko)+Chrome/69.0.3497.100+Safari/537.36 http://localhost:7184/strona%20dla%20uzytkownika.cshtml 200 0 0 9
2018-10-12 11:32:21 ::1 GET /style.css - 7184 - ::1 Mozilla/5.0+(Windows+NT+10.0;+Win64;+x64)+AppleWebKit/537.36+(KHTML,+like+Gecko)+Chrome/69.0.3497.100+Safari/537.36 http://localhost:7184/strona%20dla%20uzytkownika.cshtml 404 0 2 7
2018-10-12 11:33:47 ::1 GET /strona+dla+uzytkownika.cshtml - 7184 - ::1 Mozilla/5.0+(Windows+NT+10.0;+Win64;+x64)+AppleWebKit/537.36+(KHTML,+like+Gecko)+Chrome/69.0.3497.100+Safari/537.36 - 200 0 0 2029
2018-10-12 11:33:47 ::1 GET /news.js - 7184 - ::1 Mozilla/5.0+(Windows+NT+10.0;+Win64;+x64)+AppleWebKit/537.36+(KHTML,+like+Gecko)+Chrome/69.0.3497.100+Safari/537.36 http://localhost:7184/strona%20dla%20uzytkownika.cshtml 404 0 2 17
2018-10-12 11:33:47 ::1 GET /style.css - 7184 - ::1 Mozilla/5.0+(Windows+NT+10.0;+Win64;+x64)+AppleWebKit/537.36+(KHTML,+like+Gecko)+Chrome/69.0.3497.100+Safari/537.36 http://localhost:7184/strona%20dla%20uzytkownika.cshtml 404 0 2 22
2018-10-12 11:33:47 ::1 GET /'/cse'/brand' form=%27cref_iframe 7184 - ::1 Mozilla/5.0+(Windows+NT+10.0;+Win64;+x64)+AppleWebKit/537.36+(KHTML,+like+Gecko)+Chrome/69.0.3497.100+Safari/537.36 http://localhost:7184/strona%20dla%20uzytkownika.cshtml 404 0 2 11
2018-10-12 11:33:47 ::1 GET /news.js - 7184 - ::1 Mozilla/5.0+(Windows+NT+10.0;+Win64;+x64)+AppleWebKit/537.36+(KHTML,+like+Gecko)+Chrome/69.0.3497.100+Safari/537.36 http://localhost:7184/strona%20dla%20uzytkownika.cshtml 404 0 2 4
2018-10-12 11:33:47 ::1 GET /'/cse'/brand' form=%27cref_iframe 7184 - ::1 Mozilla/5.0+(Windows+NT+10.0;+Win64;+x64)+AppleWebKit/537.36+(KHTML,+like+Gecko)+Chrome/69.0.3497.100+Safari/537.36 http://localhost:7184/strona%20dla%20uzytkownika.cshtml 404 0 2 7
2018-10-12 11:33:47 ::1 GET /strona+dla+uzytkownika.cshtml - 7184 - ::1 Mozilla/5.0+(Windows+NT+10.0;+Win64;+x64)+AppleWebKit/537.36+(KHTML,+like+Gecko)+Chrome/69.0.3497.100+Safari/537.36 http://localhost:7184/strona%20dla%20uzytkownika.cshtml 200 0 0 9
2018-10-12 11:33:47 ::1 GET /style.css - 7184 - ::1 Mozilla/5.0+(Windows+NT+10.0;+Win64;+x64)+AppleWebKit/537.36+(KHTML,+like+Gecko)+Chrome/69.0.3497.100+Safari/537.36 http://localhost:7184/strona%20dla%20uzytkownika.cshtml 404 0 2 4
2018-10-12 11:36:50 ::1 GET /style.css - 7184 - ::1 Mozilla/5.0+(Windows+NT+10.0;+Win64;+x64)+AppleWebKit/537.36+(KHTML,+like+Gecko)+Chrome/69.0.3497.100+Safari/537.36 http://localhost:7184/strona%20dla%20uzytkownika.cshtml 404 0 2 6
2018-10-12 11:36:50 ::1 GET /news.js - 7184 - ::1 Mozilla/5.0+(Windows+NT+10.0;+Win64;+x64)+AppleWebKit/537.36+(KHTML,+like+Gecko)+Chrome/69.0.3497.100+Safari/537.36 http://localhost:7184/strona%20dla%20uzytkownika.cshtml 404 0 2 3
2018-10-12 11:36:51 ::1 GET /news.js - 7184 - ::1 Mozilla/5.0+(Windows+NT+10.0;+Win64;+x64)+AppleWebKit/537.36+(KHTML,+like+Gecko)+Chrome/69.0.3497.100+Safari/537.36 http://localhost:7184/strona%20dla%20uzytkownika.cshtml 404 0 2 3
2018-10-12 11:36:51 ::1 GET /strona+dla+uzytkownika.cshtml - 7184 - ::1 Mozilla/5.0+(Windows+NT+10.0;+Win64;+x64)+AppleWebKit/537.36+(KHTML,+like+Gecko)+Chrome/69.0.3497.100+Safari/537.36 - 200 0 0 2633
2018-10-12 11:36:51 ::1 GET /'/cse'/brand' form=%27cref_iframe 7184 - ::1 Mozilla/5.0+(Windows+NT+10.0;+Win64;+x64)+AppleWebKit/537.36+(KHTML,+like+Gecko)+Chrome/69.0.3497.100+Safari/537.36 http://localhost:7184/strona%20dla%20uzytkownika.cshtml 404 0 2 15
2018-10-12 11:36:51 ::1 GET /style.css - 7184 - ::1 Mozilla/5.0+(Windows+NT+10.0;+Win64;+x64)+AppleWebKit/537.36+(KHTML,+like+Gecko)+Chrome/69.0.3497.100+Safari/537.36 http://localhost:7184/strona%20dla%20uzytkownika.cshtml 404 0 2 18
2018-10-12 11:36:51 ::1 GET /news.js - 7184 - ::1 Mozilla/5.0+(Windows+NT+10.0;+Win64;+x64)+AppleWebKit/537.36+(KHTML,+like+Gecko)+Chrome/69.0.3497.100+Safari/537.36 http://localhost:7184/strona%20dla%20uzytkownika.cshtml 404 0 2 10
2018-10-12 11:36:51 ::1 GET /'/cse'/brand' form=%27cref_iframe 7184 - ::1 Mozilla/5.0+(Windows+NT+10.0;+Win64;+x64)+AppleWebKit/537.36+(KHTML,+like+Gecko)+Chrome/69.0.3497.100+Safari/537.36 http://localhost:7184/strona%20dla%20uzytkownika.cshtml 404 0 2 7
2018-10-12 11:36:51 ::1 GET /'/cse'/brand' form=%27cref_iframe 7184 - ::1 Mozilla/5.0+(Windows+NT+10.0;+Win64;+x64)+AppleWebKit/537.36+(KHTML,+like+Gecko)+Chrome/69.0.3497.100+Safari/537.36 http://localhost:7184/strona%20dla%20uzytkownika.cshtml 404 0 2 5
2018-10-12 11:36:51 ::1 GET /style.css - 7184 - ::1 Mozilla/5.0+(Windows+NT+10.0;+Win64;+x64)+AppleWebKit/537.36+(KHTML,+like+Gecko)+Chrome/69.0.3497.100+Safari/537.36 http://localhost:7184/strona%20dla%20uzytkownika.cshtml 404 0 2 3
2018-10-12 11:36:51 ::1 GET /news.js - 7184 - ::1 Mozilla/5.0+(Windows+NT+10.0;+Win64;+x64)+AppleWebKit/537.36+(KHTML,+like+Gecko)+Chrome/69.0.3497.100+Safari/537.36 http://localhost:7184/strona%20dla%20uzytkownika.cshtml 404 0 2 3
2018-10-12 11:36:52 ::1 GET /'/cse'/brand' form=%27cref_iframe 7184 - ::1 Mozilla/5.0+(Windows+NT+10.0;+Win64;+x64)+AppleWebKit/537.36+(KHTML,+like+Gecko)+Chrome/69.0.3497.100+Safari/537.36 http://localhost:7184/strona%20dla%20uzytkownika.cshtml 404 0 2 8
2018-10-12 11:36:52 ::1 GET /strona+dla+uzytkownika.cshtml - 7184 - ::1 Mozilla/5.0+(Windows+NT+10.0;+Win64;+x64)+AppleWebKit/537.36+(KHTML,+like+Gecko)+Chrome/69.0.3497.100+Safari/537.36 http://localhost:7184/strona%20dla%20uzytkownika.cshtml 200 0 0 9
2018-10-12 11:36:52 ::1 GET /style.css - 7184 - ::1 Mozilla/5.0+(Windows+NT+10.0;+Win64;+x64)+AppleWebKit/537.36+(KHTML,+like+Gecko)+Chrome/69.0.3497.100+Safari/537.36 http://localhost:7184/strona%20dla%20uzytkownika.cshtml 404 0 2 4
2018-10-12 11:37:04 ::1 GET /strona+dla+uzytkownika.cshtml - 7184 - ::1 Mozilla/5.0+(Windows+NT+10.0;+Win64;+x64)+AppleWebKit/537.36+(KHTML,+like+Gecko)+Chrome/69.0.3497.100+Safari/537.36 http://localhost:7184/strona%20dla%20uzytkownika.cshtml 200 0 0 9
2018-10-12 11:37:13 ::1 GET /style.css - 7184 - ::1 Mozilla/5.0+(Windows+NT+10.0;+Win64;+x64)+AppleWebKit/537.36+(KHTML,+like+Gecko)+Chrome/69.0.3497.100+Safari/537.36 http://localhost:7184/strona%20dla%20uzytkownika.cshtml 404 0 2 9
2018-10-12 11:37:15 ::1 GET /style.css - 7184 - ::1 Mozilla/5.0+(Windows+NT+10.0;+Win64;+x64)+AppleWebKit/537.36+(KHTML,+like+Gecko)+Chrome/69.0.3497.100+Safari/537.36 http://localhost:7184/strona%20dla%20uzytkownika.cshtml 404 0 2 6
2018-10-12 11:37:15 ::1 GET /news.js - 7184 - ::1 Mozilla/5.0+(Windows+NT+10.0;+Win64;+x64)+AppleWebKit/537.36+(KHTML,+like+Gecko)+Chrome/69.0.3497.100+Safari/537.36 http://localhost:7184/strona%20dla%20uzytkownika.cshtml 404 0 2 4
2018-10-12 11:37:17 ::1 GET /news.js - 7184 - ::1 Mozilla/5.0+(Windows+NT+10.0;+Win64;+x64)+AppleWebKit/537.36+(KHTML,+like+Gecko)+Chrome/69.0.3497.100+Safari/537.36 http://localhost:7184/strona%20dla%20uzytkownika.cshtml 404 0 2 5
2018-10-12 11:37:21 ::1 GET /news.js - 7184 - ::1 Mozilla/5.0+(Windows+NT+10.0;+Win64;+x64)+AppleWebKit/537.36+(KHTML,+like+Gecko)+Chrome/69.0.3497.100+Safari/537.36 http://localhost:7184/strona%20dla%20uzytkownika.cshtml 404 0 2 2
2018-10-12 11:37:22 ::1 GET /'/cse'/brand' form=%27cref_iframe 7184 - ::1 Mozilla/5.0+(Windows+NT+10.0;+Win64;+x64)+AppleWebKit/537.36+(KHTML,+like+Gecko)+Chrome/69.0.3497.100+Safari/537.36 http://localhost:7184/strona%20dla%20uzytkownika.cshtml 404 0 2 14
2018-10-12 11:37:22 ::1 GET /news.js - 7184 - ::1 Mozilla/5.0+(Windows+NT+10.0;+Win64;+x64)+AppleWebKit/537.36+(KHTML,+like+Gecko)+Chrome/69.0.3497.100+Safari/537.36 http://localhost:7184/Endecken.cshtml 404 0 2 3
2018-10-12 11:37:23 ::1 GET /news.js - 7184 - ::1 Mozilla/5.0+(Windows+NT+10.0;+Win64;+x64)+AppleWebKit/537.36+(KHTML,+like+Gecko)+Chrome/69.0.3497.100+Safari/537.36 http://localhost:7184/strona%20dla%20uzytkownika.cshtml 404 0 2 7
2018-10-12 11:37:23 ::1 GET /'/cse'/brand' form=%27cref_iframe 7184 - ::1 Mozilla/5.0+(Windows+NT+10.0;+Win64;+x64)+AppleWebKit/537.36+(KHTML,+like+Gecko)+Chrome/69.0.3497.100+Safari/537.36 http://localhost:7184/strona%20dla%20uzytkownika.cshtml 404 0 2 10
2018-10-12 11:37:26 ::1 GET /news.js - 7184 - ::1 Mozilla/5.0+(Windows+NT+10.0;+Win64;+x64)+AppleWebKit/537.36+(KHTML,+like+Gecko)+Chrome/69.0.3497.100+Safari/537.36 http://localhost:7184/Endecken.cshtml 404 0 2 7
2018-10-12 11:37:26 ::1 GET /'/cse'/brand' form=%27cref_iframe 7184 - ::1 Mozilla/5.0+(Windows+NT+10.0;+Win64;+x64)+AppleWebKit/537.36+(KHTML,+like+Gecko)+Chrome/69.0.3497.100+Safari/537.36 http://localhost:7184/Endecken.cshtml 404 0 2 10
2018-10-12 11:37:26 ::1 GET /'/cse'/brand' form=%27cref_iframe 7184 - ::1 Mozilla/5.0+(Windows+NT+10.0;+Win64;+x64)+AppleWebKit/537.36+(KHTML,+like+Gecko)+Chrome/69.0.3497.100+Safari/537.36 http://localhost:7184/strona%20dla%20uzytkownika.cshtml 404 0 2 11
2018-10-12 11:37:28 ::1 GET /'/cse'/brand' form=%27cref_iframe 7184 - ::1 Mozilla/5.0+(Windows+NT+10.0;+Win64;+x64)+AppleWebKit/537.36+(KHTML,+like+Gecko)+Chrome/69.0.3497.100+Safari/537.36 http://localhost:7184/strona%20dla%20uzytkownika.cshtml 404 0 2 6
2018-10-12 11:37:28 ::1 GET /style.css - 7184 - ::1 Mozilla/5.0+(Windows+NT+10.0;+Win64;+x64)+AppleWebKit/537.36+(KHTML,+like+Gecko)+Chrome/69.0.3497.100+Safari/537.36 http://localhost:7184/strona%20dla%20uzytkownika.cshtml 404 0 2 4
2018-10-12 11:37:28 ::1 GET /style.css - 7184 - ::1 Mozilla/5.0+(Windows+NT+10.0;+Win64;+x64)+AppleWebKit/537.36+(KHTML,+like+Gecko)+Chrome/69.0.3497.100+Safari/537.36 http://localhost:7184/strona%20dla%20uzytkownika.cshtml 404 0 2 3
2018-10-12 11:37:30 ::1 GET /'/cse'/brand' form=%27cref_iframe 7184 - ::1 Mozilla/5.0+(Windows+NT+10.0;+Win64;+x64)+AppleWebKit/537.36+(KHTML,+like+Gecko)+Chrome/69.0.3497.100+Safari/537.36 http://localhost:7184/Endecken.cshtml 404 0 2 6
2018-10-12 11:37:44 ::1 GET /Endecken.cshtml - 7184 - ::1 Mozilla/5.0+(Windows+NT+10.0;+Win64;+x64)+AppleWebKit/537.36+(KHTML,+like+Gecko)+Chrome/69.0.3497.100+Safari/537.36 http://localhost:7184/Endecken.cshtml 200 0 0 53
2018-10-12 11:37:46 ::1 GET /strona+dla+uzytkownika.cshtml - 7184 - ::1 Mozilla/5.0+(Windows+NT+10.0;+Win64;+x64)+AppleWebKit/537.36+(KHTML,+like+Gecko)+Chrome/69.0.3497.100+Safari/537.36 http://localhost:7184/strona%20dla%20uzytkownika.cshtml 200 0 0 18
2018-10-12 11:37:50 ::1 GET /strona+dla+uzytkownika.cshtml - 7184 - ::1 Mozilla/5.0+(Windows+NT+10.0;+Win64;+x64)+AppleWebKit/537.36+(KHTML,+like+Gecko)+Chrome/69.0.3497.100+Safari/537.36 http://localhost:7184/strona%20dla%20uzytkownika.cshtml 200 0 0 13
2018-10-12 11:42:53 ::1 GET /strona+dla+uzytkownika.cshtml - 7184 - ::1 Mozilla/5.0+(Windows+NT+10.0;+Win64;+x64)+AppleWebKit/537.36+(KHTML,+like+Gecko)+Chrome/69.0.3497.100+Safari/537.36 - 200 0 0 2399
2018-10-12 11:42:53 ::1 GET /news.js - 7184 - ::1 Mozilla/5.0+(Windows+NT+10.0;+Win64;+x64)+AppleWebKit/537.36+(KHTML,+like+Gecko)+Chrome/69.0.3497.100+Safari/537.36 http://localhost:7184/strona%20dla%20uzytkownika.cshtml 404 0 2 13
2018-10-12 11:42:53 ::1 GET /style.css - 7184 - ::1 Mozilla/5.0+(Windows+NT+10.0;+Win64;+x64)+AppleWebKit/537.36+(KHTML,+like+Gecko)+Chrome/69.0.3497.100+Safari/537.36 http://localhost:7184/strona%20dla%20uzytkownika.cshtml 404 0 2 16
2018-10-12 11:42:53 ::1 GET /'/cse'/brand' form=%27cref_iframe 7184 - ::1 Mozilla/5.0+(Windows+NT+10.0;+Win64;+x64)+AppleWebKit/537.36+(KHTML,+like+Gecko)+Chrome/69.0.3497.100+Safari/537.36 http://localhost:7184/strona%20dla%20uzytkownika.cshtml 404 0 2 11
2018-10-12 11:42:53 ::1 GET /news.js - 7184 - ::1 Mozilla/5.0+(Windows+NT+10.0;+Win64;+x64)+AppleWebKit/537.36+(KHTML,+like+Gecko)+Chrome/69.0.3497.100+Safari/537.36 http://localhost:7184/strona%20dla%20uzytkownika.cshtml 404 0 2 8
2018-10-12 11:42:53 ::1 GET /'/cse'/brand' form=%27cref_iframe 7184 - ::1 Mozilla/5.0+(Windows+NT+10.0;+Win64;+x64)+AppleWebKit/537.36+(KHTML,+like+Gecko)+Chrome/69.0.3497.100+Safari/537.36 http://localhost:7184/strona%20dla%20uzytkownika.cshtml 404 0 2 7
2018-10-12 11:42:53 ::1 GET /strona+dla+uzytkownika.cshtml - 7184 - ::1 Mozilla/5.0+(Windows+NT+10.0;+Win64;+x64)+AppleWebKit/537.36+(KHTML,+like+Gecko)+Chrome/69.0.3497.100+Safari/537.36 http://localhost:7184/strona%20dla%20uzytkownika.cshtml 200 0 0 6
2018-10-12 11:42:54 ::1 GET /style.css - 7184 - ::1 Mozilla/5.0+(Windows+NT+10.0;+Win64;+x64)+AppleWebKit/537.36+(KHTML,+like+Gecko)+Chrome/69.0.3497.100+Safari/537.36 http://localhost:7184/strona%20dla%20uzytkownika.cshtml 404 0 2 3
2018-10-12 11:47:02 ::1 GET /strona+dla+uzytkownika.cshtml - 7184 - ::1 Mozilla/5.0+(Windows+NT+10.0;+Win64;+x64)+AppleWebKit/537.36+(KHTML,+like+Gecko)+Chrome/69.0.3497.100+Safari/537.36 - 200 0 0 2101
2018-10-12 11:47:02 ::1 GET /news.js - 7184 - ::1 Mozilla/5.0+(Windows+NT+10.0;+Win64;+x64)+AppleWebKit/537.36+(KHTML,+like+Gecko)+Chrome/69.0.3497.100+Safari/537.36 http://localhost:7184/strona%20dla%20uzytkownika.cshtml 404 0 2 12
2018-10-12 11:47:02 ::1 GET /style.css - 7184 - ::1 Mozilla/5.0+(Windows+NT+10.0;+Win64;+x64)+AppleWebKit/537.36+(KHTML,+like+Gecko)+Chrome/69.0.3497.100+Safari/537.36 http://localhost:7184/strona%20dla%20uzytkownika.cshtml 404 0 2 14
2018-10-12 11:47:02 ::1 GET /'/cse'/brand' form=%27cref_iframe 7184 - ::1 Mozilla/5.0+(Windows+NT+10.0;+Win64;+x64)+AppleWebKit/537.36+(KHTML,+like+Gecko)+Chrome/69.0.3497.100+Safari/537.36 http://localhost:7184/strona%20dla%20uzytkownika.cshtml 404 0 2 15
2018-10-12 11:47:02 ::1 GET /news.js - 7184 - ::1 Mozilla/5.0+(Windows+NT+10.0;+Win64;+x64)+AppleWebKit/537.36+(KHTML,+like+Gecko)+Chrome/69.0.3497.100+Safari/537.36 http://localhost:7184/strona%20dla%20uzytkownika.cshtml 404 0 2 6
2018-10-12 11:47:02 ::1 GET /'/cse'/brand' form=%27cref_iframe 7184 - ::1 Mozilla/5.0+(Windows+NT+10.0;+Win64;+x64)+AppleWebKit/537.36+(KHTML,+like+Gecko)+Chrome/69.0.3497.100+Safari/537.36 http://localhost:7184/strona%20dla%20uzytkownika.cshtml 404 0 2 10
2018-10-12 11:47:02 ::1 GET /strona+dla+uzytkownika.cshtml - 7184 - ::1 Mozilla/5.0+(Windows+NT+10.0;+Win64;+x64)+AppleWebKit/537.36+(KHTML,+like+Gecko)+Chrome/69.0.3497.100+Safari/537.36 http://localhost:7184/strona%20dla%20uzytkownika.cshtml 200 0 0 9
2018-10-12 11:47:03 ::1 GET /style.css - 7184 - ::1 Mozilla/5.0+(Windows+NT+10.0;+Win64;+x64)+AppleWebKit/537.36+(KHTML,+like+Gecko)+Chrome/69.0.3497.100+Safari/537.36 http://localhost:7184/strona%20dla%20uzytkownika.cshtml 404 0 2 6
2018-10-12 11:48:46 ::1 GET /strona+dla+uzytkownika.cshtml - 7184 - ::1 Mozilla/5.0+(Windows+NT+10.0;+Win64;+x64)+AppleWebKit/537.36+(KHTML,+like+Gecko)+Chrome/69.0.3497.100+Safari/537.36 - 200 0 0 3601
2018-10-12 11:48:46 ::1 GET /news.js - 7184 - ::1 Mozilla/5.0+(Windows+NT+10.0;+Win64;+x64)+AppleWebKit/537.36+(KHTML,+like+Gecko)+Chrome/69.0.3497.100+Safari/537.36 http://localhost:7184/strona%20dla%20uzytkownika.cshtml 404 0 2 37
2018-10-12 11:48:46 ::1 GET /style.css - 7184 - ::1 Mozilla/5.0+(Windows+NT+10.0;+Win64;+x64)+AppleWebKit/537.36+(KHTML,+like+Gecko)+Chrome/69.0.3497.100+Safari/537.36 http://localhost:7184/strona%20dla%20uzytkownika.cshtml 404 0 2 36
2018-10-12 11:48:46 ::1 GET /'/cse'/brand' form=%27cref_iframe 7184 - ::1 Mozilla/5.0+(Windows+NT+10.0;+Win64;+x64)+AppleWebKit/537.36+(KHTML,+like+Gecko)+Chrome/69.0.3497.100+Safari/537.36 http://localhost:7184/strona%20dla%20uzytkownika.cshtml 404 0 2 13
2018-10-12 11:48:46 ::1 GET /news.js - 7184 - ::1 Mozilla/5.0+(Windows+NT+10.0;+Win64;+x64)+AppleWebKit/537.36+(KHTML,+like+Gecko)+Chrome/69.0.3497.100+Safari/537.36 http://localhost:7184/strona%20dla%20uzytkownika.cshtml 404 0 2 9
2018-10-12 11:48:46 ::1 GET /'/cse'/brand' form=%27cref_iframe 7184 - ::1 Mozilla/5.0+(Windows+NT+10.0;+Win64;+x64)+AppleWebKit/537.36+(KHTML,+like+Gecko)+Chrome/69.0.3497.100+Safari/537.36 http://localhost:7184/strona%20dla%20uzytkownika.cshtml 404 0 2 12
2018-10-12 11:48:46 ::1 GET /strona+dla+uzytkownika.cshtml - 7184 - ::1 Mozilla/5.0+(Windows+NT+10.0;+Win64;+x64)+AppleWebKit/537.36+(KHTML,+like+Gecko)+Chrome/69.0.3497.100+Safari/537.36 http://localhost:7184/strona%20dla%20uzytkownika.cshtml 200 0 0 8
2018-10-12 11:48:47 ::1 GET /style.css - 7184 - ::1 Mozilla/5.0+(Windows+NT+10.0;+Win64;+x64)+AppleWebKit/537.36+(KHTML,+like+Gecko)+Chrome/69.0.3497.100+Safari/537.36 http://localhost:7184/strona%20dla%20uzytkownika.cshtml 404 0 2 3
#Software: Microsoft Internet Information Services 10.0
#Version: 1.0
#Date: 2018-10-12 12:51:40
#Fields: date time s-ip cs-method cs-uri-stem cs-uri-query s-port cs-username c-ip cs(User-Agent) cs(Referer) sc-status sc-substatus sc-win32-status time-taken
2018-10-12 12:51:40 ::1 GET /strona+dla+uzytkownika.cshtml - 7184 - ::1 Mozilla/5.0+(Windows+NT+10.0;+Win64;+x64)+AppleWebKit/537.36+(KHTML,+like+Gecko)+Chrome/69.0.3497.100+Safari/537.36 - 200 0 0 2545
2018-10-12 12:51:40 ::1 GET /news.js - 7184 - ::1 Mozilla/5.0+(Windows+NT+10.0;+Win64;+x64)+AppleWebKit/537.36+(KHTML,+like+Gecko)+Chrome/69.0.3497.100+Safari/537.36 http://localhost:7184/strona%20dla%20uzytkownika.cshtml 404 0 2 18
2018-10-12 12:51:40 ::1 GET /style.css - 7184 - ::1 Mozilla/5.0+(Windows+NT+10.0;+Win64;+x64)+AppleWebKit/537.36+(KHTML,+like+Gecko)+Chrome/69.0.3497.100+Safari/537.36 http://localhost:7184/strona%20dla%20uzytkownika.cshtml 404 0 2 25
2018-10-12 12:51:40 ::1 GET /'/cse'/brand' form=%27cref_iframe 7184 - ::1 Mozilla/5.0+(Windows+NT+10.0;+Win64;+x64)+AppleWebKit/537.36+(KHTML,+like+Gecko)+Chrome/69.0.3497.100+Safari/537.36 http://localhost:7184/strona%20dla%20uzytkownika.cshtml 404 0 2 16
2018-10-12 12:51:40 ::1 GET /news.js - 7184 - ::1 Mozilla/5.0+(Windows+NT+10.0;+Win64;+x64)+AppleWebKit/537.36+(KHTML,+like+Gecko)+Chrome/69.0.3497.100+Safari/537.36 http://localhost:7184/strona%20dla%20uzytkownika.cshtml 404 0 2 7
2018-10-12 12:51:40 ::1 GET /'/cse'/brand' form=%27cref_iframe 7184 - ::1 Mozilla/5.0+(Windows+NT+10.0;+Win64;+x64)+AppleWebKit/537.36+(KHTML,+like+Gecko)+Chrome/69.0.3497.100+Safari/537.36 http://localhost:7184/strona%20dla%20uzytkownika.cshtml 404 0 2 6
2018-10-12 12:51:41 ::1 GET /style.css - 7184 - ::1 Mozilla/5.0+(Windows+NT+10.0;+Win64;+x64)+AppleWebKit/537.36+(KHTML,+like+Gecko)+Chrome/69.0.3497.100+Safari/537.36 http://localhost:7184/strona%20dla%20uzytkownika.cshtml 404 0 2 5
2018-10-12 12:51:41 ::1 GET /strona+dla+uzytkownika.cshtml - 7184 - ::1 Mozilla/5.0+(Windows+NT+10.0;+Win64;+x64)+AppleWebKit/537.36+(KHTML,+like+Gecko)+Chrome/69.0.3497.100+Safari/537.36 http://localhost:7184/strona%20dla%20uzytkownika.cshtml 200 0 0 11
#Software: Microsoft Internet Information Services 10.0
#Version: 1.0
#Date: 2018-10-12 14:48:13
#Fields: date time s-ip cs-method cs-uri-stem cs-uri-query s-port cs-username c-ip cs(User-Agent) cs(Referer) sc-status sc-substatus sc-win32-status time-taken
2018-10-12 14:48:13 ::1 GET /strona+dla+uzytkownika.cshtml - 7184 - ::1 Mozilla/5.0+(Windows+NT+10.0;+Win64;+x64)+AppleWebKit/537.36+(KHTML,+like+Gecko)+Chrome/69.0.3497.100+Safari/537.36 - 200 0 0 3700
2018-10-12 14:48:13 ::1 GET /style.css - 7184 - ::1 Mozilla/5.0+(Windows+NT+10.0;+Win64;+x64)+AppleWebKit/537.36+(KHTML,+like+Gecko)+Chrome/69.0.3497.100+Safari/537.36 http://localhost:7184/strona%20dla%20uzytkownika.cshtml 404 0 2 4
2018-10-12 14:48:13 ::1 GET /news.js - 7184 - ::1 Mozilla/5.0+(Windows+NT+10.0;+Win64;+x64)+AppleWebKit/537.36+(KHTML,+like+Gecko)+Chrome/69.0.3497.100+Safari/537.36 http://localhost:7184/strona%20dla%20uzytkownika.cshtml 404 0 2 7
2018-10-12 14:48:13 ::1 GET /'/cse'/brand' form=%27cref_iframe 7184 - ::1 Mozilla/5.0+(Windows+NT+10.0;+Win64;+x64)+AppleWebKit/537.36+(KHTML,+like+Gecko)+Chrome/69.0.3497.100+Safari/537.36 http://localhost:7184/strona%20dla%20uzytkownika.cshtml 404 0 2 11
2018-10-12 14:48:13 ::1 GET /news.js - 7184 - ::1 Mozilla/5.0+(Windows+NT+10.0;+Win64;+x64)+AppleWebKit/537.36+(KHTML,+like+Gecko)+Chrome/69.0.3497.100+Safari/537.36 http://localhost:7184/strona%20dla%20uzytkownika.cshtml 404 0 2 3
2018-10-12 14:48:14 ::1 GET /'/cse'/brand' form=%27cref_iframe 7184 - ::1 Mozilla/5.0+(Windows+NT+10.0;+Win64;+x64)+AppleWebKit/537.36+(KHTML,+like+Gecko)+Chrome/69.0.3497.100+Safari/537.36 http://localhost:7184/strona%20dla%20uzytkownika.cshtml 404 0 2 11
2018-10-12 14:48:14 ::1 GET /style.css - 7184 - ::1 Mozilla/5.0+(Windows+NT+10.0;+Win64;+x64)+AppleWebKit/537.36+(KHTML,+like+Gecko)+Chrome/69.0.3497.100+Safari/537.36 http://localhost:7184/strona%20dla%20uzytkownika.cshtml 404 0 2 3
2018-10-12 14:48:14 ::1 GET /strona+dla+uzytkownika.cshtml - 7184 - ::1 Mozilla/5.0+(Windows+NT+10.0;+Win64;+x64)+AppleWebKit/537.36+(KHTML,+like+Gecko)+Chrome/69.0.3497.100+Safari/537.36 http://localhost:7184/strona%20dla%20uzytkownika.cshtml 200 0 0 9
2018-10-12 14:49:59 ::1 GET /strona+dla+uzytkownika.cshtml - 7184 - ::1 Mozilla/5.0+(Windows+NT+10.0;+Win64;+x64)+AppleWebKit/537.36+(KHTML,+like+Gecko)+Chrome/69.0.3497.100+Safari/537.36 - 200 0 0 2426
2018-10-12 14:49:59 ::1 GET /news.js - 7184 - ::1 Mozilla/5.0+(Windows+NT+10.0;+Win64;+x64)+AppleWebKit/537.36+(KHTML,+like+Gecko)+Chrome/69.0.3497.100+Safari/537.36 http://localhost:7184/strona%20dla%20uzytkownika.cshtml 404 0 2 19
2018-10-12 14:49:59 ::1 GET /style.css - 7184 - ::1 Mozilla/5.0+(Windows+NT+10.0;+Win64;+x64)+AppleWebKit/537.36+(KHTML,+like+Gecko)+Chrome/69.0.3497.100+Safari/537.36 http://localhost:7184/strona%20dla%20uzytkownika.cshtml 404 0 2 22
2018-10-12 14:49:59 ::1 GET /'/cse'/brand' form=%27cref_iframe 7184 - ::1 Mozilla/5.0+(Windows+NT+10.0;+Win64;+x64)+AppleWebKit/537.36+(KHTML,+like+Gecko)+Chrome/69.0.3497.100+Safari/537.36 http://localhost:7184/strona%20dla%20uzytkownika.cshtml 404 0 2 16
2018-10-12 14:49:59 ::1 GET /news.js - 7184 - ::1 Mozilla/5.0+(Windows+NT+10.0;+Win64;+x64)+AppleWebKit/537.36+(KHTML,+like+Gecko)+Chrome/69.0.3497.100+Safari/537.36 http://localhost:7184/strona%20dla%20uzytkownika.cshtml 404 0 2 9
2018-10-12 14:49:59 ::1 GET /'/cse'/brand' form=%27cref_iframe 7184 - ::1 Mozilla/5.0+(Windows+NT+10.0;+Win64;+x64)+AppleWebKit/537.36+(KHTML,+like+Gecko)+Chrome/69.0.3497.100+Safari/537.36 http://localhost:7184/strona%20dla%20uzytkownika.cshtml 404 0 2 11
2018-10-12 14:49:59 ::1 GET /strona+dla+uzytkownika.cshtml - 7184 - ::1 Mozilla/5.0+(Windows+NT+10.0;+Win64;+x64)+AppleWebKit/537.36+(KHTML,+like+Gecko)+Chrome/69.0.3497.100+Safari/537.36 http://localhost:7184/strona%20dla%20uzytkownika.cshtml 200 0 0 9
2018-10-12 14:50:00 ::1 GET /style.css - 7184 - ::1 Mozilla/5.0+(Windows+NT+10.0;+Win64;+x64)+AppleWebKit/537.36+(KHTML,+like+Gecko)+Chrome/69.0.3497.100+Safari/537.36 http://localhost:7184/strona%20dla%20uzytkownika.cshtml 404 0 2 8
2018-10-12 14:53:37 ::1 GET /strona+dla+uzytkownika.cshtml - 7184 - ::1 Mozilla/5.0+(Windows+NT+10.0;+Win64;+x64)+AppleWebKit/537.36+(KHTML,+like+Gecko)+Chrome/69.0.3497.100+Safari/537.36 - 200 0 0 2141
2018-10-12 14:53:37 ::1 GET /news.js - 7184 - ::1 Mozilla/5.0+(Windows+NT+10.0;+Win64;+x64)+AppleWebKit/537.36+(KHTML,+like+Gecko)+Chrome/69.0.3497.100+Safari/537.36 http://localhost:7184/strona%20dla%20uzytkownika.cshtml 404 0 2 18
2018-10-12 14:53:37 ::1 GET /style.css - 7184 - ::1 Mozilla/5.0+(Windows+NT+10.0;+Win64;+x64)+AppleWebKit/537.36+(KHTML,+like+Gecko)+Chrome/69.0.3497.100+Safari/537.36 http://localhost:7184/strona%20dla%20uzytkownika.cshtml 404 0 2 28
2018-10-12 14:53:37 ::1 GET /'/cse'/brand' form=%27cref_iframe 7184 - ::1 Mozilla/5.0+(Windows+NT+10.0;+Win64;+x64)+AppleWebKit/537.36+(KHTML,+like+Gecko)+Chrome/69.0.3497.100+Safari/537.36 http://localhost:7184/strona%20dla%20uzytkownika.cshtml 404 0 2 13
2018-10-12 14:53:37 ::1 GET /news.js - 7184 - ::1 Mozilla/5.0+(Windows+NT+10.0;+Win64;+x64)+AppleWebKit/537.36+(KHTML,+like+Gecko)+Chrome/69.0.3497.100+Safari/537.36 http://localhost:7184/strona%20dla%20uzytkownika.cshtml 404 0 2 19
2018-10-12 14:53:37 ::1 GET /'/cse'/brand' form=%27cref_iframe 7184 - ::1 Mozilla/5.0+(Windows+NT+10.0;+Win64;+x64)+AppleWebKit/537.36+(KHTML,+like+Gecko)+Chrome/69.0.3497.100+Safari/537.36 http://localhost:7184/strona%20dla%20uzytkownika.cshtml 404 0 2 14
2018-10-12 14:53:38 ::1 GET /strona+dla+uzytkownika.cshtml - 7184 - ::1 Mozilla/5.0+(Windows+NT+10.0;+Win64;+x64)+AppleWebKit/537.36+(KHTML,+like+Gecko)+Chrome/69.0.3497.100+Safari/537.36 http://localhost:7184/strona%20dla%20uzytkownika.cshtml 200 0 0 8
2018-10-12 14:53:38 ::1 GET /style.css - 7184 - ::1 Mozilla/5.0+(Windows+NT+10.0;+Win64;+x64)+AppleWebKit/537.36+(KHTML,+like+Gecko)+Chrome/69.0.3497.100+Safari/537.36 http://localhost:7184/strona%20dla%20uzytkownika.cshtml 404 0 2 7
2018-10-12 14:57:46 ::1 GET /strona+dla+uzytkownika.cshtml - 7184 - ::1 Mozilla/5.0+(Windows+NT+10.0;+Win64;+x64)+AppleWebKit/537.36+(KHTML,+like+Gecko)+Chrome/69.0.3497.100+Safari/537.36 - 200 0 0 2004
2018-10-12 14:57:46 ::1 GET /news.js - 7184 - ::1 Mozilla/5.0+(Windows+NT+10.0;+Win64;+x64)+AppleWebKit/537.36+(KHTML,+like+Gecko)+Chrome/69.0.3497.100+Safari/537.36 http://localhost:7184/strona%20dla%20uzytkownika.cshtml 404 0 2 18
2018-10-12 14:57:46 ::1 GET /style.css - 7184 - ::1 Mozilla/5.0+(Windows+NT+10.0;+Win64;+x64)+AppleWebKit/537.36+(KHTML,+like+Gecko)+Chrome/69.0.3497.100+Safari/537.36 http://localhost:7184/strona%20dla%20uzytkownika.cshtml 404 0 2 18
2018-10-12 14:57:46 ::1 GET /'/cse'/brand' form=%27cref_iframe 7184 - ::1 Mozilla/5.0+(Windows+NT+10.0;+Win64;+x64)+AppleWebKit/537.36+(KHTML,+like+Gecko)+Chrome/69.0.3497.100+Safari/537.36 http://localhost:7184/strona%20dla%20uzytkownika.cshtml 404 0 2 30
2018-10-12 14:57:46 ::1 GET /news.js - 7184 - ::1 Mozilla/5.0+(Windows+NT+10.0;+Win64;+x64)+AppleWebKit/537.36+(KHTML,+like+Gecko)+Chrome/69.0.3497.100+Safari/537.36 http://localhost:7184/strona%20dla%20uzytkownika.cshtml 404 0 2 24
2018-10-12 14:57:46 ::1 GET /'/cse'/brand' form=%27cref_iframe 7184 - ::1 Mozilla/5.0+(Windows+NT+10.0;+Win64;+x64)+AppleWebKit/537.36+(KHTML,+like+Gecko)+Chrome/69.0.3497.100+Safari/537.36 http://localhost:7184/strona%20dla%20uzytkownika.cshtml 404 0 2 12
2018-10-12 14:57:46 ::1 GET /strona+dla+uzytkownika.cshtml - 7184 - ::1 Mozilla/5.0+(Windows+NT+10.0;+Win64;+x64)+AppleWebKit/537.36+(KHTML,+like+Gecko)+Chrome/69.0.3497.100+Safari/537.36 http://localhost:7184/strona%20dla%20uzytkownika.cshtml 200 0 0 6
2018-10-12 14:57:46 ::1 GET /style.css - 7184 - ::1 Mozilla/5.0+(Windows+NT+10.0;+Win64;+x64)+AppleWebKit/537.36+(KHTML,+like+Gecko)+Chrome/69.0.3497.100+Safari/537.36 http://localhost:7184/strona%20dla%20uzytkownika.cshtml 404 0 2 5
2018-10-12 14:59:36 ::1 GET /strona+dla+uzytkownika.cshtml - 7184 - ::1 Mozilla/5.0+(Windows+NT+10.0;+Win64;+x64)+AppleWebKit/537.36+(KHTML,+like+Gecko)+Chrome/69.0.3497.100+Safari/537.36 - 200 0 0 2120
2018-10-12 14:59:36 ::1 GET /news.js - 7184 - ::1 Mozilla/5.0+(Windows+NT+10.0;+Win64;+x64)+AppleWebKit/537.36+(KHTML,+like+Gecko)+Chrome/69.0.3497.100+Safari/537.36 http://localhost:7184/strona%20dla%20uzytkownika.cshtml 404 0 2 14
2018-10-12 14:59:36 ::1 GET /style.css - 7184 - ::1 Mozilla/5.0+(Windows+NT+10.0;+Win64;+x64)+AppleWebKit/537.36+(KHTML,+like+Gecko)+Chrome/69.0.3497.100+Safari/537.36 http://localhost:7184/strona%20dla%20uzytkownika.cshtml 404 0 2 14
2018-10-12 14:59:36 ::1 GET /'/cse'/brand' form=%27cref_iframe 7184 - ::1 Mozilla/5.0+(Windows+NT+10.0;+Win64;+x64)+AppleWebKit/537.36+(KHTML,+like+Gecko)+Chrome/69.0.3497.100+Safari/537.36 http://localhost:7184/strona%20dla%20uzytkownika.cshtml 404 0 2 14
2018-10-12 14:59:36 ::1 GET /news.js - 7184 - ::1 Mozilla/5.0+(Windows+NT+10.0;+Win64;+x64)+AppleWebKit/537.36+(KHTML,+like+Gecko)+Chrome/69.0.3497.100+Safari/537.36 http://localhost:7184/strona%20dla%20uzytkownika.cshtml 404 0 2 5
2018-10-12 14:59:36 ::1 GET /'/cse'/brand' form=%27cref_iframe 7184 - ::1 Mozilla/5.0+(Windows+NT+10.0;+Win64;+x64)+AppleWebKit/537.36+(KHTML,+like+Gecko)+Chrome/69.0.3497.100+Safari/537.36 http://localhost:7184/strona%20dla%20uzytkownika.cshtml 404 0 2 12
2018-10-12 14:59:36 ::1 GET /strona+dla+uzytkownika.cshtml - 7184 - ::1 Mozilla/5.0+(Windows+NT+10.0;+Win64;+x64)+AppleWebKit/537.36+(KHTML,+like+Gecko)+Chrome/69.0.3497.100+Safari/537.36 http://localhost:7184/strona%20dla%20uzytkownika.cshtml 200 0 0 7
2018-10-12 14:59:36 ::1 GET /style.css - 7184 - ::1 Mozilla/5.0+(Windows+NT+10.0;+Win64;+x64)+AppleWebKit/537.36+(KHTML,+like+Gecko)+Chrome/69.0.3497.100+Safari/537.36 http://localhost:7184/strona%20dla%20uzytkownika.cshtml 404 0 2 5
2018-10-12 15:00:14 ::1 GET /strona+dla+uzytkownika.cshtml - 7184 - ::1 Mozilla/5.0+(Windows+NT+10.0;+Win64;+x64)+AppleWebKit/537.36+(KHTML,+like+Gecko)+Chrome/69.0.3497.100+Safari/537.36 - 200 0 0 1991
2018-10-12 15:00:14 ::1 GET /style.css - 7184 - ::1 Mozilla/5.0+(Windows+NT+10.0;+Win64;+x64)+AppleWebKit/537.36+(KHTML,+like+Gecko)+Chrome/69.0.3497.100+Safari/537.36 http://localhost:7184/strona%20dla%20uzytkownika.cshtml 404 0 2 22
2018-10-12 15:00:14 ::1 GET /news.js - 7184 - ::1 Mozilla/5.0+(Windows+NT+10.0;+Win64;+x64)+AppleWebKit/537.36+(KHTML,+like+Gecko)+Chrome/69.0.3497.100+Safari/537.36 http://localhost:7184/strona%20dla%20uzytkownika.cshtml 404 0 2 22
2018-10-12 15:00:14 ::1 GET /'/cse'/brand' form=%27cref_iframe 7184 - ::1 Mozilla/5.0+(Windows+NT+10.0;+Win64;+x64)+AppleWebKit/537.36+(KHTML,+like+Gecko)+Chrome/69.0.3497.100+Safari/537.36 http://localhost:7184/strona%20dla%20uzytkownika.cshtml 404 0 2 10
2018-10-12 15:00:14 ::1 GET /news.js - 7184 - ::1 Mozilla/5.0+(Windows+NT+10.0;+Win64;+x64)+AppleWebKit/537.36+(KHTML,+like+Gecko)+Chrome/69.0.3497.100+Safari/537.36 http://localhost:7184/strona%20dla%20uzytkownika.cshtml 404 0 2 4
2018-10-12 15:00:14 ::1 GET /'/cse'/brand' form=%27cref_iframe 7184 - ::1 Mozilla/5.0+(Windows+NT+10.0;+Win64;+x64)+AppleWebKit/537.36+(KHTML,+like+Gecko)+Chrome/69.0.3497.100+Safari/537.36 http://localhost:7184/strona%20dla%20uzytkownika.cshtml 404 0 2 10
2018-10-12 15:00:14 ::1 GET /strona+dla+uzytkownika.cshtml - 7184 - ::1 Mozilla/5.0+(Windows+NT+10.0;+Win64;+x64)+AppleWebKit/537.36+(KHTML,+like+Gecko)+Chrome/69.0.3497.100+Safari/537.36 http://localhost:7184/strona%20dla%20uzytkownika.cshtml 200 0 0 7
2018-10-12 15:00:14 ::1 GET /style.css - 7184 - ::1 Mozilla/5.0+(Windows+NT+10.0;+Win64;+x64)+AppleWebKit/537.36+(KHTML,+like+Gecko)+Chrome/69.0.3497.100+Safari/537.36 http://localhost:7184/strona%20dla%20uzytkownika.cshtml 404 0 2 3
2018-10-12 15:04:05 ::1 GET /strona+dla+uzytkownika.cshtml - 7184 - ::1 Mozilla/5.0+(Windows+NT+10.0;+Win64;+x64)+AppleWebKit/537.36+(KHTML,+like+Gecko)+Chrome/69.0.3497.100+Safari/537.36 - 200 0 0 2402
2018-10-12 15:04:05 ::1 GET /news.js - 7184 - ::1 Mozilla/5.0+(Windows+NT+10.0;+Win64;+x64)+AppleWebKit/537.36+(KHTML,+like+Gecko)+Chrome/69.0.3497.100+Safari/537.36 http://localhost:7184/strona%20dla%20uzytkownika.cshtml 404 0 2 8
2018-10-12 15:04:05 ::1 GET /style.css - 7184 - ::1 Mozilla/5.0+(Windows+NT+10.0;+Win64;+x64)+AppleWebKit/537.36+(KHTML,+like+Gecko)+Chrome/69.0.3497.100+Safari/537.36 http://localhost:7184/strona%20dla%20uzytkownika.cshtml 404 0 2 8
2018-10-12 15:04:05 ::1 GET /news.js - 7184 - ::1 Mozilla/5.0+(Windows+NT+10.0;+Win64;+x64)+AppleWebKit/537.36+(KHTML,+like+Gecko)+Chrome/69.0.3497.100+Safari/537.36 http://localhost:7184/strona%20dla%20uzytkownika.cshtml 404 0 2 8
2018-10-12 15:04:05 ::1 GET /'/cse'/brand' form=%27cref_iframe 7184 - ::1 Mozilla/5.0+(Windows+NT+10.0;+Win64;+x64)+AppleWebKit/537.36+(KHTML,+like+Gecko)+Chrome/69.0.3497.100+Safari/537.36 http://localhost:7184/strona%20dla%20uzytkownika.cshtml 404 0 2 19
2018-10-12 15:04:05 ::1 GET /'/cse'/brand' form=%27cref_iframe 7184 - ::1 Mozilla/5.0+(Windows+NT+10.0;+Win64;+x64)+AppleWebKit/537.36+(KHTML,+like+Gecko)+Chrome/69.0.3497.100+Safari/537.36 http://localhost:7184/strona%20dla%20uzytkownika.cshtml 404 0 2 7
2018-10-12 15:04:05 ::1 GET /style.css - 7184 - ::1 Mozilla/5.0+(Windows+NT+10.0;+Win64;+x64)+AppleWebKit/537.36+(KHTML,+like+Gecko)+Chrome/69.0.3497.100+Safari/537.36 http://localhost:7184/strona%20dla%20uzytkownika.cshtml 404 0 2 3
2018-10-12 15:04:05 ::1 GET /strona+dla+uzytkownika.cshtml - 7184 - ::1 Mozilla/5.0+(Windows+NT+10.0;+Win64;+x64)+AppleWebKit/537.36+(KHTML,+like+Gecko)+Chrome/69.0.3497.100+Safari/537.36 http://localhost:7184/strona%20dla%20uzytkownika.cshtml 200 0 0 11
2018-10-12 15:05:36 ::1 GET /strona+dla+uzytkownika.cshtml - 7184 - ::1 Mozilla/5.0+(Windows+NT+10.0;+Win64;+x64)+AppleWebKit/537.36+(KHTML,+like+Gecko)+Chrome/69.0.3497.100+Safari/537.36 - 200 0 0 2166
2018-10-12 15:05:36 ::1 GET /style.css - 7184 - ::1 Mozilla/5.0+(Windows+NT+10.0;+Win64;+x64)+AppleWebKit/537.36+(KHTML,+like+Gecko)+Chrome/69.0.3497.100+Safari/537.36 http://localhost:7184/strona%20dla%20uzytkownika.cshtml 404 0 2 10
2018-10-12 15:05:36 ::1 GET /news.js - 7184 - ::1 Mozilla/5.0+(Windows+NT+10.0;+Win64;+x64)+AppleWebKit/537.36+(KHTML,+like+Gecko)+Chrome/69.0.3497.100+Safari/537.36 http://localhost:7184/strona%20dla%20uzytkownika.cshtml 404 0 2 11
2018-10-12 15:05:36 ::1 GET /'/cse'/brand' form=%27cref_iframe 7184 - ::1 Mozilla/5.0+(Windows+NT+10.0;+Win64;+x64)+AppleWebKit/537.36+(KHTML,+like+Gecko)+Chrome/69.0.3497.100+Safari/537.36 http://localhost:7184/strona%20dla%20uzytkownika.cshtml 404 0 2 12
2018-10-12 15:05:36 ::1 GET /news.js - 7184 - ::1 Mozilla/5.0+(Windows+NT+10.0;+Win64;+x64)+AppleWebKit/537.36+(KHTML,+like+Gecko)+Chrome/69.0.3497.100+Safari/537.36 http://localhost:7184/strona%20dla%20uzytkownika.cshtml 404 0 2 9
2018-10-12 15:05:36 ::1 GET /'/cse'/brand' form=%27cref_iframe 7184 - ::1 Mozilla/5.0+(Windows+NT+10.0;+Win64;+x64)+AppleWebKit/537.36+(KHTML,+like+Gecko)+Chrome/69.0.3497.100+Safari/537.36 http://localhost:7184/strona%20dla%20uzytkownika.cshtml 404 0 2 8
2018-10-12 15:05:36 ::1 GET /style.css - 7184 - ::1 Mozilla/5.0+(Windows+NT+10.0;+Win64;+x64)+AppleWebKit/537.36+(KHTML,+like+Gecko)+Chrome/69.0.3497.100+Safari/537.36 http://localhost:7184/strona%20dla%20uzytkownika.cshtml 404 0 2 3
2018-10-12 15:05:36 ::1 GET /strona+dla+uzytkownika.cshtml - 7184 - ::1 Mozilla/5.0+(Windows+NT+10.0;+Win64;+x64)+AppleWebKit/537.36+(KHTML,+like+Gecko)+Chrome/69.0.3497.100+Safari/537.36 http://localhost:7184/strona%20dla%20uzytkownika.cshtml 200 0 0 7
2018-10-12 15:06:21 ::1 GET /strona+dla+uzytkownika.cshtml - 7184 - ::1 Mozilla/5.0+(Windows+NT+10.0;+Win64;+x64)+AppleWebKit/537.36+(KHTML,+like+Gecko)+Chrome/69.0.3497.100+Safari/537.36 - 200 0 0 2194
2018-10-12 15:06:21 ::1 GET /style.css - 7184 - ::1 Mozilla/5.0+(Windows+NT+10.0;+Win64;+x64)+AppleWebKit/537.36+(KHTML,+like+Gecko)+Chrome/69.0.3497.100+Safari/537.36 http://localhost:7184/strona%20dla%20uzytkownika.cshtml 404 0 2 5
2018-10-12 15:06:21 ::1 GET /news.js - 7184 - ::1 Mozilla/5.0+(Windows+NT+10.0;+Win64;+x64)+AppleWebKit/537.36+(KHTML,+like+Gecko)+Chrome/69.0.3497.100+Safari/537.36 http://localhost:7184/strona%20dla%20uzytkownika.cshtml 404 0 2 7
2018-10-12 15:06:21 ::1 GET /'/cse'/brand' form=%27cref_iframe 7184 - ::1 Mozilla/5.0+(Windows+NT+10.0;+Win64;+x64)+AppleWebKit/537.36+(KHTML,+like+Gecko)+Chrome/69.0.3497.100+Safari/537.36 http://localhost:7184/strona%20dla%20uzytkownika.cshtml 404 0 2 10
2018-10-12 15:06:21 ::1 GET /news.js - 7184 - ::1 Mozilla/5.0+(Windows+NT+10.0;+Win64;+x64)+AppleWebKit/537.36+(KHTML,+like+Gecko)+Chrome/69.0.3497.100+Safari/537.36 http://localhost:7184/strona%20dla%20uzytkownika.cshtml 404 0 2 6
2018-10-12 15:06:21 ::1 GET /'/cse'/brand' form=%27cref_iframe 7184 - ::1 Mozilla/5.0+(Windows+NT+10.0;+Win64;+x64)+AppleWebKit/537.36+(KHTML,+like+Gecko)+Chrome/69.0.3497.100+Safari/537.36 http://localhost:7184/strona%20dla%20uzytkownika.cshtml 404 0 2 12
2018-10-12 15:06:21 ::1 GET /strona+dla+uzytkownika.cshtml - 7184 - ::1 Mozilla/5.0+(Windows+NT+10.0;+Win64;+x64)+AppleWebKit/537.36+(KHTML,+like+Gecko)+Chrome/69.0.3497.100+Safari/537.36 http://localhost:7184/strona%20dla%20uzytkownika.cshtml 200 0 0 7
2018-10-12 15:06:21 ::1 GET /style.css - 7184 - ::1 Mozilla/5.0+(Windows+NT+10.0;+Win64;+x64)+AppleWebKit/537.36+(KHTML,+like+Gecko)+Chrome/69.0.3497.100+Safari/537.36 http://localhost:7184/strona%20dla%20uzytkownika.cshtml 404 0 2 4
2018-10-12 15:07:35 ::1 GET /strona+dla+uzytkownika.cshtml - 7184 - ::1 Mozilla/5.0+(Windows+NT+10.0;+Win64;+x64)+AppleWebKit/537.36+(KHTML,+like+Gecko)+Chrome/69.0.3497.100+Safari/537.36 - 200 0 0 2642
2018-10-12 15:07:35 ::1 GET /news.js - 7184 - ::1 Mozilla/5.0+(Windows+NT+10.0;+Win64;+x64)+AppleWebKit/537.36+(KHTML,+like+Gecko)+Chrome/69.0.3497.100+Safari/537.36 http://localhost:7184/strona%20dla%20uzytkownika.cshtml 404 0 2 19
2018-10-12 15:07:35 ::1 GET /style.css - 7184 - ::1 Mozilla/5.0+(Windows+NT+10.0;+Win64;+x64)+AppleWebKit/537.36+(KHTML,+like+Gecko)+Chrome/69.0.3497.100+Safari/537.36 http://localhost:7184/strona%20dla%20uzytkownika.cshtml 404 0 2 21
2018-10-12 15:07:35 ::1 GET /'/cse'/brand' form=%27cref_iframe 7184 - ::1 Mozilla/5.0+(Windows+NT+10.0;+Win64;+x64)+AppleWebKit/537.36+(KHTML,+like+Gecko)+Chrome/69.0.3497.100+Safari/537.36 http://localhost:7184/strona%20dla%20uzytkownika.cshtml 404 0 2 26
2018-10-12 15:07:35 ::1 GET /news.js - 7184 - ::1 Mozilla/5.0+(Windows+NT+10.0;+Win64;+x64)+AppleWebKit/537.36+(KHTML,+like+Gecko)+Chrome/69.0.3497.100+Safari/537.36 http://localhost:7184/strona%20dla%20uzytkownika.cshtml 404 0 2 9
2018-10-12 15:07:35 ::1 GET /'/cse'/brand' form=%27cref_iframe 7184 - ::1 Mozilla/5.0+(Windows+NT+10.0;+Win64;+x64)+AppleWebKit/537.36+(KHTML,+like+Gecko)+Chrome/69.0.3497.100+Safari/537.36 http://localhost:7184/strona%20dla%20uzytkownika.cshtml 404 0 2 8
2018-10-12 15:07:36 ::1 GET /style.css - 7184 - ::1 Mozilla/5.0+(Windows+NT+10.0;+Win64;+x64)+AppleWebKit/537.36+(KHTML,+like+Gecko)+Chrome/69.0.3497.100+Safari/537.36 http://localhost:7184/strona%20dla%20uzytkownika.cshtml 404 0 2 3
2018-10-12 15:07:36 ::1 GET /strona+dla+uzytkownika.cshtml - 7184 - ::1 Mozilla/5.0+(Windows+NT+10.0;+Win64;+x64)+AppleWebKit/537.36+(KHTML,+like+Gecko)+Chrome/69.0.3497.100+Safari/537.36 http://localhost:7184/strona%20dla%20uzytkownika.cshtml 200 0 0 20
2018-10-12 15:17:43 ::1 GET /strona+dla+uzytkownika.cshtml - 7184 - ::1 Mozilla/5.0+(Windows+NT+10.0;+Win64;+x64)+AppleWebKit/537.36+(KHTML,+like+Gecko)+Chrome/69.0.3497.100+Safari/537.36 - 200 0 0 2239
2018-10-12 15:17:43 ::1 GET /style.css - 7184 - ::1 Mozilla/5.0+(Windows+NT+10.0;+Win64;+x64)+AppleWebKit/537.36+(KHTML,+like+Gecko)+Chrome/69.0.3497.100+Safari/537.36 http://localhost:7184/strona%20dla%20uzytkownika.cshtml 404 0 2 17
2018-10-12 15:17:43 ::1 GET /news.js - 7184 - ::1 Mozilla/5.0+(Windows+NT+10.0;+Win64;+x64)+AppleWebKit/537.36+(KHTML,+like+Gecko)+Chrome/69.0.3497.100+Safari/537.36 http://localhost:7184/strona%20dla%20uzytkownika.cshtml 404 0 2 16
2018-10-12 15:17:43 ::1 GET /'/cse'/brand' form=%27cref_iframe 7184 - ::1 Mozilla/5.0+(Windows+NT+10.0;+Win64;+x64)+AppleWebKit/537.36+(KHTML,+like+Gecko)+Chrome/69.0.3497.100+Safari/537.36 http://localhost:7184/strona%20dla%20uzytkownika.cshtml 404 0 2 13
2018-10-12 15:17:43 ::1 GET /news.js - 7184 - ::1 Mozilla/5.0+(Windows+NT+10.0;+Win64;+x64)+AppleWebKit/537.36+(KHTML,+like+Gecko)+Chrome/69.0.3497.100+Safari/537.36 http://localhost:7184/strona%20dla%20uzytkownika.cshtml 404 0 2 4
2018-10-12 15:17:43 ::1 GET /'/cse'/brand' form=%27cref_iframe 7184 - ::1 Mozilla/5.0+(Windows+NT+10.0;+Win64;+x64)+AppleWebKit/537.36+(KHTML,+like+Gecko)+Chrome/69.0.3497.100+Safari/537.36 http://localhost:7184/strona%20dla%20uzytkownika.cshtml 404 0 2 6
2018-10-12 15:17:43 ::1 GET /strona+dla+uzytkownika.cshtml - 7184 - ::1 Mozilla/5.0+(Windows+NT+10.0;+Win64;+x64)+AppleWebKit/537.36+(KHTML,+like+Gecko)+Chrome/69.0.3497.100+Safari/537.36 http://localhost:7184/strona%20dla%20uzytkownika.cshtml 200 0 0 11
2018-10-12 15:17:43 ::1 GET /style.css - 7184 - ::1 Mozilla/5.0+(Windows+NT+10.0;+Win64;+x64)+AppleWebKit/537.36+(KHTML,+like+Gecko)+Chrome/69.0.3497.100+Safari/537.36 http://localhost:7184/strona%20dla%20uzytkownika.cshtml 404 0 2 7
2018-10-12 15:19:42 ::1 GET /strona+dla+uzytkownika.cshtml - 7184 - ::1 Mozilla/5.0+(Windows+NT+10.0;+Win64;+x64)+AppleWebKit/537.36+(KHTML,+like+Gecko)+Chrome/69.0.3497.100+Safari/537.36 - 200 0 0 2153
2018-10-12 15:19:42 ::1 GET /style.css - 7184 - ::1 Mozilla/5.0+(Windows+NT+10.0;+Win64;+x64)+AppleWebKit/537.36+(KHTML,+like+Gecko)+Chrome/69.0.3497.100+Safari/537.36 http://localhost:7184/strona%20dla%20uzytkownika.cshtml 404 0 2 16
2018-10-12 15:19:42 ::1 GET /news.js - 7184 - ::1 Mozilla/5.0+(Windows+NT+10.0;+Win64;+x64)+AppleWebKit/537.36+(KHTML,+like+Gecko)+Chrome/69.0.3497.100+Safari/537.36 http://localhost:7184/strona%20dla%20uzytkownika.cshtml 404 0 2 19
2018-10-12 15:19:42 ::1 GET /'/cse'/brand' form=%27cref_iframe 7184 - ::1 Mozilla/5.0+(Windows+NT+10.0;+Win64;+x64)+AppleWebKit/537.36+(KHTML,+like+Gecko)+Chrome/69.0.3497.100+Safari/537.36 http://localhost:7184/strona%20dla%20uzytkownika.cshtml 404 0 2 11
2018-10-12 15:19:42 ::1 GET /news.js - 7184 - ::1 Mozilla/5.0+(Windows+NT+10.0;+Win64;+x64)+AppleWebKit/537.36+(KHTML,+like+Gecko)+Chrome/69.0.3497.100+Safari/537.36 http://localhost:7184/strona%20dla%20uzytkownika.cshtml 404 0 2 5
2018-10-12 15:19:42 ::1 GET /'/cse'/brand' form=%27cref_iframe 7184 - ::1 Mozilla/5.0+(Windows+NT+10.0;+Win64;+x64)+AppleWebKit/537.36+(KHTML,+like+Gecko)+Chrome/69.0.3497.100+Safari/537.36 http://localhost:7184/strona%20dla%20uzytkownika.cshtml 404 0 2 18
2018-10-12 15:19:43 ::1 GET /strona+dla+uzytkownika.cshtml - 7184 - ::1 Mozilla/5.0+(Windows+NT+10.0;+Win64;+x64)+AppleWebKit/537.36+(KHTML,+like+Gecko)+Chrome/69.0.3497.100+Safari/537.36 http://localhost:7184/strona%20dla%20uzytkownika.cshtml 200 0 0 8
2018-10-12 15:19:43 ::1 GET /style.css - 7184 - ::1 Mozilla/5.0+(Windows+NT+10.0;+Win64;+x64)+AppleWebKit/537.36+(KHTML,+like+Gecko)+Chrome/69.0.3497.100+Safari/537.36 http://localhost:7184/strona%20dla%20uzytkownika.cshtml 404 0 2 10
2018-10-12 15:21:12 ::1 GET /strona+dla+uzytkownika.cshtml - 7184 - ::1 Mozilla/5.0+(Windows+NT+10.0;+Win64;+x64)+AppleWebKit/537.36+(KHTML,+like+Gecko)+Chrome/69.0.3497.100+Safari/537.36 - 200 0 0 2057
2018-10-12 15:21:12 ::1 GET /news.js - 7184 - ::1 Mozilla/5.0+(Windows+NT+10.0;+Win64;+x64)+AppleWebKit/537.36+(KHTML,+like+Gecko)+Chrome/69.0.3497.100+Safari/537.36 http://localhost:7184/strona%20dla%20uzytkownika.cshtml 404 0 2 12
2018-10-12 15:21:12 ::1 GET /style.css - 7184 - ::1 Mozilla/5.0+(Windows+NT+10.0;+Win64;+x64)+AppleWebKit/537.36+(KHTML,+like+Gecko)+Chrome/69.0.3497.100+Safari/537.36 http://localhost:7184/strona%20dla%20uzytkownika.cshtml 404 0 2 14
2018-10-12 15:21:12 ::1 GET /news.js - 7184 - ::1 Mozilla/5.0+(Windows+NT+10.0;+Win64;+x64)+AppleWebKit/537.36+(KHTML,+like+Gecko)+Chrome/69.0.3497.100+Safari/537.36 http://localhost:7184/strona%20dla%20uzytkownika.cshtml 404 0 2 10
2018-10-12 15:21:12 ::1 GET /'/cse'/brand' form=%27cref_iframe 7184 - ::1 Mozilla/5.0+(Windows+NT+10.0;+Win64;+x64)+AppleWebKit/537.36+(KHTML,+like+Gecko)+Chrome/69.0.3497.100+Safari/537.36 http://localhost:7184/strona%20dla%20uzytkownika.cshtml 404 0 2 23
2018-10-12 15:21:12 ::1 GET /'/cse'/brand' form=%27cref_iframe 7184 - ::1 Mozilla/5.0+(Windows+NT+10.0;+Win64;+x64)+AppleWebKit/537.36+(KHTML,+like+Gecko)+Chrome/69.0.3497.100+Safari/537.36 http://localhost:7184/strona%20dla%20uzytkownika.cshtml 404 0 2 9
2018-10-12 15:21:12 ::1 GET /strona+dla+uzytkownika.cshtml - 7184 - ::1 Mozilla/5.0+(Windows+NT+10.0;+Win64;+x64)+AppleWebKit/537.36+(KHTML,+like+Gecko)+Chrome/69.0.3497.100+Safari/537.36 http://localhost:7184/strona%20dla%20uzytkownika.cshtml 200 0 0 7
2018-10-12 15:21:13 ::1 GET /style.css - 7184 - ::1 Mozilla/5.0+(Windows+NT+10.0;+Win64;+x64)+AppleWebKit/537.36+(KHTML,+like+Gecko)+Chrome/69.0.3497.100+Safari/537.36 http://localhost:7184/strona%20dla%20uzytkownika.cshtml 404 0 2 4
2018-10-12 15:24:09 ::1 GET /Endecken.cshtml - 7184 - ::1 Mozilla/5.0+(Windows+NT+10.0;+Win64;+x64)+AppleWebKit/537.36+(KHTML,+like+Gecko)+Chrome/69.0.3497.100+Safari/537.36 - 200 0 0 3352
2018-10-12 15:24:09 ::1 GET /news.js - 7184 - ::1 Mozilla/5.0+(Windows+NT+10.0;+Win64;+x64)+AppleWebKit/537.36+(KHTML,+like+Gecko)+Chrome/69.0.3497.100+Safari/537.36 http://localhost:7184/Endecken.cshtml 404 0 2 13
2018-10-12 15:24:09 ::1 GET /'/cse'/brand' form=%27cref_iframe 7184 - ::1 Mozilla/5.0+(Windows+NT+10.0;+Win64;+x64)+AppleWebKit/537.36+(KHTML,+like+Gecko)+Chrome/69.0.3497.100+Safari/537.36 http://localhost:7184/Endecken.cshtml 404 0 2 20
2018-10-12 15:24:09 ::1 GET /news.js - 7184 - ::1 Mozilla/5.0+(Windows+NT+10.0;+Win64;+x64)+AppleWebKit/537.36+(KHTML,+like+Gecko)+Chrome/69.0.3497.100+Safari/537.36 http://localhost:7184/Endecken.cshtml 404 0 2 9
2018-10-12 15:24:09 ::1 GET /'/cse'/brand' form=%27cref_iframe 7184 - ::1 Mozilla/5.0+(Windows+NT+10.0;+Win64;+x64)+AppleWebKit/537.36+(KHTML,+like+Gecko)+Chrome/69.0.3497.100+Safari/537.36 http://localhost:7184/Endecken.cshtml 404 0 2 6
2018-10-12 15:24:09 ::1 GET /Endecken.cshtml - 7184 - ::1 Mozilla/5.0+(Windows+NT+10.0;+Win64;+x64)+AppleWebKit/537.36+(KHTML,+like+Gecko)+Chrome/69.0.3497.100+Safari/537.36 http://localhost:7184/Endecken.cshtml 200 0 0 8
2018-10-12 15:27:17 ::1 GET /strona+dla+uzytkownika.cshtml - 7184 - ::1 Mozilla/5.0+(Windows+NT+10.0;+Win64;+x64)+AppleWebKit/537.36+(KHTML,+like+Gecko)+Chrome/69.0.3497.100+Safari/537.36 - 200 0 0 2069
2018-10-12 15:27:17 ::1 GET /style.css - 7184 - ::1 Mozilla/5.0+(Windows+NT+10.0;+Win64;+x64)+AppleWebKit/537.36+(KHTML,+like+Gecko)+Chrome/69.0.3497.100+Safari/537.36 http://localhost:7184/strona%20dla%20uzytkownika.cshtml 404 0 2 13
2018-10-12 15:27:17 ::1 GET /news.js - 7184 - ::1 Mozilla/5.0+(Windows+NT+10.0;+Win64;+x64)+AppleWebKit/537.36+(KHTML,+like+Gecko)+Chrome/69.0.3497.100+Safari/537.36 http://localhost:7184/strona%20dla%20uzytkownika.cshtml 404 0 2 13
2018-10-12 15:27:17 ::1 GET /'/cse'/brand' form=%27cref_iframe 7184 - ::1 Mozilla/5.0+(Windows+NT+10.0;+Win64;+x64)+AppleWebKit/537.36+(KHTML,+like+Gecko)+Chrome/69.0.3497.100+Safari/537.36 http://localhost:7184/strona%20dla%20uzytkownika.cshtml 404 0 2 11
2018-10-12 15:27:17 ::1 GET /news.js - 7184 - ::1 Mozilla/5.0+(Windows+NT+10.0;+Win64;+x64)+AppleWebKit/537.36+(KHTML,+like+Gecko)+Chrome/69.0.3497.100+Safari/537.36 http://localhost:7184/strona%20dla%20uzytkownika.cshtml 404 0 2 8
2018-10-12 15:27:17 ::1 GET /'/cse'/brand' form=%27cref_iframe 7184 - ::1 Mozilla/5.0+(Windows+NT+10.0;+Win64;+x64)+AppleWebKit/537.36+(KHTML,+like+Gecko)+Chrome/69.0.3497.100+Safari/537.36 http://localhost:7184/strona%20dla%20uzytkownika.cshtml 404 0 2 8
2018-10-12 15:27:17 ::1 GET /strona+dla+uzytkownika.cshtml - 7184 - ::1 Mozilla/5.0+(Windows+NT+10.0;+Win64;+x64)+AppleWebKit/537.36+(KHTML,+like+Gecko)+Chrome/69.0.3497.100+Safari/537.36 http://localhost:7184/strona%20dla%20uzytkownika.cshtml 200 0 0 6
2018-10-12 15:27:17 ::1 GET /style.css - 7184 - ::1 Mozilla/5.0+(Windows+NT+10.0;+Win64;+x64)+AppleWebKit/537.36+(KHTML,+like+Gecko)+Chrome/69.0.3497.100+Safari/537.36 http://localhost:7184/strona%20dla%20uzytkownika.cshtml 404 0 2 3
#Software: Microsoft Internet Information Services 10.0
#Version: 1.0
#Date: 2018-10-12 15:57:27
#Fields: date time s-ip cs-method cs-uri-stem cs-uri-query s-port cs-username c-ip cs(User-Agent) cs(Referer) sc-status sc-substatus sc-win32-status time-taken
2018-10-12 15:57:27 ::1 GET /strona+dla+uzytkownika.cshtml - 7184 - ::1 Mozilla/5.0+(Windows+NT+10.0;+Win64;+x64)+AppleWebKit/537.36+(KHTML,+like+Gecko)+Chrome/69.0.3497.100+Safari/537.36 - 200 0 0 2432
2018-10-12 15:57:27 ::1 GET /news.js - 7184 - ::1 Mozilla/5.0+(Windows+NT+10.0;+Win64;+x64)+AppleWebKit/537.36+(KHTML,+like+Gecko)+Chrome/69.0.3497.100+Safari/537.36 http://localhost:7184/strona%20dla%20uzytkownika.cshtml 404 0 2 12
2018-10-12 15:57:27 ::1 GET /style.css - 7184 - ::1 Mozilla/5.0+(Windows+NT+10.0;+Win64;+x64)+AppleWebKit/537.36+(KHTML,+like+Gecko)+Chrome/69.0.3497.100+Safari/537.36 http://localhost:7184/strona%20dla%20uzytkownika.cshtml 404 0 2 12
2018-10-12 15:57:27 ::1 GET /'/cse'/brand' form=%27cref_iframe 7184 - ::1 Mozilla/5.0+(Windows+NT+10.0;+Win64;+x64)+AppleWebKit/537.36+(KHTML,+like+Gecko)+Chrome/69.0.3497.100+Safari/537.36 http://localhost:7184/strona%20dla%20uzytkownika.cshtml 404 0 2 11
2018-10-12 15:57:27 ::1 GET /news.js - 7184 - ::1 Mozilla/5.0+(Windows+NT+10.0;+Win64;+x64)+AppleWebKit/537.36+(KHTML,+like+Gecko)+Chrome/69.0.3497.100+Safari/537.36 http://localhost:7184/strona%20dla%20uzytkownika.cshtml 404 0 2 8
2018-10-12 15:57:28 ::1 GET /'/cse'/brand' form=%27cref_iframe 7184 - ::1 Mozilla/5.0+(Windows+NT+10.0;+Win64;+x64)+AppleWebKit/537.36+(KHTML,+like+Gecko)+Chrome/69.0.3497.100+Safari/537.36 http://localhost:7184/strona%20dla%20uzytkownika.cshtml 404 0 2 11
2018-10-12 15:57:28 ::1 GET /strona+dla+uzytkownika.cshtml - 7184 - ::1 Mozilla/5.0+(Windows+NT+10.0;+Win64;+x64)+AppleWebKit/537.36+(KHTML,+like+Gecko)+Chrome/69.0.3497.100+Safari/537.36 http://localhost:7184/strona%20dla%20uzytkownika.cshtml 200 0 0 9
2018-10-12 15:57:28 ::1 GET /style.css - 7184 - ::1 Mozilla/5.0+(Windows+NT+10.0;+Win64;+x64)+AppleWebKit/537.36+(KHTML,+like+Gecko)+Chrome/69.0.3497.100+Safari/537.36 http://localhost:7184/strona%20dla%20uzytkownika.cshtml 404 0 2 4
2018-10-12 15:58:50 ::1 GET /strona+dla+uzytkownika.cshtml - 7184 - ::1 Mozilla/5.0+(Windows+NT+10.0;+Win64;+x64)+AppleWebKit/537.36+(KHTML,+like+Gecko)+Chrome/69.0.3497.100+Safari/537.36 - 200 0 0 2119
2018-10-12 15:58:50 ::1 GET /style.css - 7184 - ::1 Mozilla/5.0+(Windows+NT+10.0;+Win64;+x64)+AppleWebKit/537.36+(KHTML,+like+Gecko)+Chrome/69.0.3497.100+Safari/537.36 http://localhost:7184/strona%20dla%20uzytkownika.cshtml 404 0 2 12
2018-10-12 15:58:50 ::1 GET /news.js - 7184 - ::1 Mozilla/5.0+(Windows+NT+10.0;+Win64;+x64)+AppleWebKit/537.36+(KHTML,+like+Gecko)+Chrome/69.0.3497.100+Safari/537.36 http://localhost:7184/strona%20dla%20uzytkownika.cshtml 404 0 2 16
2018-10-12 15:58:50 ::1 GET /news.js - 7184 - ::1 Mozilla/5.0+(Windows+NT+10.0;+Win64;+x64)+AppleWebKit/537.36+(KHTML,+like+Gecko)+Chrome/69.0.3497.100+Safari/537.36 http://localhost:7184/strona%20dla%20uzytkownika.cshtml 404 0 2 8
2018-10-12 15:58:50 ::1 GET /'/cse'/brand' form=%27cref_iframe 7184 - ::1 Mozilla/5.0+(Windows+NT+10.0;+Win64;+x64)+AppleWebKit/537.36+(KHTML,+like+Gecko)+Chrome/69.0.3497.100+Safari/537.36 http://localhost:7184/strona%20dla%20uzytkownika.cshtml 404 0 2 25
2018-10-12 15:58:50 ::1 GET /'/cse'/brand' form=%27cref_iframe 7184 - ::1 Mozilla/5.0+(Windows+NT+10.0;+Win64;+x64)+AppleWebKit/537.36+(KHTML,+like+Gecko)+Chrome/69.0.3497.100+Safari/537.36 http://localhost:7184/strona%20dla%20uzytkownika.cshtml 404 0 2 14
2018-10-12 15:58:50 ::1 GET /style.css - 7184 - ::1 Mozilla/5.0+(Windows+NT+10.0;+Win64;+x64)+AppleWebKit/537.36+(KHTML,+like+Gecko)+Chrome/69.0.3497.100+Safari/537.36 http://localhost:7184/strona%20dla%20uzytkownika.cshtml 404 0 2 4
2018-10-12 15:58:50 ::1 GET /strona+dla+uzytkownika.cshtml - 7184 - ::1 Mozilla/5.0+(Windows+NT+10.0;+Win64;+x64)+AppleWebKit/537.36+(KHTML,+like+Gecko)+Chrome/69.0.3497.100+Safari/537.36 http://localhost:7184/strona%20dla%20uzytkownika.cshtml 200 0 0 9
2018-10-12 15:58:51 ::1 GET /cats2.jpg,https:/cse.google.com/ - 7184 - ::1 Mozilla/5.0+(Windows+NT+10.0;+Win64;+x64)+AppleWebKit/537.36+(KHTML,+like+Gecko)+Chrome/69.0.3497.100+Safari/537.36 http://localhost:7184/strona%20dla%20uzytkownika.cshtml 400 0 0 243
2018-10-12 15:59:59 ::1 GET /strona+dla+uzytkownika.cshtml - 7184 - ::1 Mozilla/5.0+(Windows+NT+10.0;+Win64;+x64)+AppleWebKit/537.36+(KHTML,+like+Gecko)+Chrome/69.0.3497.100+Safari/537.36 - 200 0 0 2210
2018-10-12 15:59:59 ::1 GET /news.js - 7184 - ::1 Mozilla/5.0+(Windows+NT+10.0;+Win64;+x64)+AppleWebKit/537.36+(KHTML,+like+Gecko)+Chrome/69.0.3497.100+Safari/537.36 http://localhost:7184/strona%20dla%20uzytkownika.cshtml 404 0 2 17
2018-10-12 15:59:59 ::1 GET /style.css - 7184 - ::1 Mozilla/5.0+(Windows+NT+10.0;+Win64;+x64)+AppleWebKit/537.36+(KHTML,+like+Gecko)+Chrome/69.0.3497.100+Safari/537.36 http://localhost:7184/strona%20dla%20uzytkownika.cshtml 404 0 2 17
2018-10-12 15:59:59 ::1 GET /'/cse'/brand' form=%27cref_iframe 7184 - ::1 Mozilla/5.0+(Windows+NT+10.0;+Win64;+x64)+AppleWebKit/537.36+(KHTML,+like+Gecko)+Chrome/69.0.3497.100+Safari/537.36 http://localhost:7184/strona%20dla%20uzytkownika.cshtml 404 0 2 11
2018-10-12 15:59:59 ::1 GET /news.js - 7184 - ::1 Mozilla/5.0+(Windows+NT+10.0;+Win64;+x64)+AppleWebKit/537.36+(KHTML,+like+Gecko)+Chrome/69.0.3497.100+Safari/537.36 http://localhost:7184/strona%20dla%20uzytkownika.cshtml 404 0 2 6
2018-10-12 15:59:59 ::1 GET /'/cse'/brand' form=%27cref_iframe 7184 - ::1 Mozilla/5.0+(Windows+NT+10.0;+Win64;+x64)+AppleWebKit/537.36+(KHTML,+like+Gecko)+Chrome/69.0.3497.100+Safari/537.36 http://localhost:7184/strona%20dla%20uzytkownika.cshtml 404 0 2 9
2018-10-12 15:59:59 ::1 GET /style.css - 7184 - ::1 Mozilla/5.0+(Windows+NT+10.0;+Win64;+x64)+AppleWebKit/537.36+(KHTML,+like+Gecko)+Chrome/69.0.3497.100+Safari/537.36 http://localhost:7184/strona%20dla%20uzytkownika.cshtml 404 0 2 7
2018-10-12 15:59:59 ::1 GET /strona+dla+uzytkownika.cshtml - 7184 - ::1 Mozilla/5.0+(Windows+NT+10.0;+Win64;+x64)+AppleWebKit/537.36+(KHTML,+like+Gecko)+Chrome/69.0.3497.100+Safari/537.36 http://localhost:7184/strona%20dla%20uzytkownika.cshtml 200 0 0 16
2018-10-12 16:01:48 ::1 GET /strona+dla+uzytkownika.cshtml - 7184 - ::1 Mozilla/5.0+(Windows+NT+10.0;+Win64;+x64)+AppleWebKit/537.36+(KHTML,+like+Gecko)+Chrome/69.0.3497.100+Safari/537.36 - 200 0 0 2158
2018-10-12 16:01:48 ::1 GET /news.js - 7184 - ::1 Mozilla/5.0+(Windows+NT+10.0;+Win64;+x64)+AppleWebKit/537.36+(KHTML,+like+Gecko)+Chrome/69.0.3497.100+Safari/537.36 http://localhost:7184/strona%20dla%20uzytkownika.cshtml 404 0 2 20
2018-10-12 16:01:48 ::1 GET /style.css - 7184 - ::1 Mozilla/5.0+(Windows+NT+10.0;+Win64;+x64)+AppleWebKit/537.36+(KHTML,+like+Gecko)+Chrome/69.0.3497.100+Safari/537.36 http://localhost:7184/strona%20dla%20uzytkownika.cshtml 404 0 2 25
2018-10-12 16:01:48 ::1 GET /'/cse'/brand' form=%27cref_iframe 7184 - ::1 Mozilla/5.0+(Windows+NT+10.0;+Win64;+x64)+AppleWebKit/537.36+(KHTML,+like+Gecko)+Chrome/69.0.3497.100+Safari/537.36 http://localhost:7184/strona%20dla%20uzytkownika.cshtml 404 0 2 14
2018-10-12 16:01:48 ::1 GET /news.js - 7184 - ::1 Mozilla/5.0+(Windows+NT+10.0;+Win64;+x64)+AppleWebKit/537.36+(KHTML,+like+Gecko)+Chrome/69.0.3497.100+Safari/537.36 http://localhost:7184/strona%20dla%20uzytkownika.cshtml 404 0 2 4
2018-10-12 16:01:48 ::1 GET /'/cse'/brand' form=%27cref_iframe 7184 - ::1 Mozilla/5.0+(Windows+NT+10.0;+Win64;+x64)+AppleWebKit/537.36+(KHTML,+like+Gecko)+Chrome/69.0.3497.100+Safari/537.36 http://localhost:7184/strona%20dla%20uzytkownika.cshtml 404 0 2 8
2018-10-12 16:01:48 ::1 GET /strona+dla+uzytkownika.cshtml - 7184 - ::1 Mozilla/5.0+(Windows+NT+10.0;+Win64;+x64)+AppleWebKit/537.36+(KHTML,+like+Gecko)+Chrome/69.0.3497.100+Safari/537.36 http://localhost:7184/strona%20dla%20uzytkownika.cshtml 200 0 0 7
2018-10-12 16:01:49 ::1 GET /style.css - 7184 - ::1 Mozilla/5.0+(Windows+NT+10.0;+Win64;+x64)+AppleWebKit/537.36+(KHTML,+like+Gecko)+Chrome/69.0.3497.100+Safari/537.36 http://localhost:7184/strona%20dla%20uzytkownika.cshtml 404 0 2 10
2018-10-12 16:03:24 ::1 GET /strona+dla+uzytkownika.cshtml - 7184 - ::1 Mozilla/5.0+(Windows+NT+10.0;+Win64;+x64)+AppleWebKit/537.36+(KHTML,+like+Gecko)+Chrome/69.0.3497.100+Safari/537.36 - 200 0 0 2335
2018-10-12 16:03:24 ::1 GET /news.js - 7184 - ::1 Mozilla/5.0+(Windows+NT+10.0;+Win64;+x64)+AppleWebKit/537.36+(KHTML,+like+Gecko)+Chrome/69.0.3497.100+Safari/537.36 http://localhost:7184/strona%20dla%20uzytkownika.cshtml 404 0 2 17
2018-10-12 16:03:24 ::1 GET /style.css - 7184 - ::1 Mozilla/5.0+(Windows+NT+10.0;+Win64;+x64)+AppleWebKit/537.36+(KHTML,+like+Gecko)+Chrome/69.0.3497.100+Safari/537.36 http://localhost:7184/strona%20dla%20uzytkownika.cshtml 404 0 2 17
2018-10-12 16:03:24 ::1 GET /'/cse'/brand' form=%27cref_iframe 7184 - ::1 Mozilla/5.0+(Windows+NT+10.0;+Win64;+x64)+AppleWebKit/537.36+(KHTML,+like+Gecko)+Chrome/69.0.3497.100+Safari/537.36 http://localhost:7184/strona%20dla%20uzytkownika.cshtml 404 0 2 13
2018-10-12 16:03:24 ::1 GET /news.js - 7184 - ::1 Mozilla/5.0+(Windows+NT+10.0;+Win64;+x64)+AppleWebKit/537.36+(KHTML,+like+Gecko)+Chrome/69.0.3497.100+Safari/537.36 http://localhost:7184/strona%20dla%20uzytkownika.cshtml 404 0 2 6
2018-10-12 16:03:24 ::1 GET /'/cse'/brand' form=%27cref_iframe 7184 - ::1 Mozilla/5.0+(Windows+NT+10.0;+Win64;+x64)+AppleWebKit/537.36+(KHTML,+like+Gecko)+Chrome/69.0.3497.100+Safari/537.36 http://localhost:7184/strona%20dla%20uzytkownika.cshtml 404 0 2 8
2018-10-12 16:03:24 ::1 GET /style.css - 7184 - ::1 Mozilla/5.0+(Windows+NT+10.0;+Win64;+x64)+AppleWebKit/537.36+(KHTML,+like+Gecko)+Chrome/69.0.3497.100+Safari/537.36 http://localhost:7184/strona%20dla%20uzytkownika.cshtml 404 0 2 3
2018-10-12 16:03:25 ::1 GET /strona+dla+uzytkownika.cshtml - 7184 - ::1 Mozilla/5.0+(Windows+NT+10.0;+Win64;+x64)+AppleWebKit/537.36+(KHTML,+like+Gecko)+Chrome/69.0.3497.100+Safari/537.36 http://localhost:7184/strona%20dla%20uzytkownika.cshtml 200 0 0 14
2018-10-12 16:04:47 ::1 GET /strona+dla+uzytkownika.cshtml - 7184 - ::1 Mozilla/5.0+(Windows+NT+10.0;+Win64;+x64)+AppleWebKit/537.36+(KHTML,+like+Gecko)+Chrome/69.0.3497.100+Safari/537.36 - 200 0 0 2000
2018-10-12 16:04:47 ::1 GET /style.css - 7184 - ::1 Mozilla/5.0+(Windows+NT+10.0;+Win64;+x64)+AppleWebKit/537.36+(KHTML,+like+Gecko)+Chrome/69.0.3497.100+Safari/537.36 http://localhost:7184/strona%20dla%20uzytkownika.cshtml 404 0 2 20
2018-10-12 16:04:47 ::1 GET /news.js - 7184 - ::1 Mozilla/5.0+(Windows+NT+10.0;+Win64;+x64)+AppleWebKit/537.36+(KHTML,+like+Gecko)+Chrome/69.0.3497.100+Safari/537.36 http://localhost:7184/strona%20dla%20uzytkownika.cshtml 404 0 2 27
2018-10-12 16:04:47 ::1 GET /news.js - 7184 - ::1 Mozilla/5.0+(Windows+NT+10.0;+Win64;+x64)+AppleWebKit/537.36+(KHTML,+like+Gecko)+Chrome/69.0.3497.100+Safari/537.36 http://localhost:7184/strona%20dla%20uzytkownika.cshtml 404 0 2 13
2018-10-12 16:04:47 ::1 GET /'/cse'/brand' form=%27cref_iframe 7184 - ::1 Mozilla/5.0+(Windows+NT+10.0;+Win64;+x64)+AppleWebKit/537.36+(KHTML,+like+Gecko)+Chrome/69.0.3497.100+Safari/537.36 http://localhost:7184/strona%20dla%20uzytkownika.cshtml 404 0 2 24
2018-10-12 16:04:47 ::1 GET /'/cse'/brand' form=%27cref_iframe 7184 - ::1 Mozilla/5.0+(Windows+NT+10.0;+Win64;+x64)+AppleWebKit/537.36+(KHTML,+like+Gecko)+Chrome/69.0.3497.100+Safari/537.36 http://localhost:7184/strona%20dla%20uzytkownika.cshtml 404 0 2 9
2018-10-12 16:04:47 ::1 GET /strona+dla+uzytkownika.cshtml - 7184 - ::1 Mozilla/5.0+(Windows+NT+10.0;+Win64;+x64)+AppleWebKit/537.36+(KHTML,+like+Gecko)+Chrome/69.0.3497.100+Safari/537.36 http://localhost:7184/strona%20dla%20uzytkownika.cshtml 200 0 0 8
2018-10-12 16:04:47 ::1 GET /style.css - 7184 - ::1 Mozilla/5.0+(Windows+NT+10.0;+Win64;+x64)+AppleWebKit/537.36+(KHTML,+like+Gecko)+Chrome/69.0.3497.100+Safari/537.36 http://localhost:7184/strona%20dla%20uzytkownika.cshtml 404 0 2 6
2018-10-12 16:10:20 ::1 GET /strona+dla+uzytkownika.cshtml - 7184 - ::1 Mozilla/5.0+(Windows+NT+10.0;+Win64;+x64)+AppleWebKit/537.36+(KHTML,+like+Gecko)+Chrome/69.0.3497.100+Safari/537.36 - 200 0 0 2179
2018-10-12 16:10:20 ::1 GET /style.css - 7184 - ::1 Mozilla/5.0+(Windows+NT+10.0;+Win64;+x64)+AppleWebKit/537.36+(KHTML,+like+Gecko)+Chrome/69.0.3497.100+Safari/537.36 http://localhost:7184/strona%20dla%20uzytkownika.cshtml 404 0 2 10
2018-10-12 16:10:20 ::1 GET /news.js - 7184 - ::1 Mozilla/5.0+(Windows+NT+10.0;+Win64;+x64)+AppleWebKit/537.36+(KHTML,+like+Gecko)+Chrome/69.0.3497.100+Safari/537.36 http://localhost:7184/strona%20dla%20uzytkownika.cshtml 404 0 2 27
2018-10-12 16:10:20 ::1 GET /'/cse'/brand' form=%27cref_iframe 7184 - ::1 Mozilla/5.0+(Windows+NT+10.0;+Win64;+x64)+AppleWebKit/537.36+(KHTML,+like+Gecko)+Chrome/69.0.3497.100+Safari/537.36 http://localhost:7184/strona%20dla%20uzytkownika.cshtml 404 0 2 11
2018-10-12 16:10:20 ::1 GET /news.js - 7184 - ::1 Mozilla/5.0+(Windows+NT+10.0;+Win64;+x64)+AppleWebKit/537.36+(KHTML,+like+Gecko)+Chrome/69.0.3497.100+Safari/537.36 http://localhost:7184/strona%20dla%20uzytkownika.cshtml 404 0 2 5
2018-10-12 16:10:21 ::1 GET /'/cse'/brand' form=%27cref_iframe 7184 - ::1 Mozilla/5.0+(Windows+NT+10.0;+Win64;+x64)+AppleWebKit/537.36+(KHTML,+like+Gecko)+Chrome/69.0.3497.100+Safari/537.36 http://localhost:7184/strona%20dla%20uzytkownika.cshtml 404 0 2 5
2018-10-12 16:10:21 ::1 GET /strona+dla+uzytkownika.cshtml - 7184 - ::1 Mozilla/5.0+(Windows+NT+10.0;+Win64;+x64)+AppleWebKit/537.36+(KHTML,+like+Gecko)+Chrome/69.0.3497.100+Safari/537.36 http://localhost:7184/strona%20dla%20uzytkownika.cshtml 200 0 0 9
2018-10-12 16:10:21 ::1 GET /style.css - 7184 - ::1 Mozilla/5.0+(Windows+NT+10.0;+Win64;+x64)+AppleWebKit/537.36+(KHTML,+like+Gecko)+Chrome/69.0.3497.100+Safari/537.36 http://localhost:7184/strona%20dla%20uzytkownika.cshtml 404 0 2 6
2018-10-12 16:12:00 ::1 GET /strona+dla+uzytkownika.cshtml - 7184 - ::1 Mozilla/5.0+(Windows+NT+10.0;+Win64;+x64)+AppleWebKit/537.36+(KHTML,+like+Gecko)+Chrome/69.0.3497.100+Safari/537.36 - 200 0 0 2214
2018-10-12 16:12:00 ::1 GET /style.css - 7184 - ::1 Mozilla/5.0+(Windows+NT+10.0;+Win64;+x64)+AppleWebKit/537.36+(KHTML,+like+Gecko)+Chrome/69.0.3497.100+Safari/537.36 http://localhost:7184/strona%20dla%20uzytkownika.cshtml 404 0 2 16
2018-10-12 16:12:00 ::1 GET /news.js - 7184 - ::1 Mozilla/5.0+(Windows+NT+10.0;+Win64;+x64)+AppleWebKit/537.36+(KHTML,+like+Gecko)+Chrome/69.0.3497.100+Safari/537.36 http://localhost:7184/strona%20dla%20uzytkownika.cshtml 404 0 2 19
2018-10-12 16:12:00 ::1 GET /'/cse'/brand' form=%27cref_iframe 7184 - ::1 Mozilla/5.0+(Windows+NT+10.0;+Win64;+x64)+AppleWebKit/537.36+(KHTML,+like+Gecko)+Chrome/69.0.3497.100+Safari/537.36 http://localhost:7184/strona%20dla%20uzytkownika.cshtml 404 0 2 23
2018-10-12 16:12:00 ::1 GET /news.js - 7184 - ::1 Mozilla/5.0+(Windows+NT+10.0;+Win64;+x64)+AppleWebKit/537.36+(KHTML,+like+Gecko)+Chrome/69.0.3497.100+Safari/537.36 http://localhost:7184/strona%20dla%20uzytkownika.cshtml 404 0 2 12
2018-10-12 16:12:00 ::1 GET /'/cse'/brand' form=%27cref_iframe 7184 - ::1 Mozilla/5.0+(Windows+NT+10.0;+Win64;+x64)+AppleWebKit/537.36+(KHTML,+like+Gecko)+Chrome/69.0.3497.100+Safari/537.36 http://localhost:7184/strona%20dla%20uzytkownika.cshtml 404 0 2 8
2018-10-12 16:12:00 ::1 GET /strona+dla+uzytkownika.cshtml - 7184 - ::1 Mozilla/5.0+(Windows+NT+10.0;+Win64;+x64)+AppleWebKit/537.36+(KHTML,+like+Gecko)+Chrome/69.0.3497.100+Safari/537.36 http://localhost:7184/strona%20dla%20uzytkownika.cshtml 200 0 0 9
2018-10-12 16:12:00 ::1 GET /style.css - 7184 - ::1 Mozilla/5.0+(Windows+NT+10.0;+Win64;+x64)+AppleWebKit/537.36+(KHTML,+like+Gecko)+Chrome/69.0.3497.100+Safari/537.36 http://localhost:7184/strona%20dla%20uzytkownika.cshtml 404 0 2 9
2018-10-12 16:12:33 ::1 GET /strona+dla+uzytkownika.cshtml - 7184 - ::1 Mozilla/5.0+(Windows+NT+10.0;+Win64;+x64)+AppleWebKit/537.36+(KHTML,+like+Gecko)+Chrome/69.0.3497.100+Safari/537.36 - 200 0 0 2716
2018-10-12 16:12:33 ::1 GET /news.js - 7184 - ::1 Mozilla/5.0+(Windows+NT+10.0;+Win64;+x64)+AppleWebKit/537.36+(KHTML,+like+Gecko)+Chrome/69.0.3497.100+Safari/537.36 http://localhost:7184/strona%20dla%20uzytkownika.cshtml 404 0 2 19
2018-10-12 16:12:33 ::1 GET /style.css - 7184 - ::1 Mozilla/5.0+(Windows+NT+10.0;+Win64;+x64)+AppleWebKit/537.36+(KHTML,+like+Gecko)+Chrome/69.0.3497.100+Safari/537.36 http://localhost:7184/strona%20dla%20uzytkownika.cshtml 404 0 2 19
2018-10-12 16:12:33 ::1 GET /'/cse'/brand' form=%27cref_iframe 7184 - ::1 Mozilla/5.0+(Windows+NT+10.0;+Win64;+x64)+AppleWebKit/537.36+(KHTML,+like+Gecko)+Chrome/69.0.3497.100+Safari/537.36 http://localhost:7184/strona%20dla%20uzytkownika.cshtml 404 0 2 6
2018-10-12 16:12:33 ::1 GET /news.js - 7184 - ::1 Mozilla/5.0+(Windows+NT+10.0;+Win64;+x64)+AppleWebKit/537.36+(KHTML,+like+Gecko)+Chrome/69.0.3497.100+Safari/537.36 http://localhost:7184/strona%20dla%20uzytkownika.cshtml 404 0 2 7
2018-10-12 16:12:33 ::1 GET /'/cse'/brand' form=%27cref_iframe 7184 - ::1 Mozilla/5.0+(Windows+NT+10.0;+Win64;+x64)+AppleWebKit/537.36+(KHTML,+like+Gecko)+Chrome/69.0.3497.100+Safari/537.36 http://localhost:7184/strona%20dla%20uzytkownika.cshtml 404 0 2 15
2018-10-12 16:12:33 ::1 GET /strona+dla+uzytkownika.cshtml - 7184 - ::1 Mozilla/5.0+(Windows+NT+10.0;+Win64;+x64)+AppleWebKit/537.36+(KHTML,+like+Gecko)+Chrome/69.0.3497.100+Safari/537.36 http://localhost:7184/strona%20dla%20uzytkownika.cshtml 200 0 0 8
2018-10-12 16:12:34 ::1 GET /style.css - 7184 - ::1 Mozilla/5.0+(Windows+NT+10.0;+Win64;+x64)+AppleWebKit/537.36+(KHTML,+like+Gecko)+Chrome/69.0.3497.100+Safari/537.36 http://localhost:7184/strona%20dla%20uzytkownika.cshtml 404 0 2 5
2018-10-12 16:13:12 ::1 GET /strona+dla+uzytkownika.cshtml - 7184 - ::1 Mozilla/5.0+(Windows+NT+10.0;+Win64;+x64)+AppleWebKit/537.36+(KHTML,+like+Gecko)+Chrome/69.0.3497.100+Safari/537.36 - 200 0 0 2690
2018-10-12 16:13:12 ::1 GET /news.js - 7184 - ::1 Mozilla/5.0+(Windows+NT+10.0;+Win64;+x64)+AppleWebKit/537.36+(KHTML,+like+Gecko)+Chrome/69.0.3497.100+Safari/537.36 http://localhost:7184/strona%20dla%20uzytkownika.cshtml 404 0 2 16
2018-10-12 16:13:12 ::1 GET /style.css - 7184 - ::1 Mozilla/5.0+(Windows+NT+10.0;+Win64;+x64)+AppleWebKit/537.36+(KHTML,+like+Gecko)+Chrome/69.0.3497.100+Safari/537.36 http://localhost:7184/strona%20dla%20uzytkownika.cshtml 404 0 2 20
2018-10-12 16:13:12 ::1 GET /'/cse'/brand' form=%27cref_iframe 7184 - ::1 Mozilla/5.0+(Windows+NT+10.0;+Win64;+x64)+AppleWebKit/537.36+(KHTML,+like+Gecko)+Chrome/69.0.3497.100+Safari/537.36 http://localhost:7184/strona%20dla%20uzytkownika.cshtml 404 0 2 8
2018-10-12 16:13:12 ::1 GET /news.js - 7184 - ::1 Mozilla/5.0+(Windows+NT+10.0;+Win64;+x64)+AppleWebKit/537.36+(KHTML,+like+Gecko)+Chrome/69.0.3497.100+Safari/537.36 http://localhost:7184/strona%20dla%20uzytkownika.cshtml 404 0 2 3
2018-10-12 16:13:13 ::1 GET /'/cse'/brand' form=%27cref_iframe 7184 - ::1 Mozilla/5.0+(Windows+NT+10.0;+Win64;+x64)+AppleWebKit/537.36+(KHTML,+like+Gecko)+Chrome/69.0.3497.100+Safari/537.36 http://localhost:7184/strona%20dla%20uzytkownika.cshtml 404 0 2 12
2018-10-12 16:13:13 ::1 GET /strona+dla+uzytkownika.cshtml - 7184 - ::1 Mozilla/5.0+(Windows+NT+10.0;+Win64;+x64)+AppleWebKit/537.36+(KHTML,+like+Gecko)+Chrome/69.0.3497.100+Safari/537.36 http://localhost:7184/strona%20dla%20uzytkownika.cshtml 200 0 0 7
2018-10-12 16:13:13 ::1 GET /style.css - 7184 - ::1 Mozilla/5.0+(Windows+NT+10.0;+Win64;+x64)+AppleWebKit/537.36+(KHTML,+like+Gecko)+Chrome/69.0.3497.100+Safari/537.36 http://localhost:7184/strona%20dla%20uzytkownika.cshtml 404 0 2 12
2018-10-12 16:13:47 ::1 GET /strona+dla+uzytkownika.cshtml - 7184 - ::1 Mozilla/5.0+(Windows+NT+10.0;+Win64;+x64)+AppleWebKit/537.36+(KHTML,+like+Gecko)+Chrome/69.0.3497.100+Safari/537.36 - 200 0 0 2216
2018-10-12 16:13:47 ::1 GET /news.js - 7184 - ::1 Mozilla/5.0+(Windows+NT+10.0;+Win64;+x64)+AppleWebKit/537.36+(KHTML,+like+Gecko)+Chrome/69.0.3497.100+Safari/537.36 http://localhost:7184/strona%20dla%20uzytkownika.cshtml 404 0 2 13
2018-10-12 16:13:47 ::1 GET /style.css - 7184 - ::1 Mozilla/5.0+(Windows+NT+10.0;+Win64;+x64)+AppleWebKit/537.36+(KHTML,+like+Gecko)+Chrome/69.0.3497.100+Safari/537.36 http://localhost:7184/strona%20dla%20uzytkownika.cshtml 404 0 2 13
2018-10-12 16:13:47 ::1 GET /'/cse'/brand' form=%27cref_iframe 7184 - ::1 Mozilla/5.0+(Windows+NT+10.0;+Win64;+x64)+AppleWebKit/537.36+(KHTML,+like+Gecko)+Chrome/69.0.3497.100+Safari/537.36 http://localhost:7184/strona%20dla%20uzytkownika.cshtml 404 0 2 8
2018-10-12 16:13:47 ::1 GET /news.js - 7184 - ::1 Mozilla/5.0+(Windows+NT+10.0;+Win64;+x64)+AppleWebKit/537.36+(KHTML,+like+Gecko)+Chrome/69.0.3497.100+Safari/537.36 http://localhost:7184/strona%20dla%20uzytkownika.cshtml 404 0 2 3
2018-10-12 16:13:47 ::1 GET /'/cse'/brand' form=%27cref_iframe 7184 - ::1 Mozilla/5.0+(Windows+NT+10.0;+Win64;+x64)+AppleWebKit/537.36+(KHTML,+like+Gecko)+Chrome/69.0.3497.100+Safari/537.36 http://localhost:7184/strona%20dla%20uzytkownika.cshtml 404 0 2 8
2018-10-12 16:13:47 ::1 GET /style.css - 7184 - ::1 Mozilla/5.0+(Windows+NT+10.0;+Win64;+x64)+AppleWebKit/537.36+(KHTML,+like+Gecko)+Chrome/69.0.3497.100+Safari/537.36 http://localhost:7184/strona%20dla%20uzytkownika.cshtml 404 0 2 3
2018-10-12 16:13:47 ::1 GET /strona+dla+uzytkownika.cshtml - 7184 - ::1 Mozilla/5.0+(Windows+NT+10.0;+Win64;+x64)+AppleWebKit/537.36+(KHTML,+like+Gecko)+Chrome/69.0.3497.100+Safari/537.36 http://localhost:7184/strona%20dla%20uzytkownika.cshtml 200 0 0 7
2018-10-12 16:15:44 ::1 GET /strona+dla+uzytkownika.cshtml - 7184 - ::1 Mozilla/5.0+(Windows+NT+10.0;+Win64;+x64)+AppleWebKit/537.36+(KHTML,+like+Gecko)+Chrome/69.0.3497.100+Safari/537.36 - 200 0 0 2043
2018-10-12 16:15:44 ::1 GET /style.css - 7184 - ::1 Mozilla/5.0+(Windows+NT+10.0;+Win64;+x64)+AppleWebKit/537.36+(KHTML,+like+Gecko)+Chrome/69.0.3497.100+Safari/537.36 http://localhost:7184/strona%20dla%20uzytkownika.cshtml 404 0 2 9
2018-10-12 16:15:44 ::1 GET /news.js - 7184 - ::1 Mozilla/5.0+(Windows+NT+10.0;+Win64;+x64)+AppleWebKit/537.36+(KHTML,+like+Gecko)+Chrome/69.0.3497.100+Safari/537.36 http://localhost:7184/strona%20dla%20uzytkownika.cshtml 404 0 2 7
2018-10-12 16:15:44 ::1 GET /'/cse'/brand' form=%27cref_iframe 7184 - ::1 Mozilla/5.0+(Windows+NT+10.0;+Win64;+x64)+AppleWebKit/537.36+(KHTML,+like+Gecko)+Chrome/69.0.3497.100+Safari/537.36 http://localhost:7184/strona%20dla%20uzytkownika.cshtml 404 0 2 11
2018-10-12 16:15:44 ::1 GET /news.js - 7184 - ::1 Mozilla/5.0+(Windows+NT+10.0;+Win64;+x64)+AppleWebKit/537.36+(KHTML,+like+Gecko)+Chrome/69.0.3497.100+Safari/537.36 http://localhost:7184/strona%20dla%20uzytkownika.cshtml 404 0 2 5
2018-10-12 16:15:44 ::1 GET /'/cse'/brand' form=%27cref_iframe 7184 - ::1 Mozilla/5.0+(Windows+NT+10.0;+Win64;+x64)+AppleWebKit/537.36+(KHTML,+like+Gecko)+Chrome/69.0.3497.100+Safari/537.36 http://localhost:7184/strona%20dla%20uzytkownika.cshtml 404 0 2 8
2018-10-12 16:15:44 ::1 GET /strona+dla+uzytkownika.cshtml - 7184 - ::1 Mozilla/5.0+(Windows+NT+10.0;+Win64;+x64)+AppleWebKit/537.36+(KHTML,+like+Gecko)+Chrome/69.0.3497.100+Safari/537.36 http://localhost:7184/strona%20dla%20uzytkownika.cshtml 200 0 0 7
2018-10-12 16:15:44 ::1 GET /style.css - 7184 - ::1 Mozilla/5.0+(Windows+NT+10.0;+Win64;+x64)+AppleWebKit/537.36+(KHTML,+like+Gecko)+Chrome/69.0.3497.100+Safari/537.36 http://localhost:7184/strona%20dla%20uzytkownika.cshtml 404 0 2 6
2018-10-12 16:18:00 ::1 GET /strona+dla+uzytkownika.cshtml - 7184 - ::1 Mozilla/5.0+(Windows+NT+10.0;+Win64;+x64)+AppleWebKit/537.36+(KHTML,+like+Gecko)+Chrome/69.0.3497.100+Safari/537.36 - 200 0 0 2359
2018-10-12 16:18:00 ::1 GET /style.css - 7184 - ::1 Mozilla/5.0+(Windows+NT+10.0;+Win64;+x64)+AppleWebKit/537.36+(KHTML,+like+Gecko)+Chrome/69.0.3497.100+Safari/537.36 http://localhost:7184/strona%20dla%20uzytkownika.cshtml 404 0 2 15
2018-10-12 16:18:00 ::1 GET /news.js - 7184 - ::1 Mozilla/5.0+(Windows+NT+10.0;+Win64;+x64)+AppleWebKit/537.36+(KHTML,+like+Gecko)+Chrome/69.0.3497.100+Safari/537.36 http://localhost:7184/strona%20dla%20uzytkownika.cshtml 404 0 2 17
2018-10-12 16:18:00 ::1 GET /'/cse'/brand' form=%27cref_iframe 7184 - ::1 Mozilla/5.0+(Windows+NT+10.0;+Win64;+x64)+AppleWebKit/537.36+(KHTML,+like+Gecko)+Chrome/69.0.3497.100+Safari/537.36 http://localhost:7184/strona%20dla%20uzytkownika.cshtml 404 0 2 13
2018-10-12 16:18:00 ::1 GET /news.js - 7184 - ::1 Mozilla/5.0+(Windows+NT+10.0;+Win64;+x64)+AppleWebKit/537.36+(KHTML,+like+Gecko)+Chrome/69.0.3497.100+Safari/537.36 http://localhost:7184/strona%20dla%20uzytkownika.cshtml 404 0 2 5
2018-10-12 16:18:00 ::1 GET /'/cse'/brand' form=%27cref_iframe 7184 - ::1 Mozilla/5.0+(Windows+NT+10.0;+Win64;+x64)+AppleWebKit/537.36+(KHTML,+like+Gecko)+Chrome/69.0.3497.100+Safari/537.36 http://localhost:7184/strona%20dla%20uzytkownika.cshtml 404 0 2 11
2018-10-12 16:18:00 ::1 GET /style.css - 7184 - ::1 Mozilla/5.0+(Windows+NT+10.0;+Win64;+x64)+AppleWebKit/537.36+(KHTML,+like+Gecko)+Chrome/69.0.3497.100+Safari/537.36 http://localhost:7184/strona%20dla%20uzytkownika.cshtml 404 0 2 6
2018-10-12 16:18:00 ::1 GET /strona+dla+uzytkownika.cshtml - 7184 - ::1 Mozilla/5.0+(Windows+NT+10.0;+Win64;+x64)+AppleWebKit/537.36+(KHTML,+like+Gecko)+Chrome/69.0.3497.100+Safari/537.36 http://localhost:7184/strona%20dla%20uzytkownika.cshtml 200 0 0 13
#Software: Microsoft Internet Information Services 10.0
#Version: 1.0
#Date: 2018-10-12 16:51:45
#Fields: date time s-ip cs-method cs-uri-stem cs-uri-query s-port cs-username c-ip cs(User-Agent) cs(Referer) sc-status sc-substatus sc-win32-status time-taken
2018-10-12 16:51:45 ::1 GET /strona+dla+uzytkownika.cshtml - 7184 - ::1 Mozilla/5.0+(Windows+NT+10.0;+Win64;+x64)+AppleWebKit/537.36+(KHTML,+like+Gecko)+Chrome/69.0.3497.100+Safari/537.36 - 200 0 0 3073
2018-10-12 16:51:45 ::1 GET /news.js - 7184 - ::1 Mozilla/5.0+(Windows+NT+10.0;+Win64;+x64)+AppleWebKit/537.36+(KHTML,+like+Gecko)+Chrome/69.0.3497.100+Safari/537.36 http://localhost:7184/strona%20dla%20uzytkownika.cshtml 404 0 2 11
2018-10-12 16:51:45 ::1 GET /style.css - 7184 - ::1 Mozilla/5.0+(Windows+NT+10.0;+Win64;+x64)+AppleWebKit/537.36+(KHTML,+like+Gecko)+Chrome/69.0.3497.100+Safari/537.36 http://localhost:7184/strona%20dla%20uzytkownika.cshtml 404 0 2 10
2018-10-12 16:51:45 ::1 GET /news.js - 7184 - ::1 Mozilla/5.0+(Windows+NT+10.0;+Win64;+x64)+AppleWebKit/537.36+(KHTML,+like+Gecko)+Chrome/69.0.3497.100+Safari/537.36 http://localhost:7184/strona%20dla%20uzytkownika.cshtml 404 0 2 11
2018-10-12 16:51:45 ::1 GET /'/cse'/brand' form=%27cref_iframe 7184 - ::1 Mozilla/5.0+(Windows+NT+10.0;+Win64;+x64)+AppleWebKit/537.36+(KHTML,+like+Gecko)+Chrome/69.0.3497.100+Safari/537.36 http://localhost:7184/strona%20dla%20uzytkownika.cshtml 404 0 2 23
2018-10-12 16:51:45 ::1 GET /'/cse'/brand' form=%27cref_iframe 7184 - ::1 Mozilla/5.0+(Windows+NT+10.0;+Win64;+x64)+AppleWebKit/537.36+(KHTML,+like+Gecko)+Chrome/69.0.3497.100+Safari/537.36 http://localhost:7184/strona%20dla%20uzytkownika.cshtml 404 0 2 6
2018-10-12 16:51:45 ::1 GET /strona+dla+uzytkownika.cshtml - 7184 - ::1 Mozilla/5.0+(Windows+NT+10.0;+Win64;+x64)+AppleWebKit/537.36+(KHTML,+like+Gecko)+Chrome/69.0.3497.100+Safari/537.36 http://localhost:7184/strona%20dla%20uzytkownika.cshtml 200 0 0 16
2018-10-12 16:51:46 ::1 GET /style.css - 7184 - ::1 Mozilla/5.0+(Windows+NT+10.0;+Win64;+x64)+AppleWebKit/537.36+(KHTML,+like+Gecko)+Chrome/69.0.3497.100+Safari/537.36 http://localhost:7184/strona%20dla%20uzytkownika.cshtml 404 0 2 12
2018-10-12 16:52:37 ::1 GET /strona+dla+uzytkownika.cshtml - 7184 - ::1 Mozilla/5.0+(Windows+NT+10.0;+Win64;+x64)+AppleWebKit/537.36+(KHTML,+like+Gecko)+Chrome/69.0.3497.100+Safari/537.36 - 200 0 0 1929
2018-10-12 16:52:37 ::1 GET /style.css - 7184 - ::1 Mozilla/5.0+(Windows+NT+10.0;+Win64;+x64)+AppleWebKit/537.36+(KHTML,+like+Gecko)+Chrome/69.0.3497.100+Safari/537.36 http://localhost:7184/strona%20dla%20uzytkownika.cshtml 404 0 2 11
2018-10-12 16:52:37 ::1 GET /news.js - 7184 - ::1 Mozilla/5.0+(Windows+NT+10.0;+Win64;+x64)+AppleWebKit/537.36+(KHTML,+like+Gecko)+Chrome/69.0.3497.100+Safari/537.36 http://localhost:7184/strona%20dla%20uzytkownika.cshtml 404 0 2 19
2018-10-12 16:52:37 ::1 GET /'/cse'/brand' form=%27cref_iframe 7184 - ::1 Mozilla/5.0+(Windows+NT+10.0;+Win64;+x64)+AppleWebKit/537.36+(KHTML,+like+Gecko)+Chrome/69.0.3497.100+Safari/537.36 http://localhost:7184/strona%20dla%20uzytkownika.cshtml 404 0 2 17
2018-10-12 16:52:37 ::1 GET /news.js - 7184 - ::1 Mozilla/5.0+(Windows+NT+10.0;+Win64;+x64)+AppleWebKit/537.36+(KHTML,+like+Gecko)+Chrome/69.0.3497.100+Safari/537.36 http://localhost:7184/strona%20dla%20uzytkownika.cshtml 404 0 2 7
2018-10-12 16:52:37 ::1 GET /'/cse'/brand' form=%27cref_iframe 7184 - ::1 Mozilla/5.0+(Windows+NT+10.0;+Win64;+x64)+AppleWebKit/537.36+(KHTML,+like+Gecko)+Chrome/69.0.3497.100+Safari/537.36 http://localhost:7184/strona%20dla%20uzytkownika.cshtml 404 0 2 6
2018-10-12 16:52:37 ::1 GET /style.css - 7184 - ::1 Mozilla/5.0+(Windows+NT+10.0;+Win64;+x64)+AppleWebKit/537.36+(KHTML,+like+Gecko)+Chrome/69.0.3497.100+Safari/537.36 http://localhost:7184/strona%20dla%20uzytkownika.cshtml 404 0 2 3
2018-10-12 16:52:37 ::1 GET /strona+dla+uzytkownika.cshtml - 7184 - ::1 Mozilla/5.0+(Windows+NT+10.0;+Win64;+x64)+AppleWebKit/537.36+(KHTML,+like+Gecko)+Chrome/69.0.3497.100+Safari/537.36 http://localhost:7184/strona%20dla%20uzytkownika.cshtml 200 0 0 12
