#Software: Microsoft Internet Information Services 10.0
#Version: 1.0
#Date: 2018-10-14 11:44:41
#Fields: date time s-ip cs-method cs-uri-stem cs-uri-query s-port cs-username c-ip cs(User-Agent) cs(Referer) sc-status sc-substatus sc-win32-status time-taken
2018-10-14 11:44:41 ::1 GET / - 7184 - ::1 Mozilla/5.0+(compatible;+MSIE+9.0;+Windows+NT+6.2;+WOW64;+Trident/7.0) - 200 0 0 8801
2018-10-14 11:44:41 ::1 GET / - 7184 - ::1 Mozilla/5.0+(compatible;+MSIE+9.0;+Windows+NT+6.2;+WOW64;+Trident/7.0) - 200 0 0 26
#Software: Microsoft Internet Information Services 10.0
#Version: 1.0
#Date: 2018-10-14 14:47:38
#Fields: date time s-ip cs-method cs-uri-stem cs-uri-query s-port cs-username c-ip cs(User-Agent) cs(Referer) sc-status sc-substatus sc-win32-status time-taken
2018-10-14 14:47:38 ::1 GET / - 7184 - ::1 Mozilla/5.0+(compatible;+MSIE+9.0;+Windows+NT+6.2;+WOW64;+Trident/7.0) - 200 0 0 6726
2018-10-14 14:47:38 ::1 GET /screenshot-2.png - 7184 - ::1 Mozilla/5.0+(compatible;+MSIE+9.0;+Windows+NT+6.2;+WOW64;+Trident/7.0) http://localhost:7184/ 200 0 0 66
2018-10-14 14:47:38 ::1 GET /ome!pos.pgn.png - 7184 - ::1 Mozilla/5.0+(compatible;+MSIE+9.0;+Windows+NT+6.2;+WOW64;+Trident/7.0) http://localhost:7184/ 200 0 0 75
2018-10-14 14:47:38 ::1 GET /widok1.jpg - 7184 - ::1 Mozilla/5.0+(compatible;+MSIE+9.0;+Windows+NT+6.2;+WOW64;+Trident/7.0) http://localhost:7184/ 200 0 0 28
2018-10-14 14:47:38 ::1 GET / - 7184 - ::1 Mozilla/5.0+(compatible;+MSIE+9.0;+Windows+NT+6.2;+WOW64;+Trident/7.0) - 200 0 0 10
#Software: Microsoft Internet Information Services 10.0
#Version: 1.0
#Date: 2018-10-14 15:42:59
#Fields: date time s-ip cs-method cs-uri-stem cs-uri-query s-port cs-username c-ip cs(User-Agent) cs(Referer) sc-status sc-substatus sc-win32-status time-taken
2018-10-14 15:42:59 ::1 GET / - 7184 - ::1 Mozilla/5.0+(Windows+NT+10.0;+Win64;+x64)+AppleWebKit/537.36+(KHTML,+like+Gecko)+Chrome/69.0.3497.100+Safari/537.36 - 200 0 0 456
2018-10-14 15:43:11 ::1 GET /Account/Login - 7184 - ::1 Mozilla/5.0+(Windows+NT+10.0;+Win64;+x64)+AppleWebKit/537.36+(KHTML,+like+Gecko)+Chrome/69.0.3497.100+Safari/537.36 http://localhost:7184/ 200 0 0 688
2018-10-14 15:43:11 ::1 GET /Account/ome!pos.pgn.png - 7184 - ::1 Mozilla/5.0+(Windows+NT+10.0;+Win64;+x64)+AppleWebKit/537.36+(KHTML,+like+Gecko)+Chrome/69.0.3497.100+Safari/537.36 http://localhost:7184/Account/Login 404 0 2 55
2018-10-14 15:43:19 ::1 POST /Account/Login - 7184 - ::1 Mozilla/5.0+(Windows+NT+10.0;+Win64;+x64)+AppleWebKit/537.36+(KHTML,+like+Gecko)+Chrome/69.0.3497.100+Safari/537.36 http://localhost:7184/Account/Login 302 0 0 610
2018-10-14 15:43:19 ::1 GET /strona+dla+uzytkownika - 7184 grazyna.selbach@freenet.de ::1 Mozilla/5.0+(Windows+NT+10.0;+Win64;+x64)+AppleWebKit/537.36+(KHTML,+like+Gecko)+Chrome/69.0.3497.100+Safari/537.36 http://localhost:7184/Account/Login 200 0 0 129
2018-10-14 15:43:19 ::1 GET /style.css - 7184 - ::1 Mozilla/5.0+(Windows+NT+10.0;+Win64;+x64)+AppleWebKit/537.36+(KHTML,+like+Gecko)+Chrome/69.0.3497.100+Safari/537.36 http://localhost:7184/strona%20dla%20uzytkownika 404 0 2 15
2018-10-14 15:43:19 ::1 GET /news.js - 7184 - ::1 Mozilla/5.0+(Windows+NT+10.0;+Win64;+x64)+AppleWebKit/537.36+(KHTML,+like+Gecko)+Chrome/69.0.3497.100+Safari/537.36 http://localhost:7184/strona%20dla%20uzytkownika 404 0 2 8
2018-10-14 15:43:19 ::1 GET /news.js - 7184 - ::1 Mozilla/5.0+(Windows+NT+10.0;+Win64;+x64)+AppleWebKit/537.36+(KHTML,+like+Gecko)+Chrome/69.0.3497.100+Safari/537.36 http://localhost:7184/strona%20dla%20uzytkownika 404 0 2 11
2018-10-14 15:43:19 ::1 GET /'/cse'/brand' form=%27cref_iframe 7184 - ::1 Mozilla/5.0+(Windows+NT+10.0;+Win64;+x64)+AppleWebKit/537.36+(KHTML,+like+Gecko)+Chrome/69.0.3497.100+Safari/537.36 http://localhost:7184/strona%20dla%20uzytkownika 404 0 2 99
2018-10-14 15:43:19 ::1 GET /'/cse'/brand' form=%27cref_iframe 7184 - ::1 Mozilla/5.0+(Windows+NT+10.0;+Win64;+x64)+AppleWebKit/537.36+(KHTML,+like+Gecko)+Chrome/69.0.3497.100+Safari/537.36 http://localhost:7184/strona%20dla%20uzytkownika 404 0 2 12
2018-10-14 15:43:19 ::1 GET /strona+dla+uzytkownika - 7184 grazyna.selbach@freenet.de ::1 Mozilla/5.0+(Windows+NT+10.0;+Win64;+x64)+AppleWebKit/537.36+(KHTML,+like+Gecko)+Chrome/69.0.3497.100+Safari/537.36 http://localhost:7184/strona%20dla%20uzytkownika 200 0 0 14
2018-10-14 15:43:19 ::1 GET /style.css - 7184 - ::1 Mozilla/5.0+(Windows+NT+10.0;+Win64;+x64)+AppleWebKit/537.36+(KHTML,+like+Gecko)+Chrome/69.0.3497.100+Safari/537.36 http://localhost:7184/strona%20dla%20uzytkownika 404 0 2 6
2018-10-14 15:49:42 ::1 GET /strona+dla+uzytkownika.cshtml - 7184 grazyna.selbach@freenet.de ::1 Mozilla/5.0+(Windows+NT+10.0;+Win64;+x64)+AppleWebKit/537.36+(KHTML,+like+Gecko)+Chrome/69.0.3497.100+Safari/537.36 - 200 0 0 3527
2018-10-14 15:49:42 ::1 GET /news.js - 7184 - ::1 Mozilla/5.0+(Windows+NT+10.0;+Win64;+x64)+AppleWebKit/537.36+(KHTML,+like+Gecko)+Chrome/69.0.3497.100+Safari/537.36 http://localhost:7184/strona%20dla%20uzytkownika.cshtml 404 0 2 11
2018-10-14 15:49:42 ::1 GET /style.css - 7184 - ::1 Mozilla/5.0+(Windows+NT+10.0;+Win64;+x64)+AppleWebKit/537.36+(KHTML,+like+Gecko)+Chrome/69.0.3497.100+Safari/537.36 http://localhost:7184/strona%20dla%20uzytkownika.cshtml 404 0 2 16
2018-10-14 15:49:42 ::1 GET /'/cse'/brand' form=%27cref_iframe 7184 - ::1 Mozilla/5.0+(Windows+NT+10.0;+Win64;+x64)+AppleWebKit/537.36+(KHTML,+like+Gecko)+Chrome/69.0.3497.100+Safari/537.36 http://localhost:7184/strona%20dla%20uzytkownika.cshtml 404 0 2 15
2018-10-14 15:49:42 ::1 GET /news.js - 7184 - ::1 Mozilla/5.0+(Windows+NT+10.0;+Win64;+x64)+AppleWebKit/537.36+(KHTML,+like+Gecko)+Chrome/69.0.3497.100+Safari/537.36 http://localhost:7184/strona%20dla%20uzytkownika.cshtml 404 0 2 12
2018-10-14 15:49:42 ::1 GET /'/cse'/brand' form=%27cref_iframe 7184 - ::1 Mozilla/5.0+(Windows+NT+10.0;+Win64;+x64)+AppleWebKit/537.36+(KHTML,+like+Gecko)+Chrome/69.0.3497.100+Safari/537.36 http://localhost:7184/strona%20dla%20uzytkownika.cshtml 404 0 2 8
2018-10-14 15:49:43 ::1 GET /strona+dla+uzytkownika.cshtml - 7184 grazyna.selbach@freenet.de ::1 Mozilla/5.0+(Windows+NT+10.0;+Win64;+x64)+AppleWebKit/537.36+(KHTML,+like+Gecko)+Chrome/69.0.3497.100+Safari/537.36 http://localhost:7184/strona%20dla%20uzytkownika.cshtml 200 0 0 10
2018-10-14 15:49:43 ::1 GET /style.css - 7184 - ::1 Mozilla/5.0+(Windows+NT+10.0;+Win64;+x64)+AppleWebKit/537.36+(KHTML,+like+Gecko)+Chrome/69.0.3497.100+Safari/537.36 http://localhost:7184/strona%20dla%20uzytkownika.cshtml 404 0 2 5
2018-10-14 15:50:54 ::1 GET /strona+dla+uzytkownika.cshtml - 7184 grazyna.selbach@freenet.de ::1 Mozilla/5.0+(Windows+NT+10.0;+Win64;+x64)+AppleWebKit/537.36+(KHTML,+like+Gecko)+Chrome/69.0.3497.100+Safari/537.36 - 200 0 0 2373
2018-10-14 15:50:54 ::1 GET /style.css - 7184 - ::1 Mozilla/5.0+(Windows+NT+10.0;+Win64;+x64)+AppleWebKit/537.36+(KHTML,+like+Gecko)+Chrome/69.0.3497.100+Safari/537.36 http://localhost:7184/strona%20dla%20uzytkownika.cshtml 404 0 2 19
2018-10-14 15:50:54 ::1 GET /news.js - 7184 - ::1 Mozilla/5.0+(Windows+NT+10.0;+Win64;+x64)+AppleWebKit/537.36+(KHTML,+like+Gecko)+Chrome/69.0.3497.100+Safari/537.36 http://localhost:7184/strona%20dla%20uzytkownika.cshtml 404 0 2 22
2018-10-14 15:50:54 ::1 GET /'/cse'/brand' form=%27cref_iframe 7184 - ::1 Mozilla/5.0+(Windows+NT+10.0;+Win64;+x64)+AppleWebKit/537.36+(KHTML,+like+Gecko)+Chrome/69.0.3497.100+Safari/537.36 http://localhost:7184/strona%20dla%20uzytkownika.cshtml 404 0 2 11
2018-10-14 15:50:54 ::1 GET /news.js - 7184 - ::1 Mozilla/5.0+(Windows+NT+10.0;+Win64;+x64)+AppleWebKit/537.36+(KHTML,+like+Gecko)+Chrome/69.0.3497.100+Safari/537.36 http://localhost:7184/strona%20dla%20uzytkownika.cshtml 404 0 2 5
2018-10-14 15:50:55 ::1 GET /'/cse'/brand' form=%27cref_iframe 7184 - ::1 Mozilla/5.0+(Windows+NT+10.0;+Win64;+x64)+AppleWebKit/537.36+(KHTML,+like+Gecko)+Chrome/69.0.3497.100+Safari/537.36 http://localhost:7184/strona%20dla%20uzytkownika.cshtml 404 0 2 8
2018-10-14 15:50:55 ::1 GET /strona+dla+uzytkownika.cshtml - 7184 grazyna.selbach@freenet.de ::1 Mozilla/5.0+(Windows+NT+10.0;+Win64;+x64)+AppleWebKit/537.36+(KHTML,+like+Gecko)+Chrome/69.0.3497.100+Safari/537.36 http://localhost:7184/strona%20dla%20uzytkownika.cshtml 200 0 0 10
2018-10-14 15:50:55 ::1 GET /style.css - 7184 - ::1 Mozilla/5.0+(Windows+NT+10.0;+Win64;+x64)+AppleWebKit/537.36+(KHTML,+like+Gecko)+Chrome/69.0.3497.100+Safari/537.36 http://localhost:7184/strona%20dla%20uzytkownika.cshtml 404 0 2 4
2018-10-14 15:55:59 ::1 GET /strona+dla+uzytkownika.cshtml - 7184 grazyna.selbach@freenet.de ::1 Mozilla/5.0+(Windows+NT+10.0;+Win64;+x64)+AppleWebKit/537.36+(KHTML,+like+Gecko)+Chrome/69.0.3497.100+Safari/537.36 - 200 0 0 2246
2018-10-14 15:55:59 ::1 GET /style.css - 7184 - ::1 Mozilla/5.0+(Windows+NT+10.0;+Win64;+x64)+AppleWebKit/537.36+(KHTML,+like+Gecko)+Chrome/69.0.3497.100+Safari/537.36 http://localhost:7184/strona%20dla%20uzytkownika.cshtml 404 0 2 21
2018-10-14 15:55:59 ::1 GET /news.js - 7184 - ::1 Mozilla/5.0+(Windows+NT+10.0;+Win64;+x64)+AppleWebKit/537.36+(KHTML,+like+Gecko)+Chrome/69.0.3497.100+Safari/537.36 http://localhost:7184/strona%20dla%20uzytkownika.cshtml 404 0 2 24
2018-10-14 15:55:59 ::1 GET /'/cse'/brand' form=%27cref_iframe 7184 - ::1 Mozilla/5.0+(Windows+NT+10.0;+Win64;+x64)+AppleWebKit/537.36+(KHTML,+like+Gecko)+Chrome/69.0.3497.100+Safari/537.36 http://localhost:7184/strona%20dla%20uzytkownika.cshtml 404 0 2 13
2018-10-14 15:55:59 ::1 GET /news.js - 7184 - ::1 Mozilla/5.0+(Windows+NT+10.0;+Win64;+x64)+AppleWebKit/537.36+(KHTML,+like+Gecko)+Chrome/69.0.3497.100+Safari/537.36 http://localhost:7184/strona%20dla%20uzytkownika.cshtml 404 0 2 9
2018-10-14 15:56:00 ::1 GET /'/cse'/brand' form=%27cref_iframe 7184 - ::1 Mozilla/5.0+(Windows+NT+10.0;+Win64;+x64)+AppleWebKit/537.36+(KHTML,+like+Gecko)+Chrome/69.0.3497.100+Safari/537.36 http://localhost:7184/strona%20dla%20uzytkownika.cshtml 404 0 2 13
2018-10-14 15:56:00 ::1 GET /strona+dla+uzytkownika.cshtml - 7184 grazyna.selbach@freenet.de ::1 Mozilla/5.0+(Windows+NT+10.0;+Win64;+x64)+AppleWebKit/537.36+(KHTML,+like+Gecko)+Chrome/69.0.3497.100+Safari/537.36 http://localhost:7184/strona%20dla%20uzytkownika.cshtml 200 0 0 9
2018-10-14 15:56:00 ::1 GET /style.css - 7184 - ::1 Mozilla/5.0+(Windows+NT+10.0;+Win64;+x64)+AppleWebKit/537.36+(KHTML,+like+Gecko)+Chrome/69.0.3497.100+Safari/537.36 http://localhost:7184/strona%20dla%20uzytkownika.cshtml 404 0 2 9
2018-10-14 15:59:19 ::1 GET /strona+dla+uzytkownika.cshtml - 7184 grazyna.selbach@freenet.de ::1 Mozilla/5.0+(Windows+NT+10.0;+Win64;+x64)+AppleWebKit/537.36+(KHTML,+like+Gecko)+Chrome/69.0.3497.100+Safari/537.36 - 200 0 0 2350
2018-10-14 15:59:19 ::1 GET /style.css - 7184 - ::1 Mozilla/5.0+(Windows+NT+10.0;+Win64;+x64)+AppleWebKit/537.36+(KHTML,+like+Gecko)+Chrome/69.0.3497.100+Safari/537.36 http://localhost:7184/strona%20dla%20uzytkownika.cshtml 404 0 2 23
2018-10-14 15:59:19 ::1 GET /news.js - 7184 - ::1 Mozilla/5.0+(Windows+NT+10.0;+Win64;+x64)+AppleWebKit/537.36+(KHTML,+like+Gecko)+Chrome/69.0.3497.100+Safari/537.36 http://localhost:7184/strona%20dla%20uzytkownika.cshtml 404 0 2 23
2018-10-14 15:59:19 ::1 GET /'/cse'/brand' form=%27cref_iframe 7184 - ::1 Mozilla/5.0+(Windows+NT+10.0;+Win64;+x64)+AppleWebKit/537.36+(KHTML,+like+Gecko)+Chrome/69.0.3497.100+Safari/537.36 http://localhost:7184/strona%20dla%20uzytkownika.cshtml 404 0 2 12
2018-10-14 15:59:19 ::1 GET /news.js - 7184 - ::1 Mozilla/5.0+(Windows+NT+10.0;+Win64;+x64)+AppleWebKit/537.36+(KHTML,+like+Gecko)+Chrome/69.0.3497.100+Safari/537.36 http://localhost:7184/strona%20dla%20uzytkownika.cshtml 404 0 2 8
2018-10-14 15:59:19 ::1 GET /'/cse'/brand' form=%27cref_iframe 7184 - ::1 Mozilla/5.0+(Windows+NT+10.0;+Win64;+x64)+AppleWebKit/537.36+(KHTML,+like+Gecko)+Chrome/69.0.3497.100+Safari/537.36 http://localhost:7184/strona%20dla%20uzytkownika.cshtml 404 0 2 12
2018-10-14 15:59:20 ::1 GET /strona+dla+uzytkownika.cshtml - 7184 grazyna.selbach@freenet.de ::1 Mozilla/5.0+(Windows+NT+10.0;+Win64;+x64)+AppleWebKit/537.36+(KHTML,+like+Gecko)+Chrome/69.0.3497.100+Safari/537.36 http://localhost:7184/strona%20dla%20uzytkownika.cshtml 200 0 0 9
2018-10-14 15:59:20 ::1 GET /style.css - 7184 - ::1 Mozilla/5.0+(Windows+NT+10.0;+Win64;+x64)+AppleWebKit/537.36+(KHTML,+like+Gecko)+Chrome/69.0.3497.100+Safari/537.36 http://localhost:7184/strona%20dla%20uzytkownika.cshtml 404 0 2 9
2018-10-14 16:00:13 ::1 GET /strona+dla+uzytkownika.cshtml - 7184 grazyna.selbach@freenet.de ::1 Mozilla/5.0+(Windows+NT+10.0;+Win64;+x64)+AppleWebKit/537.36+(KHTML,+like+Gecko)+Chrome/69.0.3497.100+Safari/537.36 - 200 0 0 3193
2018-10-14 16:00:13 ::1 GET /news.js - 7184 - ::1 Mozilla/5.0+(Windows+NT+10.0;+Win64;+x64)+AppleWebKit/537.36+(KHTML,+like+Gecko)+Chrome/69.0.3497.100+Safari/537.36 http://localhost:7184/strona%20dla%20uzytkownika.cshtml 404 0 2 24
2018-10-14 16:00:13 ::1 GET /style.css - 7184 - ::1 Mozilla/5.0+(Windows+NT+10.0;+Win64;+x64)+AppleWebKit/537.36+(KHTML,+like+Gecko)+Chrome/69.0.3497.100+Safari/537.36 http://localhost:7184/strona%20dla%20uzytkownika.cshtml 404 0 2 29
2018-10-14 16:00:13 ::1 GET /'/cse'/brand' form=%27cref_iframe 7184 - ::1 Mozilla/5.0+(Windows+NT+10.0;+Win64;+x64)+AppleWebKit/537.36+(KHTML,+like+Gecko)+Chrome/69.0.3497.100+Safari/537.36 http://localhost:7184/strona%20dla%20uzytkownika.cshtml 404 0 2 13
2018-10-14 16:00:13 ::1 GET /news.js - 7184 - ::1 Mozilla/5.0+(Windows+NT+10.0;+Win64;+x64)+AppleWebKit/537.36+(KHTML,+like+Gecko)+Chrome/69.0.3497.100+Safari/537.36 http://localhost:7184/strona%20dla%20uzytkownika.cshtml 404 0 2 9
2018-10-14 16:00:15 ::1 GET /'/cse'/brand' form=%27cref_iframe 7184 - ::1 Mozilla/5.0+(Windows+NT+10.0;+Win64;+x64)+AppleWebKit/537.36+(KHTML,+like+Gecko)+Chrome/69.0.3497.100+Safari/537.36 http://localhost:7184/strona%20dla%20uzytkownika.cshtml 404 0 2 12
2018-10-14 16:00:15 ::1 GET /strona+dla+uzytkownika.cshtml - 7184 grazyna.selbach@freenet.de ::1 Mozilla/5.0+(Windows+NT+10.0;+Win64;+x64)+AppleWebKit/537.36+(KHTML,+like+Gecko)+Chrome/69.0.3497.100+Safari/537.36 http://localhost:7184/strona%20dla%20uzytkownika.cshtml 200 0 0 14
2018-10-14 16:00:15 ::1 GET /style.css - 7184 - ::1 Mozilla/5.0+(Windows+NT+10.0;+Win64;+x64)+AppleWebKit/537.36+(KHTML,+like+Gecko)+Chrome/69.0.3497.100+Safari/537.36 http://localhost:7184/strona%20dla%20uzytkownika.cshtml 404 0 2 15
2018-10-14 16:00:57 ::1 GET /strona+dla+uzytkownika.cshtml - 7184 grazyna.selbach@freenet.de ::1 Mozilla/5.0+(Windows+NT+10.0;+Win64;+x64)+AppleWebKit/537.36+(KHTML,+like+Gecko)+Chrome/69.0.3497.100+Safari/537.36 - 200 0 0 2091
2018-10-14 16:00:57 ::1 GET /style.css - 7184 - ::1 Mozilla/5.0+(Windows+NT+10.0;+Win64;+x64)+AppleWebKit/537.36+(KHTML,+like+Gecko)+Chrome/69.0.3497.100+Safari/537.36 http://localhost:7184/strona%20dla%20uzytkownika.cshtml 404 0 2 16
2018-10-14 16:00:57 ::1 GET /news.js - 7184 - ::1 Mozilla/5.0+(Windows+NT+10.0;+Win64;+x64)+AppleWebKit/537.36+(KHTML,+like+Gecko)+Chrome/69.0.3497.100+Safari/537.36 http://localhost:7184/strona%20dla%20uzytkownika.cshtml 404 0 2 22
2018-10-14 16:00:57 ::1 GET /'/cse'/brand' form=%27cref_iframe 7184 - ::1 Mozilla/5.0+(Windows+NT+10.0;+Win64;+x64)+AppleWebKit/537.36+(KHTML,+like+Gecko)+Chrome/69.0.3497.100+Safari/537.36 http://localhost:7184/strona%20dla%20uzytkownika.cshtml 404 0 2 7
2018-10-14 16:00:57 ::1 GET /news.js - 7184 - ::1 Mozilla/5.0+(Windows+NT+10.0;+Win64;+x64)+AppleWebKit/537.36+(KHTML,+like+Gecko)+Chrome/69.0.3497.100+Safari/537.36 http://localhost:7184/strona%20dla%20uzytkownika.cshtml 404 0 2 8
2018-10-14 16:00:57 ::1 GET /'/cse'/brand' form=%27cref_iframe 7184 - ::1 Mozilla/5.0+(Windows+NT+10.0;+Win64;+x64)+AppleWebKit/537.36+(KHTML,+like+Gecko)+Chrome/69.0.3497.100+Safari/537.36 http://localhost:7184/strona%20dla%20uzytkownika.cshtml 404 0 2 9
2018-10-14 16:00:57 ::1 GET /strona+dla+uzytkownika.cshtml - 7184 grazyna.selbach@freenet.de ::1 Mozilla/5.0+(Windows+NT+10.0;+Win64;+x64)+AppleWebKit/537.36+(KHTML,+like+Gecko)+Chrome/69.0.3497.100+Safari/537.36 http://localhost:7184/strona%20dla%20uzytkownika.cshtml 200 0 0 8
2018-10-14 16:00:58 ::1 GET /style.css - 7184 - ::1 Mozilla/5.0+(Windows+NT+10.0;+Win64;+x64)+AppleWebKit/537.36+(KHTML,+like+Gecko)+Chrome/69.0.3497.100+Safari/537.36 http://localhost:7184/strona%20dla%20uzytkownika.cshtml 404 0 2 3
2018-10-14 16:01:55 ::1 GET /strona+dla+uzytkownika.cshtml - 7184 grazyna.selbach@freenet.de ::1 Mozilla/5.0+(Windows+NT+10.0;+Win64;+x64)+AppleWebKit/537.36+(KHTML,+like+Gecko)+Chrome/69.0.3497.100+Safari/537.36 - 200 0 0 2217
2018-10-14 16:01:55 ::1 GET /news.js - 7184 - ::1 Mozilla/5.0+(Windows+NT+10.0;+Win64;+x64)+AppleWebKit/537.36+(KHTML,+like+Gecko)+Chrome/69.0.3497.100+Safari/537.36 http://localhost:7184/strona%20dla%20uzytkownika.cshtml 404 0 2 15
2018-10-14 16:01:55 ::1 GET /style.css - 7184 - ::1 Mozilla/5.0+(Windows+NT+10.0;+Win64;+x64)+AppleWebKit/537.36+(KHTML,+like+Gecko)+Chrome/69.0.3497.100+Safari/537.36 http://localhost:7184/strona%20dla%20uzytkownika.cshtml 404 0 2 12
2018-10-14 16:01:55 ::1 GET /'/cse'/brand' form=%27cref_iframe 7184 - ::1 Mozilla/5.0+(Windows+NT+10.0;+Win64;+x64)+AppleWebKit/537.36+(KHTML,+like+Gecko)+Chrome/69.0.3497.100+Safari/537.36 http://localhost:7184/strona%20dla%20uzytkownika.cshtml 404 0 2 10
2018-10-14 16:01:55 ::1 GET /news.js - 7184 - ::1 Mozilla/5.0+(Windows+NT+10.0;+Win64;+x64)+AppleWebKit/537.36+(KHTML,+like+Gecko)+Chrome/69.0.3497.100+Safari/537.36 http://localhost:7184/strona%20dla%20uzytkownika.cshtml 404 0 2 9
2018-10-14 16:01:56 ::1 GET /'/cse'/brand' form=%27cref_iframe 7184 - ::1 Mozilla/5.0+(Windows+NT+10.0;+Win64;+x64)+AppleWebKit/537.36+(KHTML,+like+Gecko)+Chrome/69.0.3497.100+Safari/537.36 http://localhost:7184/strona%20dla%20uzytkownika.cshtml 404 0 2 12
2018-10-14 16:01:56 ::1 GET /strona+dla+uzytkownika.cshtml - 7184 grazyna.selbach@freenet.de ::1 Mozilla/5.0+(Windows+NT+10.0;+Win64;+x64)+AppleWebKit/537.36+(KHTML,+like+Gecko)+Chrome/69.0.3497.100+Safari/537.36 http://localhost:7184/strona%20dla%20uzytkownika.cshtml 200 0 0 10
2018-10-14 16:01:56 ::1 GET /style.css - 7184 - ::1 Mozilla/5.0+(Windows+NT+10.0;+Win64;+x64)+AppleWebKit/537.36+(KHTML,+like+Gecko)+Chrome/69.0.3497.100+Safari/537.36 http://localhost:7184/strona%20dla%20uzytkownika.cshtml 404 0 2 4
2018-10-14 16:05:16 ::1 GET /strona+dla+uzytkownika.cshtml - 7184 grazyna.selbach@freenet.de ::1 Mozilla/5.0+(Windows+NT+10.0;+Win64;+x64)+AppleWebKit/537.36+(KHTML,+like+Gecko)+Chrome/69.0.3497.100+Safari/537.36 - 200 0 0 2139
2018-10-14 16:05:16 ::1 GET /style.css - 7184 - ::1 Mozilla/5.0+(Windows+NT+10.0;+Win64;+x64)+AppleWebKit/537.36+(KHTML,+like+Gecko)+Chrome/69.0.3497.100+Safari/537.36 http://localhost:7184/strona%20dla%20uzytkownika.cshtml 404 0 2 22
2018-10-14 16:05:16 ::1 GET /news.js - 7184 - ::1 Mozilla/5.0+(Windows+NT+10.0;+Win64;+x64)+AppleWebKit/537.36+(KHTML,+like+Gecko)+Chrome/69.0.3497.100+Safari/537.36 http://localhost:7184/strona%20dla%20uzytkownika.cshtml 404 0 2 19
2018-10-14 16:05:16 ::1 GET /'/cse'/brand' form=%27cref_iframe 7184 - ::1 Mozilla/5.0+(Windows+NT+10.0;+Win64;+x64)+AppleWebKit/537.36+(KHTML,+like+Gecko)+Chrome/69.0.3497.100+Safari/537.36 http://localhost:7184/strona%20dla%20uzytkownika.cshtml 404 0 2 17
2018-10-14 16:05:16 ::1 GET /news.js - 7184 - ::1 Mozilla/5.0+(Windows+NT+10.0;+Win64;+x64)+AppleWebKit/537.36+(KHTML,+like+Gecko)+Chrome/69.0.3497.100+Safari/537.36 http://localhost:7184/strona%20dla%20uzytkownika.cshtml 404 0 2 6
2018-10-14 16:05:17 ::1 GET /'/cse'/brand' form=%27cref_iframe 7184 - ::1 Mozilla/5.0+(Windows+NT+10.0;+Win64;+x64)+AppleWebKit/537.36+(KHTML,+like+Gecko)+Chrome/69.0.3497.100+Safari/537.36 http://localhost:7184/strona%20dla%20uzytkownika.cshtml 404 0 2 11
2018-10-14 16:05:17 ::1 GET /strona+dla+uzytkownika.cshtml - 7184 grazyna.selbach@freenet.de ::1 Mozilla/5.0+(Windows+NT+10.0;+Win64;+x64)+AppleWebKit/537.36+(KHTML,+like+Gecko)+Chrome/69.0.3497.100+Safari/537.36 http://localhost:7184/strona%20dla%20uzytkownika.cshtml 200 0 0 34
2018-10-14 16:05:17 ::1 GET /style.css - 7184 - ::1 Mozilla/5.0+(Windows+NT+10.0;+Win64;+x64)+AppleWebKit/537.36+(KHTML,+like+Gecko)+Chrome/69.0.3497.100+Safari/537.36 http://localhost:7184/strona%20dla%20uzytkownika.cshtml 404 0 2 5
2018-10-14 16:09:06 ::1 GET /strona+dla+uzytkownika.cshtml - 7184 grazyna.selbach@freenet.de ::1 Mozilla/5.0+(Windows+NT+10.0;+Win64;+x64)+AppleWebKit/537.36+(KHTML,+like+Gecko)+Chrome/69.0.3497.100+Safari/537.36 - 200 0 0 2433
2018-10-14 16:09:06 ::1 GET /news.js - 7184 - ::1 Mozilla/5.0+(Windows+NT+10.0;+Win64;+x64)+AppleWebKit/537.36+(KHTML,+like+Gecko)+Chrome/69.0.3497.100+Safari/537.36 http://localhost:7184/strona%20dla%20uzytkownika.cshtml 404 0 2 26
2018-10-14 16:09:06 ::1 GET /style.css - 7184 - ::1 Mozilla/5.0+(Windows+NT+10.0;+Win64;+x64)+AppleWebKit/537.36+(KHTML,+like+Gecko)+Chrome/69.0.3497.100+Safari/537.36 http://localhost:7184/strona%20dla%20uzytkownika.cshtml 404 0 2 31
2018-10-14 16:09:06 ::1 GET /'/cse'/brand' form=%27cref_iframe 7184 - ::1 Mozilla/5.0+(Windows+NT+10.0;+Win64;+x64)+AppleWebKit/537.36+(KHTML,+like+Gecko)+Chrome/69.0.3497.100+Safari/537.36 http://localhost:7184/strona%20dla%20uzytkownika.cshtml 404 0 2 21
2018-10-14 16:09:06 ::1 GET /news.js - 7184 - ::1 Mozilla/5.0+(Windows+NT+10.0;+Win64;+x64)+AppleWebKit/537.36+(KHTML,+like+Gecko)+Chrome/69.0.3497.100+Safari/537.36 http://localhost:7184/strona%20dla%20uzytkownika.cshtml 404 0 2 16
2018-10-14 16:09:07 ::1 GET /'/cse'/brand' form=%27cref_iframe 7184 - ::1 Mozilla/5.0+(Windows+NT+10.0;+Win64;+x64)+AppleWebKit/537.36+(KHTML,+like+Gecko)+Chrome/69.0.3497.100+Safari/537.36 http://localhost:7184/strona%20dla%20uzytkownika.cshtml 404 0 2 15
2018-10-14 16:09:07 ::1 GET /strona+dla+uzytkownika.cshtml - 7184 grazyna.selbach@freenet.de ::1 Mozilla/5.0+(Windows+NT+10.0;+Win64;+x64)+AppleWebKit/537.36+(KHTML,+like+Gecko)+Chrome/69.0.3497.100+Safari/537.36 http://localhost:7184/strona%20dla%20uzytkownika.cshtml 200 0 0 18
2018-10-14 16:09:07 ::1 GET /style.css - 7184 - ::1 Mozilla/5.0+(Windows+NT+10.0;+Win64;+x64)+AppleWebKit/537.36+(KHTML,+like+Gecko)+Chrome/69.0.3497.100+Safari/537.36 http://localhost:7184/strona%20dla%20uzytkownika.cshtml 404 0 2 9
2018-10-14 16:10:56 ::1 GET /strona+dla+uzytkownika.cshtml - 7184 grazyna.selbach@freenet.de ::1 Mozilla/5.0+(Windows+NT+10.0;+Win64;+x64)+AppleWebKit/537.36+(KHTML,+like+Gecko)+Chrome/69.0.3497.100+Safari/537.36 - 200 0 0 2337
2018-10-14 16:10:56 ::1 GET /news.js - 7184 - ::1 Mozilla/5.0+(Windows+NT+10.0;+Win64;+x64)+AppleWebKit/537.36+(KHTML,+like+Gecko)+Chrome/69.0.3497.100+Safari/537.36 http://localhost:7184/strona%20dla%20uzytkownika.cshtml 404 0 2 9
2018-10-14 16:10:56 ::1 GET /style.css - 7184 - ::1 Mozilla/5.0+(Windows+NT+10.0;+Win64;+x64)+AppleWebKit/537.36+(KHTML,+like+Gecko)+Chrome/69.0.3497.100+Safari/537.36 http://localhost:7184/strona%20dla%20uzytkownika.cshtml 404 0 2 9
2018-10-14 16:10:56 ::1 GET /'/cse'/brand' form=%27cref_iframe 7184 - ::1 Mozilla/5.0+(Windows+NT+10.0;+Win64;+x64)+AppleWebKit/537.36+(KHTML,+like+Gecko)+Chrome/69.0.3497.100+Safari/537.36 http://localhost:7184/strona%20dla%20uzytkownika.cshtml 404 0 2 17
2018-10-14 16:10:56 ::1 GET /news.js - 7184 - ::1 Mozilla/5.0+(Windows+NT+10.0;+Win64;+x64)+AppleWebKit/537.36+(KHTML,+like+Gecko)+Chrome/69.0.3497.100+Safari/537.36 http://localhost:7184/strona%20dla%20uzytkownika.cshtml 404 0 2 20
2018-10-14 16:10:57 ::1 GET /'/cse'/brand' form=%27cref_iframe 7184 - ::1 Mozilla/5.0+(Windows+NT+10.0;+Win64;+x64)+AppleWebKit/537.36+(KHTML,+like+Gecko)+Chrome/69.0.3497.100+Safari/537.36 http://localhost:7184/strona%20dla%20uzytkownika.cshtml 404 0 2 6
2018-10-14 16:10:57 ::1 GET /strona+dla+uzytkownika.cshtml - 7184 grazyna.selbach@freenet.de ::1 Mozilla/5.0+(Windows+NT+10.0;+Win64;+x64)+AppleWebKit/537.36+(KHTML,+like+Gecko)+Chrome/69.0.3497.100+Safari/537.36 http://localhost:7184/strona%20dla%20uzytkownika.cshtml 200 0 0 11
2018-10-14 16:10:57 ::1 GET /style.css - 7184 - ::1 Mozilla/5.0+(Windows+NT+10.0;+Win64;+x64)+AppleWebKit/537.36+(KHTML,+like+Gecko)+Chrome/69.0.3497.100+Safari/537.36 http://localhost:7184/strona%20dla%20uzytkownika.cshtml 404 0 2 5
2018-10-14 16:12:17 ::1 GET /strona+dla+uzytkownika.cshtml - 7184 grazyna.selbach@freenet.de ::1 Mozilla/5.0+(Windows+NT+10.0;+Win64;+x64)+AppleWebKit/537.36+(KHTML,+like+Gecko)+Chrome/69.0.3497.100+Safari/537.36 - 200 0 0 2199
2018-10-14 16:12:17 ::1 GET /news.js - 7184 - ::1 Mozilla/5.0+(Windows+NT+10.0;+Win64;+x64)+AppleWebKit/537.36+(KHTML,+like+Gecko)+Chrome/69.0.3497.100+Safari/537.36 http://localhost:7184/strona%20dla%20uzytkownika.cshtml 404 0 2 16
2018-10-14 16:12:17 ::1 GET /style.css - 7184 - ::1 Mozilla/5.0+(Windows+NT+10.0;+Win64;+x64)+AppleWebKit/537.36+(KHTML,+like+Gecko)+Chrome/69.0.3497.100+Safari/537.36 http://localhost:7184/strona%20dla%20uzytkownika.cshtml 404 0 2 16
2018-10-14 16:12:17 ::1 GET /'/cse'/brand' form=%27cref_iframe 7184 - ::1 Mozilla/5.0+(Windows+NT+10.0;+Win64;+x64)+AppleWebKit/537.36+(KHTML,+like+Gecko)+Chrome/69.0.3497.100+Safari/537.36 http://localhost:7184/strona%20dla%20uzytkownika.cshtml 404 0 2 19
2018-10-14 16:12:17 ::1 GET /news.js - 7184 - ::1 Mozilla/5.0+(Windows+NT+10.0;+Win64;+x64)+AppleWebKit/537.36+(KHTML,+like+Gecko)+Chrome/69.0.3497.100+Safari/537.36 http://localhost:7184/strona%20dla%20uzytkownika.cshtml 404 0 2 8
2018-10-14 16:12:17 ::1 GET /'/cse'/brand' form=%27cref_iframe 7184 - ::1 Mozilla/5.0+(Windows+NT+10.0;+Win64;+x64)+AppleWebKit/537.36+(KHTML,+like+Gecko)+Chrome/69.0.3497.100+Safari/537.36 http://localhost:7184/strona%20dla%20uzytkownika.cshtml 404 0 2 8
2018-10-14 16:12:18 ::1 GET /strona+dla+uzytkownika.cshtml - 7184 grazyna.selbach@freenet.de ::1 Mozilla/5.0+(Windows+NT+10.0;+Win64;+x64)+AppleWebKit/537.36+(KHTML,+like+Gecko)+Chrome/69.0.3497.100+Safari/537.36 http://localhost:7184/strona%20dla%20uzytkownika.cshtml 200 0 0 9
2018-10-14 16:12:18 ::1 GET /style.css - 7184 - ::1 Mozilla/5.0+(Windows+NT+10.0;+Win64;+x64)+AppleWebKit/537.36+(KHTML,+like+Gecko)+Chrome/69.0.3497.100+Safari/537.36 http://localhost:7184/strona%20dla%20uzytkownika.cshtml 404 0 2 7
2018-10-14 16:12:52 ::1 GET /strona+dla+uzytkownika.cshtml - 7184 grazyna.selbach@freenet.de ::1 Mozilla/5.0+(Windows+NT+10.0;+Win64;+x64)+AppleWebKit/537.36+(KHTML,+like+Gecko)+Chrome/69.0.3497.100+Safari/537.36 - 200 0 0 2167
2018-10-14 16:12:52 ::1 GET /style.css - 7184 - ::1 Mozilla/5.0+(Windows+NT+10.0;+Win64;+x64)+AppleWebKit/537.36+(KHTML,+like+Gecko)+Chrome/69.0.3497.100+Safari/537.36 http://localhost:7184/strona%20dla%20uzytkownika.cshtml 404 0 2 14
2018-10-14 16:12:52 ::1 GET /news.js - 7184 - ::1 Mozilla/5.0+(Windows+NT+10.0;+Win64;+x64)+AppleWebKit/537.36+(KHTML,+like+Gecko)+Chrome/69.0.3497.100+Safari/537.36 http://localhost:7184/strona%20dla%20uzytkownika.cshtml 404 0 2 21
2018-10-14 16:12:52 ::1 GET /news.js - 7184 - ::1 Mozilla/5.0+(Windows+NT+10.0;+Win64;+x64)+AppleWebKit/537.36+(KHTML,+like+Gecko)+Chrome/69.0.3497.100+Safari/537.36 http://localhost:7184/strona%20dla%20uzytkownika.cshtml 404 0 2 8
2018-10-14 16:12:52 ::1 GET /'/cse'/brand' form=%27cref_iframe 7184 - ::1 Mozilla/5.0+(Windows+NT+10.0;+Win64;+x64)+AppleWebKit/537.36+(KHTML,+like+Gecko)+Chrome/69.0.3497.100+Safari/537.36 http://localhost:7184/strona%20dla%20uzytkownika.cshtml 404 0 2 17
2018-10-14 16:12:52 ::1 GET /'/cse'/brand' form=%27cref_iframe 7184 - ::1 Mozilla/5.0+(Windows+NT+10.0;+Win64;+x64)+AppleWebKit/537.36+(KHTML,+like+Gecko)+Chrome/69.0.3497.100+Safari/537.36 http://localhost:7184/strona%20dla%20uzytkownika.cshtml 404 0 2 8
2018-10-14 16:12:53 ::1 GET /strona+dla+uzytkownika.cshtml - 7184 grazyna.selbach@freenet.de ::1 Mozilla/5.0+(Windows+NT+10.0;+Win64;+x64)+AppleWebKit/537.36+(KHTML,+like+Gecko)+Chrome/69.0.3497.100+Safari/537.36 http://localhost:7184/strona%20dla%20uzytkownika.cshtml 200 0 0 11
2018-10-14 16:12:53 ::1 GET /style.css - 7184 - ::1 Mozilla/5.0+(Windows+NT+10.0;+Win64;+x64)+AppleWebKit/537.36+(KHTML,+like+Gecko)+Chrome/69.0.3497.100+Safari/537.36 http://localhost:7184/strona%20dla%20uzytkownika.cshtml 404 0 2 4
2018-10-14 16:14:02 ::1 GET /strona+dla+uzytkownika.cshtml - 7184 grazyna.selbach@freenet.de ::1 Mozilla/5.0+(Windows+NT+10.0;+Win64;+x64)+AppleWebKit/537.36+(KHTML,+like+Gecko)+Chrome/69.0.3497.100+Safari/537.36 - 200 0 0 2196
2018-10-14 16:14:02 ::1 GET /style.css - 7184 - ::1 Mozilla/5.0+(Windows+NT+10.0;+Win64;+x64)+AppleWebKit/537.36+(KHTML,+like+Gecko)+Chrome/69.0.3497.100+Safari/537.36 http://localhost:7184/strona%20dla%20uzytkownika.cshtml 404 0 2 29
2018-10-14 16:14:02 ::1 GET /news.js - 7184 - ::1 Mozilla/5.0+(Windows+NT+10.0;+Win64;+x64)+AppleWebKit/537.36+(KHTML,+like+Gecko)+Chrome/69.0.3497.100+Safari/537.36 http://localhost:7184/strona%20dla%20uzytkownika.cshtml 404 0 2 30
2018-10-14 16:14:02 ::1 GET /news.js - 7184 - ::1 Mozilla/5.0+(Windows+NT+10.0;+Win64;+x64)+AppleWebKit/537.36+(KHTML,+like+Gecko)+Chrome/69.0.3497.100+Safari/537.36 http://localhost:7184/strona%20dla%20uzytkownika.cshtml 404 0 2 6
2018-10-14 16:14:02 ::1 GET /'/cse'/brand' form=%27cref_iframe 7184 - ::1 Mozilla/5.0+(Windows+NT+10.0;+Win64;+x64)+AppleWebKit/537.36+(KHTML,+like+Gecko)+Chrome/69.0.3497.100+Safari/537.36 http://localhost:7184/strona%20dla%20uzytkownika.cshtml 404 0 2 22
2018-10-14 16:14:03 ::1 GET /'/cse'/brand' form=%27cref_iframe 7184 - ::1 Mozilla/5.0+(Windows+NT+10.0;+Win64;+x64)+AppleWebKit/537.36+(KHTML,+like+Gecko)+Chrome/69.0.3497.100+Safari/537.36 http://localhost:7184/strona%20dla%20uzytkownika.cshtml 404 0 2 7
2018-10-14 16:14:03 ::1 GET /strona+dla+uzytkownika.cshtml - 7184 grazyna.selbach@freenet.de ::1 Mozilla/5.0+(Windows+NT+10.0;+Win64;+x64)+AppleWebKit/537.36+(KHTML,+like+Gecko)+Chrome/69.0.3497.100+Safari/537.36 http://localhost:7184/strona%20dla%20uzytkownika.cshtml 200 0 0 8
2018-10-14 16:14:03 ::1 GET /style.css - 7184 - ::1 Mozilla/5.0+(Windows+NT+10.0;+Win64;+x64)+AppleWebKit/537.36+(KHTML,+like+Gecko)+Chrome/69.0.3497.100+Safari/537.36 http://localhost:7184/strona%20dla%20uzytkownika.cshtml 404 0 2 5
2018-10-14 16:15:01 ::1 GET /strona+dla+uzytkownika.cshtml - 7184 grazyna.selbach@freenet.de ::1 Mozilla/5.0+(Windows+NT+10.0;+Win64;+x64)+AppleWebKit/537.36+(KHTML,+like+Gecko)+Chrome/69.0.3497.100+Safari/537.36 - 200 0 0 2455
2018-10-14 16:15:01 ::1 GET /news.js - 7184 - ::1 Mozilla/5.0+(Windows+NT+10.0;+Win64;+x64)+AppleWebKit/537.36+(KHTML,+like+Gecko)+Chrome/69.0.3497.100+Safari/537.36 http://localhost:7184/strona%20dla%20uzytkownika.cshtml 404 0 2 14
2018-10-14 16:15:01 ::1 GET /style.css - 7184 - ::1 Mozilla/5.0+(Windows+NT+10.0;+Win64;+x64)+AppleWebKit/537.36+(KHTML,+like+Gecko)+Chrome/69.0.3497.100+Safari/537.36 http://localhost:7184/strona%20dla%20uzytkownika.cshtml 404 0 2 14
2018-10-14 16:15:01 ::1 GET /'/cse'/brand' form=%27cref_iframe 7184 - ::1 Mozilla/5.0+(Windows+NT+10.0;+Win64;+x64)+AppleWebKit/537.36+(KHTML,+like+Gecko)+Chrome/69.0.3497.100+Safari/537.36 http://localhost:7184/strona%20dla%20uzytkownika.cshtml 404 0 2 12
2018-10-14 16:15:01 ::1 GET /news.js - 7184 - ::1 Mozilla/5.0+(Windows+NT+10.0;+Win64;+x64)+AppleWebKit/537.36+(KHTML,+like+Gecko)+Chrome/69.0.3497.100+Safari/537.36 http://localhost:7184/strona%20dla%20uzytkownika.cshtml 404 0 2 8
2018-10-14 16:15:02 ::1 GET /'/cse'/brand' form=%27cref_iframe 7184 - ::1 Mozilla/5.0+(Windows+NT+10.0;+Win64;+x64)+AppleWebKit/537.36+(KHTML,+like+Gecko)+Chrome/69.0.3497.100+Safari/537.36 http://localhost:7184/strona%20dla%20uzytkownika.cshtml 404 0 2 8
2018-10-14 16:15:02 ::1 GET /strona+dla+uzytkownika.cshtml - 7184 grazyna.selbach@freenet.de ::1 Mozilla/5.0+(Windows+NT+10.0;+Win64;+x64)+AppleWebKit/537.36+(KHTML,+like+Gecko)+Chrome/69.0.3497.100+Safari/537.36 http://localhost:7184/strona%20dla%20uzytkownika.cshtml 200 0 0 10
2018-10-14 16:15:02 ::1 GET /style.css - 7184 - ::1 Mozilla/5.0+(Windows+NT+10.0;+Win64;+x64)+AppleWebKit/537.36+(KHTML,+like+Gecko)+Chrome/69.0.3497.100+Safari/537.36 http://localhost:7184/strona%20dla%20uzytkownika.cshtml 404 0 2 8
2018-10-14 16:17:11 ::1 GET /strona+dla+uzytkownika.cshtml - 7184 grazyna.selbach@freenet.de ::1 Mozilla/5.0+(Windows+NT+10.0;+Win64;+x64)+AppleWebKit/537.36+(KHTML,+like+Gecko)+Chrome/69.0.3497.100+Safari/537.36 - 200 0 0 4088
2018-10-14 16:17:11 ::1 GET /news.js - 7184 - ::1 Mozilla/5.0+(Windows+NT+10.0;+Win64;+x64)+AppleWebKit/537.36+(KHTML,+like+Gecko)+Chrome/69.0.3497.100+Safari/537.36 http://localhost:7184/strona%20dla%20uzytkownika.cshtml 404 0 2 29
2018-10-14 16:17:11 ::1 GET /style.css - 7184 - ::1 Mozilla/5.0+(Windows+NT+10.0;+Win64;+x64)+AppleWebKit/537.36+(KHTML,+like+Gecko)+Chrome/69.0.3497.100+Safari/537.36 http://localhost:7184/strona%20dla%20uzytkownika.cshtml 404 0 2 19
2018-10-14 16:17:11 ::1 GET /'/cse'/brand' form=%27cref_iframe 7184 - ::1 Mozilla/5.0+(Windows+NT+10.0;+Win64;+x64)+AppleWebKit/537.36+(KHTML,+like+Gecko)+Chrome/69.0.3497.100+Safari/537.36 http://localhost:7184/strona%20dla%20uzytkownika.cshtml 404 0 2 23
2018-10-14 16:17:11 ::1 GET /news.js - 7184 - ::1 Mozilla/5.0+(Windows+NT+10.0;+Win64;+x64)+AppleWebKit/537.36+(KHTML,+like+Gecko)+Chrome/69.0.3497.100+Safari/537.36 http://localhost:7184/strona%20dla%20uzytkownika.cshtml 404 0 2 25
2018-10-14 16:17:12 ::1 GET /'/cse'/brand' form=%27cref_iframe 7184 - ::1 Mozilla/5.0+(Windows+NT+10.0;+Win64;+x64)+AppleWebKit/537.36+(KHTML,+like+Gecko)+Chrome/69.0.3497.100+Safari/537.36 http://localhost:7184/strona%20dla%20uzytkownika.cshtml 404 0 2 11
2018-10-14 16:17:12 ::1 GET /strona+dla+uzytkownika.cshtml - 7184 grazyna.selbach@freenet.de ::1 Mozilla/5.0+(Windows+NT+10.0;+Win64;+x64)+AppleWebKit/537.36+(KHTML,+like+Gecko)+Chrome/69.0.3497.100+Safari/537.36 http://localhost:7184/strona%20dla%20uzytkownika.cshtml 200 0 0 12
2018-10-14 16:17:12 ::1 GET /style.css - 7184 - ::1 Mozilla/5.0+(Windows+NT+10.0;+Win64;+x64)+AppleWebKit/537.36+(KHTML,+like+Gecko)+Chrome/69.0.3497.100+Safari/537.36 http://localhost:7184/strona%20dla%20uzytkownika.cshtml 404 0 2 8
