#Software: Microsoft Internet Information Services 10.0
#Version: 1.0
#Date: 2018-10-16 13:09:26
#Fields: date time s-ip cs-method cs-uri-stem cs-uri-query s-port cs-username c-ip cs(User-Agent) cs(Referer) sc-status sc-substatus sc-win32-status time-taken
2018-10-16 13:09:26 ::1 GET / - 7184 - ::1 Mozilla/5.0+(compatible;+MSIE+9.0;+Windows+NT+6.2;+WOW64;+Trident/7.0) - 200 0 0 8237
2018-10-16 13:09:26 ::1 GET / - 7184 - ::1 Mozilla/5.0+(compatible;+MSIE+9.0;+Windows+NT+6.2;+WOW64;+Trident/7.0) - 200 0 0 32
2018-10-16 13:14:30 ::1 GET /strona+dla+uzytkownika.cshtml - 7184 - ::1 Mozilla/5.0+(Windows+NT+10.0;+Win64;+x64)+AppleWebKit/537.36+(KHTML,+like+Gecko)+Chrome/69.0.3497.100+Safari/537.36 - 200 0 0 2230
2018-10-16 13:14:30 ::1 GET /news.js - 7184 - ::1 Mozilla/5.0+(Windows+NT+10.0;+Win64;+x64)+AppleWebKit/537.36+(KHTML,+like+Gecko)+Chrome/69.0.3497.100+Safari/537.36 http://localhost:7184/strona%20dla%20uzytkownika.cshtml 404 0 2 81
2018-10-16 13:14:30 ::1 GET /style.css - 7184 - ::1 Mozilla/5.0+(Windows+NT+10.0;+Win64;+x64)+AppleWebKit/537.36+(KHTML,+like+Gecko)+Chrome/69.0.3497.100+Safari/537.36 http://localhost:7184/strona%20dla%20uzytkownika.cshtml 404 0 2 83
2018-10-16 13:14:30 ::1 GET /news.js - 7184 - ::1 Mozilla/5.0+(Windows+NT+10.0;+Win64;+x64)+AppleWebKit/537.36+(KHTML,+like+Gecko)+Chrome/69.0.3497.100+Safari/537.36 http://localhost:7184/strona%20dla%20uzytkownika.cshtml 404 0 2 5
2018-10-16 13:14:32 ::1 GET /style.css - 7184 - ::1 Mozilla/5.0+(Windows+NT+10.0;+Win64;+x64)+AppleWebKit/537.36+(KHTML,+like+Gecko)+Chrome/69.0.3497.100+Safari/537.36 http://localhost:7184/strona%20dla%20uzytkownika.cshtml 404 0 2 20
2018-10-16 13:14:32 ::1 GET /strona+dla+uzytkownika.cshtml - 7184 - ::1 Mozilla/5.0+(Windows+NT+10.0;+Win64;+x64)+AppleWebKit/537.36+(KHTML,+like+Gecko)+Chrome/69.0.3497.100+Safari/537.36 http://localhost:7184/strona%20dla%20uzytkownika.cshtml 200 0 0 23
2018-10-16 13:15:43 ::1 GET /strona+dla+uzytkownika.cshtml - 7184 - ::1 Mozilla/5.0+(Windows+NT+10.0;+Win64;+x64)+AppleWebKit/537.36+(KHTML,+like+Gecko)+Chrome/69.0.3497.100+Safari/537.36 - 200 0 0 2191
2018-10-16 13:15:43 ::1 GET /style.css - 7184 - ::1 Mozilla/5.0+(Windows+NT+10.0;+Win64;+x64)+AppleWebKit/537.36+(KHTML,+like+Gecko)+Chrome/69.0.3497.100+Safari/537.36 http://localhost:7184/strona%20dla%20uzytkownika.cshtml 404 0 2 10
2018-10-16 13:15:43 ::1 GET /news.js - 7184 - ::1 Mozilla/5.0+(Windows+NT+10.0;+Win64;+x64)+AppleWebKit/537.36+(KHTML,+like+Gecko)+Chrome/69.0.3497.100+Safari/537.36 http://localhost:7184/strona%20dla%20uzytkownika.cshtml 404 0 2 17
2018-10-16 13:15:43 ::1 GET /news.js - 7184 - ::1 Mozilla/5.0+(Windows+NT+10.0;+Win64;+x64)+AppleWebKit/537.36+(KHTML,+like+Gecko)+Chrome/69.0.3497.100+Safari/537.36 http://localhost:7184/strona%20dla%20uzytkownika.cshtml 404 0 2 10
2018-10-16 13:15:44 ::1 GET /strona+dla+uzytkownika.cshtml - 7184 - ::1 Mozilla/5.0+(Windows+NT+10.0;+Win64;+x64)+AppleWebKit/537.36+(KHTML,+like+Gecko)+Chrome/69.0.3497.100+Safari/537.36 http://localhost:7184/strona%20dla%20uzytkownika.cshtml 200 0 0 8
2018-10-16 13:15:44 ::1 GET /style.css - 7184 - ::1 Mozilla/5.0+(Windows+NT+10.0;+Win64;+x64)+AppleWebKit/537.36+(KHTML,+like+Gecko)+Chrome/69.0.3497.100+Safari/537.36 http://localhost:7184/strona%20dla%20uzytkownika.cshtml 404 0 2 7
2018-10-16 13:16:32 ::1 GET /strona+dla+uzytkownika.cshtml - 7184 - ::1 Mozilla/5.0+(Windows+NT+10.0;+Win64;+x64)+AppleWebKit/537.36+(KHTML,+like+Gecko)+Chrome/69.0.3497.100+Safari/537.36 - 200 0 0 2185
2018-10-16 13:16:32 ::1 GET /style.css - 7184 - ::1 Mozilla/5.0+(Windows+NT+10.0;+Win64;+x64)+AppleWebKit/537.36+(KHTML,+like+Gecko)+Chrome/69.0.3497.100+Safari/537.36 http://localhost:7184/strona%20dla%20uzytkownika.cshtml 404 0 2 12
2018-10-16 13:16:32 ::1 GET /news.js - 7184 - ::1 Mozilla/5.0+(Windows+NT+10.0;+Win64;+x64)+AppleWebKit/537.36+(KHTML,+like+Gecko)+Chrome/69.0.3497.100+Safari/537.36 http://localhost:7184/strona%20dla%20uzytkownika.cshtml 404 0 2 12
2018-10-16 13:16:32 ::1 GET /news.js - 7184 - ::1 Mozilla/5.0+(Windows+NT+10.0;+Win64;+x64)+AppleWebKit/537.36+(KHTML,+like+Gecko)+Chrome/69.0.3497.100+Safari/537.36 http://localhost:7184/strona%20dla%20uzytkownika.cshtml 404 0 2 5
2018-10-16 13:16:32 ::1 GET /strona+dla+uzytkownika.cshtml - 7184 - ::1 Mozilla/5.0+(Windows+NT+10.0;+Win64;+x64)+AppleWebKit/537.36+(KHTML,+like+Gecko)+Chrome/69.0.3497.100+Safari/537.36 http://localhost:7184/strona%20dla%20uzytkownika.cshtml 200 0 0 10
2018-10-16 13:16:32 ::1 GET /style.css - 7184 - ::1 Mozilla/5.0+(Windows+NT+10.0;+Win64;+x64)+AppleWebKit/537.36+(KHTML,+like+Gecko)+Chrome/69.0.3497.100+Safari/537.36 http://localhost:7184/strona%20dla%20uzytkownika.cshtml 404 0 2 5
2018-10-16 13:18:07 ::1 GET /strona+dla+uzytkownika.cshtml - 7184 - ::1 Mozilla/5.0+(Windows+NT+10.0;+Win64;+x64)+AppleWebKit/537.36+(KHTML,+like+Gecko)+Chrome/69.0.3497.100+Safari/537.36 - 200 0 0 2180
2018-10-16 13:18:07 ::1 GET /style.css - 7184 - ::1 Mozilla/5.0+(Windows+NT+10.0;+Win64;+x64)+AppleWebKit/537.36+(KHTML,+like+Gecko)+Chrome/69.0.3497.100+Safari/537.36 http://localhost:7184/strona%20dla%20uzytkownika.cshtml 404 0 2 30
2018-10-16 13:18:07 ::1 GET /news.js - 7184 - ::1 Mozilla/5.0+(Windows+NT+10.0;+Win64;+x64)+AppleWebKit/537.36+(KHTML,+like+Gecko)+Chrome/69.0.3497.100+Safari/537.36 http://localhost:7184/strona%20dla%20uzytkownika.cshtml 404 0 2 30
2018-10-16 13:18:07 ::1 GET /news.js - 7184 - ::1 Mozilla/5.0+(Windows+NT+10.0;+Win64;+x64)+AppleWebKit/537.36+(KHTML,+like+Gecko)+Chrome/69.0.3497.100+Safari/537.36 http://localhost:7184/strona%20dla%20uzytkownika.cshtml 404 0 2 7
2018-10-16 13:18:08 ::1 GET /strona+dla+uzytkownika.cshtml - 7184 - ::1 Mozilla/5.0+(Windows+NT+10.0;+Win64;+x64)+AppleWebKit/537.36+(KHTML,+like+Gecko)+Chrome/69.0.3497.100+Safari/537.36 http://localhost:7184/strona%20dla%20uzytkownika.cshtml 200 0 0 8
2018-10-16 13:18:08 ::1 GET /style.css - 7184 - ::1 Mozilla/5.0+(Windows+NT+10.0;+Win64;+x64)+AppleWebKit/537.36+(KHTML,+like+Gecko)+Chrome/69.0.3497.100+Safari/537.36 http://localhost:7184/strona%20dla%20uzytkownika.cshtml 404 0 2 6
2018-10-16 13:20:23 ::1 GET /strona+dla+uzytkownika.cshtml - 7184 - ::1 Mozilla/5.0+(Windows+NT+10.0;+Win64;+x64)+AppleWebKit/537.36+(KHTML,+like+Gecko)+Chrome/69.0.3497.100+Safari/537.36 - 200 0 0 2398
2018-10-16 13:20:23 ::1 GET /news.js - 7184 - ::1 Mozilla/5.0+(Windows+NT+10.0;+Win64;+x64)+AppleWebKit/537.36+(KHTML,+like+Gecko)+Chrome/69.0.3497.100+Safari/537.36 http://localhost:7184/strona%20dla%20uzytkownika.cshtml 404 0 2 21
2018-10-16 13:20:23 ::1 GET /style.css - 7184 - ::1 Mozilla/5.0+(Windows+NT+10.0;+Win64;+x64)+AppleWebKit/537.36+(KHTML,+like+Gecko)+Chrome/69.0.3497.100+Safari/537.36 http://localhost:7184/strona%20dla%20uzytkownika.cshtml 404 0 2 31
2018-10-16 13:20:23 ::1 GET /news.js - 7184 - ::1 Mozilla/5.0+(Windows+NT+10.0;+Win64;+x64)+AppleWebKit/537.36+(KHTML,+like+Gecko)+Chrome/69.0.3497.100+Safari/537.36 http://localhost:7184/strona%20dla%20uzytkownika.cshtml 404 0 2 5
2018-10-16 13:20:24 ::1 GET /strona+dla+uzytkownika.cshtml - 7184 - ::1 Mozilla/5.0+(Windows+NT+10.0;+Win64;+x64)+AppleWebKit/537.36+(KHTML,+like+Gecko)+Chrome/69.0.3497.100+Safari/537.36 http://localhost:7184/strona%20dla%20uzytkownika.cshtml 200 0 0 15
2018-10-16 13:20:24 ::1 GET /style.css - 7184 - ::1 Mozilla/5.0+(Windows+NT+10.0;+Win64;+x64)+AppleWebKit/537.36+(KHTML,+like+Gecko)+Chrome/69.0.3497.100+Safari/537.36 http://localhost:7184/strona%20dla%20uzytkownika.cshtml 404 0 2 8
2018-10-16 13:21:31 ::1 GET / - 7184 - ::1 Mozilla/5.0+(Windows+NT+10.0;+Win64;+x64)+AppleWebKit/537.36+(KHTML,+like+Gecko)+Chrome/69.0.3497.100+Safari/537.36 - 200 0 0 81
2018-10-16 13:21:37 ::1 GET /Account/Login - 7184 - ::1 Mozilla/5.0+(Windows+NT+10.0;+Win64;+x64)+AppleWebKit/537.36+(KHTML,+like+Gecko)+Chrome/69.0.3497.100+Safari/537.36 http://localhost:7184/ 200 0 0 257
2018-10-16 13:21:37 ::1 GET /Account/ome!pos.pgn.png - 7184 - ::1 Mozilla/5.0+(Windows+NT+10.0;+Win64;+x64)+AppleWebKit/537.36+(KHTML,+like+Gecko)+Chrome/69.0.3497.100+Safari/537.36 http://localhost:7184/Account/Login 404 0 2 18
2018-10-16 13:21:45 ::1 POST /Account/Login - 7184 - ::1 Mozilla/5.0+(Windows+NT+10.0;+Win64;+x64)+AppleWebKit/537.36+(KHTML,+like+Gecko)+Chrome/69.0.3497.100+Safari/537.36 http://localhost:7184/Account/Login 302 0 0 570
2018-10-16 13:21:45 ::1 GET /strona+dla+uzytkownika - 7184 grazyna.selbach@freenet.de ::1 Mozilla/5.0+(Windows+NT+10.0;+Win64;+x64)+AppleWebKit/537.36+(KHTML,+like+Gecko)+Chrome/69.0.3497.100+Safari/537.36 http://localhost:7184/Account/Login 200 0 0 18
2018-10-16 13:21:45 ::1 GET /news.js - 7184 - ::1 Mozilla/5.0+(Windows+NT+10.0;+Win64;+x64)+AppleWebKit/537.36+(KHTML,+like+Gecko)+Chrome/69.0.3497.100+Safari/537.36 http://localhost:7184/strona%20dla%20uzytkownika 404 0 2 23
2018-10-16 13:21:45 ::1 GET /style.css - 7184 - ::1 Mozilla/5.0+(Windows+NT+10.0;+Win64;+x64)+AppleWebKit/537.36+(KHTML,+like+Gecko)+Chrome/69.0.3497.100+Safari/537.36 http://localhost:7184/strona%20dla%20uzytkownika 404 0 2 8
2018-10-16 13:21:45 ::1 GET /news.js - 7184 - ::1 Mozilla/5.0+(Windows+NT+10.0;+Win64;+x64)+AppleWebKit/537.36+(KHTML,+like+Gecko)+Chrome/69.0.3497.100+Safari/537.36 http://localhost:7184/strona%20dla%20uzytkownika 404 0 2 11
2018-10-16 13:21:45 ::1 GET /strona+dla+uzytkownika - 7184 grazyna.selbach@freenet.de ::1 Mozilla/5.0+(Windows+NT+10.0;+Win64;+x64)+AppleWebKit/537.36+(KHTML,+like+Gecko)+Chrome/69.0.3497.100+Safari/537.36 http://localhost:7184/strona%20dla%20uzytkownika 200 0 0 8
2018-10-16 13:21:45 ::1 GET /style.css - 7184 - ::1 Mozilla/5.0+(Windows+NT+10.0;+Win64;+x64)+AppleWebKit/537.36+(KHTML,+like+Gecko)+Chrome/69.0.3497.100+Safari/537.36 http://localhost:7184/strona%20dla%20uzytkownika 404 0 2 4
2018-10-16 13:25:09 ::1 GET /strona+dla+uzytkownika.cshtml - 7184 grazyna.selbach@freenet.de ::1 Mozilla/5.0+(Windows+NT+10.0;+Win64;+x64)+AppleWebKit/537.36+(KHTML,+like+Gecko)+Chrome/69.0.3497.100+Safari/537.36 - 200 0 0 2406
2018-10-16 13:25:09 ::1 GET /style.css - 7184 - ::1 Mozilla/5.0+(Windows+NT+10.0;+Win64;+x64)+AppleWebKit/537.36+(KHTML,+like+Gecko)+Chrome/69.0.3497.100+Safari/537.36 http://localhost:7184/strona%20dla%20uzytkownika.cshtml 404 0 2 12
2018-10-16 13:25:09 ::1 GET /news.js - 7184 - ::1 Mozilla/5.0+(Windows+NT+10.0;+Win64;+x64)+AppleWebKit/537.36+(KHTML,+like+Gecko)+Chrome/69.0.3497.100+Safari/537.36 http://localhost:7184/strona%20dla%20uzytkownika.cshtml 404 0 2 12
2018-10-16 13:25:09 ::1 GET /news.js - 7184 - ::1 Mozilla/5.0+(Windows+NT+10.0;+Win64;+x64)+AppleWebKit/537.36+(KHTML,+like+Gecko)+Chrome/69.0.3497.100+Safari/537.36 http://localhost:7184/strona%20dla%20uzytkownika.cshtml 404 0 2 7
2018-10-16 13:25:10 ::1 GET /strona+dla+uzytkownika.cshtml - 7184 grazyna.selbach@freenet.de ::1 Mozilla/5.0+(Windows+NT+10.0;+Win64;+x64)+AppleWebKit/537.36+(KHTML,+like+Gecko)+Chrome/69.0.3497.100+Safari/537.36 http://localhost:7184/strona%20dla%20uzytkownika.cshtml 200 0 0 8
2018-10-16 13:25:10 ::1 GET /style.css - 7184 - ::1 Mozilla/5.0+(Windows+NT+10.0;+Win64;+x64)+AppleWebKit/537.36+(KHTML,+like+Gecko)+Chrome/69.0.3497.100+Safari/537.36 http://localhost:7184/strona%20dla%20uzytkownika.cshtml 404 0 2 5
2018-10-16 13:25:54 ::1 GET /strona+dla+uzytkownika.cshtml - 7184 grazyna.selbach@freenet.de ::1 Mozilla/5.0+(Windows+NT+10.0;+Win64;+x64)+AppleWebKit/537.36+(KHTML,+like+Gecko)+Chrome/69.0.3497.100+Safari/537.36 - 200 0 0 2081
2018-10-16 13:25:54 ::1 GET /style.css - 7184 - ::1 Mozilla/5.0+(Windows+NT+10.0;+Win64;+x64)+AppleWebKit/537.36+(KHTML,+like+Gecko)+Chrome/69.0.3497.100+Safari/537.36 http://localhost:7184/strona%20dla%20uzytkownika.cshtml 404 0 2 11
2018-10-16 13:25:54 ::1 GET /news.js - 7184 - ::1 Mozilla/5.0+(Windows+NT+10.0;+Win64;+x64)+AppleWebKit/537.36+(KHTML,+like+Gecko)+Chrome/69.0.3497.100+Safari/537.36 http://localhost:7184/strona%20dla%20uzytkownika.cshtml 404 0 2 11
2018-10-16 13:25:54 ::1 GET /news.js - 7184 - ::1 Mozilla/5.0+(Windows+NT+10.0;+Win64;+x64)+AppleWebKit/537.36+(KHTML,+like+Gecko)+Chrome/69.0.3497.100+Safari/537.36 http://localhost:7184/strona%20dla%20uzytkownika.cshtml 404 0 2 8
2018-10-16 13:25:55 ::1 GET /strona+dla+uzytkownika.cshtml - 7184 grazyna.selbach@freenet.de ::1 Mozilla/5.0+(Windows+NT+10.0;+Win64;+x64)+AppleWebKit/537.36+(KHTML,+like+Gecko)+Chrome/69.0.3497.100+Safari/537.36 http://localhost:7184/strona%20dla%20uzytkownika.cshtml 200 0 0 9
2018-10-16 13:25:55 ::1 GET /style.css - 7184 - ::1 Mozilla/5.0+(Windows+NT+10.0;+Win64;+x64)+AppleWebKit/537.36+(KHTML,+like+Gecko)+Chrome/69.0.3497.100+Safari/537.36 http://localhost:7184/strona%20dla%20uzytkownika.cshtml 404 0 2 6
2018-10-16 13:27:06 ::1 GET /strona+dla+uzytkownika.cshtml - 7184 grazyna.selbach@freenet.de ::1 Mozilla/5.0+(Windows+NT+10.0;+Win64;+x64)+AppleWebKit/537.36+(KHTML,+like+Gecko)+Chrome/69.0.3497.100+Safari/537.36 - 200 0 0 2339
2018-10-16 13:27:06 ::1 GET /news.js - 7184 - ::1 Mozilla/5.0+(Windows+NT+10.0;+Win64;+x64)+AppleWebKit/537.36+(KHTML,+like+Gecko)+Chrome/69.0.3497.100+Safari/537.36 http://localhost:7184/strona%20dla%20uzytkownika.cshtml 404 0 2 27
2018-10-16 13:27:06 ::1 GET /style.css - 7184 - ::1 Mozilla/5.0+(Windows+NT+10.0;+Win64;+x64)+AppleWebKit/537.36+(KHTML,+like+Gecko)+Chrome/69.0.3497.100+Safari/537.36 http://localhost:7184/strona%20dla%20uzytkownika.cshtml 404 0 2 32
2018-10-16 13:27:06 ::1 GET /news.js - 7184 - ::1 Mozilla/5.0+(Windows+NT+10.0;+Win64;+x64)+AppleWebKit/537.36+(KHTML,+like+Gecko)+Chrome/69.0.3497.100+Safari/537.36 http://localhost:7184/strona%20dla%20uzytkownika.cshtml 404 0 2 10
2018-10-16 13:27:07 ::1 GET /strona+dla+uzytkownika.cshtml - 7184 grazyna.selbach@freenet.de ::1 Mozilla/5.0+(Windows+NT+10.0;+Win64;+x64)+AppleWebKit/537.36+(KHTML,+like+Gecko)+Chrome/69.0.3497.100+Safari/537.36 http://localhost:7184/strona%20dla%20uzytkownika.cshtml 200 0 0 18
2018-10-16 13:27:07 ::1 GET /style.css - 7184 - ::1 Mozilla/5.0+(Windows+NT+10.0;+Win64;+x64)+AppleWebKit/537.36+(KHTML,+like+Gecko)+Chrome/69.0.3497.100+Safari/537.36 http://localhost:7184/strona%20dla%20uzytkownika.cshtml 404 0 2 7
2018-10-16 13:31:03 ::1 GET /strona+dla+uzytkownika.cshtml - 7184 grazyna.selbach@freenet.de ::1 Mozilla/5.0+(Windows+NT+10.0;+Win64;+x64)+AppleWebKit/537.36+(KHTML,+like+Gecko)+Chrome/69.0.3497.100+Safari/537.36 - 200 0 0 2446
2018-10-16 13:31:03 ::1 GET /style.css - 7184 - ::1 Mozilla/5.0+(Windows+NT+10.0;+Win64;+x64)+AppleWebKit/537.36+(KHTML,+like+Gecko)+Chrome/69.0.3497.100+Safari/537.36 http://localhost:7184/strona%20dla%20uzytkownika.cshtml 404 0 2 16
2018-10-16 13:31:03 ::1 GET /news.js - 7184 - ::1 Mozilla/5.0+(Windows+NT+10.0;+Win64;+x64)+AppleWebKit/537.36+(KHTML,+like+Gecko)+Chrome/69.0.3497.100+Safari/537.36 http://localhost:7184/strona%20dla%20uzytkownika.cshtml 404 0 2 8
2018-10-16 13:31:03 ::1 GET /news.js - 7184 - ::1 Mozilla/5.0+(Windows+NT+10.0;+Win64;+x64)+AppleWebKit/537.36+(KHTML,+like+Gecko)+Chrome/69.0.3497.100+Safari/537.36 http://localhost:7184/strona%20dla%20uzytkownika.cshtml 404 0 2 12
2018-10-16 13:31:04 ::1 GET /strona+dla+uzytkownika.cshtml - 7184 grazyna.selbach@freenet.de ::1 Mozilla/5.0+(Windows+NT+10.0;+Win64;+x64)+AppleWebKit/537.36+(KHTML,+like+Gecko)+Chrome/69.0.3497.100+Safari/537.36 http://localhost:7184/strona%20dla%20uzytkownika.cshtml 200 0 0 15
2018-10-16 13:31:04 ::1 GET /style.css - 7184 - ::1 Mozilla/5.0+(Windows+NT+10.0;+Win64;+x64)+AppleWebKit/537.36+(KHTML,+like+Gecko)+Chrome/69.0.3497.100+Safari/537.36 http://localhost:7184/strona%20dla%20uzytkownika.cshtml 404 0 2 5
#Software: Microsoft Internet Information Services 10.0
#Version: 1.0
#Date: 2018-10-16 13:47:04
#Fields: date time s-ip cs-method cs-uri-stem cs-uri-query s-port cs-username c-ip cs(User-Agent) cs(Referer) sc-status sc-substatus sc-win32-status time-taken
2018-10-16 13:47:04 ::1 GET /strona+dla+uzytkownika.cshtml - 7184 grazyna.selbach@freenet.de ::1 Mozilla/5.0+(Windows+NT+10.0;+Win64;+x64)+AppleWebKit/537.36+(KHTML,+like+Gecko)+Chrome/69.0.3497.100+Safari/537.36 - 200 0 0 2424
2018-10-16 13:47:04 ::1 GET /style.css - 7184 - ::1 Mozilla/5.0+(Windows+NT+10.0;+Win64;+x64)+AppleWebKit/537.36+(KHTML,+like+Gecko)+Chrome/69.0.3497.100+Safari/537.36 http://localhost:7184/strona%20dla%20uzytkownika.cshtml 404 0 2 21
2018-10-16 13:47:04 ::1 GET /news.js - 7184 - ::1 Mozilla/5.0+(Windows+NT+10.0;+Win64;+x64)+AppleWebKit/537.36+(KHTML,+like+Gecko)+Chrome/69.0.3497.100+Safari/537.36 http://localhost:7184/strona%20dla%20uzytkownika.cshtml 404 0 2 13
2018-10-16 13:47:04 ::1 GET /news.js - 7184 - ::1 Mozilla/5.0+(Windows+NT+10.0;+Win64;+x64)+AppleWebKit/537.36+(KHTML,+like+Gecko)+Chrome/69.0.3497.100+Safari/537.36 http://localhost:7184/strona%20dla%20uzytkownika.cshtml 404 0 2 10
2018-10-16 13:47:05 ::1 GET /strona+dla+uzytkownika.cshtml - 7184 grazyna.selbach@freenet.de ::1 Mozilla/5.0+(Windows+NT+10.0;+Win64;+x64)+AppleWebKit/537.36+(KHTML,+like+Gecko)+Chrome/69.0.3497.100+Safari/537.36 http://localhost:7184/strona%20dla%20uzytkownika.cshtml 200 0 0 9
2018-10-16 13:47:05 ::1 GET /style.css - 7184 - ::1 Mozilla/5.0+(Windows+NT+10.0;+Win64;+x64)+AppleWebKit/537.36+(KHTML,+like+Gecko)+Chrome/69.0.3497.100+Safari/537.36 http://localhost:7184/strona%20dla%20uzytkownika.cshtml 404 0 2 6
2018-10-16 13:49:02 ::1 GET /strona+dla+uzytkownika.cshtml - 7184 grazyna.selbach@freenet.de ::1 Mozilla/5.0+(Windows+NT+10.0;+Win64;+x64)+AppleWebKit/537.36+(KHTML,+like+Gecko)+Chrome/69.0.3497.100+Safari/537.36 - 200 0 0 2376
2018-10-16 13:49:02 ::1 GET /news.js - 7184 - ::1 Mozilla/5.0+(Windows+NT+10.0;+Win64;+x64)+AppleWebKit/537.36+(KHTML,+like+Gecko)+Chrome/69.0.3497.100+Safari/537.36 http://localhost:7184/strona%20dla%20uzytkownika.cshtml 404 0 2 21
2018-10-16 13:49:02 ::1 GET /style.css - 7184 - ::1 Mozilla/5.0+(Windows+NT+10.0;+Win64;+x64)+AppleWebKit/537.36+(KHTML,+like+Gecko)+Chrome/69.0.3497.100+Safari/537.36 http://localhost:7184/strona%20dla%20uzytkownika.cshtml 404 0 2 22
2018-10-16 13:49:02 ::1 GET /news.js - 7184 - ::1 Mozilla/5.0+(Windows+NT+10.0;+Win64;+x64)+AppleWebKit/537.36+(KHTML,+like+Gecko)+Chrome/69.0.3497.100+Safari/537.36 http://localhost:7184/strona%20dla%20uzytkownika.cshtml 404 0 2 7
2018-10-16 13:49:03 ::1 GET /strona+dla+uzytkownika.cshtml - 7184 grazyna.selbach@freenet.de ::1 Mozilla/5.0+(Windows+NT+10.0;+Win64;+x64)+AppleWebKit/537.36+(KHTML,+like+Gecko)+Chrome/69.0.3497.100+Safari/537.36 http://localhost:7184/strona%20dla%20uzytkownika.cshtml 200 0 0 10
2018-10-16 13:49:03 ::1 GET /style.css - 7184 - ::1 Mozilla/5.0+(Windows+NT+10.0;+Win64;+x64)+AppleWebKit/537.36+(KHTML,+like+Gecko)+Chrome/69.0.3497.100+Safari/537.36 http://localhost:7184/strona%20dla%20uzytkownika.cshtml 404 0 2 6
2018-10-16 13:52:03 ::1 GET /strona+dla+uzytkownika.cshtml - 7184 grazyna.selbach@freenet.de ::1 Mozilla/5.0+(Windows+NT+10.0;+Win64;+x64)+AppleWebKit/537.36+(KHTML,+like+Gecko)+Chrome/69.0.3497.100+Safari/537.36 - 200 0 0 2544
2018-10-16 13:52:03 ::1 GET /news.js - 7184 - ::1 Mozilla/5.0+(Windows+NT+10.0;+Win64;+x64)+AppleWebKit/537.36+(KHTML,+like+Gecko)+Chrome/69.0.3497.100+Safari/537.36 http://localhost:7184/strona%20dla%20uzytkownika.cshtml 404 0 2 11
2018-10-16 13:52:03 ::1 GET /style.css - 7184 - ::1 Mozilla/5.0+(Windows+NT+10.0;+Win64;+x64)+AppleWebKit/537.36+(KHTML,+like+Gecko)+Chrome/69.0.3497.100+Safari/537.36 http://localhost:7184/strona%20dla%20uzytkownika.cshtml 404 0 2 25
2018-10-16 13:52:03 ::1 GET /news.js - 7184 - ::1 Mozilla/5.0+(Windows+NT+10.0;+Win64;+x64)+AppleWebKit/537.36+(KHTML,+like+Gecko)+Chrome/69.0.3497.100+Safari/537.36 http://localhost:7184/strona%20dla%20uzytkownika.cshtml 404 0 2 4
2018-10-16 13:52:04 ::1 GET /strona+dla+uzytkownika.cshtml - 7184 grazyna.selbach@freenet.de ::1 Mozilla/5.0+(Windows+NT+10.0;+Win64;+x64)+AppleWebKit/537.36+(KHTML,+like+Gecko)+Chrome/69.0.3497.100+Safari/537.36 http://localhost:7184/strona%20dla%20uzytkownika.cshtml 200 0 0 16
2018-10-16 13:52:04 ::1 GET /style.css - 7184 - ::1 Mozilla/5.0+(Windows+NT+10.0;+Win64;+x64)+AppleWebKit/537.36+(KHTML,+like+Gecko)+Chrome/69.0.3497.100+Safari/537.36 http://localhost:7184/strona%20dla%20uzytkownika.cshtml 404 0 2 6
2018-10-16 13:53:46 ::1 GET /strona+dla+uzytkownika.cshtml - 7184 grazyna.selbach@freenet.de ::1 Mozilla/5.0+(Windows+NT+10.0;+Win64;+x64)+AppleWebKit/537.36+(KHTML,+like+Gecko)+Chrome/69.0.3497.100+Safari/537.36 - 200 0 0 2347
2018-10-16 13:53:46 ::1 GET /style.css - 7184 - ::1 Mozilla/5.0+(Windows+NT+10.0;+Win64;+x64)+AppleWebKit/537.36+(KHTML,+like+Gecko)+Chrome/69.0.3497.100+Safari/537.36 http://localhost:7184/strona%20dla%20uzytkownika.cshtml 404 0 2 26
2018-10-16 13:53:46 ::1 GET /news.js - 7184 - ::1 Mozilla/5.0+(Windows+NT+10.0;+Win64;+x64)+AppleWebKit/537.36+(KHTML,+like+Gecko)+Chrome/69.0.3497.100+Safari/537.36 http://localhost:7184/strona%20dla%20uzytkownika.cshtml 404 0 2 26
2018-10-16 13:53:46 ::1 GET /news.js - 7184 - ::1 Mozilla/5.0+(Windows+NT+10.0;+Win64;+x64)+AppleWebKit/537.36+(KHTML,+like+Gecko)+Chrome/69.0.3497.100+Safari/537.36 http://localhost:7184/strona%20dla%20uzytkownika.cshtml 404 0 2 9
2018-10-16 13:53:47 ::1 GET /strona+dla+uzytkownika.cshtml - 7184 grazyna.selbach@freenet.de ::1 Mozilla/5.0+(Windows+NT+10.0;+Win64;+x64)+AppleWebKit/537.36+(KHTML,+like+Gecko)+Chrome/69.0.3497.100+Safari/537.36 http://localhost:7184/strona%20dla%20uzytkownika.cshtml 200 0 0 13
2018-10-16 13:53:47 ::1 GET /style.css - 7184 - ::1 Mozilla/5.0+(Windows+NT+10.0;+Win64;+x64)+AppleWebKit/537.36+(KHTML,+like+Gecko)+Chrome/69.0.3497.100+Safari/537.36 http://localhost:7184/strona%20dla%20uzytkownika.cshtml 404 0 2 5
2018-10-16 13:55:44 ::1 GET /strona+dla+uzytkownika.cshtml - 7184 grazyna.selbach@freenet.de ::1 Mozilla/5.0+(Windows+NT+10.0;+Win64;+x64)+AppleWebKit/537.36+(KHTML,+like+Gecko)+Chrome/69.0.3497.100+Safari/537.36 - 200 0 0 2260
2018-10-16 13:55:44 ::1 GET /news.js - 7184 - ::1 Mozilla/5.0+(Windows+NT+10.0;+Win64;+x64)+AppleWebKit/537.36+(KHTML,+like+Gecko)+Chrome/69.0.3497.100+Safari/537.36 http://localhost:7184/strona%20dla%20uzytkownika.cshtml 404 0 2 13
2018-10-16 13:55:44 ::1 GET /style.css - 7184 - ::1 Mozilla/5.0+(Windows+NT+10.0;+Win64;+x64)+AppleWebKit/537.36+(KHTML,+like+Gecko)+Chrome/69.0.3497.100+Safari/537.36 http://localhost:7184/strona%20dla%20uzytkownika.cshtml 404 0 2 29
2018-10-16 13:55:44 ::1 GET /news.js - 7184 - ::1 Mozilla/5.0+(Windows+NT+10.0;+Win64;+x64)+AppleWebKit/537.36+(KHTML,+like+Gecko)+Chrome/69.0.3497.100+Safari/537.36 http://localhost:7184/strona%20dla%20uzytkownika.cshtml 404 0 2 6
2018-10-16 13:55:45 ::1 GET /strona+dla+uzytkownika.cshtml - 7184 grazyna.selbach@freenet.de ::1 Mozilla/5.0+(Windows+NT+10.0;+Win64;+x64)+AppleWebKit/537.36+(KHTML,+like+Gecko)+Chrome/69.0.3497.100+Safari/537.36 http://localhost:7184/strona%20dla%20uzytkownika.cshtml 200 0 0 17
2018-10-16 13:55:45 ::1 GET /style.css - 7184 - ::1 Mozilla/5.0+(Windows+NT+10.0;+Win64;+x64)+AppleWebKit/537.36+(KHTML,+like+Gecko)+Chrome/69.0.3497.100+Safari/537.36 http://localhost:7184/strona%20dla%20uzytkownika.cshtml 404 0 2 4
2018-10-16 13:57:17 ::1 GET /strona+dla+uzytkownika.cshtml - 7184 grazyna.selbach@freenet.de ::1 Mozilla/5.0+(Windows+NT+10.0;+Win64;+x64)+AppleWebKit/537.36+(KHTML,+like+Gecko)+Chrome/69.0.3497.100+Safari/537.36 - 200 0 0 3573
2018-10-16 13:57:17 ::1 GET /style.css - 7184 - ::1 Mozilla/5.0+(Windows+NT+10.0;+Win64;+x64)+AppleWebKit/537.36+(KHTML,+like+Gecko)+Chrome/69.0.3497.100+Safari/537.36 http://localhost:7184/strona%20dla%20uzytkownika.cshtml 404 0 2 15
2018-10-16 13:57:17 ::1 GET /news.js - 7184 - ::1 Mozilla/5.0+(Windows+NT+10.0;+Win64;+x64)+AppleWebKit/537.36+(KHTML,+like+Gecko)+Chrome/69.0.3497.100+Safari/537.36 http://localhost:7184/strona%20dla%20uzytkownika.cshtml 404 0 2 16
2018-10-16 13:57:17 ::1 GET /news.js - 7184 - ::1 Mozilla/5.0+(Windows+NT+10.0;+Win64;+x64)+AppleWebKit/537.36+(KHTML,+like+Gecko)+Chrome/69.0.3497.100+Safari/537.36 http://localhost:7184/strona%20dla%20uzytkownika.cshtml 404 0 2 16
2018-10-16 13:57:18 ::1 GET /strona+dla+uzytkownika.cshtml - 7184 grazyna.selbach@freenet.de ::1 Mozilla/5.0+(Windows+NT+10.0;+Win64;+x64)+AppleWebKit/537.36+(KHTML,+like+Gecko)+Chrome/69.0.3497.100+Safari/537.36 http://localhost:7184/strona%20dla%20uzytkownika.cshtml 200 0 0 14
2018-10-16 13:57:18 ::1 GET /style.css - 7184 - ::1 Mozilla/5.0+(Windows+NT+10.0;+Win64;+x64)+AppleWebKit/537.36+(KHTML,+like+Gecko)+Chrome/69.0.3497.100+Safari/537.36 http://localhost:7184/strona%20dla%20uzytkownika.cshtml 404 0 2 8
2018-10-16 13:59:23 ::1 GET /strona+dla+uzytkownika.cshtml - 7184 grazyna.selbach@freenet.de ::1 Mozilla/5.0+(Windows+NT+10.0;+Win64;+x64)+AppleWebKit/537.36+(KHTML,+like+Gecko)+Chrome/69.0.3497.100+Safari/537.36 - 200 0 0 2567
2018-10-16 13:59:23 ::1 GET /style.css - 7184 - ::1 Mozilla/5.0+(Windows+NT+10.0;+Win64;+x64)+AppleWebKit/537.36+(KHTML,+like+Gecko)+Chrome/69.0.3497.100+Safari/537.36 http://localhost:7184/strona%20dla%20uzytkownika.cshtml 404 0 2 15
2018-10-16 13:59:23 ::1 GET /news.js - 7184 - ::1 Mozilla/5.0+(Windows+NT+10.0;+Win64;+x64)+AppleWebKit/537.36+(KHTML,+like+Gecko)+Chrome/69.0.3497.100+Safari/537.36 http://localhost:7184/strona%20dla%20uzytkownika.cshtml 404 0 2 18
2018-10-16 13:59:23 ::1 GET /news.js - 7184 - ::1 Mozilla/5.0+(Windows+NT+10.0;+Win64;+x64)+AppleWebKit/537.36+(KHTML,+like+Gecko)+Chrome/69.0.3497.100+Safari/537.36 http://localhost:7184/strona%20dla%20uzytkownika.cshtml 404 0 2 4
2018-10-16 13:59:23 ::1 GET /strona+dla+uzytkownika.cshtml - 7184 grazyna.selbach@freenet.de ::1 Mozilla/5.0+(Windows+NT+10.0;+Win64;+x64)+AppleWebKit/537.36+(KHTML,+like+Gecko)+Chrome/69.0.3497.100+Safari/537.36 http://localhost:7184/strona%20dla%20uzytkownika.cshtml 200 0 0 9
2018-10-16 13:59:24 ::1 GET /style.css - 7184 - ::1 Mozilla/5.0+(Windows+NT+10.0;+Win64;+x64)+AppleWebKit/537.36+(KHTML,+like+Gecko)+Chrome/69.0.3497.100+Safari/537.36 http://localhost:7184/strona%20dla%20uzytkownika.cshtml 404 0 2 10
2018-10-16 14:06:50 ::1 GET /strona+dla+uzytkownika.cshtml - 7184 grazyna.selbach@freenet.de ::1 Mozilla/5.0+(Windows+NT+10.0;+Win64;+x64)+AppleWebKit/537.36+(KHTML,+like+Gecko)+Chrome/69.0.3497.100+Safari/537.36 - 200 0 0 2447
2018-10-16 14:06:50 ::1 GET /style.css - 7184 - ::1 Mozilla/5.0+(Windows+NT+10.0;+Win64;+x64)+AppleWebKit/537.36+(KHTML,+like+Gecko)+Chrome/69.0.3497.100+Safari/537.36 http://localhost:7184/strona%20dla%20uzytkownika.cshtml 404 0 2 16
2018-10-16 14:06:50 ::1 GET /news.js - 7184 - ::1 Mozilla/5.0+(Windows+NT+10.0;+Win64;+x64)+AppleWebKit/537.36+(KHTML,+like+Gecko)+Chrome/69.0.3497.100+Safari/537.36 http://localhost:7184/strona%20dla%20uzytkownika.cshtml 404 0 2 20
2018-10-16 14:06:50 ::1 GET /'/cse'/brand' form=%27cref_iframe 7184 - ::1 Mozilla/5.0+(Windows+NT+10.0;+Win64;+x64)+AppleWebKit/537.36+(KHTML,+like+Gecko)+Chrome/69.0.3497.100+Safari/537.36 http://localhost:7184/strona%20dla%20uzytkownika.cshtml 404 0 2 89
2018-10-16 14:06:50 ::1 GET /news.js - 7184 - ::1 Mozilla/5.0+(Windows+NT+10.0;+Win64;+x64)+AppleWebKit/537.36+(KHTML,+like+Gecko)+Chrome/69.0.3497.100+Safari/537.36 http://localhost:7184/strona%20dla%20uzytkownika.cshtml 404 0 2 23
2018-10-16 14:06:51 ::1 GET /'/cse'/brand' form=%27cref_iframe 7184 - ::1 Mozilla/5.0+(Windows+NT+10.0;+Win64;+x64)+AppleWebKit/537.36+(KHTML,+like+Gecko)+Chrome/69.0.3497.100+Safari/537.36 http://localhost:7184/strona%20dla%20uzytkownika.cshtml 404 0 2 10
2018-10-16 14:06:51 ::1 GET /strona+dla+uzytkownika.cshtml - 7184 grazyna.selbach@freenet.de ::1 Mozilla/5.0+(Windows+NT+10.0;+Win64;+x64)+AppleWebKit/537.36+(KHTML,+like+Gecko)+Chrome/69.0.3497.100+Safari/537.36 http://localhost:7184/strona%20dla%20uzytkownika.cshtml 200 0 0 11
2018-10-16 14:06:51 ::1 GET /style.css - 7184 - ::1 Mozilla/5.0+(Windows+NT+10.0;+Win64;+x64)+AppleWebKit/537.36+(KHTML,+like+Gecko)+Chrome/69.0.3497.100+Safari/537.36 http://localhost:7184/strona%20dla%20uzytkownika.cshtml 404 0 2 9
2018-10-16 14:09:23 ::1 GET /strona+dla+uzytkownika.cshtml - 7184 grazyna.selbach@freenet.de ::1 Mozilla/5.0+(Windows+NT+10.0;+Win64;+x64)+AppleWebKit/537.36+(KHTML,+like+Gecko)+Chrome/69.0.3497.100+Safari/537.36 - 200 0 0 2228
2018-10-16 14:09:23 ::1 GET /news.js - 7184 - ::1 Mozilla/5.0+(Windows+NT+10.0;+Win64;+x64)+AppleWebKit/537.36+(KHTML,+like+Gecko)+Chrome/69.0.3497.100+Safari/537.36 http://localhost:7184/strona%20dla%20uzytkownika.cshtml 404 0 2 24
2018-10-16 14:09:23 ::1 GET /style.css - 7184 - ::1 Mozilla/5.0+(Windows+NT+10.0;+Win64;+x64)+AppleWebKit/537.36+(KHTML,+like+Gecko)+Chrome/69.0.3497.100+Safari/537.36 http://localhost:7184/strona%20dla%20uzytkownika.cshtml 404 0 2 25
2018-10-16 14:09:23 ::1 GET /news.js - 7184 - ::1 Mozilla/5.0+(Windows+NT+10.0;+Win64;+x64)+AppleWebKit/537.36+(KHTML,+like+Gecko)+Chrome/69.0.3497.100+Safari/537.36 http://localhost:7184/strona%20dla%20uzytkownika.cshtml 404 0 2 5
2018-10-16 14:09:23 ::1 GET /'/cse'/brand' form=%27cref_iframe 7184 - ::1 Mozilla/5.0+(Windows+NT+10.0;+Win64;+x64)+AppleWebKit/537.36+(KHTML,+like+Gecko)+Chrome/69.0.3497.100+Safari/537.36 http://localhost:7184/strona%20dla%20uzytkownika.cshtml 404 0 2 31
2018-10-16 14:09:23 ::1 GET /'/cse'/brand' form=%27cref_iframe 7184 - ::1 Mozilla/5.0+(Windows+NT+10.0;+Win64;+x64)+AppleWebKit/537.36+(KHTML,+like+Gecko)+Chrome/69.0.3497.100+Safari/537.36 http://localhost:7184/strona%20dla%20uzytkownika.cshtml 404 0 2 11
2018-10-16 14:09:24 ::1 GET /strona+dla+uzytkownika.cshtml - 7184 grazyna.selbach@freenet.de ::1 Mozilla/5.0+(Windows+NT+10.0;+Win64;+x64)+AppleWebKit/537.36+(KHTML,+like+Gecko)+Chrome/69.0.3497.100+Safari/537.36 http://localhost:7184/strona%20dla%20uzytkownika.cshtml 200 0 0 9
2018-10-16 14:09:24 ::1 GET /style.css - 7184 - ::1 Mozilla/5.0+(Windows+NT+10.0;+Win64;+x64)+AppleWebKit/537.36+(KHTML,+like+Gecko)+Chrome/69.0.3497.100+Safari/537.36 http://localhost:7184/strona%20dla%20uzytkownika.cshtml 404 0 2 5
2018-10-16 14:12:39 ::1 GET /strona+dla+uzytkownika.cshtml - 7184 grazyna.selbach@freenet.de ::1 Mozilla/5.0+(Windows+NT+10.0;+Win64;+x64)+AppleWebKit/537.36+(KHTML,+like+Gecko)+Chrome/69.0.3497.100+Safari/537.36 - 200 0 0 2441
2018-10-16 14:12:39 ::1 GET /news.js - 7184 - ::1 Mozilla/5.0+(Windows+NT+10.0;+Win64;+x64)+AppleWebKit/537.36+(KHTML,+like+Gecko)+Chrome/69.0.3497.100+Safari/537.36 http://localhost:7184/strona%20dla%20uzytkownika.cshtml 404 0 2 26
2018-10-16 14:12:39 ::1 GET /style.css - 7184 - ::1 Mozilla/5.0+(Windows+NT+10.0;+Win64;+x64)+AppleWebKit/537.36+(KHTML,+like+Gecko)+Chrome/69.0.3497.100+Safari/537.36 http://localhost:7184/strona%20dla%20uzytkownika.cshtml 404 0 2 17
2018-10-16 14:12:39 ::1 GET /'/cse'/brand' form=%27cref_iframe 7184 - ::1 Mozilla/5.0+(Windows+NT+10.0;+Win64;+x64)+AppleWebKit/537.36+(KHTML,+like+Gecko)+Chrome/69.0.3497.100+Safari/537.36 http://localhost:7184/strona%20dla%20uzytkownika.cshtml 404 0 2 10
2018-10-16 14:12:39 ::1 GET /news.js - 7184 - ::1 Mozilla/5.0+(Windows+NT+10.0;+Win64;+x64)+AppleWebKit/537.36+(KHTML,+like+Gecko)+Chrome/69.0.3497.100+Safari/537.36 http://localhost:7184/strona%20dla%20uzytkownika.cshtml 404 0 2 6
2018-10-16 14:12:40 ::1 GET /'/cse'/brand' form=%27cref_iframe 7184 - ::1 Mozilla/5.0+(Windows+NT+10.0;+Win64;+x64)+AppleWebKit/537.36+(KHTML,+like+Gecko)+Chrome/69.0.3497.100+Safari/537.36 http://localhost:7184/strona%20dla%20uzytkownika.cshtml 404 0 2 12
2018-10-16 14:12:40 ::1 GET /style.css - 7184 - ::1 Mozilla/5.0+(Windows+NT+10.0;+Win64;+x64)+AppleWebKit/537.36+(KHTML,+like+Gecko)+Chrome/69.0.3497.100+Safari/537.36 http://localhost:7184/strona%20dla%20uzytkownika.cshtml 404 0 2 4
2018-10-16 14:12:40 ::1 GET /strona+dla+uzytkownika.cshtml - 7184 grazyna.selbach@freenet.de ::1 Mozilla/5.0+(Windows+NT+10.0;+Win64;+x64)+AppleWebKit/537.36+(KHTML,+like+Gecko)+Chrome/69.0.3497.100+Safari/537.36 http://localhost:7184/strona%20dla%20uzytkownika.cshtml 200 0 0 18
2018-10-16 14:14:23 ::1 GET /strona+dla+uzytkownika.cshtml - 7184 grazyna.selbach@freenet.de ::1 Mozilla/5.0+(Windows+NT+10.0;+Win64;+x64)+AppleWebKit/537.36+(KHTML,+like+Gecko)+Chrome/69.0.3497.100+Safari/537.36 - 200 0 0 2566
2018-10-16 14:14:23 ::1 GET /style.css - 7184 - ::1 Mozilla/5.0+(Windows+NT+10.0;+Win64;+x64)+AppleWebKit/537.36+(KHTML,+like+Gecko)+Chrome/69.0.3497.100+Safari/537.36 http://localhost:7184/strona%20dla%20uzytkownika.cshtml 404 0 2 20
2018-10-16 14:14:23 ::1 GET /news.js - 7184 - ::1 Mozilla/5.0+(Windows+NT+10.0;+Win64;+x64)+AppleWebKit/537.36+(KHTML,+like+Gecko)+Chrome/69.0.3497.100+Safari/537.36 http://localhost:7184/strona%20dla%20uzytkownika.cshtml 404 0 2 10
2018-10-16 14:14:23 ::1 GET /'/cse'/brand' form=%27cref_iframe 7184 - ::1 Mozilla/5.0+(Windows+NT+10.0;+Win64;+x64)+AppleWebKit/537.36+(KHTML,+like+Gecko)+Chrome/69.0.3497.100+Safari/537.36 http://localhost:7184/strona%20dla%20uzytkownika.cshtml 404 0 2 18
2018-10-16 14:14:23 ::1 GET /news.js - 7184 - ::1 Mozilla/5.0+(Windows+NT+10.0;+Win64;+x64)+AppleWebKit/537.36+(KHTML,+like+Gecko)+Chrome/69.0.3497.100+Safari/537.36 http://localhost:7184/strona%20dla%20uzytkownika.cshtml 404 0 2 8
2018-10-16 14:14:24 ::1 GET /'/cse'/brand' form=%27cref_iframe 7184 - ::1 Mozilla/5.0+(Windows+NT+10.0;+Win64;+x64)+AppleWebKit/537.36+(KHTML,+like+Gecko)+Chrome/69.0.3497.100+Safari/537.36 http://localhost:7184/strona%20dla%20uzytkownika.cshtml 404 0 2 9
2018-10-16 14:14:24 ::1 GET /strona+dla+uzytkownika.cshtml - 7184 grazyna.selbach@freenet.de ::1 Mozilla/5.0+(Windows+NT+10.0;+Win64;+x64)+AppleWebKit/537.36+(KHTML,+like+Gecko)+Chrome/69.0.3497.100+Safari/537.36 http://localhost:7184/strona%20dla%20uzytkownika.cshtml 200 0 0 11
2018-10-16 14:14:24 ::1 GET /style.css - 7184 - ::1 Mozilla/5.0+(Windows+NT+10.0;+Win64;+x64)+AppleWebKit/537.36+(KHTML,+like+Gecko)+Chrome/69.0.3497.100+Safari/537.36 http://localhost:7184/strona%20dla%20uzytkownika.cshtml 404 0 2 5
2018-10-16 14:16:05 ::1 GET /strona+dla+uzytkownika.cshtml - 7184 grazyna.selbach@freenet.de ::1 Mozilla/5.0+(Windows+NT+10.0;+Win64;+x64)+AppleWebKit/537.36+(KHTML,+like+Gecko)+Chrome/69.0.3497.100+Safari/537.36 - 200 0 0 2325
2018-10-16 14:16:05 ::1 GET /news.js - 7184 - ::1 Mozilla/5.0+(Windows+NT+10.0;+Win64;+x64)+AppleWebKit/537.36+(KHTML,+like+Gecko)+Chrome/69.0.3497.100+Safari/537.36 http://localhost:7184/strona%20dla%20uzytkownika.cshtml 404 0 2 15
2018-10-16 14:16:05 ::1 GET /style.css - 7184 - ::1 Mozilla/5.0+(Windows+NT+10.0;+Win64;+x64)+AppleWebKit/537.36+(KHTML,+like+Gecko)+Chrome/69.0.3497.100+Safari/537.36 http://localhost:7184/strona%20dla%20uzytkownika.cshtml 404 0 2 18
2018-10-16 14:16:05 ::1 GET /'/cse'/brand' form=%27cref_iframe 7184 - ::1 Mozilla/5.0+(Windows+NT+10.0;+Win64;+x64)+AppleWebKit/537.36+(KHTML,+like+Gecko)+Chrome/69.0.3497.100+Safari/537.36 http://localhost:7184/strona%20dla%20uzytkownika.cshtml 404 0 2 13
2018-10-16 14:16:05 ::1 GET /news.js - 7184 - ::1 Mozilla/5.0+(Windows+NT+10.0;+Win64;+x64)+AppleWebKit/537.36+(KHTML,+like+Gecko)+Chrome/69.0.3497.100+Safari/537.36 http://localhost:7184/strona%20dla%20uzytkownika.cshtml 404 0 2 8
2018-10-16 14:16:06 ::1 GET /'/cse'/brand' form=%27cref_iframe 7184 - ::1 Mozilla/5.0+(Windows+NT+10.0;+Win64;+x64)+AppleWebKit/537.36+(KHTML,+like+Gecko)+Chrome/69.0.3497.100+Safari/537.36 http://localhost:7184/strona%20dla%20uzytkownika.cshtml 404 0 2 9
2018-10-16 14:16:06 ::1 GET /style.css - 7184 - ::1 Mozilla/5.0+(Windows+NT+10.0;+Win64;+x64)+AppleWebKit/537.36+(KHTML,+like+Gecko)+Chrome/69.0.3497.100+Safari/537.36 http://localhost:7184/strona%20dla%20uzytkownika.cshtml 404 0 2 3
2018-10-16 14:16:06 ::1 GET /strona+dla+uzytkownika.cshtml - 7184 grazyna.selbach@freenet.de ::1 Mozilla/5.0+(Windows+NT+10.0;+Win64;+x64)+AppleWebKit/537.36+(KHTML,+like+Gecko)+Chrome/69.0.3497.100+Safari/537.36 http://localhost:7184/strona%20dla%20uzytkownika.cshtml 200 0 0 19
2018-10-16 14:29:03 ::1 GET /strona+dla+uzytkownika.cshtml - 7184 grazyna.selbach@freenet.de ::1 Mozilla/5.0+(Windows+NT+10.0;+Win64;+x64)+AppleWebKit/537.36+(KHTML,+like+Gecko)+Chrome/69.0.3497.100+Safari/537.36 - 200 0 0 2300
2018-10-16 14:29:03 ::1 GET /style.css - 7184 - ::1 Mozilla/5.0+(Windows+NT+10.0;+Win64;+x64)+AppleWebKit/537.36+(KHTML,+like+Gecko)+Chrome/69.0.3497.100+Safari/537.36 http://localhost:7184/strona%20dla%20uzytkownika.cshtml 404 0 2 13
2018-10-16 14:29:03 ::1 GET /news.js - 7184 - ::1 Mozilla/5.0+(Windows+NT+10.0;+Win64;+x64)+AppleWebKit/537.36+(KHTML,+like+Gecko)+Chrome/69.0.3497.100+Safari/537.36 http://localhost:7184/strona%20dla%20uzytkownika.cshtml 404 0 2 14
2018-10-16 14:29:03 ::1 GET /news.js - 7184 - ::1 Mozilla/5.0+(Windows+NT+10.0;+Win64;+x64)+AppleWebKit/537.36+(KHTML,+like+Gecko)+Chrome/69.0.3497.100+Safari/537.36 http://localhost:7184/strona%20dla%20uzytkownika.cshtml 404 0 2 11
2018-10-16 14:29:03 ::1 GET /'/cse'/brand' form=%27cref_iframe 7184 - ::1 Mozilla/5.0+(Windows+NT+10.0;+Win64;+x64)+AppleWebKit/537.36+(KHTML,+like+Gecko)+Chrome/69.0.3497.100+Safari/537.36 http://localhost:7184/strona%20dla%20uzytkownika.cshtml 404 0 2 26
2018-10-16 14:29:05 ::1 GET /'/cse'/brand' form=%27cref_iframe 7184 - ::1 Mozilla/5.0+(Windows+NT+10.0;+Win64;+x64)+AppleWebKit/537.36+(KHTML,+like+Gecko)+Chrome/69.0.3497.100+Safari/537.36 http://localhost:7184/strona%20dla%20uzytkownika.cshtml 404 0 2 13
2018-10-16 14:29:05 ::1 GET /strona+dla+uzytkownika.cshtml - 7184 grazyna.selbach@freenet.de ::1 Mozilla/5.0+(Windows+NT+10.0;+Win64;+x64)+AppleWebKit/537.36+(KHTML,+like+Gecko)+Chrome/69.0.3497.100+Safari/537.36 http://localhost:7184/strona%20dla%20uzytkownika.cshtml 200 0 0 17
2018-10-16 14:29:05 ::1 GET /style.css - 7184 - ::1 Mozilla/5.0+(Windows+NT+10.0;+Win64;+x64)+AppleWebKit/537.36+(KHTML,+like+Gecko)+Chrome/69.0.3497.100+Safari/537.36 http://localhost:7184/strona%20dla%20uzytkownika.cshtml 404 0 2 5
2018-10-16 14:34:14 ::1 GET /strona+dla+uzytkownika.cshtml - 7184 grazyna.selbach@freenet.de ::1 Mozilla/5.0+(Windows+NT+10.0;+Win64;+x64)+AppleWebKit/537.36+(KHTML,+like+Gecko)+Chrome/69.0.3497.100+Safari/537.36 - 200 0 0 2448
2018-10-16 14:34:14 ::1 GET /style.css - 7184 - ::1 Mozilla/5.0+(Windows+NT+10.0;+Win64;+x64)+AppleWebKit/537.36+(KHTML,+like+Gecko)+Chrome/69.0.3497.100+Safari/537.36 http://localhost:7184/strona%20dla%20uzytkownika.cshtml 404 0 2 8
2018-10-16 14:34:14 ::1 GET /news.js - 7184 - ::1 Mozilla/5.0+(Windows+NT+10.0;+Win64;+x64)+AppleWebKit/537.36+(KHTML,+like+Gecko)+Chrome/69.0.3497.100+Safari/537.36 http://localhost:7184/strona%20dla%20uzytkownika.cshtml 404 0 2 13
2018-10-16 14:34:14 ::1 GET /'/cse'/brand' form=%27cref_iframe 7184 - ::1 Mozilla/5.0+(Windows+NT+10.0;+Win64;+x64)+AppleWebKit/537.36+(KHTML,+like+Gecko)+Chrome/69.0.3497.100+Safari/537.36 http://localhost:7184/strona%20dla%20uzytkownika.cshtml 404 0 2 14
2018-10-16 14:34:14 ::1 GET /news.js - 7184 - ::1 Mozilla/5.0+(Windows+NT+10.0;+Win64;+x64)+AppleWebKit/537.36+(KHTML,+like+Gecko)+Chrome/69.0.3497.100+Safari/537.36 http://localhost:7184/strona%20dla%20uzytkownika.cshtml 404 0 2 6
2018-10-16 14:34:15 ::1 GET /'/cse'/brand' form=%27cref_iframe 7184 - ::1 Mozilla/5.0+(Windows+NT+10.0;+Win64;+x64)+AppleWebKit/537.36+(KHTML,+like+Gecko)+Chrome/69.0.3497.100+Safari/537.36 http://localhost:7184/strona%20dla%20uzytkownika.cshtml 404 0 2 11
2018-10-16 14:34:15 ::1 GET /strona+dla+uzytkownika.cshtml - 7184 grazyna.selbach@freenet.de ::1 Mozilla/5.0+(Windows+NT+10.0;+Win64;+x64)+AppleWebKit/537.36+(KHTML,+like+Gecko)+Chrome/69.0.3497.100+Safari/537.36 http://localhost:7184/strona%20dla%20uzytkownika.cshtml 200 0 0 11
2018-10-16 14:34:15 ::1 GET /style.css - 7184 - ::1 Mozilla/5.0+(Windows+NT+10.0;+Win64;+x64)+AppleWebKit/537.36+(KHTML,+like+Gecko)+Chrome/69.0.3497.100+Safari/537.36 http://localhost:7184/strona%20dla%20uzytkownika.cshtml 404 0 2 5
2018-10-16 14:36:00 ::1 GET /strona+dla+uzytkownika.cshtml - 7184 grazyna.selbach@freenet.de ::1 Mozilla/5.0+(Windows+NT+10.0;+Win64;+x64)+AppleWebKit/537.36+(KHTML,+like+Gecko)+Chrome/69.0.3497.100+Safari/537.36 - 200 0 0 2680
2018-10-16 14:36:00 ::1 GET /news.js - 7184 - ::1 Mozilla/5.0+(Windows+NT+10.0;+Win64;+x64)+AppleWebKit/537.36+(KHTML,+like+Gecko)+Chrome/69.0.3497.100+Safari/537.36 http://localhost:7184/strona%20dla%20uzytkownika.cshtml 404 0 2 21
2018-10-16 14:36:00 ::1 GET /style.css - 7184 - ::1 Mozilla/5.0+(Windows+NT+10.0;+Win64;+x64)+AppleWebKit/537.36+(KHTML,+like+Gecko)+Chrome/69.0.3497.100+Safari/537.36 http://localhost:7184/strona%20dla%20uzytkownika.cshtml 404 0 2 26
2018-10-16 14:36:00 ::1 GET /'/cse'/brand' form=%27cref_iframe 7184 - ::1 Mozilla/5.0+(Windows+NT+10.0;+Win64;+x64)+AppleWebKit/537.36+(KHTML,+like+Gecko)+Chrome/69.0.3497.100+Safari/537.36 http://localhost:7184/strona%20dla%20uzytkownika.cshtml 404 0 2 15
2018-10-16 14:36:00 ::1 GET /news.js - 7184 - ::1 Mozilla/5.0+(Windows+NT+10.0;+Win64;+x64)+AppleWebKit/537.36+(KHTML,+like+Gecko)+Chrome/69.0.3497.100+Safari/537.36 http://localhost:7184/strona%20dla%20uzytkownika.cshtml 404 0 2 6
2018-10-16 14:36:01 ::1 GET /'/cse'/brand' form=%27cref_iframe 7184 - ::1 Mozilla/5.0+(Windows+NT+10.0;+Win64;+x64)+AppleWebKit/537.36+(KHTML,+like+Gecko)+Chrome/69.0.3497.100+Safari/537.36 http://localhost:7184/strona%20dla%20uzytkownika.cshtml 404 0 2 10
2018-10-16 14:36:01 ::1 GET /strona+dla+uzytkownika.cshtml - 7184 grazyna.selbach@freenet.de ::1 Mozilla/5.0+(Windows+NT+10.0;+Win64;+x64)+AppleWebKit/537.36+(KHTML,+like+Gecko)+Chrome/69.0.3497.100+Safari/537.36 http://localhost:7184/strona%20dla%20uzytkownika.cshtml 200 0 0 21
2018-10-16 14:36:01 ::1 GET /style.css - 7184 - ::1 Mozilla/5.0+(Windows+NT+10.0;+Win64;+x64)+AppleWebKit/537.36+(KHTML,+like+Gecko)+Chrome/69.0.3497.100+Safari/537.36 http://localhost:7184/strona%20dla%20uzytkownika.cshtml 404 0 2 4
2018-10-16 14:37:44 ::1 GET /strona+dla+uzytkownika.cshtml - 7184 grazyna.selbach@freenet.de ::1 Mozilla/5.0+(Windows+NT+10.0;+Win64;+x64)+AppleWebKit/537.36+(KHTML,+like+Gecko)+Chrome/69.0.3497.100+Safari/537.36 - 200 0 0 2394
2018-10-16 14:37:44 ::1 GET /news.js - 7184 - ::1 Mozilla/5.0+(Windows+NT+10.0;+Win64;+x64)+AppleWebKit/537.36+(KHTML,+like+Gecko)+Chrome/69.0.3497.100+Safari/537.36 http://localhost:7184/strona%20dla%20uzytkownika.cshtml 404 0 2 18
2018-10-16 14:37:44 ::1 GET /style.css - 7184 - ::1 Mozilla/5.0+(Windows+NT+10.0;+Win64;+x64)+AppleWebKit/537.36+(KHTML,+like+Gecko)+Chrome/69.0.3497.100+Safari/537.36 http://localhost:7184/strona%20dla%20uzytkownika.cshtml 404 0 2 13
2018-10-16 14:37:44 ::1 GET /'/cse'/brand' form=%27cref_iframe 7184 - ::1 Mozilla/5.0+(Windows+NT+10.0;+Win64;+x64)+AppleWebKit/537.36+(KHTML,+like+Gecko)+Chrome/69.0.3497.100+Safari/537.36 http://localhost:7184/strona%20dla%20uzytkownika.cshtml 404 0 2 14
2018-10-16 14:37:44 ::1 GET /news.js - 7184 - ::1 Mozilla/5.0+(Windows+NT+10.0;+Win64;+x64)+AppleWebKit/537.36+(KHTML,+like+Gecko)+Chrome/69.0.3497.100+Safari/537.36 http://localhost:7184/strona%20dla%20uzytkownika.cshtml 404 0 2 7
2018-10-16 14:37:45 ::1 GET /'/cse'/brand' form=%27cref_iframe 7184 - ::1 Mozilla/5.0+(Windows+NT+10.0;+Win64;+x64)+AppleWebKit/537.36+(KHTML,+like+Gecko)+Chrome/69.0.3497.100+Safari/537.36 http://localhost:7184/strona%20dla%20uzytkownika.cshtml 404 0 2 16
2018-10-16 14:37:45 ::1 GET /strona+dla+uzytkownika.cshtml - 7184 grazyna.selbach@freenet.de ::1 Mozilla/5.0+(Windows+NT+10.0;+Win64;+x64)+AppleWebKit/537.36+(KHTML,+like+Gecko)+Chrome/69.0.3497.100+Safari/537.36 http://localhost:7184/strona%20dla%20uzytkownika.cshtml 200 0 0 12
2018-10-16 14:37:45 ::1 GET /style.css - 7184 - ::1 Mozilla/5.0+(Windows+NT+10.0;+Win64;+x64)+AppleWebKit/537.36+(KHTML,+like+Gecko)+Chrome/69.0.3497.100+Safari/537.36 http://localhost:7184/strona%20dla%20uzytkownika.cshtml 404 0 2 5
2018-10-16 14:38:52 ::1 GET /strona+dla+uzytkownika.cshtml - 7184 grazyna.selbach@freenet.de ::1 Mozilla/5.0+(Windows+NT+10.0;+Win64;+x64)+AppleWebKit/537.36+(KHTML,+like+Gecko)+Chrome/69.0.3497.100+Safari/537.36 - 200 0 0 2344
2018-10-16 14:38:52 ::1 GET /news.js - 7184 - ::1 Mozilla/5.0+(Windows+NT+10.0;+Win64;+x64)+AppleWebKit/537.36+(KHTML,+like+Gecko)+Chrome/69.0.3497.100+Safari/537.36 http://localhost:7184/strona%20dla%20uzytkownika.cshtml 404 0 2 14
2018-10-16 14:38:52 ::1 GET /style.css - 7184 - ::1 Mozilla/5.0+(Windows+NT+10.0;+Win64;+x64)+AppleWebKit/537.36+(KHTML,+like+Gecko)+Chrome/69.0.3497.100+Safari/537.36 http://localhost:7184/strona%20dla%20uzytkownika.cshtml 404 0 2 17
2018-10-16 14:38:52 ::1 GET /'/cse'/brand' form=%27cref_iframe 7184 - ::1 Mozilla/5.0+(Windows+NT+10.0;+Win64;+x64)+AppleWebKit/537.36+(KHTML,+like+Gecko)+Chrome/69.0.3497.100+Safari/537.36 http://localhost:7184/strona%20dla%20uzytkownika.cshtml 404 0 2 22
2018-10-16 14:38:52 ::1 GET /news.js - 7184 - ::1 Mozilla/5.0+(Windows+NT+10.0;+Win64;+x64)+AppleWebKit/537.36+(KHTML,+like+Gecko)+Chrome/69.0.3497.100+Safari/537.36 http://localhost:7184/strona%20dla%20uzytkownika.cshtml 404 0 2 7
2018-10-16 14:38:52 ::1 GET /'/cse'/brand' form=%27cref_iframe 7184 - ::1 Mozilla/5.0+(Windows+NT+10.0;+Win64;+x64)+AppleWebKit/537.36+(KHTML,+like+Gecko)+Chrome/69.0.3497.100+Safari/537.36 http://localhost:7184/strona%20dla%20uzytkownika.cshtml 404 0 2 8
2018-10-16 14:38:54 ::1 GET /style.css - 7184 - ::1 Mozilla/5.0+(Windows+NT+10.0;+Win64;+x64)+AppleWebKit/537.36+(KHTML,+like+Gecko)+Chrome/69.0.3497.100+Safari/537.36 http://localhost:7184/strona%20dla%20uzytkownika.cshtml 404 0 2 5
2018-10-16 14:38:54 ::1 GET /strona+dla+uzytkownika.cshtml - 7184 grazyna.selbach@freenet.de ::1 Mozilla/5.0+(Windows+NT+10.0;+Win64;+x64)+AppleWebKit/537.36+(KHTML,+like+Gecko)+Chrome/69.0.3497.100+Safari/537.36 http://localhost:7184/strona%20dla%20uzytkownika.cshtml 200 0 0 7
2018-10-16 14:41:10 ::1 GET /strona+dla+uzytkownika.cshtml - 7184 grazyna.selbach@freenet.de ::1 Mozilla/5.0+(Windows+NT+10.0;+Win64;+x64)+AppleWebKit/537.36+(KHTML,+like+Gecko)+Chrome/69.0.3497.100+Safari/537.36 - 200 0 0 2874
2018-10-16 14:41:10 ::1 GET /news.js - 7184 - ::1 Mozilla/5.0+(Windows+NT+10.0;+Win64;+x64)+AppleWebKit/537.36+(KHTML,+like+Gecko)+Chrome/69.0.3497.100+Safari/537.36 http://localhost:7184/strona%20dla%20uzytkownika.cshtml 404 0 2 11
2018-10-16 14:41:10 ::1 GET /'/cse'/brand' form=%27cref_iframe 7184 - ::1 Mozilla/5.0+(Windows+NT+10.0;+Win64;+x64)+AppleWebKit/537.36+(KHTML,+like+Gecko)+Chrome/69.0.3497.100+Safari/537.36 http://localhost:7184/strona%20dla%20uzytkownika.cshtml 404 0 2 21
2018-10-16 14:41:10 ::1 GET /news.js - 7184 - ::1 Mozilla/5.0+(Windows+NT+10.0;+Win64;+x64)+AppleWebKit/537.36+(KHTML,+like+Gecko)+Chrome/69.0.3497.100+Safari/537.36 http://localhost:7184/strona%20dla%20uzytkownika.cshtml 404 0 2 6
2018-10-16 14:41:11 ::1 GET /'/cse'/brand' form=%27cref_iframe 7184 - ::1 Mozilla/5.0+(Windows+NT+10.0;+Win64;+x64)+AppleWebKit/537.36+(KHTML,+like+Gecko)+Chrome/69.0.3497.100+Safari/537.36 http://localhost:7184/strona%20dla%20uzytkownika.cshtml 404 0 2 8
2018-10-16 14:41:11 ::1 GET /strona+dla+uzytkownika.cshtml - 7184 grazyna.selbach@freenet.de ::1 Mozilla/5.0+(Windows+NT+10.0;+Win64;+x64)+AppleWebKit/537.36+(KHTML,+like+Gecko)+Chrome/69.0.3497.100+Safari/537.36 http://localhost:7184/strona%20dla%20uzytkownika.cshtml 200 0 0 10
2018-10-16 14:42:24 ::1 GET /strona+dla+uzytkownika.cshtml - 7184 grazyna.selbach@freenet.de ::1 Mozilla/5.0+(Windows+NT+10.0;+Win64;+x64)+AppleWebKit/537.36+(KHTML,+like+Gecko)+Chrome/69.0.3497.100+Safari/537.36 - 200 0 0 2432
2018-10-16 14:42:24 ::1 GET /news.js - 7184 - ::1 Mozilla/5.0+(Windows+NT+10.0;+Win64;+x64)+AppleWebKit/537.36+(KHTML,+like+Gecko)+Chrome/69.0.3497.100+Safari/537.36 http://localhost:7184/strona%20dla%20uzytkownika.cshtml 404 0 2 17
2018-10-16 14:42:24 ::1 GET /'/cse'/brand' form=%27cref_iframe 7184 - ::1 Mozilla/5.0+(Windows+NT+10.0;+Win64;+x64)+AppleWebKit/537.36+(KHTML,+like+Gecko)+Chrome/69.0.3497.100+Safari/537.36 http://localhost:7184/strona%20dla%20uzytkownika.cshtml 404 0 2 13
2018-10-16 14:42:24 ::1 GET /news.js - 7184 - ::1 Mozilla/5.0+(Windows+NT+10.0;+Win64;+x64)+AppleWebKit/537.36+(KHTML,+like+Gecko)+Chrome/69.0.3497.100+Safari/537.36 http://localhost:7184/strona%20dla%20uzytkownika.cshtml 404 0 2 5
2018-10-16 14:42:24 ::1 GET /'/cse'/brand' form=%27cref_iframe 7184 - ::1 Mozilla/5.0+(Windows+NT+10.0;+Win64;+x64)+AppleWebKit/537.36+(KHTML,+like+Gecko)+Chrome/69.0.3497.100+Safari/537.36 http://localhost:7184/strona%20dla%20uzytkownika.cshtml 404 0 2 9
2018-10-16 14:42:25 ::1 GET /strona+dla+uzytkownika.cshtml - 7184 grazyna.selbach@freenet.de ::1 Mozilla/5.0+(Windows+NT+10.0;+Win64;+x64)+AppleWebKit/537.36+(KHTML,+like+Gecko)+Chrome/69.0.3497.100+Safari/537.36 http://localhost:7184/strona%20dla%20uzytkownika.cshtml 200 0 0 10
2018-10-16 14:43:52 ::1 GET /strona+dla+uzytkownika.cshtml - 7184 grazyna.selbach@freenet.de ::1 Mozilla/5.0+(Windows+NT+10.0;+Win64;+x64)+AppleWebKit/537.36+(KHTML,+like+Gecko)+Chrome/69.0.3497.100+Safari/537.36 - 200 0 0 2498
2018-10-16 14:43:52 ::1 GET /news.js - 7184 - ::1 Mozilla/5.0+(Windows+NT+10.0;+Win64;+x64)+AppleWebKit/537.36+(KHTML,+like+Gecko)+Chrome/69.0.3497.100+Safari/537.36 http://localhost:7184/strona%20dla%20uzytkownika.cshtml 404 0 2 16
2018-10-16 14:43:52 ::1 GET /'/cse'/brand' form=%27cref_iframe 7184 - ::1 Mozilla/5.0+(Windows+NT+10.0;+Win64;+x64)+AppleWebKit/537.36+(KHTML,+like+Gecko)+Chrome/69.0.3497.100+Safari/537.36 http://localhost:7184/strona%20dla%20uzytkownika.cshtml 404 0 2 13
2018-10-16 14:43:52 ::1 GET /news.js - 7184 - ::1 Mozilla/5.0+(Windows+NT+10.0;+Win64;+x64)+AppleWebKit/537.36+(KHTML,+like+Gecko)+Chrome/69.0.3497.100+Safari/537.36 http://localhost:7184/strona%20dla%20uzytkownika.cshtml 404 0 2 5
2018-10-16 14:43:53 ::1 GET /'/cse'/brand' form=%27cref_iframe 7184 - ::1 Mozilla/5.0+(Windows+NT+10.0;+Win64;+x64)+AppleWebKit/537.36+(KHTML,+like+Gecko)+Chrome/69.0.3497.100+Safari/537.36 http://localhost:7184/strona%20dla%20uzytkownika.cshtml 404 0 2 7
2018-10-16 14:43:53 ::1 GET /strona+dla+uzytkownika.cshtml - 7184 grazyna.selbach@freenet.de ::1 Mozilla/5.0+(Windows+NT+10.0;+Win64;+x64)+AppleWebKit/537.36+(KHTML,+like+Gecko)+Chrome/69.0.3497.100+Safari/537.36 http://localhost:7184/strona%20dla%20uzytkownika.cshtml 200 0 0 8
2018-10-16 14:45:51 ::1 GET /strona+dla+uzytkownika.cshtml - 7184 grazyna.selbach@freenet.de ::1 Mozilla/5.0+(Windows+NT+10.0;+Win64;+x64)+AppleWebKit/537.36+(KHTML,+like+Gecko)+Chrome/69.0.3497.100+Safari/537.36 - 200 0 0 3531
2018-10-16 14:45:51 ::1 GET /news.js - 7184 - ::1 Mozilla/5.0+(Windows+NT+10.0;+Win64;+x64)+AppleWebKit/537.36+(KHTML,+like+Gecko)+Chrome/69.0.3497.100+Safari/537.36 http://localhost:7184/strona%20dla%20uzytkownika.cshtml 404 0 2 13
2018-10-16 14:45:51 ::1 GET /'/cse'/brand' form=%27cref_iframe 7184 - ::1 Mozilla/5.0+(Windows+NT+10.0;+Win64;+x64)+AppleWebKit/537.36+(KHTML,+like+Gecko)+Chrome/69.0.3497.100+Safari/537.36 http://localhost:7184/strona%20dla%20uzytkownika.cshtml 404 0 2 34
2018-10-16 14:45:51 ::1 GET /news.js - 7184 - ::1 Mozilla/5.0+(Windows+NT+10.0;+Win64;+x64)+AppleWebKit/537.36+(KHTML,+like+Gecko)+Chrome/69.0.3497.100+Safari/537.36 http://localhost:7184/strona%20dla%20uzytkownika.cshtml 404 0 2 19
2018-10-16 14:45:52 ::1 GET /'/cse'/brand' form=%27cref_iframe 7184 - ::1 Mozilla/5.0+(Windows+NT+10.0;+Win64;+x64)+AppleWebKit/537.36+(KHTML,+like+Gecko)+Chrome/69.0.3497.100+Safari/537.36 http://localhost:7184/strona%20dla%20uzytkownika.cshtml 404 0 2 8
2018-10-16 14:45:52 ::1 GET /strona+dla+uzytkownika.cshtml - 7184 grazyna.selbach@freenet.de ::1 Mozilla/5.0+(Windows+NT+10.0;+Win64;+x64)+AppleWebKit/537.36+(KHTML,+like+Gecko)+Chrome/69.0.3497.100+Safari/537.36 http://localhost:7184/strona%20dla%20uzytkownika.cshtml 200 0 0 13
2018-10-16 14:46:07 ::1 GET /strona+dla+uzytkownika.cshtml - 7184 grazyna.selbach@freenet.de ::1 Mozilla/5.0+(Windows+NT+10.0;+Win64;+x64)+AppleWebKit/537.36+(KHTML,+like+Gecko)+Chrome/69.0.3497.100+Safari/537.36 - 200 0 0 2580
2018-10-16 14:46:07 ::1 GET /news.js - 7184 - ::1 Mozilla/5.0+(Windows+NT+10.0;+Win64;+x64)+AppleWebKit/537.36+(KHTML,+like+Gecko)+Chrome/69.0.3497.100+Safari/537.36 http://localhost:7184/strona%20dla%20uzytkownika.cshtml 404 0 2 19
2018-10-16 14:46:07 ::1 GET /'/cse'/brand' form=%27cref_iframe 7184 - ::1 Mozilla/5.0+(Windows+NT+10.0;+Win64;+x64)+AppleWebKit/537.36+(KHTML,+like+Gecko)+Chrome/69.0.3497.100+Safari/537.36 http://localhost:7184/strona%20dla%20uzytkownika.cshtml 404 0 2 17
2018-10-16 14:46:07 ::1 GET /news.js - 7184 - ::1 Mozilla/5.0+(Windows+NT+10.0;+Win64;+x64)+AppleWebKit/537.36+(KHTML,+like+Gecko)+Chrome/69.0.3497.100+Safari/537.36 http://localhost:7184/strona%20dla%20uzytkownika.cshtml 404 0 2 6
2018-10-16 14:46:09 ::1 GET /'/cse'/brand' form=%27cref_iframe 7184 - ::1 Mozilla/5.0+(Windows+NT+10.0;+Win64;+x64)+AppleWebKit/537.36+(KHTML,+like+Gecko)+Chrome/69.0.3497.100+Safari/537.36 http://localhost:7184/strona%20dla%20uzytkownika.cshtml 404 0 2 12
2018-10-16 14:46:09 ::1 GET /strona+dla+uzytkownika.cshtml - 7184 grazyna.selbach@freenet.de ::1 Mozilla/5.0+(Windows+NT+10.0;+Win64;+x64)+AppleWebKit/537.36+(KHTML,+like+Gecko)+Chrome/69.0.3497.100+Safari/537.36 http://localhost:7184/strona%20dla%20uzytkownika.cshtml 200 0 0 10
2018-10-16 14:48:19 ::1 GET /strona+dla+uzytkownika.cshtml - 7184 grazyna.selbach@freenet.de ::1 Mozilla/5.0+(Windows+NT+10.0;+Win64;+x64)+AppleWebKit/537.36+(KHTML,+like+Gecko)+Chrome/69.0.3497.100+Safari/537.36 - 200 0 0 2410
2018-10-16 14:48:19 ::1 GET /news.js - 7184 - ::1 Mozilla/5.0+(Windows+NT+10.0;+Win64;+x64)+AppleWebKit/537.36+(KHTML,+like+Gecko)+Chrome/69.0.3497.100+Safari/537.36 http://localhost:7184/strona%20dla%20uzytkownika.cshtml 404 0 2 19
2018-10-16 14:48:19 ::1 GET /'/cse'/brand' form=%27cref_iframe 7184 - ::1 Mozilla/5.0+(Windows+NT+10.0;+Win64;+x64)+AppleWebKit/537.36+(KHTML,+like+Gecko)+Chrome/69.0.3497.100+Safari/537.36 http://localhost:7184/strona%20dla%20uzytkownika.cshtml 404 0 2 19
2018-10-16 14:48:19 ::1 GET /news.js - 7184 - ::1 Mozilla/5.0+(Windows+NT+10.0;+Win64;+x64)+AppleWebKit/537.36+(KHTML,+like+Gecko)+Chrome/69.0.3497.100+Safari/537.36 http://localhost:7184/strona%20dla%20uzytkownika.cshtml 404 0 2 10
2018-10-16 14:48:20 ::1 GET /'/cse'/brand' form=%27cref_iframe 7184 - ::1 Mozilla/5.0+(Windows+NT+10.0;+Win64;+x64)+AppleWebKit/537.36+(KHTML,+like+Gecko)+Chrome/69.0.3497.100+Safari/537.36 http://localhost:7184/strona%20dla%20uzytkownika.cshtml 404 0 2 8
2018-10-16 14:48:20 ::1 GET /strona+dla+uzytkownika.cshtml - 7184 grazyna.selbach@freenet.de ::1 Mozilla/5.0+(Windows+NT+10.0;+Win64;+x64)+AppleWebKit/537.36+(KHTML,+like+Gecko)+Chrome/69.0.3497.100+Safari/537.36 http://localhost:7184/strona%20dla%20uzytkownika.cshtml 200 0 0 16
2018-10-16 14:53:30 ::1 GET /strona+dla+uzytkownika.cshtml - 7184 grazyna.selbach@freenet.de ::1 Mozilla/5.0+(Windows+NT+10.0;+Win64;+x64)+AppleWebKit/537.36+(KHTML,+like+Gecko)+Chrome/69.0.3497.100+Safari/537.36 - 200 0 0 2493
2018-10-16 14:53:30 ::1 GET /news.js - 7184 - ::1 Mozilla/5.0+(Windows+NT+10.0;+Win64;+x64)+AppleWebKit/537.36+(KHTML,+like+Gecko)+Chrome/69.0.3497.100+Safari/537.36 http://localhost:7184/strona%20dla%20uzytkownika.cshtml 404 0 2 31
2018-10-16 14:53:30 ::1 GET /news.js - 7184 - ::1 Mozilla/5.0+(Windows+NT+10.0;+Win64;+x64)+AppleWebKit/537.36+(KHTML,+like+Gecko)+Chrome/69.0.3497.100+Safari/537.36 http://localhost:7184/strona%20dla%20uzytkownika.cshtml 404 0 2 11
2018-10-16 14:53:30 ::1 GET /'/cse'/brand' form=%27cref_iframe 7184 - ::1 Mozilla/5.0+(Windows+NT+10.0;+Win64;+x64)+AppleWebKit/537.36+(KHTML,+like+Gecko)+Chrome/69.0.3497.100+Safari/537.36 http://localhost:7184/strona%20dla%20uzytkownika.cshtml 404 0 2 31
2018-10-16 14:53:31 ::1 GET /'/cse'/brand' form=%27cref_iframe 7184 - ::1 Mozilla/5.0+(Windows+NT+10.0;+Win64;+x64)+AppleWebKit/537.36+(KHTML,+like+Gecko)+Chrome/69.0.3497.100+Safari/537.36 http://localhost:7184/strona%20dla%20uzytkownika.cshtml 404 0 2 11
2018-10-16 14:53:31 ::1 GET /strona+dla+uzytkownika.cshtml - 7184 grazyna.selbach@freenet.de ::1 Mozilla/5.0+(Windows+NT+10.0;+Win64;+x64)+AppleWebKit/537.36+(KHTML,+like+Gecko)+Chrome/69.0.3497.100+Safari/537.36 http://localhost:7184/strona%20dla%20uzytkownika.cshtml 200 0 0 12
