#Software: Microsoft Internet Information Services 10.0
#Version: 1.0
#Date: 2018-10-11 08:20:53
#Fields: date time s-ip cs-method cs-uri-stem cs-uri-query s-port cs-username c-ip cs(User-Agent) cs(Referer) sc-status sc-substatus sc-win32-status time-taken
2018-10-11 08:20:53 ::1 GET / - 7184 - ::1 Mozilla/5.0+(compatible;+MSIE+9.0;+Windows+NT+6.2;+WOW64;+Trident/7.0) - 200 0 0 10368
2018-10-11 08:20:54 ::1 GET /P8060098.jpg - 7184 - ::1 Mozilla/5.0+(compatible;+MSIE+9.0;+Windows+NT+6.2;+WOW64;+Trident/7.0) http://localhost:7184/ 200 0 0 153
2018-10-11 08:20:58 ::1 GET / - 7184 - ::1 Mozilla/5.0+(compatible;+MSIE+9.0;+Windows+NT+6.2;+WOW64;+Trident/7.0) - 200 0 0 7
2018-10-11 08:29:52 ::1 GET / - 7184 - ::1 Mozilla/5.0+(Windows+NT+10.0;+Win64;+x64)+AppleWebKit/537.36+(KHTML,+like+Gecko)+Chrome/69.0.3497.100+Safari/537.36 - 200 0 0 113
2018-10-11 08:32:58 ::1 GET /Default.cshtml - 7184 - ::1 Mozilla/5.0+(Windows+NT+10.0;+Win64;+x64)+AppleWebKit/537.36+(KHTML,+like+Gecko)+Chrome/69.0.3497.100+Safari/537.36 - 200 0 0 1315
2018-10-11 08:33:59 ::1 GET /Default.cshtml - 7184 - ::1 Mozilla/5.0+(Windows+NT+10.0;+Win64;+x64)+AppleWebKit/537.36+(KHTML,+like+Gecko)+Chrome/69.0.3497.100+Safari/537.36 - 200 0 0 1288
2018-10-11 08:34:57 ::1 GET /Default.cshtml - 7184 - ::1 Mozilla/5.0+(Windows+NT+10.0;+Win64;+x64)+AppleWebKit/537.36+(KHTML,+like+Gecko)+Chrome/69.0.3497.100+Safari/537.36 - 200 0 0 1609
2018-10-11 08:38:21 ::1 GET /Default.cshtml - 7184 - ::1 Mozilla/5.0+(Windows+NT+10.0;+Win64;+x64)+AppleWebKit/537.36+(KHTML,+like+Gecko)+Chrome/69.0.3497.100+Safari/537.36 - 200 0 0 1348
2018-10-11 08:43:05 ::1 GET /Default.cshtml - 7184 - ::1 Mozilla/5.0+(Windows+NT+10.0;+Win64;+x64)+AppleWebKit/537.36+(KHTML,+like+Gecko)+Chrome/69.0.3497.100+Safari/537.36 - 200 0 0 1246
2018-10-11 08:44:15 ::1 GET /Default.cshtml - 7184 - ::1 Mozilla/5.0+(Windows+NT+10.0;+Win64;+x64)+AppleWebKit/537.36+(KHTML,+like+Gecko)+Chrome/69.0.3497.100+Safari/537.36 - 200 0 0 1260
2018-10-11 08:44:37 ::1 GET /Default.cshtml - 7184 - ::1 Mozilla/5.0+(Windows+NT+10.0;+Win64;+x64)+AppleWebKit/537.36+(KHTML,+like+Gecko)+Chrome/69.0.3497.100+Safari/537.36 - 200 0 0 1380
2018-10-11 08:44:57 ::1 GET /Default.cshtml - 7184 - ::1 Mozilla/5.0+(Windows+NT+10.0;+Win64;+x64)+AppleWebKit/537.36+(KHTML,+like+Gecko)+Chrome/69.0.3497.100+Safari/537.36 - 200 0 0 1341
2018-10-11 08:45:34 ::1 GET /Default.cshtml - 7184 - ::1 Mozilla/5.0+(Windows+NT+10.0;+Win64;+x64)+AppleWebKit/537.36+(KHTML,+like+Gecko)+Chrome/69.0.3497.100+Safari/537.36 - 200 0 0 1289
2018-10-11 08:49:20 ::1 GET /Default.cshtml - 7184 - ::1 Mozilla/5.0+(Windows+NT+10.0;+Win64;+x64)+AppleWebKit/537.36+(KHTML,+like+Gecko)+Chrome/69.0.3497.100+Safari/537.36 - 200 0 0 1268
2018-10-11 08:49:20 ::1 GET /screenshot-2.png - 7184 - ::1 Mozilla/5.0+(Windows+NT+10.0;+Win64;+x64)+AppleWebKit/537.36+(KHTML,+like+Gecko)+Chrome/69.0.3497.100+Safari/537.36 http://localhost:7184/Default.cshtml 404 0 2 20
2018-10-11 08:49:20 ::1 GET /ome!pos.pgn.png - 7184 - ::1 Mozilla/5.0+(Windows+NT+10.0;+Win64;+x64)+AppleWebKit/537.36+(KHTML,+like+Gecko)+Chrome/69.0.3497.100+Safari/537.36 http://localhost:7184/Default.cshtml 404 0 2 3
2018-10-11 08:50:44 ::1 GET /Default.cshtml - 7184 - ::1 Mozilla/5.0+(Windows+NT+10.0;+Win64;+x64)+AppleWebKit/537.36+(KHTML,+like+Gecko)+Chrome/69.0.3497.100+Safari/537.36 - 200 0 0 1503
2018-10-11 08:50:44 ::1 GET /screenshot-2.png - 7184 - ::1 Mozilla/5.0+(Windows+NT+10.0;+Win64;+x64)+AppleWebKit/537.36+(KHTML,+like+Gecko)+Chrome/69.0.3497.100+Safari/537.36 http://localhost:7184/Default.cshtml 404 0 2 6
2018-10-11 08:50:44 ::1 GET /ome!pos.pgn.png - 7184 - ::1 Mozilla/5.0+(Windows+NT+10.0;+Win64;+x64)+AppleWebKit/537.36+(KHTML,+like+Gecko)+Chrome/69.0.3497.100+Safari/537.36 http://localhost:7184/Default.cshtml 404 0 2 4
2018-10-11 08:51:17 ::1 GET /Default.cshtml - 7184 - ::1 Mozilla/5.0+(Windows+NT+10.0;+Win64;+x64)+AppleWebKit/537.36+(KHTML,+like+Gecko)+Chrome/69.0.3497.100+Safari/537.36 - 200 0 0 1260
2018-10-11 08:51:17 ::1 GET /screenshot-2.png - 7184 - ::1 Mozilla/5.0+(Windows+NT+10.0;+Win64;+x64)+AppleWebKit/537.36+(KHTML,+like+Gecko)+Chrome/69.0.3497.100+Safari/537.36 http://localhost:7184/Default.cshtml 404 0 2 15
2018-10-11 08:51:17 ::1 GET /ome!pos.pgn.png - 7184 - ::1 Mozilla/5.0+(Windows+NT+10.0;+Win64;+x64)+AppleWebKit/537.36+(KHTML,+like+Gecko)+Chrome/69.0.3497.100+Safari/537.36 http://localhost:7184/Default.cshtml 404 0 2 3
2018-10-11 08:52:14 ::1 GET /Default.cshtml - 7184 - ::1 Mozilla/5.0+(Windows+NT+10.0;+Win64;+x64)+AppleWebKit/537.36+(KHTML,+like+Gecko)+Chrome/69.0.3497.100+Safari/537.36 - 200 0 0 1299
2018-10-11 08:52:14 ::1 GET /screenshot-2.png - 7184 - ::1 Mozilla/5.0+(Windows+NT+10.0;+Win64;+x64)+AppleWebKit/537.36+(KHTML,+like+Gecko)+Chrome/69.0.3497.100+Safari/537.36 http://localhost:7184/Default.cshtml 404 0 2 19
2018-10-11 08:52:14 ::1 GET /ome!pos.pgn.png - 7184 - ::1 Mozilla/5.0+(Windows+NT+10.0;+Win64;+x64)+AppleWebKit/537.36+(KHTML,+like+Gecko)+Chrome/69.0.3497.100+Safari/537.36 http://localhost:7184/Default.cshtml 404 0 2 5
2018-10-11 08:59:12 ::1 GET /Default.cshtml - 7184 - ::1 Mozilla/5.0+(Windows+NT+10.0;+Win64;+x64)+AppleWebKit/537.36+(KHTML,+like+Gecko)+Chrome/69.0.3497.100+Safari/537.36 - 200 0 0 1377
2018-10-11 08:59:12 ::1 GET /screenshot-2.png - 7184 - ::1 Mozilla/5.0+(Windows+NT+10.0;+Win64;+x64)+AppleWebKit/537.36+(KHTML,+like+Gecko)+Chrome/69.0.3497.100+Safari/537.36 http://localhost:7184/Default.cshtml 404 0 2 45
2018-10-11 08:59:12 ::1 GET /ome!pos.pgn.png - 7184 - ::1 Mozilla/5.0+(Windows+NT+10.0;+Win64;+x64)+AppleWebKit/537.36+(KHTML,+like+Gecko)+Chrome/69.0.3497.100+Safari/537.36 http://localhost:7184/Default.cshtml 404 0 2 5
2018-10-11 08:59:12 ::1 GET /20151101_163344.jpg - 7184 - ::1 Mozilla/5.0+(Windows+NT+10.0;+Win64;+x64)+AppleWebKit/537.36+(KHTML,+like+Gecko)+Chrome/69.0.3497.100+Safari/537.36 http://localhost:7184/Default.cshtml 200 0 0 47
2018-10-11 09:01:37 ::1 GET /Default.cshtml - 7184 - ::1 Mozilla/5.0+(Windows+NT+10.0;+Win64;+x64)+AppleWebKit/537.36+(KHTML,+like+Gecko)+Chrome/69.0.3497.100+Safari/537.36 - 200 0 0 3332
2018-10-11 09:01:37 ::1 GET /screenshot-2.png - 7184 - ::1 Mozilla/5.0+(Windows+NT+10.0;+Win64;+x64)+AppleWebKit/537.36+(KHTML,+like+Gecko)+Chrome/69.0.3497.100+Safari/537.36 http://localhost:7184/Default.cshtml 404 0 2 32
2018-10-11 09:01:37 ::1 GET /ome!pos.pgn.png - 7184 - ::1 Mozilla/5.0+(Windows+NT+10.0;+Win64;+x64)+AppleWebKit/537.36+(KHTML,+like+Gecko)+Chrome/69.0.3497.100+Safari/537.36 http://localhost:7184/Default.cshtml 404 0 2 4
2018-10-11 09:07:37 ::1 GET /Default.cshtml - 7184 - ::1 Mozilla/5.0+(Windows+NT+10.0;+Win64;+x64)+AppleWebKit/537.36+(KHTML,+like+Gecko)+Chrome/69.0.3497.100+Safari/537.36 - 200 0 0 1377
2018-10-11 09:07:37 ::1 GET /screenshot-2.png - 7184 - ::1 Mozilla/5.0+(Windows+NT+10.0;+Win64;+x64)+AppleWebKit/537.36+(KHTML,+like+Gecko)+Chrome/69.0.3497.100+Safari/537.36 http://localhost:7184/Default.cshtml 404 0 2 14
2018-10-11 09:07:37 ::1 GET /ome!pos.pgn.png - 7184 - ::1 Mozilla/5.0+(Windows+NT+10.0;+Win64;+x64)+AppleWebKit/537.36+(KHTML,+like+Gecko)+Chrome/69.0.3497.100+Safari/537.36 http://localhost:7184/Default.cshtml 404 0 2 8
2018-10-11 09:19:16 ::1 GET /Default.cshtml - 7184 - ::1 Mozilla/5.0+(Windows+NT+10.0;+Win64;+x64)+AppleWebKit/537.36+(KHTML,+like+Gecko)+Chrome/69.0.3497.100+Safari/537.36 - 200 0 0 1275
2018-10-11 09:19:16 ::1 GET /screenshot-2.png - 7184 - ::1 Mozilla/5.0+(Windows+NT+10.0;+Win64;+x64)+AppleWebKit/537.36+(KHTML,+like+Gecko)+Chrome/69.0.3497.100+Safari/537.36 http://localhost:7184/Default.cshtml 404 0 2 21
2018-10-11 09:19:16 ::1 GET /ome!pos.pgn.png - 7184 - ::1 Mozilla/5.0+(Windows+NT+10.0;+Win64;+x64)+AppleWebKit/537.36+(KHTML,+like+Gecko)+Chrome/69.0.3497.100+Safari/537.36 http://localhost:7184/Default.cshtml 404 0 2 3
2018-10-11 09:20:18 ::1 GET /Default.cshtml - 7184 - ::1 Mozilla/5.0+(Windows+NT+10.0;+Win64;+x64)+AppleWebKit/537.36+(KHTML,+like+Gecko)+Chrome/69.0.3497.100+Safari/537.36 - 200 0 0 1279
2018-10-11 09:20:18 ::1 GET /screenshot-2.png - 7184 - ::1 Mozilla/5.0+(Windows+NT+10.0;+Win64;+x64)+AppleWebKit/537.36+(KHTML,+like+Gecko)+Chrome/69.0.3497.100+Safari/537.36 http://localhost:7184/Default.cshtml 404 0 2 18
2018-10-11 09:20:18 ::1 GET /ome!pos.pgn.png - 7184 - ::1 Mozilla/5.0+(Windows+NT+10.0;+Win64;+x64)+AppleWebKit/537.36+(KHTML,+like+Gecko)+Chrome/69.0.3497.100+Safari/537.36 http://localhost:7184/Default.cshtml 404 0 2 8
2018-10-11 09:22:51 ::1 GET /Default.cshtml - 7184 - ::1 Mozilla/5.0+(Windows+NT+10.0;+Win64;+x64)+AppleWebKit/537.36+(KHTML,+like+Gecko)+Chrome/69.0.3497.100+Safari/537.36 - 200 0 0 1310
2018-10-11 09:22:51 ::1 GET /screenshot-2.png - 7184 - ::1 Mozilla/5.0+(Windows+NT+10.0;+Win64;+x64)+AppleWebKit/537.36+(KHTML,+like+Gecko)+Chrome/69.0.3497.100+Safari/537.36 http://localhost:7184/Default.cshtml 404 0 2 13
2018-10-11 09:22:51 ::1 GET /ome!pos.pgn.png - 7184 - ::1 Mozilla/5.0+(Windows+NT+10.0;+Win64;+x64)+AppleWebKit/537.36+(KHTML,+like+Gecko)+Chrome/69.0.3497.100+Safari/537.36 http://localhost:7184/Default.cshtml 404 0 2 4
2018-10-11 09:25:20 ::1 GET /Default.cshtml - 7184 - ::1 Mozilla/5.0+(Windows+NT+10.0;+Win64;+x64)+AppleWebKit/537.36+(KHTML,+like+Gecko)+Chrome/69.0.3497.100+Safari/537.36 - 200 0 0 1297
2018-10-11 09:25:20 ::1 GET /screenshot-2.png - 7184 - ::1 Mozilla/5.0+(Windows+NT+10.0;+Win64;+x64)+AppleWebKit/537.36+(KHTML,+like+Gecko)+Chrome/69.0.3497.100+Safari/537.36 http://localhost:7184/Default.cshtml 404 0 2 17
2018-10-11 09:25:20 ::1 GET /ome!pos.pgn.png - 7184 - ::1 Mozilla/5.0+(Windows+NT+10.0;+Win64;+x64)+AppleWebKit/537.36+(KHTML,+like+Gecko)+Chrome/69.0.3497.100+Safari/537.36 http://localhost:7184/Default.cshtml 404 0 2 5
2018-10-11 09:26:05 ::1 GET /Default.cshtml - 7184 - ::1 Mozilla/5.0+(Windows+NT+10.0;+Win64;+x64)+AppleWebKit/537.36+(KHTML,+like+Gecko)+Chrome/69.0.3497.100+Safari/537.36 - 200 0 0 1272
2018-10-11 09:26:05 ::1 GET /screenshot-2.png - 7184 - ::1 Mozilla/5.0+(Windows+NT+10.0;+Win64;+x64)+AppleWebKit/537.36+(KHTML,+like+Gecko)+Chrome/69.0.3497.100+Safari/537.36 http://localhost:7184/Default.cshtml 404 0 2 5
2018-10-11 09:26:05 ::1 GET /ome!pos.pgn.png - 7184 - ::1 Mozilla/5.0+(Windows+NT+10.0;+Win64;+x64)+AppleWebKit/537.36+(KHTML,+like+Gecko)+Chrome/69.0.3497.100+Safari/537.36 http://localhost:7184/Default.cshtml 404 0 2 3
2018-10-11 09:26:58 ::1 GET /Default.cshtml - 7184 - ::1 Mozilla/5.0+(Windows+NT+10.0;+Win64;+x64)+AppleWebKit/537.36+(KHTML,+like+Gecko)+Chrome/69.0.3497.100+Safari/537.36 - 200 0 0 1371
2018-10-11 09:26:58 ::1 GET /screenshot-2.png - 7184 - ::1 Mozilla/5.0+(Windows+NT+10.0;+Win64;+x64)+AppleWebKit/537.36+(KHTML,+like+Gecko)+Chrome/69.0.3497.100+Safari/537.36 http://localhost:7184/Default.cshtml 404 0 2 23
2018-10-11 09:26:58 ::1 GET /ome!pos.pgn.png - 7184 - ::1 Mozilla/5.0+(Windows+NT+10.0;+Win64;+x64)+AppleWebKit/537.36+(KHTML,+like+Gecko)+Chrome/69.0.3497.100+Safari/537.36 http://localhost:7184/Default.cshtml 404 0 2 5
2018-10-11 09:28:57 ::1 GET /Default.cshtml - 7184 - ::1 Mozilla/5.0+(Windows+NT+10.0;+Win64;+x64)+AppleWebKit/537.36+(KHTML,+like+Gecko)+Chrome/69.0.3497.100+Safari/537.36 - 200 0 0 1271
2018-10-11 09:28:57 ::1 GET /screenshot-2.png - 7184 - ::1 Mozilla/5.0+(Windows+NT+10.0;+Win64;+x64)+AppleWebKit/537.36+(KHTML,+like+Gecko)+Chrome/69.0.3497.100+Safari/537.36 http://localhost:7184/Default.cshtml 404 0 2 11
2018-10-11 09:28:57 ::1 GET /ome!pos.pgn.png - 7184 - ::1 Mozilla/5.0+(Windows+NT+10.0;+Win64;+x64)+AppleWebKit/537.36+(KHTML,+like+Gecko)+Chrome/69.0.3497.100+Safari/537.36 http://localhost:7184/Default.cshtml 404 0 2 4
2018-10-11 09:29:52 ::1 GET /Default.cshtml - 7184 - ::1 Mozilla/5.0+(Windows+NT+10.0;+Win64;+x64)+AppleWebKit/537.36+(KHTML,+like+Gecko)+Chrome/69.0.3497.100+Safari/537.36 - 200 0 0 1244
2018-10-11 09:29:52 ::1 GET /screenshot-2.png - 7184 - ::1 Mozilla/5.0+(Windows+NT+10.0;+Win64;+x64)+AppleWebKit/537.36+(KHTML,+like+Gecko)+Chrome/69.0.3497.100+Safari/537.36 http://localhost:7184/Default.cshtml 404 0 2 10
2018-10-11 09:29:52 ::1 GET /ome!pos.pgn.png - 7184 - ::1 Mozilla/5.0+(Windows+NT+10.0;+Win64;+x64)+AppleWebKit/537.36+(KHTML,+like+Gecko)+Chrome/69.0.3497.100+Safari/537.36 http://localhost:7184/Default.cshtml 404 0 2 3
2018-10-11 09:32:25 ::1 GET /Default.cshtml - 7184 - ::1 Mozilla/5.0+(Windows+NT+10.0;+Win64;+x64)+AppleWebKit/537.36+(KHTML,+like+Gecko)+Chrome/69.0.3497.100+Safari/537.36 - 200 0 0 1408
2018-10-11 09:32:25 ::1 GET /screenshot-2.png - 7184 - ::1 Mozilla/5.0+(Windows+NT+10.0;+Win64;+x64)+AppleWebKit/537.36+(KHTML,+like+Gecko)+Chrome/69.0.3497.100+Safari/537.36 http://localhost:7184/Default.cshtml 404 0 2 21
2018-10-11 09:32:25 ::1 GET /ome!pos.pgn.png - 7184 - ::1 Mozilla/5.0+(Windows+NT+10.0;+Win64;+x64)+AppleWebKit/537.36+(KHTML,+like+Gecko)+Chrome/69.0.3497.100+Safari/537.36 http://localhost:7184/Default.cshtml 404 0 2 6
2018-10-11 09:33:53 ::1 GET / - 7184 - ::1 Mozilla/5.0+(Windows+NT+10.0;+Win64;+x64)+AppleWebKit/537.36+(KHTML,+like+Gecko)+Chrome/69.0.3497.100+Safari/537.36 - 200 0 0 1366
2018-10-11 09:33:53 ::1 GET /screenshot-2.png - 7184 - ::1 Mozilla/5.0+(Windows+NT+10.0;+Win64;+x64)+AppleWebKit/537.36+(KHTML,+like+Gecko)+Chrome/69.0.3497.100+Safari/537.36 http://localhost:7184/ 404 0 2 28
2018-10-11 09:33:53 ::1 GET /ome!pos.pgn.png - 7184 - ::1 Mozilla/5.0+(Windows+NT+10.0;+Win64;+x64)+AppleWebKit/537.36+(KHTML,+like+Gecko)+Chrome/69.0.3497.100+Safari/537.36 http://localhost:7184/ 404 0 2 9
2018-10-11 09:36:48 ::1 GET /Default.cshtml - 7184 - ::1 Mozilla/5.0+(Windows+NT+10.0;+Win64;+x64)+AppleWebKit/537.36+(KHTML,+like+Gecko)+Chrome/69.0.3497.100+Safari/537.36 - 200 0 0 1261
2018-10-11 09:36:48 ::1 GET /screenshot-2.png - 7184 - ::1 Mozilla/5.0+(Windows+NT+10.0;+Win64;+x64)+AppleWebKit/537.36+(KHTML,+like+Gecko)+Chrome/69.0.3497.100+Safari/537.36 http://localhost:7184/Default.cshtml 404 0 2 18
2018-10-11 09:36:48 ::1 GET /ome!pos.pgn.png - 7184 - ::1 Mozilla/5.0+(Windows+NT+10.0;+Win64;+x64)+AppleWebKit/537.36+(KHTML,+like+Gecko)+Chrome/69.0.3497.100+Safari/537.36 http://localhost:7184/Default.cshtml 404 0 2 10
2018-10-11 09:37:32 ::1 GET /Default.cshtml - 7184 - ::1 Mozilla/5.0+(Windows+NT+10.0;+Win64;+x64)+AppleWebKit/537.36+(KHTML,+like+Gecko)+Chrome/69.0.3497.100+Safari/537.36 - 200 0 0 1332
2018-10-11 09:37:32 ::1 GET /screenshot-2.png - 7184 - ::1 Mozilla/5.0+(Windows+NT+10.0;+Win64;+x64)+AppleWebKit/537.36+(KHTML,+like+Gecko)+Chrome/69.0.3497.100+Safari/537.36 http://localhost:7184/Default.cshtml 404 0 2 21
2018-10-11 09:37:32 ::1 GET /ome!pos.pgn.png - 7184 - ::1 Mozilla/5.0+(Windows+NT+10.0;+Win64;+x64)+AppleWebKit/537.36+(KHTML,+like+Gecko)+Chrome/69.0.3497.100+Safari/537.36 http://localhost:7184/Default.cshtml 404 0 2 3
2018-10-11 09:38:34 ::1 GET /Default.cshtml - 7184 - ::1 Mozilla/5.0+(Windows+NT+10.0;+Win64;+x64)+AppleWebKit/537.36+(KHTML,+like+Gecko)+Chrome/69.0.3497.100+Safari/537.36 - 200 0 0 1249
2018-10-11 09:38:34 ::1 GET /screenshot-2.png - 7184 - ::1 Mozilla/5.0+(Windows+NT+10.0;+Win64;+x64)+AppleWebKit/537.36+(KHTML,+like+Gecko)+Chrome/69.0.3497.100+Safari/537.36 http://localhost:7184/Default.cshtml 404 0 2 24
2018-10-11 09:38:34 ::1 GET /ome!pos.pgn.png - 7184 - ::1 Mozilla/5.0+(Windows+NT+10.0;+Win64;+x64)+AppleWebKit/537.36+(KHTML,+like+Gecko)+Chrome/69.0.3497.100+Safari/537.36 http://localhost:7184/Default.cshtml 404 0 2 6
2018-10-11 09:39:11 ::1 GET /Default.cshtml - 7184 - ::1 Mozilla/5.0+(Windows+NT+10.0;+Win64;+x64)+AppleWebKit/537.36+(KHTML,+like+Gecko)+Chrome/69.0.3497.100+Safari/537.36 - 200 0 0 2616
2018-10-11 09:39:11 ::1 GET /screenshot-2.png - 7184 - ::1 Mozilla/5.0+(Windows+NT+10.0;+Win64;+x64)+AppleWebKit/537.36+(KHTML,+like+Gecko)+Chrome/69.0.3497.100+Safari/537.36 http://localhost:7184/Default.cshtml 404 0 2 10
2018-10-11 09:39:11 ::1 GET /ome!pos.pgn.png - 7184 - ::1 Mozilla/5.0+(Windows+NT+10.0;+Win64;+x64)+AppleWebKit/537.36+(KHTML,+like+Gecko)+Chrome/69.0.3497.100+Safari/537.36 http://localhost:7184/Default.cshtml 404 0 2 3
2018-10-11 09:42:09 ::1 GET /Default.cshtml - 7184 - ::1 Mozilla/5.0+(Windows+NT+10.0;+Win64;+x64)+AppleWebKit/537.36+(KHTML,+like+Gecko)+Chrome/69.0.3497.100+Safari/537.36 - 200 0 0 1342
2018-10-11 09:42:09 ::1 GET /screenshot-2.png - 7184 - ::1 Mozilla/5.0+(Windows+NT+10.0;+Win64;+x64)+AppleWebKit/537.36+(KHTML,+like+Gecko)+Chrome/69.0.3497.100+Safari/537.36 http://localhost:7184/Default.cshtml 200 0 0 11
2018-10-11 09:42:09 ::1 GET /ome!pos.pgn.png - 7184 - ::1 Mozilla/5.0+(Windows+NT+10.0;+Win64;+x64)+AppleWebKit/537.36+(KHTML,+like+Gecko)+Chrome/69.0.3497.100+Safari/537.36 http://localhost:7184/Default.cshtml 404 0 2 5
2018-10-11 09:43:09 ::1 GET /Default.cshtml - 7184 - ::1 Mozilla/5.0+(Windows+NT+10.0;+Win64;+x64)+AppleWebKit/537.36+(KHTML,+like+Gecko)+Chrome/69.0.3497.100+Safari/537.36 - 200 0 0 87
2018-10-11 09:43:09 ::1 GET /ome!pos.pgn.png - 7184 - ::1 Mozilla/5.0+(Windows+NT+10.0;+Win64;+x64)+AppleWebKit/537.36+(KHTML,+like+Gecko)+Chrome/69.0.3497.100+Safari/537.36 http://localhost:7184/Default.cshtml 200 0 0 9
2018-10-11 09:44:34 ::1 GET /Default.cshtml - 7184 - ::1 Mozilla/5.0+(Windows+NT+10.0;+Win64;+x64)+AppleWebKit/537.36+(KHTML,+like+Gecko)+Chrome/69.0.3497.100+Safari/537.36 - 200 0 0 1329
2018-10-11 09:45:42 ::1 GET /Default.cshtml - 7184 - ::1 Mozilla/5.0+(Windows+NT+10.0;+Win64;+x64)+AppleWebKit/537.36+(KHTML,+like+Gecko)+Chrome/69.0.3497.100+Safari/537.36 - 200 0 0 1322
2018-10-11 09:47:04 ::1 GET /Default.cshtml - 7184 - ::1 Mozilla/5.0+(Windows+NT+10.0;+Win64;+x64)+AppleWebKit/537.36+(KHTML,+like+Gecko)+Chrome/69.0.3497.100+Safari/537.36 - 200 0 0 1293
2018-10-11 09:47:48 ::1 GET /Default.cshtml - 7184 - ::1 Mozilla/5.0+(Windows+NT+10.0;+Win64;+x64)+AppleWebKit/537.36+(KHTML,+like+Gecko)+Chrome/69.0.3497.100+Safari/537.36 - 200 0 0 1247
2018-10-11 09:48:18 ::1 GET /Default.cshtml - 7184 - ::1 Mozilla/5.0+(Windows+NT+10.0;+Win64;+x64)+AppleWebKit/537.36+(KHTML,+like+Gecko)+Chrome/69.0.3497.100+Safari/537.36 - 200 0 0 1259
2018-10-11 09:48:57 ::1 GET /Default.cshtml - 7184 - ::1 Mozilla/5.0+(Windows+NT+10.0;+Win64;+x64)+AppleWebKit/537.36+(KHTML,+like+Gecko)+Chrome/69.0.3497.100+Safari/537.36 - 200 0 0 1215
2018-10-11 09:49:45 ::1 GET /Default.cshtml - 7184 - ::1 Mozilla/5.0+(Windows+NT+10.0;+Win64;+x64)+AppleWebKit/537.36+(KHTML,+like+Gecko)+Chrome/69.0.3497.100+Safari/537.36 - 200 0 0 1259
2018-10-11 09:50:44 ::1 GET /Default.cshtml - 7184 - ::1 Mozilla/5.0+(Windows+NT+10.0;+Win64;+x64)+AppleWebKit/537.36+(KHTML,+like+Gecko)+Chrome/69.0.3497.100+Safari/537.36 - 200 0 0 1236
2018-10-11 09:52:00 ::1 GET /Default.cshtml - 7184 - ::1 Mozilla/5.0+(Windows+NT+10.0;+Win64;+x64)+AppleWebKit/537.36+(KHTML,+like+Gecko)+Chrome/69.0.3497.100+Safari/537.36 - 200 0 0 1395
2018-10-11 09:54:18 ::1 GET /Default.cshtml - 7184 - ::1 Mozilla/5.0+(Windows+NT+10.0;+Win64;+x64)+AppleWebKit/537.36+(KHTML,+like+Gecko)+Chrome/69.0.3497.100+Safari/537.36 - 200 0 0 1467
2018-10-11 09:54:58 ::1 GET /Default.cshtml - 7184 - ::1 Mozilla/5.0+(Windows+NT+10.0;+Win64;+x64)+AppleWebKit/537.36+(KHTML,+like+Gecko)+Chrome/69.0.3497.100+Safari/537.36 - 200 0 0 1797
#Software: Microsoft Internet Information Services 10.0
#Version: 1.0
#Date: 2018-10-11 10:11:30
#Fields: date time s-ip cs-method cs-uri-stem cs-uri-query s-port cs-username c-ip cs(User-Agent) cs(Referer) sc-status sc-substatus sc-win32-status time-taken
2018-10-11 10:11:30 ::1 GET / - 7184 - ::1 Mozilla/5.0+(Windows+NT+10.0;+Win64;+x64)+AppleWebKit/537.36+(KHTML,+like+Gecko)+Chrome/69.0.3497.100+Safari/537.36 - 200 0 0 1344
2018-10-11 10:13:28 ::1 GET / - 7184 - ::1 Mozilla/5.0+(Windows+NT+10.0;+Win64;+x64)+AppleWebKit/537.36+(KHTML,+like+Gecko)+Chrome/69.0.3497.100+Safari/537.36 - 200 0 0 1491
2018-10-11 10:18:46 ::1 GET / - 7184 - ::1 Mozilla/5.0+(Windows+NT+10.0;+Win64;+x64)+AppleWebKit/537.36+(KHTML,+like+Gecko)+Chrome/69.0.3497.100+Safari/537.36 - 200 0 0 91
2018-10-11 10:21:33 ::1 GET / - 7184 - ::1 Mozilla/5.0+(Windows+NT+10.0;+Win64;+x64)+AppleWebKit/537.36+(KHTML,+like+Gecko)+Chrome/69.0.3497.100+Safari/537.36 - 200 0 0 2319
2018-10-11 10:23:13 ::1 GET / - 7184 - ::1 Mozilla/5.0+(Windows+NT+10.0;+Win64;+x64)+AppleWebKit/537.36+(KHTML,+like+Gecko)+Chrome/69.0.3497.100+Safari/537.36 - 200 0 0 1390
#Software: Microsoft Internet Information Services 10.0
#Version: 1.0
#Date: 2018-10-11 10:42:14
#Fields: date time s-ip cs-method cs-uri-stem cs-uri-query s-port cs-username c-ip cs(User-Agent) cs(Referer) sc-status sc-substatus sc-win32-status time-taken
2018-10-11 10:42:14 ::1 GET / - 7184 - ::1 Mozilla/5.0+(Windows+NT+10.0;+Win64;+x64)+AppleWebKit/537.36+(KHTML,+like+Gecko)+Chrome/69.0.3497.100+Safari/537.36 - 200 0 0 1517
2018-10-11 10:43:52 ::1 GET / - 7184 - ::1 Mozilla/5.0+(Windows+NT+10.0;+Win64;+x64)+AppleWebKit/537.36+(KHTML,+like+Gecko)+Chrome/69.0.3497.100+Safari/537.36 - 200 0 0 1438
2018-10-11 10:48:26 ::1 GET / - 7184 - ::1 Mozilla/5.0+(Windows+NT+10.0;+Win64;+x64)+AppleWebKit/537.36+(KHTML,+like+Gecko)+Chrome/69.0.3497.100+Safari/537.36 - 200 0 0 1774
2018-10-11 10:50:05 ::1 GET /Account/Login - 7184 - ::1 Mozilla/5.0+(Windows+NT+10.0;+Win64;+x64)+AppleWebKit/537.36+(KHTML,+like+Gecko)+Chrome/69.0.3497.100+Safari/537.36 http://localhost:7184/ 200 0 0 1906
2018-10-11 10:50:05 ::1 GET /Account/ome!pos.pgn.png - 7184 - ::1 Mozilla/5.0+(Windows+NT+10.0;+Win64;+x64)+AppleWebKit/537.36+(KHTML,+like+Gecko)+Chrome/69.0.3497.100+Safari/537.36 http://localhost:7184/Account/Login 404 0 2 30
2018-10-11 10:50:05 ::1 GET /Account/ome!pos.pgn.png - 7184 - ::1 Mozilla/5.0+(Windows+NT+10.0;+Win64;+x64)+AppleWebKit/537.36+(KHTML,+like+Gecko)+Chrome/69.0.3497.100+Safari/537.36 http://localhost:7184/Account/Login 404 0 2 7
2018-10-11 10:50:08 ::1 GET /favicon.png - 7184 - ::1 Mozilla/5.0+(Windows+NT+10.0;+Win64;+x64)+AppleWebKit/537.36+(KHTML,+like+Gecko)+Chrome/69.0.3497.100+Safari/537.36 http://localhost:7184/Account/Login 200 0 0 41
2018-10-11 10:50:08 ::1 GET /animated_favicon1.gif - 7184 - ::1 Mozilla/5.0+(Windows+NT+10.0;+Win64;+x64)+AppleWebKit/537.36+(KHTML,+like+Gecko)+Chrome/69.0.3497.100+Safari/537.36 http://localhost:7184/Account/Login 200 0 0 22
2018-10-11 10:50:13 ::1 POST /Account/Login - 7184 - ::1 Mozilla/5.0+(Windows+NT+10.0;+Win64;+x64)+AppleWebKit/537.36+(KHTML,+like+Gecko)+Chrome/69.0.3497.100+Safari/537.36 http://localhost:7184/Account/Login 302 0 0 407
2018-10-11 10:50:13 ::1 GET / - 7184 grazyna.selbach@freenet.de ::1 Mozilla/5.0+(Windows+NT+10.0;+Win64;+x64)+AppleWebKit/537.36+(KHTML,+like+Gecko)+Chrome/69.0.3497.100+Safari/537.36 http://localhost:7184/Account/Login 200 0 0 11
2018-10-11 10:50:29 ::1 GET /Account/Login - 7184 grazyna.selbach@freenet.de ::1 Mozilla/5.0+(Windows+NT+10.0;+Win64;+x64)+AppleWebKit/537.36+(KHTML,+like+Gecko)+Chrome/69.0.3497.100+Safari/537.36 http://localhost:7184/ 200 0 0 12
2018-10-11 10:50:51 ::1 GET /Contact - 7184 grazyna.selbach@freenet.de ::1 Mozilla/5.0+(Windows+NT+10.0;+Win64;+x64)+AppleWebKit/537.36+(KHTML,+like+Gecko)+Chrome/69.0.3497.100+Safari/537.36 http://localhost:7184/Account/Login 200 0 0 39
2018-10-11 10:50:59 ::1 GET /About - 7184 grazyna.selbach@freenet.de ::1 Mozilla/5.0+(Windows+NT+10.0;+Win64;+x64)+AppleWebKit/537.36+(KHTML,+like+Gecko)+Chrome/69.0.3497.100+Safari/537.36 http://localhost:7184/Contact 200 0 0 30
2018-10-11 10:51:06 ::1 GET /About - 7184 grazyna.selbach@freenet.de ::1 Mozilla/5.0+(Windows+NT+10.0;+Win64;+x64)+AppleWebKit/537.36+(KHTML,+like+Gecko)+Chrome/69.0.3497.100+Safari/537.36 http://localhost:7184/About 200 0 0 20
2018-10-11 10:51:29 ::1 GET / - 7184 grazyna.selbach@freenet.de ::1 Mozilla/5.0+(Windows+NT+10.0;+Win64;+x64)+AppleWebKit/537.36+(KHTML,+like+Gecko)+Chrome/69.0.3497.100+Safari/537.36 http://localhost:7184/About 200 0 0 5
2018-10-11 10:52:02 ::1 GET /About - 7184 grazyna.selbach@freenet.de ::1 Mozilla/5.0+(Windows+NT+10.0;+Win64;+x64)+AppleWebKit/537.36+(KHTML,+like+Gecko)+Chrome/69.0.3497.100+Safari/537.36 http://localhost:7184/ 200 0 0 15
2018-10-11 10:55:13 ::1 GET /About.cshtml - 7184 grazyna.selbach@freenet.de ::1 Mozilla/5.0+(Windows+NT+10.0;+Win64;+x64)+AppleWebKit/537.36+(KHTML,+like+Gecko)+Chrome/69.0.3497.100+Safari/537.36 - 200 0 0 1488
2018-10-11 10:55:51 ::1 POST /About.cshtml - 7184 grazyna.selbach@freenet.de ::1 Mozilla/5.0+(Windows+NT+10.0;+Win64;+x64)+AppleWebKit/537.36+(KHTML,+like+Gecko)+Chrome/69.0.3497.100+Safari/537.36 http://localhost:7184/About.cshtml 200 0 0 15
#Software: Microsoft Internet Information Services 10.0
#Version: 1.0
#Date: 2018-10-11 11:58:00
#Fields: date time s-ip cs-method cs-uri-stem cs-uri-query s-port cs-username c-ip cs(User-Agent) cs(Referer) sc-status sc-substatus sc-win32-status time-taken
2018-10-11 11:58:00 ::1 GET / - 7184 - ::1 Mozilla/5.0+(Windows+NT+10.0;+Win64;+x64)+AppleWebKit/537.36+(KHTML,+like+Gecko)+Chrome/69.0.3497.100+Safari/537.36 - 200 0 0 1682
2018-10-11 11:58:07 ::1 GET /Account/Login - 7184 - ::1 Mozilla/5.0+(Windows+NT+10.0;+Win64;+x64)+AppleWebKit/537.36+(KHTML,+like+Gecko)+Chrome/69.0.3497.100+Safari/537.36 http://localhost:7184/ 200 0 0 126
2018-10-11 11:58:07 ::1 GET /Account/ome!pos.pgn.png - 7184 - ::1 Mozilla/5.0+(Windows+NT+10.0;+Win64;+x64)+AppleWebKit/537.36+(KHTML,+like+Gecko)+Chrome/69.0.3497.100+Safari/537.36 http://localhost:7184/Account/Login 404 0 2 46
2018-10-11 11:58:07 ::1 GET /Account/ome!pos.pgn.png - 7184 - ::1 Mozilla/5.0+(Windows+NT+10.0;+Win64;+x64)+AppleWebKit/537.36+(KHTML,+like+Gecko)+Chrome/69.0.3497.100+Safari/537.36 http://localhost:7184/Account/Login 404 0 2 8
2018-10-11 11:58:12 ::1 POST /Account/Login - 7184 - ::1 Mozilla/5.0+(Windows+NT+10.0;+Win64;+x64)+AppleWebKit/537.36+(KHTML,+like+Gecko)+Chrome/69.0.3497.100+Safari/537.36 http://localhost:7184/Account/Login 302 0 0 402
2018-10-11 11:58:12 ::1 GET / - 7184 grazyna.selbach@freenet.de ::1 Mozilla/5.0+(Windows+NT+10.0;+Win64;+x64)+AppleWebKit/537.36+(KHTML,+like+Gecko)+Chrome/69.0.3497.100+Safari/537.36 http://localhost:7184/Account/Login 200 0 0 9
2018-10-11 12:10:49 ::1 GET / - 7184 grazyna.selbach@freenet.de ::1 Mozilla/5.0+(Windows+NT+10.0;+Win64;+x64)+AppleWebKit/537.36+(KHTML,+like+Gecko)+Chrome/69.0.3497.100+Safari/537.36 - 200 0 0 89
2018-10-11 12:10:54 ::1 GET /Account/Login - 7184 grazyna.selbach@freenet.de ::1 Mozilla/5.0+(Windows+NT+10.0;+Win64;+x64)+AppleWebKit/537.36+(KHTML,+like+Gecko)+Chrome/69.0.3497.100+Safari/537.36 http://localhost:7184/ 200 0 0 1789
2018-10-11 12:10:54 ::1 GET /Account/ome!pos.pgn.png - 7184 - ::1 Mozilla/5.0+(Windows+NT+10.0;+Win64;+x64)+AppleWebKit/537.36+(KHTML,+like+Gecko)+Chrome/69.0.3497.100+Safari/537.36 http://localhost:7184/Account/Login 404 0 2 22
2018-10-11 12:10:54 ::1 GET /Account/ome!pos.pgn.png - 7184 - ::1 Mozilla/5.0+(Windows+NT+10.0;+Win64;+x64)+AppleWebKit/537.36+(KHTML,+like+Gecko)+Chrome/69.0.3497.100+Safari/537.36 http://localhost:7184/Account/Login 404 0 2 46
2018-10-11 12:16:01 ::1 GET /Account/Login.cshtml - 7184 grazyna.selbach@freenet.de ::1 Mozilla/5.0+(Windows+NT+10.0;+Win64;+x64)+AppleWebKit/537.36+(KHTML,+like+Gecko)+Chrome/69.0.3497.100+Safari/537.36 - 200 0 0 1743
2018-10-11 12:16:01 ::1 GET /Account/ome!pos.pgn.png - 7184 - ::1 Mozilla/5.0+(Windows+NT+10.0;+Win64;+x64)+AppleWebKit/537.36+(KHTML,+like+Gecko)+Chrome/69.0.3497.100+Safari/537.36 http://localhost:7184/Account/Login.cshtml 404 0 2 13
2018-10-11 12:16:01 ::1 GET /Account/ome!pos.pgn.png - 7184 - ::1 Mozilla/5.0+(Windows+NT+10.0;+Win64;+x64)+AppleWebKit/537.36+(KHTML,+like+Gecko)+Chrome/69.0.3497.100+Safari/537.36 http://localhost:7184/Account/Login.cshtml 404 0 2 18
2018-10-11 12:18:44 ::1 GET /Account/Login.cshtml - 7184 grazyna.selbach@freenet.de ::1 Mozilla/5.0+(Windows+NT+10.0;+Win64;+x64)+AppleWebKit/537.36+(KHTML,+like+Gecko)+Chrome/69.0.3497.100+Safari/537.36 - 200 0 0 1842
2018-10-11 12:18:44 ::1 GET /Account/ome!pos.pgn.png - 7184 - ::1 Mozilla/5.0+(Windows+NT+10.0;+Win64;+x64)+AppleWebKit/537.36+(KHTML,+like+Gecko)+Chrome/69.0.3497.100+Safari/537.36 http://localhost:7184/Account/Login.cshtml 404 0 2 43
2018-10-11 12:18:45 ::1 GET /Account/ome!pos.pgn.png - 7184 - ::1 Mozilla/5.0+(Windows+NT+10.0;+Win64;+x64)+AppleWebKit/537.36+(KHTML,+like+Gecko)+Chrome/69.0.3497.100+Safari/537.36 http://localhost:7184/Account/Login.cshtml 404 0 2 10
2018-10-11 12:19:12 ::1 POST /Account/Login.cshtml - 7184 grazyna.selbach@freenet.de ::1 Mozilla/5.0+(Windows+NT+10.0;+Win64;+x64)+AppleWebKit/537.36+(KHTML,+like+Gecko)+Chrome/69.0.3497.100+Safari/537.36 http://localhost:7184/Account/Login.cshtml 302 0 0 327
2018-10-11 12:19:12 ::1 GET /strona+dla+uzytkownika - 7184 grazyna.selbach@freenet.de ::1 Mozilla/5.0+(Windows+NT+10.0;+Win64;+x64)+AppleWebKit/537.36+(KHTML,+like+Gecko)+Chrome/69.0.3497.100+Safari/537.36 http://localhost:7184/Account/Login.cshtml 200 0 0 25
2018-10-11 12:23:48 ::1 GET /Account/Register.cshtml - 7184 grazyna.selbach@freenet.de ::1 Mozilla/5.0+(Windows+NT+10.0;+Win64;+x64)+AppleWebKit/537.36+(KHTML,+like+Gecko)+Chrome/69.0.3497.100+Safari/537.36 - 200 0 0 1692
2018-10-11 12:23:48 ::1 GET /Account/ome!pos.pgn.png - 7184 - ::1 Mozilla/5.0+(Windows+NT+10.0;+Win64;+x64)+AppleWebKit/537.36+(KHTML,+like+Gecko)+Chrome/69.0.3497.100+Safari/537.36 http://localhost:7184/Account/Register.cshtml 404 0 2 11
2018-10-11 12:23:48 ::1 GET /Account/ome!pos.pgn.png - 7184 - ::1 Mozilla/5.0+(Windows+NT+10.0;+Win64;+x64)+AppleWebKit/537.36+(KHTML,+like+Gecko)+Chrome/69.0.3497.100+Safari/537.36 http://localhost:7184/Account/Register.cshtml 404 0 2 5
2018-10-11 12:27:10 ::1 GET / - 7184 grazyna.selbach@freenet.de ::1 Mozilla/5.0+(Windows+NT+10.0;+Win64;+x64)+AppleWebKit/537.36+(KHTML,+like+Gecko)+Chrome/69.0.3497.100+Safari/537.36 - 200 0 0 2622
2018-10-11 12:27:10 ::1 GET / - 7184 grazyna.selbach@freenet.de ::1 Mozilla/5.0+(Windows+NT+10.0;+Win64;+x64)+AppleWebKit/537.36+(KHTML,+like+Gecko)+Chrome/69.0.3497.100+Safari/537.36 - 200 0 0 14
2018-10-11 12:27:23 ::1 GET /Account/Login - 7184 grazyna.selbach@freenet.de ::1 Mozilla/5.0+(Windows+NT+10.0;+Win64;+x64)+AppleWebKit/537.36+(KHTML,+like+Gecko)+Chrome/69.0.3497.100+Safari/537.36 http://localhost:7184/ 200 0 0 101
2018-10-11 12:27:23 ::1 GET /Account/ome!pos.pgn.png - 7184 - ::1 Mozilla/5.0+(Windows+NT+10.0;+Win64;+x64)+AppleWebKit/537.36+(KHTML,+like+Gecko)+Chrome/69.0.3497.100+Safari/537.36 http://localhost:7184/Account/Login 404 0 2 13
2018-10-11 12:35:08 ::1 GET /strona+dla+uzytkownika.cshtml - 7184 grazyna.selbach@freenet.de ::1 Mozilla/5.0+(Windows+NT+10.0;+Win64;+x64)+AppleWebKit/537.36+(KHTML,+like+Gecko)+Chrome/69.0.3497.100+Safari/537.36 - 200 0 0 82
2018-10-11 12:35:23 ::1 GET / - 7184 grazyna.selbach@freenet.de ::1 Mozilla/5.0+(Windows+NT+10.0;+Win64;+x64)+AppleWebKit/537.36+(KHTML,+like+Gecko)+Chrome/69.0.3497.100+Safari/537.36 http://localhost:7184/Account/Login 200 0 0 13
2018-10-11 12:49:17 ::1 GET /strona+dla+uzytkownika.cshtml - 7184 grazyna.selbach@freenet.de ::1 Mozilla/5.0+(Windows+NT+10.0;+Win64;+x64)+AppleWebKit/537.36+(KHTML,+like+Gecko)+Chrome/69.0.3497.100+Safari/537.36 - 200 0 0 1827
2018-10-11 12:51:49 ::1 GET /strona+dla+uzytkownika.cshtml - 7184 grazyna.selbach@freenet.de ::1 Mozilla/5.0+(Windows+NT+10.0;+Win64;+x64)+AppleWebKit/537.36+(KHTML,+like+Gecko)+Chrome/69.0.3497.100+Safari/537.36 - 200 0 0 1992
2018-10-11 12:51:49 ::1 GET /style.css - 7184 - ::1 Mozilla/5.0+(Windows+NT+10.0;+Win64;+x64)+AppleWebKit/537.36+(KHTML,+like+Gecko)+Chrome/69.0.3497.100+Safari/537.36 http://localhost:7184/strona%20dla%20uzytkownika.cshtml 404 0 2 19
2018-10-11 12:51:49 ::1 GET /'/cse'/brand' form=%27cref_iframe 7184 - ::1 Mozilla/5.0+(Windows+NT+10.0;+Win64;+x64)+AppleWebKit/537.36+(KHTML,+like+Gecko)+Chrome/69.0.3497.100+Safari/537.36 http://localhost:7184/strona%20dla%20uzytkownika.cshtml 404 0 2 39
2018-10-11 12:51:49 ::1 GET /P8090150.jpg - 7184 - ::1 Mozilla/5.0+(Windows+NT+10.0;+Win64;+x64)+AppleWebKit/537.36+(KHTML,+like+Gecko)+Chrome/69.0.3497.100+Safari/537.36 http://localhost:7184/strona%20dla%20uzytkownika.cshtml 404 0 2 24
2018-10-11 12:51:50 ::1 GET /'/cse'/brand' form=%27cref_iframe 7184 - ::1 Mozilla/5.0+(Windows+NT+10.0;+Win64;+x64)+AppleWebKit/537.36+(KHTML,+like+Gecko)+Chrome/69.0.3497.100+Safari/537.36 http://localhost:7184/strona%20dla%20uzytkownika.cshtml 404 0 2 7
2018-10-11 12:51:50 ::1 GET /strona+dla+uzytkownika.cshtml - 7184 grazyna.selbach@freenet.de ::1 Mozilla/5.0+(Windows+NT+10.0;+Win64;+x64)+AppleWebKit/537.36+(KHTML,+like+Gecko)+Chrome/69.0.3497.100+Safari/537.36 http://localhost:7184/strona%20dla%20uzytkownika.cshtml 200 0 0 12
2018-10-11 12:51:50 ::1 GET /style.css - 7184 - ::1 Mozilla/5.0+(Windows+NT+10.0;+Win64;+x64)+AppleWebKit/537.36+(KHTML,+like+Gecko)+Chrome/69.0.3497.100+Safari/537.36 http://localhost:7184/strona%20dla%20uzytkownika.cshtml 404 0 2 3
2018-10-11 12:52:59 ::1 GET /strona+po+wylogowaniu - 7184 grazyna.selbach@freenet.de ::1 Mozilla/5.0+(Windows+NT+10.0;+Win64;+x64)+AppleWebKit/537.36+(KHTML,+like+Gecko)+Chrome/69.0.3497.100+Safari/537.36 http://localhost:7184/strona%20dla%20uzytkownika.cshtml 200 0 0 13
2018-10-11 12:54:38 ::1 GET /strona+dla+uzytkownika.cshtml - 7184 grazyna.selbach@freenet.de ::1 Mozilla/5.0+(Windows+NT+10.0;+Win64;+x64)+AppleWebKit/537.36+(KHTML,+like+Gecko)+Chrome/69.0.3497.100+Safari/537.36 - 200 0 0 1729
2018-10-11 12:58:10 ::1 GET /strona+dla+uzytkownika.cshtml - 7184 grazyna.selbach@freenet.de ::1 Mozilla/5.0+(Windows+NT+10.0;+Win64;+x64)+AppleWebKit/537.36+(KHTML,+like+Gecko)+Chrome/69.0.3497.100+Safari/537.36 - 200 0 0 2930
2018-10-11 12:59:30 ::1 GET /strona+dla+uzytkownika.cshtml - 7184 grazyna.selbach@freenet.de ::1 Mozilla/5.0+(Windows+NT+10.0;+Win64;+x64)+AppleWebKit/537.36+(KHTML,+like+Gecko)+Chrome/69.0.3497.100+Safari/537.36 - 200 0 0 1734
2018-10-11 12:59:46 ::1 GET /strona+dla+uzytkownika.cshtml - 7184 grazyna.selbach@freenet.de ::1 Mozilla/5.0+(Windows+NT+10.0;+Win64;+x64)+AppleWebKit/537.36+(KHTML,+like+Gecko)+Chrome/69.0.3497.100+Safari/537.36 - 200 0 0 11
2018-10-11 13:03:12 ::1 GET /strona+dla+uzytkownika.cshtml - 7184 grazyna.selbach@freenet.de ::1 Mozilla/5.0+(Windows+NT+10.0;+Win64;+x64)+AppleWebKit/537.36+(KHTML,+like+Gecko)+Chrome/69.0.3497.100+Safari/537.36 - 200 0 0 2061
2018-10-11 13:03:12 ::1 GET /style.css - 7184 - ::1 Mozilla/5.0+(Windows+NT+10.0;+Win64;+x64)+AppleWebKit/537.36+(KHTML,+like+Gecko)+Chrome/69.0.3497.100+Safari/537.36 http://localhost:7184/strona%20dla%20uzytkownika.cshtml 404 0 2 16
2018-10-11 13:03:12 ::1 GET /'/cse'/brand' form=%27cref_iframe 7184 - ::1 Mozilla/5.0+(Windows+NT+10.0;+Win64;+x64)+AppleWebKit/537.36+(KHTML,+like+Gecko)+Chrome/69.0.3497.100+Safari/537.36 http://localhost:7184/strona%20dla%20uzytkownika.cshtml 404 0 2 15
2018-10-11 13:03:12 ::1 GET /P8090150.jpg - 7184 - ::1 Mozilla/5.0+(Windows+NT+10.0;+Win64;+x64)+AppleWebKit/537.36+(KHTML,+like+Gecko)+Chrome/69.0.3497.100+Safari/537.36 http://localhost:7184/strona%20dla%20uzytkownika.cshtml 404 0 2 15
2018-10-11 13:03:13 ::1 GET /cats2.jpg - 7184 - ::1 Mozilla/5.0+(Windows+NT+10.0;+Win64;+x64)+AppleWebKit/537.36+(KHTML,+like+Gecko)+Chrome/69.0.3497.100+Safari/537.36 http://localhost:7184/strona%20dla%20uzytkownika.cshtml 200 0 0 13
2018-10-11 13:03:13 ::1 GET /'/cse'/brand' form=%27cref_iframe 7184 - ::1 Mozilla/5.0+(Windows+NT+10.0;+Win64;+x64)+AppleWebKit/537.36+(KHTML,+like+Gecko)+Chrome/69.0.3497.100+Safari/537.36 http://localhost:7184/strona%20dla%20uzytkownika.cshtml 404 0 2 7
2018-10-11 13:03:13 ::1 GET /strona+dla+uzytkownika.cshtml - 7184 grazyna.selbach@freenet.de ::1 Mozilla/5.0+(Windows+NT+10.0;+Win64;+x64)+AppleWebKit/537.36+(KHTML,+like+Gecko)+Chrome/69.0.3497.100+Safari/537.36 http://localhost:7184/strona%20dla%20uzytkownika.cshtml 200 0 0 10
2018-10-11 13:03:13 ::1 GET /style.css - 7184 - ::1 Mozilla/5.0+(Windows+NT+10.0;+Win64;+x64)+AppleWebKit/537.36+(KHTML,+like+Gecko)+Chrome/69.0.3497.100+Safari/537.36 http://localhost:7184/strona%20dla%20uzytkownika.cshtml 404 0 2 6
2018-10-11 13:04:20 ::1 GET /strona+dla+uzytkownika.cshtml - 7184 grazyna.selbach@freenet.de ::1 Mozilla/5.0+(Windows+NT+10.0;+Win64;+x64)+AppleWebKit/537.36+(KHTML,+like+Gecko)+Chrome/69.0.3497.100+Safari/537.36 - 200 0 0 2024
2018-10-11 13:04:20 ::1 GET /style.css - 7184 - ::1 Mozilla/5.0+(Windows+NT+10.0;+Win64;+x64)+AppleWebKit/537.36+(KHTML,+like+Gecko)+Chrome/69.0.3497.100+Safari/537.36 http://localhost:7184/strona%20dla%20uzytkownika.cshtml 404 0 2 11
2018-10-11 13:04:20 ::1 GET /'/cse'/brand' form=%27cref_iframe 7184 - ::1 Mozilla/5.0+(Windows+NT+10.0;+Win64;+x64)+AppleWebKit/537.36+(KHTML,+like+Gecko)+Chrome/69.0.3497.100+Safari/537.36 http://localhost:7184/strona%20dla%20uzytkownika.cshtml 404 0 2 16
2018-10-11 13:04:20 ::1 GET /P8090150.jpg - 7184 - ::1 Mozilla/5.0+(Windows+NT+10.0;+Win64;+x64)+AppleWebKit/537.36+(KHTML,+like+Gecko)+Chrome/69.0.3497.100+Safari/537.36 http://localhost:7184/strona%20dla%20uzytkownika.cshtml 404 0 2 22
2018-10-11 13:04:21 ::1 GET /'/cse'/brand' form=%27cref_iframe 7184 - ::1 Mozilla/5.0+(Windows+NT+10.0;+Win64;+x64)+AppleWebKit/537.36+(KHTML,+like+Gecko)+Chrome/69.0.3497.100+Safari/537.36 http://localhost:7184/strona%20dla%20uzytkownika.cshtml 404 0 2 18
2018-10-11 13:04:21 ::1 GET /style.css - 7184 - ::1 Mozilla/5.0+(Windows+NT+10.0;+Win64;+x64)+AppleWebKit/537.36+(KHTML,+like+Gecko)+Chrome/69.0.3497.100+Safari/537.36 http://localhost:7184/strona%20dla%20uzytkownika.cshtml 404 0 2 5
2018-10-11 13:04:21 ::1 GET /strona+dla+uzytkownika.cshtml - 7184 grazyna.selbach@freenet.de ::1 Mozilla/5.0+(Windows+NT+10.0;+Win64;+x64)+AppleWebKit/537.36+(KHTML,+like+Gecko)+Chrome/69.0.3497.100+Safari/537.36 http://localhost:7184/strona%20dla%20uzytkownika.cshtml 200 0 0 12
2018-10-11 13:07:21 ::1 GET /strona+dla+uzytkownika.cshtml - 7184 grazyna.selbach@freenet.de ::1 Mozilla/5.0+(Windows+NT+10.0;+Win64;+x64)+AppleWebKit/537.36+(KHTML,+like+Gecko)+Chrome/69.0.3497.100+Safari/537.36 - 200 0 0 2511
2018-10-11 13:07:21 ::1 GET /style.css - 7184 - ::1 Mozilla/5.0+(Windows+NT+10.0;+Win64;+x64)+AppleWebKit/537.36+(KHTML,+like+Gecko)+Chrome/69.0.3497.100+Safari/537.36 http://localhost:7184/strona%20dla%20uzytkownika.cshtml 404 0 2 19
2018-10-11 13:07:21 ::1 GET /news.js - 7184 - ::1 Mozilla/5.0+(Windows+NT+10.0;+Win64;+x64)+AppleWebKit/537.36+(KHTML,+like+Gecko)+Chrome/69.0.3497.100+Safari/537.36 http://localhost:7184/strona%20dla%20uzytkownika.cshtml 404 0 2 24
2018-10-11 13:07:21 ::1 GET /'/cse'/brand' form=%27cref_iframe 7184 - ::1 Mozilla/5.0+(Windows+NT+10.0;+Win64;+x64)+AppleWebKit/537.36+(KHTML,+like+Gecko)+Chrome/69.0.3497.100+Safari/537.36 http://localhost:7184/strona%20dla%20uzytkownika.cshtml 404 0 2 22
2018-10-11 13:07:21 ::1 GET /P8090150.jpg - 7184 - ::1 Mozilla/5.0+(Windows+NT+10.0;+Win64;+x64)+AppleWebKit/537.36+(KHTML,+like+Gecko)+Chrome/69.0.3497.100+Safari/537.36 http://localhost:7184/strona%20dla%20uzytkownika.cshtml 404 0 2 8
2018-10-11 13:07:21 ::1 GET /news.js - 7184 - ::1 Mozilla/5.0+(Windows+NT+10.0;+Win64;+x64)+AppleWebKit/537.36+(KHTML,+like+Gecko)+Chrome/69.0.3497.100+Safari/537.36 http://localhost:7184/strona%20dla%20uzytkownika.cshtml 404 0 2 14
2018-10-11 13:07:22 ::1 GET /'/cse'/brand' form=%27cref_iframe 7184 - ::1 Mozilla/5.0+(Windows+NT+10.0;+Win64;+x64)+AppleWebKit/537.36+(KHTML,+like+Gecko)+Chrome/69.0.3497.100+Safari/537.36 http://localhost:7184/strona%20dla%20uzytkownika.cshtml 404 0 2 7
2018-10-11 13:07:22 ::1 GET /strona+dla+uzytkownika.cshtml - 7184 grazyna.selbach@freenet.de ::1 Mozilla/5.0+(Windows+NT+10.0;+Win64;+x64)+AppleWebKit/537.36+(KHTML,+like+Gecko)+Chrome/69.0.3497.100+Safari/537.36 http://localhost:7184/strona%20dla%20uzytkownika.cshtml 200 0 0 16
2018-10-11 13:07:22 ::1 GET /style.css - 7184 - ::1 Mozilla/5.0+(Windows+NT+10.0;+Win64;+x64)+AppleWebKit/537.36+(KHTML,+like+Gecko)+Chrome/69.0.3497.100+Safari/537.36 http://localhost:7184/strona%20dla%20uzytkownika.cshtml 404 0 2 7
2018-10-11 13:09:16 ::1 GET / - 7184 grazyna.selbach@freenet.de ::1 Mozilla/5.0+(Windows+NT+10.0;+Win64;+x64)+AppleWebKit/537.36+(KHTML,+like+Gecko)+Chrome/69.0.3497.100+Safari/537.36 - 200 0 0 1957
2018-10-11 13:09:21 ::1 GET /Account/Login - 7184 grazyna.selbach@freenet.de ::1 Mozilla/5.0+(Windows+NT+10.0;+Win64;+x64)+AppleWebKit/537.36+(KHTML,+like+Gecko)+Chrome/69.0.3497.100+Safari/537.36 http://localhost:7184/ 200 0 0 118
2018-10-11 13:09:21 ::1 GET /Account/ome!pos.pgn.png - 7184 - ::1 Mozilla/5.0+(Windows+NT+10.0;+Win64;+x64)+AppleWebKit/537.36+(KHTML,+like+Gecko)+Chrome/69.0.3497.100+Safari/537.36 http://localhost:7184/Account/Login 404 0 2 44
2018-10-11 13:09:31 ::1 POST /Account/Login - 7184 grazyna.selbach@freenet.de ::1 Mozilla/5.0+(Windows+NT+10.0;+Win64;+x64)+AppleWebKit/537.36+(KHTML,+like+Gecko)+Chrome/69.0.3497.100+Safari/537.36 http://localhost:7184/Account/Login 302 0 0 340
2018-10-11 13:09:31 ::1 GET /strona+dla+uzytkownika - 7184 grazyna.selbach@freenet.de ::1 Mozilla/5.0+(Windows+NT+10.0;+Win64;+x64)+AppleWebKit/537.36+(KHTML,+like+Gecko)+Chrome/69.0.3497.100+Safari/537.36 http://localhost:7184/Account/Login 200 0 0 77
2018-10-11 13:09:31 ::1 GET /news.js - 7184 - ::1 Mozilla/5.0+(Windows+NT+10.0;+Win64;+x64)+AppleWebKit/537.36+(KHTML,+like+Gecko)+Chrome/69.0.3497.100+Safari/537.36 http://localhost:7184/strona%20dla%20uzytkownika 404 0 2 32
2018-10-11 13:09:31 ::1 GET /style.css - 7184 - ::1 Mozilla/5.0+(Windows+NT+10.0;+Win64;+x64)+AppleWebKit/537.36+(KHTML,+like+Gecko)+Chrome/69.0.3497.100+Safari/537.36 http://localhost:7184/strona%20dla%20uzytkownika 404 0 2 9
2018-10-11 13:09:31 ::1 GET /'/cse'/brand' form=%27cref_iframe 7184 - ::1 Mozilla/5.0+(Windows+NT+10.0;+Win64;+x64)+AppleWebKit/537.36+(KHTML,+like+Gecko)+Chrome/69.0.3497.100+Safari/537.36 http://localhost:7184/strona%20dla%20uzytkownika 404 0 2 40
2018-10-11 13:09:31 ::1 GET /P8090150.jpg - 7184 - ::1 Mozilla/5.0+(Windows+NT+10.0;+Win64;+x64)+AppleWebKit/537.36+(KHTML,+like+Gecko)+Chrome/69.0.3497.100+Safari/537.36 http://localhost:7184/strona%20dla%20uzytkownika 404 0 2 32
2018-10-11 13:09:31 ::1 GET /news.js - 7184 - ::1 Mozilla/5.0+(Windows+NT+10.0;+Win64;+x64)+AppleWebKit/537.36+(KHTML,+like+Gecko)+Chrome/69.0.3497.100+Safari/537.36 http://localhost:7184/strona%20dla%20uzytkownika 404 0 2 15
2018-10-11 13:09:31 ::1 GET /'/cse'/brand' form=%27cref_iframe 7184 - ::1 Mozilla/5.0+(Windows+NT+10.0;+Win64;+x64)+AppleWebKit/537.36+(KHTML,+like+Gecko)+Chrome/69.0.3497.100+Safari/537.36 http://localhost:7184/strona%20dla%20uzytkownika 404 0 2 8
2018-10-11 13:09:31 ::1 GET /strona+dla+uzytkownika - 7184 grazyna.selbach@freenet.de ::1 Mozilla/5.0+(Windows+NT+10.0;+Win64;+x64)+AppleWebKit/537.36+(KHTML,+like+Gecko)+Chrome/69.0.3497.100+Safari/537.36 http://localhost:7184/strona%20dla%20uzytkownika 200 0 0 10
2018-10-11 13:09:32 ::1 GET /style.css - 7184 - ::1 Mozilla/5.0+(Windows+NT+10.0;+Win64;+x64)+AppleWebKit/537.36+(KHTML,+like+Gecko)+Chrome/69.0.3497.100+Safari/537.36 http://localhost:7184/strona%20dla%20uzytkownika 404 0 2 4
2018-10-11 13:16:22 ::1 GET / - 7184 grazyna.selbach@freenet.de ::1 Mozilla/5.0+(Windows+NT+10.0;+Win64;+x64)+AppleWebKit/537.36+(KHTML,+like+Gecko)+Chrome/69.0.3497.100+Safari/537.36 - 200 0 0 2437
2018-10-11 13:16:24 ::1 GET /Account/Login - 7184 grazyna.selbach@freenet.de ::1 Mozilla/5.0+(Windows+NT+10.0;+Win64;+x64)+AppleWebKit/537.36+(KHTML,+like+Gecko)+Chrome/69.0.3497.100+Safari/537.36 http://localhost:7184/ 200 0 0 72
2018-10-11 13:16:24 ::1 GET /Account/ome!pos.pgn.png - 7184 - ::1 Mozilla/5.0+(Windows+NT+10.0;+Win64;+x64)+AppleWebKit/537.36+(KHTML,+like+Gecko)+Chrome/69.0.3497.100+Safari/537.36 http://localhost:7184/Account/Login 404 0 2 22
2018-10-11 13:16:29 ::1 POST /Account/Login - 7184 grazyna.selbach@freenet.de ::1 Mozilla/5.0+(Windows+NT+10.0;+Win64;+x64)+AppleWebKit/537.36+(KHTML,+like+Gecko)+Chrome/69.0.3497.100+Safari/537.36 http://localhost:7184/Account/Login 302 0 0 384
2018-10-11 13:16:29 ::1 GET /strona+dla+uzytkownika - 7184 grazyna.selbach@freenet.de ::1 Mozilla/5.0+(Windows+NT+10.0;+Win64;+x64)+AppleWebKit/537.36+(KHTML,+like+Gecko)+Chrome/69.0.3497.100+Safari/537.36 http://localhost:7184/Account/Login 200 0 0 60
2018-10-11 13:16:29 ::1 GET /news.js - 7184 - ::1 Mozilla/5.0+(Windows+NT+10.0;+Win64;+x64)+AppleWebKit/537.36+(KHTML,+like+Gecko)+Chrome/69.0.3497.100+Safari/537.36 http://localhost:7184/strona%20dla%20uzytkownika 404 0 2 13
2018-10-11 13:16:29 ::1 GET /style.css - 7184 - ::1 Mozilla/5.0+(Windows+NT+10.0;+Win64;+x64)+AppleWebKit/537.36+(KHTML,+like+Gecko)+Chrome/69.0.3497.100+Safari/537.36 http://localhost:7184/strona%20dla%20uzytkownika 404 0 2 11
2018-10-11 13:16:29 ::1 GET /'/cse'/brand' form=%27cref_iframe 7184 - ::1 Mozilla/5.0+(Windows+NT+10.0;+Win64;+x64)+AppleWebKit/537.36+(KHTML,+like+Gecko)+Chrome/69.0.3497.100+Safari/537.36 http://localhost:7184/strona%20dla%20uzytkownika 404 0 2 34
2018-10-11 13:16:29 ::1 GET /P8090150.jpg - 7184 - ::1 Mozilla/5.0+(Windows+NT+10.0;+Win64;+x64)+AppleWebKit/537.36+(KHTML,+like+Gecko)+Chrome/69.0.3497.100+Safari/537.36 http://localhost:7184/strona%20dla%20uzytkownika 404 0 2 18
2018-10-11 13:16:29 ::1 GET /'/cse'/brand' form=%27cref_iframe 7184 - ::1 Mozilla/5.0+(Windows+NT+10.0;+Win64;+x64)+AppleWebKit/537.36+(KHTML,+like+Gecko)+Chrome/69.0.3497.100+Safari/537.36 http://localhost:7184/strona%20dla%20uzytkownika 404 0 2 7
2018-10-11 13:16:29 ::1 GET /strona+dla+uzytkownika - 7184 grazyna.selbach@freenet.de ::1 Mozilla/5.0+(Windows+NT+10.0;+Win64;+x64)+AppleWebKit/537.36+(KHTML,+like+Gecko)+Chrome/69.0.3497.100+Safari/537.36 http://localhost:7184/strona%20dla%20uzytkownika 200 0 0 8
2018-10-11 13:16:29 ::1 GET /style.css - 7184 - ::1 Mozilla/5.0+(Windows+NT+10.0;+Win64;+x64)+AppleWebKit/537.36+(KHTML,+like+Gecko)+Chrome/69.0.3497.100+Safari/537.36 http://localhost:7184/strona%20dla%20uzytkownika 404 0 2 7
2018-10-11 13:17:47 ::1 GET /strona+dla+uzytkownika - 7184 grazyna.selbach@freenet.de ::1 Mozilla/5.0+(Windows+NT+10.0;+Win64;+x64)+AppleWebKit/537.36+(KHTML,+like+Gecko)+Chrome/69.0.3497.100+Safari/537.36 http://localhost:7184/Account/Login 200 0 0 29
2018-10-11 13:17:47 ::1 GET /news.js - 7184 - ::1 Mozilla/5.0+(Windows+NT+10.0;+Win64;+x64)+AppleWebKit/537.36+(KHTML,+like+Gecko)+Chrome/69.0.3497.100+Safari/537.36 http://localhost:7184/strona%20dla%20uzytkownika 404 0 2 27
2018-10-11 13:17:47 ::1 GET /style.css - 7184 - ::1 Mozilla/5.0+(Windows+NT+10.0;+Win64;+x64)+AppleWebKit/537.36+(KHTML,+like+Gecko)+Chrome/69.0.3497.100+Safari/537.36 http://localhost:7184/strona%20dla%20uzytkownika 404 0 2 29
2018-10-11 13:17:47 ::1 GET /'/cse'/brand' form=%27cref_iframe 7184 - ::1 Mozilla/5.0+(Windows+NT+10.0;+Win64;+x64)+AppleWebKit/537.36+(KHTML,+like+Gecko)+Chrome/69.0.3497.100+Safari/537.36 http://localhost:7184/strona%20dla%20uzytkownika 404 0 2 39
2018-10-11 13:17:47 ::1 GET /news.js - 7184 - ::1 Mozilla/5.0+(Windows+NT+10.0;+Win64;+x64)+AppleWebKit/537.36+(KHTML,+like+Gecko)+Chrome/69.0.3497.100+Safari/537.36 http://localhost:7184/strona%20dla%20uzytkownika 404 0 2 28
2018-10-11 13:17:48 ::1 GET /'/cse'/brand' form=%27cref_iframe 7184 - ::1 Mozilla/5.0+(Windows+NT+10.0;+Win64;+x64)+AppleWebKit/537.36+(KHTML,+like+Gecko)+Chrome/69.0.3497.100+Safari/537.36 http://localhost:7184/strona%20dla%20uzytkownika 404 0 2 10
2018-10-11 13:17:48 ::1 GET /strona+dla+uzytkownika - 7184 grazyna.selbach@freenet.de ::1 Mozilla/5.0+(Windows+NT+10.0;+Win64;+x64)+AppleWebKit/537.36+(KHTML,+like+Gecko)+Chrome/69.0.3497.100+Safari/537.36 http://localhost:7184/strona%20dla%20uzytkownika 200 0 0 50
2018-10-11 13:17:48 ::1 GET /style.css - 7184 - ::1 Mozilla/5.0+(Windows+NT+10.0;+Win64;+x64)+AppleWebKit/537.36+(KHTML,+like+Gecko)+Chrome/69.0.3497.100+Safari/537.36 http://localhost:7184/strona%20dla%20uzytkownika 404 0 2 8
2018-10-11 13:17:50 ::1 GET /P8090150.jpg - 7184 - ::1 Mozilla/5.0+(Windows+NT+10.0;+Win64;+x64)+AppleWebKit/537.36+(KHTML,+like+Gecko)+Chrome/69.0.3497.100+Safari/537.36 http://localhost:7184/strona%20dla%20uzytkownika 200 0 0 1847
2018-10-11 13:27:43 ::1 GET /Praca.cshtml - 7184 grazyna.selbach@freenet.de ::1 Mozilla/5.0+(Windows+NT+10.0;+Win64;+x64)+AppleWebKit/537.36+(KHTML,+like+Gecko)+Chrome/69.0.3497.100+Safari/537.36 - 200 0 0 2890
2018-10-11 13:29:33 ::1 GET /strona+dla+uzytkownika.cshtml - 7184 grazyna.selbach@freenet.de ::1 Mozilla/5.0+(Windows+NT+10.0;+Win64;+x64)+AppleWebKit/537.36+(KHTML,+like+Gecko)+Chrome/69.0.3497.100+Safari/537.36 - 200 0 0 2000
2018-10-11 13:29:33 ::1 GET /news.js - 7184 - ::1 Mozilla/5.0+(Windows+NT+10.0;+Win64;+x64)+AppleWebKit/537.36+(KHTML,+like+Gecko)+Chrome/69.0.3497.100+Safari/537.36 http://localhost:7184/strona%20dla%20uzytkownika.cshtml 404 0 2 8
2018-10-11 13:29:33 ::1 GET /style.css - 7184 - ::1 Mozilla/5.0+(Windows+NT+10.0;+Win64;+x64)+AppleWebKit/537.36+(KHTML,+like+Gecko)+Chrome/69.0.3497.100+Safari/537.36 http://localhost:7184/strona%20dla%20uzytkownika.cshtml 404 0 2 13
2018-10-11 13:29:33 ::1 GET /'/cse'/brand' form=%27cref_iframe 7184 - ::1 Mozilla/5.0+(Windows+NT+10.0;+Win64;+x64)+AppleWebKit/537.36+(KHTML,+like+Gecko)+Chrome/69.0.3497.100+Safari/537.36 http://localhost:7184/strona%20dla%20uzytkownika.cshtml 404 0 2 27
2018-10-11 13:29:33 ::1 GET /news.js - 7184 - ::1 Mozilla/5.0+(Windows+NT+10.0;+Win64;+x64)+AppleWebKit/537.36+(KHTML,+like+Gecko)+Chrome/69.0.3497.100+Safari/537.36 http://localhost:7184/strona%20dla%20uzytkownika.cshtml 404 0 2 6
2018-10-11 13:29:34 ::1 GET /'/cse'/brand' form=%27cref_iframe 7184 - ::1 Mozilla/5.0+(Windows+NT+10.0;+Win64;+x64)+AppleWebKit/537.36+(KHTML,+like+Gecko)+Chrome/69.0.3497.100+Safari/537.36 http://localhost:7184/strona%20dla%20uzytkownika.cshtml 404 0 2 6
2018-10-11 13:29:34 ::1 GET /strona+dla+uzytkownika.cshtml - 7184 grazyna.selbach@freenet.de ::1 Mozilla/5.0+(Windows+NT+10.0;+Win64;+x64)+AppleWebKit/537.36+(KHTML,+like+Gecko)+Chrome/69.0.3497.100+Safari/537.36 http://localhost:7184/strona%20dla%20uzytkownika.cshtml 200 0 0 10
2018-10-11 13:29:34 ::1 GET /style.css - 7184 - ::1 Mozilla/5.0+(Windows+NT+10.0;+Win64;+x64)+AppleWebKit/537.36+(KHTML,+like+Gecko)+Chrome/69.0.3497.100+Safari/537.36 http://localhost:7184/strona%20dla%20uzytkownika.cshtml 404 0 2 5
2018-10-11 13:30:49 ::1 GET /strona+dla+uzytkownika.cshtml - 7184 grazyna.selbach@freenet.de ::1 Mozilla/5.0+(Windows+NT+10.0;+Win64;+x64)+AppleWebKit/537.36+(KHTML,+like+Gecko)+Chrome/69.0.3497.100+Safari/537.36 - 200 0 0 2707
2018-10-11 13:30:49 ::1 GET /news.js - 7184 - ::1 Mozilla/5.0+(Windows+NT+10.0;+Win64;+x64)+AppleWebKit/537.36+(KHTML,+like+Gecko)+Chrome/69.0.3497.100+Safari/537.36 http://localhost:7184/strona%20dla%20uzytkownika.cshtml 404 0 2 10
2018-10-11 13:30:49 ::1 GET /style.css - 7184 - ::1 Mozilla/5.0+(Windows+NT+10.0;+Win64;+x64)+AppleWebKit/537.36+(KHTML,+like+Gecko)+Chrome/69.0.3497.100+Safari/537.36 http://localhost:7184/strona%20dla%20uzytkownika.cshtml 404 0 2 15
2018-10-11 13:30:49 ::1 GET /'/cse'/brand' form=%27cref_iframe 7184 - ::1 Mozilla/5.0+(Windows+NT+10.0;+Win64;+x64)+AppleWebKit/537.36+(KHTML,+like+Gecko)+Chrome/69.0.3497.100+Safari/537.36 http://localhost:7184/strona%20dla%20uzytkownika.cshtml 404 0 2 21
2018-10-11 13:30:49 ::1 GET /news.js - 7184 - ::1 Mozilla/5.0+(Windows+NT+10.0;+Win64;+x64)+AppleWebKit/537.36+(KHTML,+like+Gecko)+Chrome/69.0.3497.100+Safari/537.36 http://localhost:7184/strona%20dla%20uzytkownika.cshtml 404 0 2 13
2018-10-11 13:30:50 ::1 GET /'/cse'/brand' form=%27cref_iframe 7184 - ::1 Mozilla/5.0+(Windows+NT+10.0;+Win64;+x64)+AppleWebKit/537.36+(KHTML,+like+Gecko)+Chrome/69.0.3497.100+Safari/537.36 http://localhost:7184/strona%20dla%20uzytkownika.cshtml 404 0 2 12
2018-10-11 13:30:50 ::1 GET /strona+dla+uzytkownika.cshtml - 7184 grazyna.selbach@freenet.de ::1 Mozilla/5.0+(Windows+NT+10.0;+Win64;+x64)+AppleWebKit/537.36+(KHTML,+like+Gecko)+Chrome/69.0.3497.100+Safari/537.36 http://localhost:7184/strona%20dla%20uzytkownika.cshtml 200 0 0 10
2018-10-11 13:30:50 ::1 GET /style.css - 7184 - ::1 Mozilla/5.0+(Windows+NT+10.0;+Win64;+x64)+AppleWebKit/537.36+(KHTML,+like+Gecko)+Chrome/69.0.3497.100+Safari/537.36 http://localhost:7184/strona%20dla%20uzytkownika.cshtml 404 0 2 4
2018-10-11 13:33:00 ::1 GET /strona+dla+uzytkownika.cshtml - 7184 grazyna.selbach@freenet.de ::1 Mozilla/5.0+(Windows+NT+10.0;+Win64;+x64)+AppleWebKit/537.36+(KHTML,+like+Gecko)+Chrome/69.0.3497.100+Safari/537.36 - 200 0 0 2998
2018-10-11 13:33:00 ::1 GET /news.js - 7184 - ::1 Mozilla/5.0+(Windows+NT+10.0;+Win64;+x64)+AppleWebKit/537.36+(KHTML,+like+Gecko)+Chrome/69.0.3497.100+Safari/537.36 http://localhost:7184/strona%20dla%20uzytkownika.cshtml 404 0 2 15
2018-10-11 13:33:00 ::1 GET /style.css - 7184 - ::1 Mozilla/5.0+(Windows+NT+10.0;+Win64;+x64)+AppleWebKit/537.36+(KHTML,+like+Gecko)+Chrome/69.0.3497.100+Safari/537.36 http://localhost:7184/strona%20dla%20uzytkownika.cshtml 404 0 2 15
2018-10-11 13:33:00 ::1 GET /'/cse'/brand' form=%27cref_iframe 7184 - ::1 Mozilla/5.0+(Windows+NT+10.0;+Win64;+x64)+AppleWebKit/537.36+(KHTML,+like+Gecko)+Chrome/69.0.3497.100+Safari/537.36 http://localhost:7184/strona%20dla%20uzytkownika.cshtml 404 0 2 16
2018-10-11 13:33:00 ::1 GET /news.js - 7184 - ::1 Mozilla/5.0+(Windows+NT+10.0;+Win64;+x64)+AppleWebKit/537.36+(KHTML,+like+Gecko)+Chrome/69.0.3497.100+Safari/537.36 http://localhost:7184/strona%20dla%20uzytkownika.cshtml 404 0 2 13
2018-10-11 13:33:01 ::1 GET /'/cse'/brand' form=%27cref_iframe 7184 - ::1 Mozilla/5.0+(Windows+NT+10.0;+Win64;+x64)+AppleWebKit/537.36+(KHTML,+like+Gecko)+Chrome/69.0.3497.100+Safari/537.36 http://localhost:7184/strona%20dla%20uzytkownika.cshtml 404 0 2 20
2018-10-11 13:33:01 ::1 GET /strona+dla+uzytkownika.cshtml - 7184 grazyna.selbach@freenet.de ::1 Mozilla/5.0+(Windows+NT+10.0;+Win64;+x64)+AppleWebKit/537.36+(KHTML,+like+Gecko)+Chrome/69.0.3497.100+Safari/537.36 http://localhost:7184/strona%20dla%20uzytkownika.cshtml 200 0 0 21
2018-10-11 13:33:01 ::1 GET /style.css - 7184 - ::1 Mozilla/5.0+(Windows+NT+10.0;+Win64;+x64)+AppleWebKit/537.36+(KHTML,+like+Gecko)+Chrome/69.0.3497.100+Safari/537.36 http://localhost:7184/strona%20dla%20uzytkownika.cshtml 404 0 2 7
2018-10-11 13:35:15 ::1 GET /strona+dla+uzytkownika.cshtml - 7184 grazyna.selbach@freenet.de ::1 Mozilla/5.0+(Windows+NT+10.0;+Win64;+x64)+AppleWebKit/537.36+(KHTML,+like+Gecko)+Chrome/69.0.3497.100+Safari/537.36 - 200 0 0 2043
2018-10-11 13:35:15 ::1 GET /style.css - 7184 - ::1 Mozilla/5.0+(Windows+NT+10.0;+Win64;+x64)+AppleWebKit/537.36+(KHTML,+like+Gecko)+Chrome/69.0.3497.100+Safari/537.36 http://localhost:7184/strona%20dla%20uzytkownika.cshtml 404 0 2 27
2018-10-11 13:35:15 ::1 GET /news.js - 7184 - ::1 Mozilla/5.0+(Windows+NT+10.0;+Win64;+x64)+AppleWebKit/537.36+(KHTML,+like+Gecko)+Chrome/69.0.3497.100+Safari/537.36 http://localhost:7184/strona%20dla%20uzytkownika.cshtml 404 0 2 27
2018-10-11 13:35:15 ::1 GET /'/cse'/brand' form=%27cref_iframe 7184 - ::1 Mozilla/5.0+(Windows+NT+10.0;+Win64;+x64)+AppleWebKit/537.36+(KHTML,+like+Gecko)+Chrome/69.0.3497.100+Safari/537.36 http://localhost:7184/strona%20dla%20uzytkownika.cshtml 404 0 2 19
2018-10-11 13:35:15 ::1 GET /news.js - 7184 - ::1 Mozilla/5.0+(Windows+NT+10.0;+Win64;+x64)+AppleWebKit/537.36+(KHTML,+like+Gecko)+Chrome/69.0.3497.100+Safari/537.36 http://localhost:7184/strona%20dla%20uzytkownika.cshtml 404 0 2 6
2018-10-11 13:35:16 ::1 GET /'/cse'/brand' form=%27cref_iframe 7184 - ::1 Mozilla/5.0+(Windows+NT+10.0;+Win64;+x64)+AppleWebKit/537.36+(KHTML,+like+Gecko)+Chrome/69.0.3497.100+Safari/537.36 http://localhost:7184/strona%20dla%20uzytkownika.cshtml 404 0 2 12
2018-10-11 13:35:16 ::1 GET /strona+dla+uzytkownika.cshtml - 7184 grazyna.selbach@freenet.de ::1 Mozilla/5.0+(Windows+NT+10.0;+Win64;+x64)+AppleWebKit/537.36+(KHTML,+like+Gecko)+Chrome/69.0.3497.100+Safari/537.36 http://localhost:7184/strona%20dla%20uzytkownika.cshtml 200 0 0 13
2018-10-11 13:35:16 ::1 GET /style.css - 7184 - ::1 Mozilla/5.0+(Windows+NT+10.0;+Win64;+x64)+AppleWebKit/537.36+(KHTML,+like+Gecko)+Chrome/69.0.3497.100+Safari/537.36 http://localhost:7184/strona%20dla%20uzytkownika.cshtml 404 0 2 9
2018-10-11 13:38:44 ::1 GET /strona+dla+uzytkownika.cshtml - 7184 grazyna.selbach@freenet.de ::1 Mozilla/5.0+(Windows+NT+10.0;+Win64;+x64)+AppleWebKit/537.36+(KHTML,+like+Gecko)+Chrome/69.0.3497.100+Safari/537.36 - 200 0 0 2052
2018-10-11 13:38:44 ::1 GET /style.css - 7184 - ::1 Mozilla/5.0+(Windows+NT+10.0;+Win64;+x64)+AppleWebKit/537.36+(KHTML,+like+Gecko)+Chrome/69.0.3497.100+Safari/537.36 http://localhost:7184/strona%20dla%20uzytkownika.cshtml 404 0 2 28
2018-10-11 13:38:44 ::1 GET /news.js - 7184 - ::1 Mozilla/5.0+(Windows+NT+10.0;+Win64;+x64)+AppleWebKit/537.36+(KHTML,+like+Gecko)+Chrome/69.0.3497.100+Safari/537.36 http://localhost:7184/strona%20dla%20uzytkownika.cshtml 404 0 2 28
2018-10-11 13:38:44 ::1 GET /'/cse'/brand' form=%27cref_iframe 7184 - ::1 Mozilla/5.0+(Windows+NT+10.0;+Win64;+x64)+AppleWebKit/537.36+(KHTML,+like+Gecko)+Chrome/69.0.3497.100+Safari/537.36 http://localhost:7184/strona%20dla%20uzytkownika.cshtml 404 0 2 17
2018-10-11 13:38:44 ::1 GET /news.js - 7184 - ::1 Mozilla/5.0+(Windows+NT+10.0;+Win64;+x64)+AppleWebKit/537.36+(KHTML,+like+Gecko)+Chrome/69.0.3497.100+Safari/537.36 http://localhost:7184/strona%20dla%20uzytkownika.cshtml 404 0 2 21
2018-10-11 13:38:45 ::1 GET /'/cse'/brand' form=%27cref_iframe 7184 - ::1 Mozilla/5.0+(Windows+NT+10.0;+Win64;+x64)+AppleWebKit/537.36+(KHTML,+like+Gecko)+Chrome/69.0.3497.100+Safari/537.36 http://localhost:7184/strona%20dla%20uzytkownika.cshtml 404 0 2 7
2018-10-11 13:38:45 ::1 GET /strona+dla+uzytkownika.cshtml - 7184 grazyna.selbach@freenet.de ::1 Mozilla/5.0+(Windows+NT+10.0;+Win64;+x64)+AppleWebKit/537.36+(KHTML,+like+Gecko)+Chrome/69.0.3497.100+Safari/537.36 http://localhost:7184/strona%20dla%20uzytkownika.cshtml 200 0 0 10
2018-10-11 13:38:45 ::1 GET /style.css - 7184 - ::1 Mozilla/5.0+(Windows+NT+10.0;+Win64;+x64)+AppleWebKit/537.36+(KHTML,+like+Gecko)+Chrome/69.0.3497.100+Safari/537.36 http://localhost:7184/strona%20dla%20uzytkownika.cshtml 404 0 2 9
2018-10-11 13:40:21 ::1 GET /strona+dla+uzytkownika.cshtml - 7184 grazyna.selbach@freenet.de ::1 Mozilla/5.0+(Windows+NT+10.0;+Win64;+x64)+AppleWebKit/537.36+(KHTML,+like+Gecko)+Chrome/69.0.3497.100+Safari/537.36 - 200 0 0 2294
2018-10-11 13:40:21 ::1 GET /style.css - 7184 - ::1 Mozilla/5.0+(Windows+NT+10.0;+Win64;+x64)+AppleWebKit/537.36+(KHTML,+like+Gecko)+Chrome/69.0.3497.100+Safari/537.36 http://localhost:7184/strona%20dla%20uzytkownika.cshtml 404 0 2 32
2018-10-11 13:40:21 ::1 GET /news.js - 7184 - ::1 Mozilla/5.0+(Windows+NT+10.0;+Win64;+x64)+AppleWebKit/537.36+(KHTML,+like+Gecko)+Chrome/69.0.3497.100+Safari/537.36 http://localhost:7184/strona%20dla%20uzytkownika.cshtml 404 0 2 32
2018-10-11 13:40:21 ::1 GET /'/cse'/brand' form=%27cref_iframe 7184 - ::1 Mozilla/5.0+(Windows+NT+10.0;+Win64;+x64)+AppleWebKit/537.36+(KHTML,+like+Gecko)+Chrome/69.0.3497.100+Safari/537.36 http://localhost:7184/strona%20dla%20uzytkownika.cshtml 404 0 2 16
2018-10-11 13:40:21 ::1 GET /news.js - 7184 - ::1 Mozilla/5.0+(Windows+NT+10.0;+Win64;+x64)+AppleWebKit/537.36+(KHTML,+like+Gecko)+Chrome/69.0.3497.100+Safari/537.36 http://localhost:7184/strona%20dla%20uzytkownika.cshtml 404 0 2 5
2018-10-11 13:40:22 ::1 GET /'/cse'/brand' form=%27cref_iframe 7184 - ::1 Mozilla/5.0+(Windows+NT+10.0;+Win64;+x64)+AppleWebKit/537.36+(KHTML,+like+Gecko)+Chrome/69.0.3497.100+Safari/537.36 http://localhost:7184/strona%20dla%20uzytkownika.cshtml 404 0 2 11
2018-10-11 13:40:22 ::1 GET /strona+dla+uzytkownika.cshtml - 7184 grazyna.selbach@freenet.de ::1 Mozilla/5.0+(Windows+NT+10.0;+Win64;+x64)+AppleWebKit/537.36+(KHTML,+like+Gecko)+Chrome/69.0.3497.100+Safari/537.36 http://localhost:7184/strona%20dla%20uzytkownika.cshtml 200 0 0 9
2018-10-11 13:40:22 ::1 GET /style.css - 7184 - ::1 Mozilla/5.0+(Windows+NT+10.0;+Win64;+x64)+AppleWebKit/537.36+(KHTML,+like+Gecko)+Chrome/69.0.3497.100+Safari/537.36 http://localhost:7184/strona%20dla%20uzytkownika.cshtml 404 0 2 11
2018-10-11 13:42:33 ::1 GET /strona+dla+uzytkownika.cshtml - 7184 grazyna.selbach@freenet.de ::1 Mozilla/5.0+(Windows+NT+10.0;+Win64;+x64)+AppleWebKit/537.36+(KHTML,+like+Gecko)+Chrome/69.0.3497.100+Safari/537.36 - 200 0 0 2236
2018-10-11 13:42:33 ::1 GET /news.js - 7184 - ::1 Mozilla/5.0+(Windows+NT+10.0;+Win64;+x64)+AppleWebKit/537.36+(KHTML,+like+Gecko)+Chrome/69.0.3497.100+Safari/537.36 http://localhost:7184/strona%20dla%20uzytkownika.cshtml 404 0 2 11
2018-10-11 13:42:33 ::1 GET /style.css - 7184 - ::1 Mozilla/5.0+(Windows+NT+10.0;+Win64;+x64)+AppleWebKit/537.36+(KHTML,+like+Gecko)+Chrome/69.0.3497.100+Safari/537.36 http://localhost:7184/strona%20dla%20uzytkownika.cshtml 404 0 2 11
2018-10-11 13:42:33 ::1 GET /'/cse'/brand' form=%27cref_iframe 7184 - ::1 Mozilla/5.0+(Windows+NT+10.0;+Win64;+x64)+AppleWebKit/537.36+(KHTML,+like+Gecko)+Chrome/69.0.3497.100+Safari/537.36 http://localhost:7184/strona%20dla%20uzytkownika.cshtml 404 0 2 11
2018-10-11 13:42:33 ::1 GET /news.js - 7184 - ::1 Mozilla/5.0+(Windows+NT+10.0;+Win64;+x64)+AppleWebKit/537.36+(KHTML,+like+Gecko)+Chrome/69.0.3497.100+Safari/537.36 http://localhost:7184/strona%20dla%20uzytkownika.cshtml 404 0 2 18
2018-10-11 13:42:34 ::1 GET /'/cse'/brand' form=%27cref_iframe 7184 - ::1 Mozilla/5.0+(Windows+NT+10.0;+Win64;+x64)+AppleWebKit/537.36+(KHTML,+like+Gecko)+Chrome/69.0.3497.100+Safari/537.36 http://localhost:7184/strona%20dla%20uzytkownika.cshtml 404 0 2 18
2018-10-11 13:42:34 ::1 GET /style.css - 7184 - ::1 Mozilla/5.0+(Windows+NT+10.0;+Win64;+x64)+AppleWebKit/537.36+(KHTML,+like+Gecko)+Chrome/69.0.3497.100+Safari/537.36 http://localhost:7184/strona%20dla%20uzytkownika.cshtml 404 0 2 10
2018-10-11 13:42:34 ::1 GET /strona+dla+uzytkownika.cshtml - 7184 grazyna.selbach@freenet.de ::1 Mozilla/5.0+(Windows+NT+10.0;+Win64;+x64)+AppleWebKit/537.36+(KHTML,+like+Gecko)+Chrome/69.0.3497.100+Safari/537.36 http://localhost:7184/strona%20dla%20uzytkownika.cshtml 200 0 0 11
2018-10-11 13:44:33 ::1 GET /strona+dla+uzytkownika.cshtml - 7184 grazyna.selbach@freenet.de ::1 Mozilla/5.0+(Windows+NT+10.0;+Win64;+x64)+AppleWebKit/537.36+(KHTML,+like+Gecko)+Chrome/69.0.3497.100+Safari/537.36 - 200 0 0 3201
2018-10-11 13:44:33 ::1 GET /style.css - 7184 - ::1 Mozilla/5.0+(Windows+NT+10.0;+Win64;+x64)+AppleWebKit/537.36+(KHTML,+like+Gecko)+Chrome/69.0.3497.100+Safari/537.36 http://localhost:7184/strona%20dla%20uzytkownika.cshtml 404 0 2 21
2018-10-11 13:44:33 ::1 GET /news.js - 7184 - ::1 Mozilla/5.0+(Windows+NT+10.0;+Win64;+x64)+AppleWebKit/537.36+(KHTML,+like+Gecko)+Chrome/69.0.3497.100+Safari/537.36 http://localhost:7184/strona%20dla%20uzytkownika.cshtml 404 0 2 21
2018-10-11 13:44:33 ::1 GET /'/cse'/brand' form=%27cref_iframe 7184 - ::1 Mozilla/5.0+(Windows+NT+10.0;+Win64;+x64)+AppleWebKit/537.36+(KHTML,+like+Gecko)+Chrome/69.0.3497.100+Safari/537.36 http://localhost:7184/strona%20dla%20uzytkownika.cshtml 404 0 2 25
2018-10-11 13:44:33 ::1 GET /news.js - 7184 - ::1 Mozilla/5.0+(Windows+NT+10.0;+Win64;+x64)+AppleWebKit/537.36+(KHTML,+like+Gecko)+Chrome/69.0.3497.100+Safari/537.36 http://localhost:7184/strona%20dla%20uzytkownika.cshtml 404 0 2 9
2018-10-11 13:44:34 ::1 GET /'/cse'/brand' form=%27cref_iframe 7184 - ::1 Mozilla/5.0+(Windows+NT+10.0;+Win64;+x64)+AppleWebKit/537.36+(KHTML,+like+Gecko)+Chrome/69.0.3497.100+Safari/537.36 http://localhost:7184/strona%20dla%20uzytkownika.cshtml 404 0 2 16
2018-10-11 13:44:34 ::1 GET /strona+dla+uzytkownika.cshtml - 7184 grazyna.selbach@freenet.de ::1 Mozilla/5.0+(Windows+NT+10.0;+Win64;+x64)+AppleWebKit/537.36+(KHTML,+like+Gecko)+Chrome/69.0.3497.100+Safari/537.36 http://localhost:7184/strona%20dla%20uzytkownika.cshtml 200 0 0 6
2018-10-11 13:44:34 ::1 GET /style.css - 7184 - ::1 Mozilla/5.0+(Windows+NT+10.0;+Win64;+x64)+AppleWebKit/537.36+(KHTML,+like+Gecko)+Chrome/69.0.3497.100+Safari/537.36 http://localhost:7184/strona%20dla%20uzytkownika.cshtml 404 0 2 4
2018-10-11 13:45:00 ::1 GET /strona+dla+uzytkownika.cshtml - 7184 grazyna.selbach@freenet.de ::1 Mozilla/5.0+(Windows+NT+10.0;+Win64;+x64)+AppleWebKit/537.36+(KHTML,+like+Gecko)+Chrome/69.0.3497.100+Safari/537.36 - 200 0 0 2006
2018-10-11 13:45:00 ::1 GET /style.css - 7184 - ::1 Mozilla/5.0+(Windows+NT+10.0;+Win64;+x64)+AppleWebKit/537.36+(KHTML,+like+Gecko)+Chrome/69.0.3497.100+Safari/537.36 http://localhost:7184/strona%20dla%20uzytkownika.cshtml 404 0 2 13
2018-10-11 13:45:00 ::1 GET /news.js - 7184 - ::1 Mozilla/5.0+(Windows+NT+10.0;+Win64;+x64)+AppleWebKit/537.36+(KHTML,+like+Gecko)+Chrome/69.0.3497.100+Safari/537.36 http://localhost:7184/strona%20dla%20uzytkownika.cshtml 404 0 2 18
2018-10-11 13:45:00 ::1 GET /'/cse'/brand' form=%27cref_iframe 7184 - ::1 Mozilla/5.0+(Windows+NT+10.0;+Win64;+x64)+AppleWebKit/537.36+(KHTML,+like+Gecko)+Chrome/69.0.3497.100+Safari/537.36 http://localhost:7184/strona%20dla%20uzytkownika.cshtml 404 0 2 14
2018-10-11 13:45:00 ::1 GET /news.js - 7184 - ::1 Mozilla/5.0+(Windows+NT+10.0;+Win64;+x64)+AppleWebKit/537.36+(KHTML,+like+Gecko)+Chrome/69.0.3497.100+Safari/537.36 http://localhost:7184/strona%20dla%20uzytkownika.cshtml 404 0 2 10
2018-10-11 13:45:01 ::1 GET /'/cse'/brand' form=%27cref_iframe 7184 - ::1 Mozilla/5.0+(Windows+NT+10.0;+Win64;+x64)+AppleWebKit/537.36+(KHTML,+like+Gecko)+Chrome/69.0.3497.100+Safari/537.36 http://localhost:7184/strona%20dla%20uzytkownika.cshtml 404 0 2 11
2018-10-11 13:45:01 ::1 GET /strona+dla+uzytkownika.cshtml - 7184 grazyna.selbach@freenet.de ::1 Mozilla/5.0+(Windows+NT+10.0;+Win64;+x64)+AppleWebKit/537.36+(KHTML,+like+Gecko)+Chrome/69.0.3497.100+Safari/537.36 http://localhost:7184/strona%20dla%20uzytkownika.cshtml 200 0 0 9
2018-10-11 13:45:01 ::1 GET /style.css - 7184 - ::1 Mozilla/5.0+(Windows+NT+10.0;+Win64;+x64)+AppleWebKit/537.36+(KHTML,+like+Gecko)+Chrome/69.0.3497.100+Safari/537.36 http://localhost:7184/strona%20dla%20uzytkownika.cshtml 404 0 2 4
2018-10-11 13:46:38 ::1 GET /strona+dla+uzytkownika.cshtml - 7184 grazyna.selbach@freenet.de ::1 Mozilla/5.0+(Windows+NT+10.0;+Win64;+x64)+AppleWebKit/537.36+(KHTML,+like+Gecko)+Chrome/69.0.3497.100+Safari/537.36 - 200 0 0 2371
2018-10-11 13:46:38 ::1 GET /style.css - 7184 - ::1 Mozilla/5.0+(Windows+NT+10.0;+Win64;+x64)+AppleWebKit/537.36+(KHTML,+like+Gecko)+Chrome/69.0.3497.100+Safari/537.36 http://localhost:7184/strona%20dla%20uzytkownika.cshtml 404 0 2 12
2018-10-11 13:46:38 ::1 GET /news.js - 7184 - ::1 Mozilla/5.0+(Windows+NT+10.0;+Win64;+x64)+AppleWebKit/537.36+(KHTML,+like+Gecko)+Chrome/69.0.3497.100+Safari/537.36 http://localhost:7184/strona%20dla%20uzytkownika.cshtml 404 0 2 14
2018-10-11 13:46:38 ::1 GET /'/cse'/brand' form=%27cref_iframe 7184 - ::1 Mozilla/5.0+(Windows+NT+10.0;+Win64;+x64)+AppleWebKit/537.36+(KHTML,+like+Gecko)+Chrome/69.0.3497.100+Safari/537.36 http://localhost:7184/strona%20dla%20uzytkownika.cshtml 404 0 2 20
2018-10-11 13:46:38 ::1 GET /news.js - 7184 - ::1 Mozilla/5.0+(Windows+NT+10.0;+Win64;+x64)+AppleWebKit/537.36+(KHTML,+like+Gecko)+Chrome/69.0.3497.100+Safari/537.36 http://localhost:7184/strona%20dla%20uzytkownika.cshtml 404 0 2 7
2018-10-11 13:46:40 ::1 GET /'/cse'/brand' form=%27cref_iframe 7184 - ::1 Mozilla/5.0+(Windows+NT+10.0;+Win64;+x64)+AppleWebKit/537.36+(KHTML,+like+Gecko)+Chrome/69.0.3497.100+Safari/537.36 http://localhost:7184/strona%20dla%20uzytkownika.cshtml 404 0 2 9
2018-10-11 13:46:40 ::1 GET /strona+dla+uzytkownika.cshtml - 7184 grazyna.selbach@freenet.de ::1 Mozilla/5.0+(Windows+NT+10.0;+Win64;+x64)+AppleWebKit/537.36+(KHTML,+like+Gecko)+Chrome/69.0.3497.100+Safari/537.36 http://localhost:7184/strona%20dla%20uzytkownika.cshtml 200 0 0 10
2018-10-11 13:46:40 ::1 GET /style.css - 7184 - ::1 Mozilla/5.0+(Windows+NT+10.0;+Win64;+x64)+AppleWebKit/537.36+(KHTML,+like+Gecko)+Chrome/69.0.3497.100+Safari/537.36 http://localhost:7184/strona%20dla%20uzytkownika.cshtml 404 0 2 12
2018-10-11 13:52:04 ::1 GET /strona+dla+uzytkownika.cshtml - 7184 grazyna.selbach@freenet.de ::1 Mozilla/5.0+(Windows+NT+10.0;+Win64;+x64)+AppleWebKit/537.36+(KHTML,+like+Gecko)+Chrome/69.0.3497.100+Safari/537.36 - 200 0 0 1998
2018-10-11 13:52:04 ::1 GET /news.js - 7184 - ::1 Mozilla/5.0+(Windows+NT+10.0;+Win64;+x64)+AppleWebKit/537.36+(KHTML,+like+Gecko)+Chrome/69.0.3497.100+Safari/537.36 http://localhost:7184/strona%20dla%20uzytkownika.cshtml 404 0 2 19
2018-10-11 13:52:04 ::1 GET /style.css - 7184 - ::1 Mozilla/5.0+(Windows+NT+10.0;+Win64;+x64)+AppleWebKit/537.36+(KHTML,+like+Gecko)+Chrome/69.0.3497.100+Safari/537.36 http://localhost:7184/strona%20dla%20uzytkownika.cshtml 404 0 2 22
2018-10-11 13:52:04 ::1 GET /'/cse'/brand' form=%27cref_iframe 7184 - ::1 Mozilla/5.0+(Windows+NT+10.0;+Win64;+x64)+AppleWebKit/537.36+(KHTML,+like+Gecko)+Chrome/69.0.3497.100+Safari/537.36 http://localhost:7184/strona%20dla%20uzytkownika.cshtml 404 0 2 21
2018-10-11 13:52:04 ::1 GET /news.js - 7184 - ::1 Mozilla/5.0+(Windows+NT+10.0;+Win64;+x64)+AppleWebKit/537.36+(KHTML,+like+Gecko)+Chrome/69.0.3497.100+Safari/537.36 http://localhost:7184/strona%20dla%20uzytkownika.cshtml 404 0 2 10
2018-10-11 13:52:05 ::1 GET /'/cse'/brand' form=%27cref_iframe 7184 - ::1 Mozilla/5.0+(Windows+NT+10.0;+Win64;+x64)+AppleWebKit/537.36+(KHTML,+like+Gecko)+Chrome/69.0.3497.100+Safari/537.36 http://localhost:7184/strona%20dla%20uzytkownika.cshtml 404 0 2 10
2018-10-11 13:52:05 ::1 GET /strona+dla+uzytkownika.cshtml - 7184 grazyna.selbach@freenet.de ::1 Mozilla/5.0+(Windows+NT+10.0;+Win64;+x64)+AppleWebKit/537.36+(KHTML,+like+Gecko)+Chrome/69.0.3497.100+Safari/537.36 http://localhost:7184/strona%20dla%20uzytkownika.cshtml 200 0 0 12
2018-10-11 13:52:05 ::1 GET /style.css - 7184 - ::1 Mozilla/5.0+(Windows+NT+10.0;+Win64;+x64)+AppleWebKit/537.36+(KHTML,+like+Gecko)+Chrome/69.0.3497.100+Safari/537.36 http://localhost:7184/strona%20dla%20uzytkownika.cshtml 404 0 2 13
2018-10-11 13:53:47 ::1 GET /strona+dla+uzytkownika.cshtml - 7184 grazyna.selbach@freenet.de ::1 Mozilla/5.0+(Windows+NT+10.0;+Win64;+x64)+AppleWebKit/537.36+(KHTML,+like+Gecko)+Chrome/69.0.3497.100+Safari/537.36 - 200 0 0 2149
2018-10-11 13:53:47 ::1 GET /style.css - 7184 - ::1 Mozilla/5.0+(Windows+NT+10.0;+Win64;+x64)+AppleWebKit/537.36+(KHTML,+like+Gecko)+Chrome/69.0.3497.100+Safari/537.36 http://localhost:7184/strona%20dla%20uzytkownika.cshtml 404 0 2 27
2018-10-11 13:53:47 ::1 GET /news.js - 7184 - ::1 Mozilla/5.0+(Windows+NT+10.0;+Win64;+x64)+AppleWebKit/537.36+(KHTML,+like+Gecko)+Chrome/69.0.3497.100+Safari/537.36 http://localhost:7184/strona%20dla%20uzytkownika.cshtml 404 0 2 11
2018-10-11 13:53:47 ::1 GET /'/cse'/brand' form=%27cref_iframe 7184 - ::1 Mozilla/5.0+(Windows+NT+10.0;+Win64;+x64)+AppleWebKit/537.36+(KHTML,+like+Gecko)+Chrome/69.0.3497.100+Safari/537.36 http://localhost:7184/strona%20dla%20uzytkownika.cshtml 404 0 2 16
2018-10-11 13:53:47 ::1 GET /news.js - 7184 - ::1 Mozilla/5.0+(Windows+NT+10.0;+Win64;+x64)+AppleWebKit/537.36+(KHTML,+like+Gecko)+Chrome/69.0.3497.100+Safari/537.36 http://localhost:7184/strona%20dla%20uzytkownika.cshtml 404 0 2 4
2018-10-11 13:53:48 ::1 GET /'/cse'/brand' form=%27cref_iframe 7184 - ::1 Mozilla/5.0+(Windows+NT+10.0;+Win64;+x64)+AppleWebKit/537.36+(KHTML,+like+Gecko)+Chrome/69.0.3497.100+Safari/537.36 http://localhost:7184/strona%20dla%20uzytkownika.cshtml 404 0 2 7
2018-10-11 13:53:48 ::1 GET /strona+dla+uzytkownika.cshtml - 7184 grazyna.selbach@freenet.de ::1 Mozilla/5.0+(Windows+NT+10.0;+Win64;+x64)+AppleWebKit/537.36+(KHTML,+like+Gecko)+Chrome/69.0.3497.100+Safari/537.36 http://localhost:7184/strona%20dla%20uzytkownika.cshtml 200 0 0 14
2018-10-11 13:53:48 ::1 GET /style.css - 7184 - ::1 Mozilla/5.0+(Windows+NT+10.0;+Win64;+x64)+AppleWebKit/537.36+(KHTML,+like+Gecko)+Chrome/69.0.3497.100+Safari/537.36 http://localhost:7184/strona%20dla%20uzytkownika.cshtml 404 0 2 10
2018-10-11 13:54:28 ::1 GET /strona+dla+uzytkownika.cshtml - 7184 grazyna.selbach@freenet.de ::1 Mozilla/5.0+(Windows+NT+10.0;+Win64;+x64)+AppleWebKit/537.36+(KHTML,+like+Gecko)+Chrome/69.0.3497.100+Safari/537.36 - 200 0 0 2184
2018-10-11 13:54:28 ::1 GET /news.js - 7184 - ::1 Mozilla/5.0+(Windows+NT+10.0;+Win64;+x64)+AppleWebKit/537.36+(KHTML,+like+Gecko)+Chrome/69.0.3497.100+Safari/537.36 http://localhost:7184/strona%20dla%20uzytkownika.cshtml 404 0 2 25
2018-10-11 13:54:28 ::1 GET /style.css - 7184 - ::1 Mozilla/5.0+(Windows+NT+10.0;+Win64;+x64)+AppleWebKit/537.36+(KHTML,+like+Gecko)+Chrome/69.0.3497.100+Safari/537.36 http://localhost:7184/strona%20dla%20uzytkownika.cshtml 404 0 2 31
2018-10-11 13:54:28 ::1 GET /'/cse'/brand' form=%27cref_iframe 7184 - ::1 Mozilla/5.0+(Windows+NT+10.0;+Win64;+x64)+AppleWebKit/537.36+(KHTML,+like+Gecko)+Chrome/69.0.3497.100+Safari/537.36 http://localhost:7184/strona%20dla%20uzytkownika.cshtml 404 0 2 9
2018-10-11 13:54:28 ::1 GET /news.js - 7184 - ::1 Mozilla/5.0+(Windows+NT+10.0;+Win64;+x64)+AppleWebKit/537.36+(KHTML,+like+Gecko)+Chrome/69.0.3497.100+Safari/537.36 http://localhost:7184/strona%20dla%20uzytkownika.cshtml 404 0 2 11
2018-10-11 13:54:30 ::1 GET /'/cse'/brand' form=%27cref_iframe 7184 - ::1 Mozilla/5.0+(Windows+NT+10.0;+Win64;+x64)+AppleWebKit/537.36+(KHTML,+like+Gecko)+Chrome/69.0.3497.100+Safari/537.36 http://localhost:7184/strona%20dla%20uzytkownika.cshtml 404 0 2 7
2018-10-11 13:54:30 ::1 GET /style.css - 7184 - ::1 Mozilla/5.0+(Windows+NT+10.0;+Win64;+x64)+AppleWebKit/537.36+(KHTML,+like+Gecko)+Chrome/69.0.3497.100+Safari/537.36 http://localhost:7184/strona%20dla%20uzytkownika.cshtml 404 0 2 5
2018-10-11 13:54:30 ::1 GET /strona+dla+uzytkownika.cshtml - 7184 grazyna.selbach@freenet.de ::1 Mozilla/5.0+(Windows+NT+10.0;+Win64;+x64)+AppleWebKit/537.36+(KHTML,+like+Gecko)+Chrome/69.0.3497.100+Safari/537.36 http://localhost:7184/strona%20dla%20uzytkownika.cshtml 200 0 0 9
2018-10-11 14:03:18 ::1 GET /strona+po+wylogowaniu.cshtml - 7184 grazyna.selbach@freenet.de ::1 Mozilla/5.0+(Windows+NT+10.0;+Win64;+x64)+AppleWebKit/537.36+(KHTML,+like+Gecko)+Chrome/69.0.3497.100+Safari/537.36 - 200 0 0 1898
2018-10-11 14:08:44 ::1 GET /strona+po+wylogowaniu.cshtml - 7184 grazyna.selbach@freenet.de ::1 Mozilla/5.0+(Windows+NT+10.0;+Win64;+x64)+AppleWebKit/537.36+(KHTML,+like+Gecko)+Chrome/69.0.3497.100+Safari/537.36 - 200 0 0 2091
2018-10-11 14:08:44 ::1 GET /IMG0006.jpg - 7184 - ::1 Mozilla/5.0+(Windows+NT+10.0;+Win64;+x64)+AppleWebKit/537.36+(KHTML,+like+Gecko)+Chrome/69.0.3497.100+Safari/537.36 http://localhost:7184/strona%20po%20wylogowaniu.cshtml 404 0 2 6
2018-10-11 14:09:26 ::1 GET /strona+po+wylogowaniu.cshtml - 7184 grazyna.selbach@freenet.de ::1 Mozilla/5.0+(Windows+NT+10.0;+Win64;+x64)+AppleWebKit/537.36+(KHTML,+like+Gecko)+Chrome/69.0.3497.100+Safari/537.36 - 200 0 0 2009
2018-10-11 14:09:26 ::1 GET /IMG0006.jpg - 7184 - ::1 Mozilla/5.0+(Windows+NT+10.0;+Win64;+x64)+AppleWebKit/537.36+(KHTML,+like+Gecko)+Chrome/69.0.3497.100+Safari/537.36 http://localhost:7184/strona%20po%20wylogowaniu.cshtml 404 0 2 9
2018-10-11 14:10:22 ::1 GET /strona+po+wylogowaniu.cshtml - 7184 grazyna.selbach@freenet.de ::1 Mozilla/5.0+(Windows+NT+10.0;+Win64;+x64)+AppleWebKit/537.36+(KHTML,+like+Gecko)+Chrome/69.0.3497.100+Safari/537.36 - 200 0 0 2085
2018-10-11 14:10:22 ::1 GET /IMG0006.jpg - 7184 - ::1 Mozilla/5.0+(Windows+NT+10.0;+Win64;+x64)+AppleWebKit/537.36+(KHTML,+like+Gecko)+Chrome/69.0.3497.100+Safari/537.36 http://localhost:7184/strona%20po%20wylogowaniu.cshtml 200 0 0 44
2018-10-11 14:11:12 ::1 GET /strona+po+wylogowaniu.cshtml - 7184 grazyna.selbach@freenet.de ::1 Mozilla/5.0+(Windows+NT+10.0;+Win64;+x64)+AppleWebKit/537.36+(KHTML,+like+Gecko)+Chrome/69.0.3497.100+Safari/537.36 - 200 0 0 2128
2018-10-11 14:13:16 ::1 GET /strona+po+wylogowaniu.cshtml - 7184 grazyna.selbach@freenet.de ::1 Mozilla/5.0+(Windows+NT+10.0;+Win64;+x64)+AppleWebKit/537.36+(KHTML,+like+Gecko)+Chrome/69.0.3497.100+Safari/537.36 - 200 0 0 2165
2018-10-11 14:13:55 ::1 GET /strona+po+wylogowaniu.cshtml - 7184 grazyna.selbach@freenet.de ::1 Mozilla/5.0+(Windows+NT+10.0;+Win64;+x64)+AppleWebKit/537.36+(KHTML,+like+Gecko)+Chrome/69.0.3497.100+Safari/537.36 - 200 0 0 2099
2018-10-11 14:14:42 ::1 GET /strona+po+wylogowaniu.cshtml - 7184 grazyna.selbach@freenet.de ::1 Mozilla/5.0+(Windows+NT+10.0;+Win64;+x64)+AppleWebKit/537.36+(KHTML,+like+Gecko)+Chrome/69.0.3497.100+Safari/537.36 - 200 0 0 1858
2018-10-11 14:15:00 ::1 GET /strona+po+wylogowaniu.cshtml - 7184 grazyna.selbach@freenet.de ::1 Mozilla/5.0+(Windows+NT+10.0;+Win64;+x64)+AppleWebKit/537.36+(KHTML,+like+Gecko)+Chrome/69.0.3497.100+Safari/537.36 - 200 0 0 1764
2018-10-11 14:15:49 ::1 GET /strona+po+wylogowaniu.cshtml - 7184 grazyna.selbach@freenet.de ::1 Mozilla/5.0+(Windows+NT+10.0;+Win64;+x64)+AppleWebKit/537.36+(KHTML,+like+Gecko)+Chrome/69.0.3497.100+Safari/537.36 - 200 0 0 3221
2018-10-11 14:17:15 ::1 GET /strona+po+wylogowaniu.cshtml - 7184 grazyna.selbach@freenet.de ::1 Mozilla/5.0+(Windows+NT+10.0;+Win64;+x64)+AppleWebKit/537.36+(KHTML,+like+Gecko)+Chrome/69.0.3497.100+Safari/537.36 - 200 0 0 2287
2018-10-11 14:23:37 ::1 GET /Zdjecia.cshtml - 7184 grazyna.selbach@freenet.de ::1 Mozilla/5.0+(Windows+NT+10.0;+Win64;+x64)+AppleWebKit/537.36+(KHTML,+like+Gecko)+Chrome/69.0.3497.100+Safari/537.36 - 200 0 0 2243
2018-10-11 14:23:37 ::1 GET /P8030024.jpg - 7184 - ::1 Mozilla/5.0+(Windows+NT+10.0;+Win64;+x64)+AppleWebKit/537.36+(KHTML,+like+Gecko)+Chrome/69.0.3497.100+Safari/537.36 http://localhost:7184/Zdjecia.cshtml 404 0 2 8
2018-10-11 14:23:37 ::1 GET /P8030026.jpg - 7184 - ::1 Mozilla/5.0+(Windows+NT+10.0;+Win64;+x64)+AppleWebKit/537.36+(KHTML,+like+Gecko)+Chrome/69.0.3497.100+Safari/537.36 http://localhost:7184/Zdjecia.cshtml 404 0 2 8
2018-10-11 14:23:37 ::1 GET /P8060089.jpg - 7184 - ::1 Mozilla/5.0+(Windows+NT+10.0;+Win64;+x64)+AppleWebKit/537.36+(KHTML,+like+Gecko)+Chrome/69.0.3497.100+Safari/537.36 http://localhost:7184/Zdjecia.cshtml 404 0 2 37
2018-10-11 14:23:37 ::1 GET /P8060100.jpg - 7184 - ::1 Mozilla/5.0+(Windows+NT+10.0;+Win64;+x64)+AppleWebKit/537.36+(KHTML,+like+Gecko)+Chrome/69.0.3497.100+Safari/537.36 http://localhost:7184/Zdjecia.cshtml 404 0 2 25
2018-10-11 14:23:37 ::1 GET /P8030029.jpg - 7184 - ::1 Mozilla/5.0+(Windows+NT+10.0;+Win64;+x64)+AppleWebKit/537.36+(KHTML,+like+Gecko)+Chrome/69.0.3497.100+Safari/537.36 http://localhost:7184/Zdjecia.cshtml 404 0 2 48
2018-10-11 14:23:37 ::1 GET /P8060092.jpg - 7184 - ::1 Mozilla/5.0+(Windows+NT+10.0;+Win64;+x64)+AppleWebKit/537.36+(KHTML,+like+Gecko)+Chrome/69.0.3497.100+Safari/537.36 http://localhost:7184/Zdjecia.cshtml 404 0 2 31
2018-10-11 14:23:37 ::1 GET /P8060097.jpg - 7184 - ::1 Mozilla/5.0+(Windows+NT+10.0;+Win64;+x64)+AppleWebKit/537.36+(KHTML,+like+Gecko)+Chrome/69.0.3497.100+Safari/537.36 http://localhost:7184/Zdjecia.cshtml 404 0 2 33
2018-10-11 14:23:37 ::1 GET /P8060103.jpg - 7184 - ::1 Mozilla/5.0+(Windows+NT+10.0;+Win64;+x64)+AppleWebKit/537.36+(KHTML,+like+Gecko)+Chrome/69.0.3497.100+Safari/537.36 http://localhost:7184/Zdjecia.cshtml 404 0 2 32
2018-10-11 14:23:37 ::1 GET /widok.jpg - 7184 - ::1 Mozilla/5.0+(Windows+NT+10.0;+Win64;+x64)+AppleWebKit/537.36+(KHTML,+like+Gecko)+Chrome/69.0.3497.100+Safari/537.36 http://localhost:7184/Zdjecia.cshtml 404 0 2 68
2018-10-11 14:23:37 ::1 GET /korekta1.jpg - 7184 - ::1 Mozilla/5.0+(Windows+NT+10.0;+Win64;+x64)+AppleWebKit/537.36+(KHTML,+like+Gecko)+Chrome/69.0.3497.100+Safari/537.36 http://localhost:7184/Zdjecia.cshtml 404 0 2 68
2018-10-11 14:23:37 ::1 GET /DSC_0137.jpg - 7184 - ::1 Mozilla/5.0+(Windows+NT+10.0;+Win64;+x64)+AppleWebKit/537.36+(KHTML,+like+Gecko)+Chrome/69.0.3497.100+Safari/537.36 http://localhost:7184/Zdjecia.cshtml 404 0 2 67
2018-10-11 14:23:37 ::1 GET /korekta.jpg - 7184 - ::1 Mozilla/5.0+(Windows+NT+10.0;+Win64;+x64)+AppleWebKit/537.36+(KHTML,+like+Gecko)+Chrome/69.0.3497.100+Safari/537.36 http://localhost:7184/Zdjecia.cshtml 404 0 2 68
2018-10-11 14:23:37 ::1 GET /DSC_0100.jpg - 7184 - ::1 Mozilla/5.0+(Windows+NT+10.0;+Win64;+x64)+AppleWebKit/537.36+(KHTML,+like+Gecko)+Chrome/69.0.3497.100+Safari/537.36 http://localhost:7184/Zdjecia.cshtml 404 0 2 44
2018-10-11 14:23:37 ::1 GET /DSC_0044.jpg - 7184 - ::1 Mozilla/5.0+(Windows+NT+10.0;+Win64;+x64)+AppleWebKit/537.36+(KHTML,+like+Gecko)+Chrome/69.0.3497.100+Safari/537.36 http://localhost:7184/Zdjecia.cshtml 404 0 2 63
2018-10-11 14:23:37 ::1 GET /20160319_121017.jpg - 7184 - ::1 Mozilla/5.0+(Windows+NT+10.0;+Win64;+x64)+AppleWebKit/537.36+(KHTML,+like+Gecko)+Chrome/69.0.3497.100+Safari/537.36 http://localhost:7184/Zdjecia.cshtml 404 0 2 57
2018-10-11 14:23:37 ::1 GET /IMG-20171005-WA0011.jpg - 7184 - ::1 Mozilla/5.0+(Windows+NT+10.0;+Win64;+x64)+AppleWebKit/537.36+(KHTML,+like+Gecko)+Chrome/69.0.3497.100+Safari/537.36 http://localhost:7184/Zdjecia.cshtml 404 0 2 50
2018-10-11 14:23:37 ::1 GET /IMG-20160611-WA0001.jpg - 7184 - ::1 Mozilla/5.0+(Windows+NT+10.0;+Win64;+x64)+AppleWebKit/537.36+(KHTML,+like+Gecko)+Chrome/69.0.3497.100+Safari/537.36 http://localhost:7184/Zdjecia.cshtml 404 0 2 53
2018-10-11 14:23:37 ::1 GET /IMG-20160611-WA0003.jpg - 7184 - ::1 Mozilla/5.0+(Windows+NT+10.0;+Win64;+x64)+AppleWebKit/537.36+(KHTML,+like+Gecko)+Chrome/69.0.3497.100+Safari/537.36 http://localhost:7184/Zdjecia.cshtml 404 0 2 45
2018-10-11 14:23:37 ::1 GET /20161228_124835.jpg - 7184 - ::1 Mozilla/5.0+(Windows+NT+10.0;+Win64;+x64)+AppleWebKit/537.36+(KHTML,+like+Gecko)+Chrome/69.0.3497.100+Safari/537.36 http://localhost:7184/Zdjecia.cshtml 404 0 2 16
2018-10-11 14:23:37 ::1 GET /IMG-20171005-WA0001+(1).jpg - 7184 - ::1 Mozilla/5.0+(Windows+NT+10.0;+Win64;+x64)+AppleWebKit/537.36+(KHTML,+like+Gecko)+Chrome/69.0.3497.100+Safari/537.36 http://localhost:7184/Zdjecia.cshtml 404 0 2 9
2018-10-11 14:32:36 ::1 GET /Endecken.cshtml - 7184 grazyna.selbach@freenet.de ::1 Mozilla/5.0+(Windows+NT+10.0;+Win64;+x64)+AppleWebKit/537.36+(KHTML,+like+Gecko)+Chrome/69.0.3497.100+Safari/537.36 - 200 0 0 2250
2018-10-11 14:32:36 ::1 GET /news.js - 7184 - ::1 Mozilla/5.0+(Windows+NT+10.0;+Win64;+x64)+AppleWebKit/537.36+(KHTML,+like+Gecko)+Chrome/69.0.3497.100+Safari/537.36 http://localhost:7184/Endecken.cshtml 404 0 2 16
2018-10-11 14:32:36 ::1 GET /'/cse'/brand' form=%27cref_iframe 7184 - ::1 Mozilla/5.0+(Windows+NT+10.0;+Win64;+x64)+AppleWebKit/537.36+(KHTML,+like+Gecko)+Chrome/69.0.3497.100+Safari/537.36 http://localhost:7184/Endecken.cshtml 404 0 2 37
2018-10-11 14:32:36 ::1 GET /news.js - 7184 - ::1 Mozilla/5.0+(Windows+NT+10.0;+Win64;+x64)+AppleWebKit/537.36+(KHTML,+like+Gecko)+Chrome/69.0.3497.100+Safari/537.36 http://localhost:7184/Endecken.cshtml 404 0 2 20
2018-10-11 14:32:38 ::1 GET /'/cse'/brand' form=%27cref_iframe 7184 - ::1 Mozilla/5.0+(Windows+NT+10.0;+Win64;+x64)+AppleWebKit/537.36+(KHTML,+like+Gecko)+Chrome/69.0.3497.100+Safari/537.36 http://localhost:7184/Endecken.cshtml 404 0 2 8
2018-10-11 14:32:38 ::1 GET /Endecken.cshtml - 7184 grazyna.selbach@freenet.de ::1 Mozilla/5.0+(Windows+NT+10.0;+Win64;+x64)+AppleWebKit/537.36+(KHTML,+like+Gecko)+Chrome/69.0.3497.100+Safari/537.36 http://localhost:7184/Endecken.cshtml 200 0 0 24
2018-10-11 14:34:09 ::1 GET /Endecken.cshtml - 7184 grazyna.selbach@freenet.de ::1 Mozilla/5.0+(Windows+NT+10.0;+Win64;+x64)+AppleWebKit/537.36+(KHTML,+like+Gecko)+Chrome/69.0.3497.100+Safari/537.36 - 200 0 0 2830
2018-10-11 14:34:09 ::1 GET /news.js - 7184 - ::1 Mozilla/5.0+(Windows+NT+10.0;+Win64;+x64)+AppleWebKit/537.36+(KHTML,+like+Gecko)+Chrome/69.0.3497.100+Safari/537.36 http://localhost:7184/Endecken.cshtml 404 0 2 15
2018-10-11 14:34:09 ::1 GET /news.js - 7184 - ::1 Mozilla/5.0+(Windows+NT+10.0;+Win64;+x64)+AppleWebKit/537.36+(KHTML,+like+Gecko)+Chrome/69.0.3497.100+Safari/537.36 http://localhost:7184/Endecken.cshtml 404 0 2 11
2018-10-11 14:34:09 ::1 GET /'/cse'/brand' form=%27cref_iframe 7184 - ::1 Mozilla/5.0+(Windows+NT+10.0;+Win64;+x64)+AppleWebKit/537.36+(KHTML,+like+Gecko)+Chrome/69.0.3497.100+Safari/537.36 http://localhost:7184/Endecken.cshtml 404 0 2 22
2018-10-11 14:34:10 ::1 GET /'/cse'/brand' form=%27cref_iframe 7184 - ::1 Mozilla/5.0+(Windows+NT+10.0;+Win64;+x64)+AppleWebKit/537.36+(KHTML,+like+Gecko)+Chrome/69.0.3497.100+Safari/537.36 http://localhost:7184/Endecken.cshtml 404 0 2 9
2018-10-11 14:34:10 ::1 GET /Endecken.cshtml - 7184 grazyna.selbach@freenet.de ::1 Mozilla/5.0+(Windows+NT+10.0;+Win64;+x64)+AppleWebKit/537.36+(KHTML,+like+Gecko)+Chrome/69.0.3497.100+Safari/537.36 http://localhost:7184/Endecken.cshtml 200 0 0 29
#Software: Microsoft Internet Information Services 10.0
#Version: 1.0
#Date: 2018-10-11 17:02:42
#Fields: date time s-ip cs-method cs-uri-stem cs-uri-query s-port cs-username c-ip cs(User-Agent) cs(Referer) sc-status sc-substatus sc-win32-status time-taken
2018-10-11 17:02:42 ::1 GET /Endecken.cshtml - 7184 - ::1 Mozilla/5.0+(Windows+NT+10.0;+Win64;+x64)+AppleWebKit/537.36+(KHTML,+like+Gecko)+Chrome/69.0.3497.100+Safari/537.36 - 200 0 0 2651
2018-10-11 17:02:42 ::1 GET /news.js - 7184 - ::1 Mozilla/5.0+(Windows+NT+10.0;+Win64;+x64)+AppleWebKit/537.36+(KHTML,+like+Gecko)+Chrome/69.0.3497.100+Safari/537.36 http://localhost:7184/Endecken.cshtml 404 0 2 12
2018-10-11 17:02:42 ::1 GET /news.js - 7184 - ::1 Mozilla/5.0+(Windows+NT+10.0;+Win64;+x64)+AppleWebKit/537.36+(KHTML,+like+Gecko)+Chrome/69.0.3497.100+Safari/537.36 http://localhost:7184/Endecken.cshtml 404 0 2 5
2018-10-11 17:05:10 ::1 GET /Endecken.cshtml - 7184 - ::1 Mozilla/5.0+(Windows+NT+10.0;+Win64;+x64)+AppleWebKit/537.36+(KHTML,+like+Gecko)+Chrome/69.0.3497.100+Safari/537.36 - 200 0 0 2173
2018-10-11 17:05:10 ::1 GET /news.js - 7184 - ::1 Mozilla/5.0+(Windows+NT+10.0;+Win64;+x64)+AppleWebKit/537.36+(KHTML,+like+Gecko)+Chrome/69.0.3497.100+Safari/537.36 http://localhost:7184/Endecken.cshtml 404 0 2 12
2018-10-11 17:05:10 ::1 GET /'/cse'/brand' form=%27cref_iframe 7184 - ::1 Mozilla/5.0+(Windows+NT+10.0;+Win64;+x64)+AppleWebKit/537.36+(KHTML,+like+Gecko)+Chrome/69.0.3497.100+Safari/537.36 http://localhost:7184/Endecken.cshtml 404 0 2 23
2018-10-11 17:05:10 ::1 GET /news.js - 7184 - ::1 Mozilla/5.0+(Windows+NT+10.0;+Win64;+x64)+AppleWebKit/537.36+(KHTML,+like+Gecko)+Chrome/69.0.3497.100+Safari/537.36 http://localhost:7184/Endecken.cshtml 404 0 2 19
2018-10-11 17:05:10 ::1 GET /'/cse'/brand' form=%27cref_iframe 7184 - ::1 Mozilla/5.0+(Windows+NT+10.0;+Win64;+x64)+AppleWebKit/537.36+(KHTML,+like+Gecko)+Chrome/69.0.3497.100+Safari/537.36 http://localhost:7184/Endecken.cshtml 404 0 2 7
2018-10-11 17:05:10 ::1 GET /Endecken.cshtml - 7184 - ::1 Mozilla/5.0+(Windows+NT+10.0;+Win64;+x64)+AppleWebKit/537.36+(KHTML,+like+Gecko)+Chrome/69.0.3497.100+Safari/537.36 http://localhost:7184/Endecken.cshtml 200 0 0 35
2018-10-11 17:06:04 ::1 GET /Endecken.cshtml - 7184 - ::1 Mozilla/5.0+(Windows+NT+10.0;+Win64;+x64)+AppleWebKit/537.36+(KHTML,+like+Gecko)+Chrome/69.0.3497.100+Safari/537.36 - 200 0 0 1946
2018-10-11 17:06:04 ::1 GET /news.js - 7184 - ::1 Mozilla/5.0+(Windows+NT+10.0;+Win64;+x64)+AppleWebKit/537.36+(KHTML,+like+Gecko)+Chrome/69.0.3497.100+Safari/537.36 http://localhost:7184/Endecken.cshtml 404 0 2 12
2018-10-11 17:06:04 ::1 GET /news.js - 7184 - ::1 Mozilla/5.0+(Windows+NT+10.0;+Win64;+x64)+AppleWebKit/537.36+(KHTML,+like+Gecko)+Chrome/69.0.3497.100+Safari/537.36 http://localhost:7184/Endecken.cshtml 404 0 2 10
2018-10-11 17:09:18 ::1 GET /Endecken.cshtml - 7184 - ::1 Mozilla/5.0+(Windows+NT+10.0;+Win64;+x64)+AppleWebKit/537.36+(KHTML,+like+Gecko)+Chrome/69.0.3497.100+Safari/537.36 - 200 0 0 2157
2018-10-11 17:09:18 ::1 GET /news.js - 7184 - ::1 Mozilla/5.0+(Windows+NT+10.0;+Win64;+x64)+AppleWebKit/537.36+(KHTML,+like+Gecko)+Chrome/69.0.3497.100+Safari/537.36 http://localhost:7184/Endecken.cshtml 404 0 2 31
2018-10-11 17:09:18 ::1 GET /'/cse'/brand' form=%27cref_iframe 7184 - ::1 Mozilla/5.0+(Windows+NT+10.0;+Win64;+x64)+AppleWebKit/537.36+(KHTML,+like+Gecko)+Chrome/69.0.3497.100+Safari/537.36 http://localhost:7184/Endecken.cshtml 404 0 2 13
2018-10-11 17:09:18 ::1 GET /news.js - 7184 - ::1 Mozilla/5.0+(Windows+NT+10.0;+Win64;+x64)+AppleWebKit/537.36+(KHTML,+like+Gecko)+Chrome/69.0.3497.100+Safari/537.36 http://localhost:7184/Endecken.cshtml 404 0 2 4
2018-10-11 17:09:18 ::1 GET /'/cse'/brand' form=%27cref_iframe 7184 - ::1 Mozilla/5.0+(Windows+NT+10.0;+Win64;+x64)+AppleWebKit/537.36+(KHTML,+like+Gecko)+Chrome/69.0.3497.100+Safari/537.36 http://localhost:7184/Endecken.cshtml 404 0 2 9
2018-10-11 17:12:43 ::1 GET /Endecken.cshtml - 7184 - ::1 Mozilla/5.0+(Windows+NT+10.0;+Win64;+x64)+AppleWebKit/537.36+(KHTML,+like+Gecko)+Chrome/69.0.3497.100+Safari/537.36 - 200 0 0 1956
2018-10-11 17:12:43 ::1 GET /news.js - 7184 - ::1 Mozilla/5.0+(Windows+NT+10.0;+Win64;+x64)+AppleWebKit/537.36+(KHTML,+like+Gecko)+Chrome/69.0.3497.100+Safari/537.36 http://localhost:7184/Endecken.cshtml 404 0 2 15
2018-10-11 17:12:43 ::1 GET /news.js - 7184 - ::1 Mozilla/5.0+(Windows+NT+10.0;+Win64;+x64)+AppleWebKit/537.36+(KHTML,+like+Gecko)+Chrome/69.0.3497.100+Safari/537.36 http://localhost:7184/Endecken.cshtml 404 0 2 14
2018-10-11 17:12:43 ::1 GET /'/cse'/brand' form=%27cref_iframe 7184 - ::1 Mozilla/5.0+(Windows+NT+10.0;+Win64;+x64)+AppleWebKit/537.36+(KHTML,+like+Gecko)+Chrome/69.0.3497.100+Safari/537.36 http://localhost:7184/Endecken.cshtml 404 0 2 26
2018-10-11 17:12:43 ::1 GET /'/cse'/brand' form=%27cref_iframe 7184 - ::1 Mozilla/5.0+(Windows+NT+10.0;+Win64;+x64)+AppleWebKit/537.36+(KHTML,+like+Gecko)+Chrome/69.0.3497.100+Safari/537.36 http://localhost:7184/Endecken.cshtml 404 0 2 8
2018-10-11 17:12:43 ::1 GET /Endecken.cshtml - 7184 - ::1 Mozilla/5.0+(Windows+NT+10.0;+Win64;+x64)+AppleWebKit/537.36+(KHTML,+like+Gecko)+Chrome/69.0.3497.100+Safari/537.36 http://localhost:7184/Endecken.cshtml 200 0 0 12
2018-10-11 17:13:30 ::1 GET /Endecken.cshtml - 7184 - ::1 Mozilla/5.0+(Windows+NT+10.0;+Win64;+x64)+AppleWebKit/537.36+(KHTML,+like+Gecko)+Chrome/69.0.3497.100+Safari/537.36 - 200 0 0 1994
2018-10-11 17:13:30 ::1 GET /news.js - 7184 - ::1 Mozilla/5.0+(Windows+NT+10.0;+Win64;+x64)+AppleWebKit/537.36+(KHTML,+like+Gecko)+Chrome/69.0.3497.100+Safari/537.36 http://localhost:7184/Endecken.cshtml 404 0 2 16
2018-10-11 17:13:30 ::1 GET /'/cse'/brand' form=%27cref_iframe 7184 - ::1 Mozilla/5.0+(Windows+NT+10.0;+Win64;+x64)+AppleWebKit/537.36+(KHTML,+like+Gecko)+Chrome/69.0.3497.100+Safari/537.36 http://localhost:7184/Endecken.cshtml 404 0 2 9
2018-10-11 17:13:30 ::1 GET /news.js - 7184 - ::1 Mozilla/5.0+(Windows+NT+10.0;+Win64;+x64)+AppleWebKit/537.36+(KHTML,+like+Gecko)+Chrome/69.0.3497.100+Safari/537.36 http://localhost:7184/Endecken.cshtml 404 0 2 10
2018-10-11 17:13:30 ::1 GET /'/cse'/brand' form=%27cref_iframe 7184 - ::1 Mozilla/5.0+(Windows+NT+10.0;+Win64;+x64)+AppleWebKit/537.36+(KHTML,+like+Gecko)+Chrome/69.0.3497.100+Safari/537.36 http://localhost:7184/Endecken.cshtml 404 0 2 7
2018-10-11 17:14:55 ::1 GET /Endecken.cshtml - 7184 - ::1 Mozilla/5.0+(Windows+NT+10.0;+Win64;+x64)+AppleWebKit/537.36+(KHTML,+like+Gecko)+Chrome/69.0.3497.100+Safari/537.36 - 200 0 0 1901
2018-10-11 17:14:55 ::1 GET /news.js - 7184 - ::1 Mozilla/5.0+(Windows+NT+10.0;+Win64;+x64)+AppleWebKit/537.36+(KHTML,+like+Gecko)+Chrome/69.0.3497.100+Safari/537.36 http://localhost:7184/Endecken.cshtml 404 0 2 21
2018-10-11 17:14:55 ::1 GET /'/cse'/brand' form=%27cref_iframe 7184 - ::1 Mozilla/5.0+(Windows+NT+10.0;+Win64;+x64)+AppleWebKit/537.36+(KHTML,+like+Gecko)+Chrome/69.0.3497.100+Safari/537.36 http://localhost:7184/Endecken.cshtml 404 0 2 21
2018-10-11 17:14:55 ::1 GET /news.js - 7184 - ::1 Mozilla/5.0+(Windows+NT+10.0;+Win64;+x64)+AppleWebKit/537.36+(KHTML,+like+Gecko)+Chrome/69.0.3497.100+Safari/537.36 http://localhost:7184/Endecken.cshtml 404 0 2 13
2018-10-11 17:14:55 ::1 GET /'/cse'/brand' form=%27cref_iframe 7184 - ::1 Mozilla/5.0+(Windows+NT+10.0;+Win64;+x64)+AppleWebKit/537.36+(KHTML,+like+Gecko)+Chrome/69.0.3497.100+Safari/537.36 http://localhost:7184/Endecken.cshtml 404 0 2 8
2018-10-11 17:16:14 ::1 GET /Endecken.cshtml - 7184 - ::1 Mozilla/5.0+(Windows+NT+10.0;+Win64;+x64)+AppleWebKit/537.36+(KHTML,+like+Gecko)+Chrome/69.0.3497.100+Safari/537.36 - 200 0 0 2171
2018-10-11 17:16:14 ::1 GET /news.js - 7184 - ::1 Mozilla/5.0+(Windows+NT+10.0;+Win64;+x64)+AppleWebKit/537.36+(KHTML,+like+Gecko)+Chrome/69.0.3497.100+Safari/537.36 http://localhost:7184/Endecken.cshtml 404 0 2 12
2018-10-11 17:16:14 ::1 GET /'/cse'/brand' form=%27cref_iframe 7184 - ::1 Mozilla/5.0+(Windows+NT+10.0;+Win64;+x64)+AppleWebKit/537.36+(KHTML,+like+Gecko)+Chrome/69.0.3497.100+Safari/537.36 http://localhost:7184/Endecken.cshtml 404 0 2 11
2018-10-11 17:16:14 ::1 GET /news.js - 7184 - ::1 Mozilla/5.0+(Windows+NT+10.0;+Win64;+x64)+AppleWebKit/537.36+(KHTML,+like+Gecko)+Chrome/69.0.3497.100+Safari/537.36 http://localhost:7184/Endecken.cshtml 404 0 2 7
2018-10-11 17:16:14 ::1 GET /'/cse'/brand' form=%27cref_iframe 7184 - ::1 Mozilla/5.0+(Windows+NT+10.0;+Win64;+x64)+AppleWebKit/537.36+(KHTML,+like+Gecko)+Chrome/69.0.3497.100+Safari/537.36 http://localhost:7184/Endecken.cshtml 404 0 2 8
2018-10-11 17:17:39 ::1 GET /Endecken.cshtml - 7184 - ::1 Mozilla/5.0+(Windows+NT+10.0;+Win64;+x64)+AppleWebKit/537.36+(KHTML,+like+Gecko)+Chrome/69.0.3497.100+Safari/537.36 - 200 0 0 1983
2018-10-11 17:17:39 ::1 GET /news.js - 7184 - ::1 Mozilla/5.0+(Windows+NT+10.0;+Win64;+x64)+AppleWebKit/537.36+(KHTML,+like+Gecko)+Chrome/69.0.3497.100+Safari/537.36 http://localhost:7184/Endecken.cshtml 404 0 2 18
2018-10-11 17:17:39 ::1 GET /'/cse'/brand' form=%27cref_iframe 7184 - ::1 Mozilla/5.0+(Windows+NT+10.0;+Win64;+x64)+AppleWebKit/537.36+(KHTML,+like+Gecko)+Chrome/69.0.3497.100+Safari/537.36 http://localhost:7184/Endecken.cshtml 404 0 2 21
2018-10-11 17:17:39 ::1 GET /news.js - 7184 - ::1 Mozilla/5.0+(Windows+NT+10.0;+Win64;+x64)+AppleWebKit/537.36+(KHTML,+like+Gecko)+Chrome/69.0.3497.100+Safari/537.36 http://localhost:7184/Endecken.cshtml 404 0 2 15
2018-10-11 17:17:39 ::1 GET /'/cse'/brand' form=%27cref_iframe 7184 - ::1 Mozilla/5.0+(Windows+NT+10.0;+Win64;+x64)+AppleWebKit/537.36+(KHTML,+like+Gecko)+Chrome/69.0.3497.100+Safari/537.36 http://localhost:7184/Endecken.cshtml 404 0 2 8
2018-10-11 17:17:39 ::1 GET /Endecken.cshtml - 7184 - ::1 Mozilla/5.0+(Windows+NT+10.0;+Win64;+x64)+AppleWebKit/537.36+(KHTML,+like+Gecko)+Chrome/69.0.3497.100+Safari/537.36 http://localhost:7184/Endecken.cshtml 200 0 0 7
2018-10-11 17:18:52 ::1 GET /Endecken.cshtml - 7184 - ::1 Mozilla/5.0+(Windows+NT+10.0;+Win64;+x64)+AppleWebKit/537.36+(KHTML,+like+Gecko)+Chrome/69.0.3497.100+Safari/537.36 - 200 0 0 2062
2018-10-11 17:18:52 ::1 GET /news.js - 7184 - ::1 Mozilla/5.0+(Windows+NT+10.0;+Win64;+x64)+AppleWebKit/537.36+(KHTML,+like+Gecko)+Chrome/69.0.3497.100+Safari/537.36 http://localhost:7184/Endecken.cshtml 404 0 2 9
2018-10-11 17:18:52 ::1 GET /'/cse'/brand' form=%27cref_iframe 7184 - ::1 Mozilla/5.0+(Windows+NT+10.0;+Win64;+x64)+AppleWebKit/537.36+(KHTML,+like+Gecko)+Chrome/69.0.3497.100+Safari/537.36 http://localhost:7184/Endecken.cshtml 404 0 2 15
2018-10-11 17:18:52 ::1 GET /news.js - 7184 - ::1 Mozilla/5.0+(Windows+NT+10.0;+Win64;+x64)+AppleWebKit/537.36+(KHTML,+like+Gecko)+Chrome/69.0.3497.100+Safari/537.36 http://localhost:7184/Endecken.cshtml 404 0 2 6
2018-10-11 17:18:52 ::1 GET /'/cse'/brand' form=%27cref_iframe 7184 - ::1 Mozilla/5.0+(Windows+NT+10.0;+Win64;+x64)+AppleWebKit/537.36+(KHTML,+like+Gecko)+Chrome/69.0.3497.100+Safari/537.36 http://localhost:7184/Endecken.cshtml 404 0 2 5
2018-10-11 17:18:52 ::1 GET /Endecken.cshtml - 7184 - ::1 Mozilla/5.0+(Windows+NT+10.0;+Win64;+x64)+AppleWebKit/537.36+(KHTML,+like+Gecko)+Chrome/69.0.3497.100+Safari/537.36 http://localhost:7184/Endecken.cshtml 200 0 0 7
2018-10-11 17:20:30 ::1 GET /Endecken.cshtml - 7184 - ::1 Mozilla/5.0+(Windows+NT+10.0;+Win64;+x64)+AppleWebKit/537.36+(KHTML,+like+Gecko)+Chrome/69.0.3497.100+Safari/537.36 - 200 0 0 3376
2018-10-11 17:20:30 ::1 GET /news.js - 7184 - ::1 Mozilla/5.0+(Windows+NT+10.0;+Win64;+x64)+AppleWebKit/537.36+(KHTML,+like+Gecko)+Chrome/69.0.3497.100+Safari/537.36 http://localhost:7184/Endecken.cshtml 404 0 2 17
2018-10-11 17:20:30 ::1 GET /'/cse'/brand' form=%27cref_iframe 7184 - ::1 Mozilla/5.0+(Windows+NT+10.0;+Win64;+x64)+AppleWebKit/537.36+(KHTML,+like+Gecko)+Chrome/69.0.3497.100+Safari/537.36 http://localhost:7184/Endecken.cshtml 404 0 2 20
2018-10-11 17:20:30 ::1 GET /news.js - 7184 - ::1 Mozilla/5.0+(Windows+NT+10.0;+Win64;+x64)+AppleWebKit/537.36+(KHTML,+like+Gecko)+Chrome/69.0.3497.100+Safari/537.36 http://localhost:7184/Endecken.cshtml 404 0 2 15
2018-10-11 17:20:30 ::1 GET /'/cse'/brand' form=%27cref_iframe 7184 - ::1 Mozilla/5.0+(Windows+NT+10.0;+Win64;+x64)+AppleWebKit/537.36+(KHTML,+like+Gecko)+Chrome/69.0.3497.100+Safari/537.36 http://localhost:7184/Endecken.cshtml 404 0 2 8
2018-10-11 17:20:31 ::1 GET /Endecken.cshtml - 7184 - ::1 Mozilla/5.0+(Windows+NT+10.0;+Win64;+x64)+AppleWebKit/537.36+(KHTML,+like+Gecko)+Chrome/69.0.3497.100+Safari/537.36 http://localhost:7184/Endecken.cshtml 200 0 0 12
2018-10-11 17:21:34 ::1 GET /Endecken.cshtml - 7184 - ::1 Mozilla/5.0+(Windows+NT+10.0;+Win64;+x64)+AppleWebKit/537.36+(KHTML,+like+Gecko)+Chrome/69.0.3497.100+Safari/537.36 - 200 0 0 1997
2018-10-11 17:21:34 ::1 GET /news.js - 7184 - ::1 Mozilla/5.0+(Windows+NT+10.0;+Win64;+x64)+AppleWebKit/537.36+(KHTML,+like+Gecko)+Chrome/69.0.3497.100+Safari/537.36 http://localhost:7184/Endecken.cshtml 404 0 2 10
2018-10-11 17:21:34 ::1 GET /'/cse'/brand' form=%27cref_iframe 7184 - ::1 Mozilla/5.0+(Windows+NT+10.0;+Win64;+x64)+AppleWebKit/537.36+(KHTML,+like+Gecko)+Chrome/69.0.3497.100+Safari/537.36 http://localhost:7184/Endecken.cshtml 404 0 2 14
2018-10-11 17:21:34 ::1 GET /news.js - 7184 - ::1 Mozilla/5.0+(Windows+NT+10.0;+Win64;+x64)+AppleWebKit/537.36+(KHTML,+like+Gecko)+Chrome/69.0.3497.100+Safari/537.36 http://localhost:7184/Endecken.cshtml 404 0 2 6
2018-10-11 17:21:34 ::1 GET /'/cse'/brand' form=%27cref_iframe 7184 - ::1 Mozilla/5.0+(Windows+NT+10.0;+Win64;+x64)+AppleWebKit/537.36+(KHTML,+like+Gecko)+Chrome/69.0.3497.100+Safari/537.36 http://localhost:7184/Endecken.cshtml 404 0 2 12
2018-10-11 17:21:34 ::1 GET /Endecken.cshtml - 7184 - ::1 Mozilla/5.0+(Windows+NT+10.0;+Win64;+x64)+AppleWebKit/537.36+(KHTML,+like+Gecko)+Chrome/69.0.3497.100+Safari/537.36 http://localhost:7184/Endecken.cshtml 200 0 0 6
2018-10-11 17:23:27 ::1 GET /Endecken.cshtml - 7184 - ::1 Mozilla/5.0+(Windows+NT+10.0;+Win64;+x64)+AppleWebKit/537.36+(KHTML,+like+Gecko)+Chrome/69.0.3497.100+Safari/537.36 - 200 0 0 1956
2018-10-11 17:23:27 ::1 GET /news.js - 7184 - ::1 Mozilla/5.0+(Windows+NT+10.0;+Win64;+x64)+AppleWebKit/537.36+(KHTML,+like+Gecko)+Chrome/69.0.3497.100+Safari/537.36 http://localhost:7184/Endecken.cshtml 404 0 2 11
2018-10-11 17:23:27 ::1 GET /'/cse'/brand' form=%27cref_iframe 7184 - ::1 Mozilla/5.0+(Windows+NT+10.0;+Win64;+x64)+AppleWebKit/537.36+(KHTML,+like+Gecko)+Chrome/69.0.3497.100+Safari/537.36 http://localhost:7184/Endecken.cshtml 404 0 2 17
2018-10-11 17:23:27 ::1 GET /news.js - 7184 - ::1 Mozilla/5.0+(Windows+NT+10.0;+Win64;+x64)+AppleWebKit/537.36+(KHTML,+like+Gecko)+Chrome/69.0.3497.100+Safari/537.36 http://localhost:7184/Endecken.cshtml 404 0 2 10
2018-10-11 17:23:27 ::1 GET /'/cse'/brand' form=%27cref_iframe 7184 - ::1 Mozilla/5.0+(Windows+NT+10.0;+Win64;+x64)+AppleWebKit/537.36+(KHTML,+like+Gecko)+Chrome/69.0.3497.100+Safari/537.36 http://localhost:7184/Endecken.cshtml 404 0 2 5
2018-10-11 17:23:27 ::1 GET /Endecken.cshtml - 7184 - ::1 Mozilla/5.0+(Windows+NT+10.0;+Win64;+x64)+AppleWebKit/537.36+(KHTML,+like+Gecko)+Chrome/69.0.3497.100+Safari/537.36 http://localhost:7184/Endecken.cshtml 200 0 0 13
